RUN	AboutUs	aboutus	1619889235340	 	3.5.1
USER	AboutUs	START	1619889236977
REQUEST		request_0	1619889237017	1619889237258	OK	 
USER	AboutUs	START	1619889237926
REQUEST		request_0	1619889237928	1619889238193	OK	 
USER	AboutUs	START	1619889238933
REQUEST		request_0	1619889238936	1619889239184	OK	 
REQUEST		request_1	1619889239465	1619889239527	OK	 
USER	AboutUs	START	1619889239912
REQUEST		request_0	1619889239914	1619889240154	OK	 
REQUEST		request_1	1619889240205	1619889240285	OK	 
USER	AboutUs	START	1619889240405
REQUEST		request_0	1619889240408	1619889240650	OK	 
USER	AboutUs	START	1619889240909
REQUEST		request_0	1619889240910	1619889241160	OK	 
REQUEST		request_1	1619889241201	1619889241280	OK	 
USER	AboutUs	START	1619889241415
REQUEST		request_0	1619889241417	1619889241638	OK	 
REQUEST		request_2	1619889241539	1619889241800	OK	 
ERROR	request_4: Failed to build request: Resource /aboutus/0004_request.json not found 	1619889241819
ERROR	request_5: Failed to build request: Resource /aboutus/0005_request.json not found 	1619889241820
ERROR	request_7: Failed to build request: Resource /aboutus/0007_request.json not found 	1619889241822
USER	AboutUs	START	1619889241909
REQUEST		request_3	1619889241856	1619889241914	OK	 
REQUEST		request_6	1619889241859	1619889242080	OK	 
REQUEST		request_0	1619889241909	1619889242127	OK	 
USER	AboutUs	END	1619889242129
REQUEST		request_1	1619889242170	1619889242227	OK	 
USER	AboutUs	START	1619889242418
REQUEST		request_2	1619889242294	1619889242496	OK	 
ERROR	request_4: Failed to build request: Resource /aboutus/0004_request.json not found 	1619889242499
ERROR	request_5: Failed to build request: Resource /aboutus/0005_request.json not found 	1619889242499
ERROR	request_7: Failed to build request: Resource /aboutus/0007_request.json not found 	1619889242501
REQUEST		request_3	1619889242503	1619889242555	OK	 
REQUEST		request_0	1619889242420	1619889242677	OK	 
REQUEST		request_6	1619889242508	1619889242715	OK	 
USER	AboutUs	END	1619889242722
REQUEST		request_1	1619889242666	1619889242747	OK	 
USER	AboutUs	START	1619889242914
REQUEST		request_0	1619889242915	1619889243158	OK	 
REQUEST		request_1	1619889243173	1619889243229	OK	 
USER	AboutUs	START	1619889243439
REQUEST		request_2	1619889243298	1619889243539	OK	 
ERROR	request_4: Failed to build request: Resource /aboutus/0004_request.json not found 	1619889243541
ERROR	request_5: Failed to build request: Resource /aboutus/0005_request.json not found 	1619889243542
ERROR	request_7: Failed to build request: Resource /aboutus/0007_request.json not found 	1619889243544
REQUEST		request_3	1619889243546	1619889243611	OK	 
REQUEST		request_0	1619889243440	1619889243692	OK	 
REQUEST		request_1	1619889243658	1619889243722	OK	 
REQUEST		request_6	1619889243550	1619889243800	OK	 
USER	AboutUs	END	1619889243807
USER	AboutUs	START	1619889243917
REQUEST		request_0	1619889243919	1619889244133	OK	 
REQUEST		request_1	1619889244133	1619889244190	OK	 
USER	AboutUs	START	1619889244239
REQUEST		request_0	1619889244240	1619889244443	OK	 
REQUEST		request_2	1619889244239	1619889244448	OK	 
ERROR	request_4: Failed to build request: Resource /aboutus/0004_request.json not found 	1619889244449
ERROR	request_5: Failed to build request: Resource /aboutus/0005_request.json not found 	1619889244449
ERROR	request_7: Failed to build request: Resource /aboutus/0007_request.json not found 	1619889244449
REQUEST		request_3	1619889244450	1619889244515	OK	 
USER	AboutUs	START	1619889244576
REQUEST		request_6	1619889244451	1619889244655	OK	 
USER	AboutUs	END	1619889244663
REQUEST		request_1	1619889244687	1619889244747	OK	 
REQUEST		request_0	1619889244576	1619889244781	OK	 
USER	AboutUs	START	1619889244921
REQUEST		request_2	1619889244765	1619889244970	OK	 
ERROR	request_4: Failed to build request: Resource /aboutus/0004_request.json not found 	1619889244972
ERROR	request_5: Failed to build request: Resource /aboutus/0005_request.json not found 	1619889244973
ERROR	request_7: Failed to build request: Resource /aboutus/0007_request.json not found 	1619889244974
REQUEST		request_3	1619889244976	1619889245029	OK	 
REQUEST		request_0	1619889244923	1619889245154	OK	 
REQUEST		request_1	1619889245168	1619889245236	OK	 
USER	AboutUs	START	1619889245247
REQUEST		request_6	1619889244978	1619889245265	OK	 
USER	AboutUs	END	1619889245273
REQUEST		request_2	1619889245246	1619889245473	OK	 
ERROR	request_4: Failed to build request: Resource /aboutus/0004_request.json not found 	1619889245474
ERROR	request_5: Failed to build request: Resource /aboutus/0005_request.json not found 	1619889245474
ERROR	request_7: Failed to build request: Resource /aboutus/0007_request.json not found 	1619889245474
REQUEST		request_0	1619889245248	1619889245477	OK	 
REQUEST		request_3	1619889245475	1619889245529	OK	 
USER	AboutUs	START	1619889245586
REQUEST		request_6	1619889245476	1619889245668	OK	 
USER	AboutUs	END	1619889245672
REQUEST		request_1	1619889245711	1619889245789	OK	 
REQUEST		request_0	1619889245586	1619889245815	OK	 
USER	AboutUs	START	1619889245910
REQUEST		request_2	1619889245727	1619889245970	OK	 
ERROR	request_4: Failed to build request: Resource /aboutus/0004_request.json not found 	1619889245972
ERROR	request_5: Failed to build request: Resource /aboutus/0005_request.json not found 	1619889245973
ERROR	request_7: Failed to build request: Resource /aboutus/0007_request.json not found 	1619889245974
REQUEST		request_3	1619889245976	1619889246035	OK	 
REQUEST		request_0	1619889245911	1619889246139	OK	 
REQUEST		request_1	1619889246143	1619889246202	OK	 
REQUEST		request_6	1619889245978	1619889246216	OK	 
USER	AboutUs	END	1619889246221
USER	AboutUs	START	1619889246250
REQUEST		request_2	1619889246205	1619889246420	OK	 
ERROR	request_4: Failed to build request: Resource /aboutus/0004_request.json not found 	1619889246423
ERROR	request_5: Failed to build request: Resource /aboutus/0005_request.json not found 	1619889246424
ERROR	request_7: Failed to build request: Resource /aboutus/0007_request.json not found 	1619889246425
REQUEST		request_3	1619889246427	1619889246482	OK	 
REQUEST		request_1	1619889246451	1619889246507	OK	 
REQUEST		request_0	1619889246251	1619889246523	OK	 
USER	AboutUs	START	1619889246572
REQUEST		request_6	1619889246430	1619889246640	OK	 
USER	AboutUs	END	1619889246648
REQUEST		request_0	1619889246572	1619889246794	OK	 
REQUEST		request_1	1619889246793	1619889246884	OK	 
USER	AboutUs	START	1619889246919
REQUEST		request_2	1619889246761	1619889246983	OK	 
ERROR	request_4: Failed to build request: Resource /aboutus/0004_request.json not found 	1619889246985
ERROR	request_5: Failed to build request: Resource /aboutus/0005_request.json not found 	1619889246985
ERROR	request_7: Failed to build request: Resource /aboutus/0007_request.json not found 	1619889246986
REQUEST		request_3	1619889246988	1619889247055	OK	 
REQUEST		request_0	1619889246920	1619889247135	OK	 
REQUEST		request_6	1619889246990	1619889247192	OK	 
USER	AboutUs	END	1619889247199
REQUEST		request_1	1619889247176	1619889247240	OK	 
USER	AboutUs	START	1619889247239
REQUEST		request_2	1619889247254	1619889247451	OK	 
ERROR	request_4: Failed to build request: Resource /aboutus/0004_request.json not found 	1619889247452
ERROR	request_5: Failed to build request: Resource /aboutus/0005_request.json not found 	1619889247452
ERROR	request_7: Failed to build request: Resource /aboutus/0007_request.json not found 	1619889247453
REQUEST		request_0	1619889247240	1619889247453	OK	 
REQUEST		request_3	1619889247454	1619889247508	OK	 
REQUEST		request_1	1619889247485	1619889247544	OK	 
USER	AboutUs	START	1619889247577
REQUEST		request_6	1619889247457	1619889247665	OK	 
USER	AboutUs	END	1619889247668
REQUEST		request_0	1619889247578	1619889247785	OK	 
REQUEST		request_1	1619889247824	1619889247877	OK	 
USER	AboutUs	START	1619889247914
REQUEST		request_2	1619889247807	1619889248011	OK	 
ERROR	request_4: Failed to build request: Resource /aboutus/0004_request.json not found 	1619889248012
ERROR	request_5: Failed to build request: Resource /aboutus/0005_request.json not found 	1619889248013
ERROR	request_7: Failed to build request: Resource /aboutus/0007_request.json not found 	1619889248014
REQUEST		request_3	1619889248016	1619889248068	OK	 
REQUEST		request_0	1619889247916	1619889248128	OK	 
REQUEST		request_1	1619889248146	1619889248213	OK	 
REQUEST		request_6	1619889248018	1619889248227	OK	 
USER	AboutUs	END	1619889248231
USER	AboutUs	START	1619889248240
REQUEST		request_2	1619889248209	1619889248428	OK	 
ERROR	request_4: Failed to build request: Resource /aboutus/0004_request.json not found 	1619889248430
ERROR	request_5: Failed to build request: Resource /aboutus/0005_request.json not found 	1619889248430
ERROR	request_7: Failed to build request: Resource /aboutus/0007_request.json not found 	1619889248431
REQUEST		request_0	1619889248241	1619889248449	OK	 
REQUEST		request_3	1619889248433	1619889248495	OK	 
USER	AboutUs	START	1619889248581
REQUEST		request_1	1619889248536	1619889248603	OK	 
REQUEST		request_6	1619889248436	1619889248642	OK	 
USER	AboutUs	END	1619889248648
REQUEST		request_2	1619889248519	1619889248732	OK	 
ERROR	request_4: Failed to build request: Resource /aboutus/0004_request.json not found 	1619889248734
ERROR	request_5: Failed to build request: Resource /aboutus/0005_request.json not found 	1619889248734
ERROR	request_7: Failed to build request: Resource /aboutus/0007_request.json not found 	1619889248735
REQUEST		request_3	1619889248736	1619889248796	OK	 
REQUEST		request_0	1619889248582	1619889248808	OK	 
REQUEST		request_1	1619889248811	1619889248880	OK	 
USER	AboutUs	START	1619889248906
REQUEST		request_6	1619889248739	1619889248946	OK	 
USER	AboutUs	END	1619889248953
REQUEST		request_2	1619889248891	1619889249100	OK	 
ERROR	request_4: Failed to build request: Resource /aboutus/0004_request.json not found 	1619889249102
ERROR	request_5: Failed to build request: Resource /aboutus/0005_request.json not found 	1619889249103
ERROR	request_7: Failed to build request: Resource /aboutus/0007_request.json not found 	1619889249105
REQUEST		request_0	1619889248907	1619889249119	OK	 
REQUEST		request_3	1619889249107	1619889249166	OK	 
USER	AboutUs	START	1619889249243
REQUEST		request_1	1619889249151	1619889249251	OK	 
REQUEST		request_6	1619889249109	1619889249307	OK	 
USER	AboutUs	END	1619889249313
REQUEST		request_2	1619889249243	1619889249452	OK	 
ERROR	request_4: Failed to build request: Resource /aboutus/0004_request.json not found 	1619889249455
ERROR	request_5: Failed to build request: Resource /aboutus/0005_request.json not found 	1619889249456
ERROR	request_7: Failed to build request: Resource /aboutus/0007_request.json not found 	1619889249457
REQUEST		request_0	1619889249244	1619889249470	OK	 
REQUEST		request_3	1619889249459	1619889249516	OK	 
REQUEST		request_1	1619889249461	1619889249517	OK	 
USER	AboutUs	START	1619889249583
REQUEST		request_6	1619889249462	1619889249678	OK	 
USER	AboutUs	END	1619889249689
REQUEST		request_2	1619889249552	1619889249767	OK	 
ERROR	request_4: Failed to build request: Resource /aboutus/0004_request.json not found 	1619889249768
ERROR	request_5: Failed to build request: Resource /aboutus/0005_request.json not found 	1619889249768
ERROR	request_7: Failed to build request: Resource /aboutus/0007_request.json not found 	1619889249769
REQUEST		request_0	1619889249584	1619889249800	OK	 
REQUEST		request_3	1619889249770	1619889249825	OK	 
REQUEST		request_1	1619889249798	1619889249856	OK	 
USER	AboutUs	START	1619889249907
REQUEST		request_6	1619889249773	1619889249974	OK	 
USER	AboutUs	END	1619889249977
REQUEST		request_2	1619889249892	1619889250126	OK	 
ERROR	request_4: Failed to build request: Resource /aboutus/0004_request.json not found 	1619889250127
ERROR	request_5: Failed to build request: Resource /aboutus/0005_request.json not found 	1619889250127
ERROR	request_7: Failed to build request: Resource /aboutus/0007_request.json not found 	1619889250127
REQUEST		request_0	1619889249908	1619889250134	OK	 
USER	AboutUs	START	1619889250153
REQUEST		request_3	1619889250128	1619889250179	OK	 
REQUEST		request_1	1619889250138	1619889250193	OK	 
REQUEST		request_6	1619889250129	1619889250332	OK	 
USER	AboutUs	END	1619889250336
REQUEST		request_0	1619889250154	1619889250363	OK	 
USER	AboutUs	START	1619889250402
REQUEST		request_2	1619889250215	1619889250418	OK	 
ERROR	request_4: Failed to build request: Resource /aboutus/0004_request.json not found 	1619889250420
ERROR	request_5: Failed to build request: Resource /aboutus/0005_request.json not found 	1619889250422
ERROR	request_7: Failed to build request: Resource /aboutus/0007_request.json not found 	1619889250423
REQUEST		request_3	1619889250425	1619889250486	OK	 
REQUEST		request_1	1619889250464	1619889250525	OK	 
REQUEST		request_0	1619889250403	1619889250602	OK	 
REQUEST		request_6	1619889250427	1619889250648	OK	 
USER	AboutUs	END	1619889250653
USER	AboutUs	START	1619889250662
REQUEST		request_2	1619889250616	1619889250830	OK	 
ERROR	request_4: Failed to build request: Resource /aboutus/0004_request.json not found 	1619889250832
ERROR	request_5: Failed to build request: Resource /aboutus/0005_request.json not found 	1619889250832
ERROR	request_7: Failed to build request: Resource /aboutus/0007_request.json not found 	1619889250833
REQUEST		request_1	1619889250816	1619889250886	OK	 
REQUEST		request_0	1619889250663	1619889250897	OK	 
REQUEST		request_3	1619889250835	1619889250901	OK	 
USER	AboutUs	START	1619889250910
REQUEST		request_6	1619889250837	1619889251077	OK	 
USER	AboutUs	END	1619889251079
REQUEST		request_2	1619889250897	1619889251128	OK	 
REQUEST		request_0	1619889250911	1619889251127	OK	 
ERROR	request_4: Failed to build request: Resource /aboutus/0004_request.json not found 	1619889251129
ERROR	request_5: Failed to build request: Resource /aboutus/0005_request.json not found 	1619889251129
ERROR	request_7: Failed to build request: Resource /aboutus/0007_request.json not found 	1619889251129
USER	AboutUs	START	1619889251155
REQUEST		request_1	1619889251123	1619889251180	OK	 
REQUEST		request_3	1619889251130	1619889251195	OK	 
REQUEST		request_6	1619889251132	1619889251332	OK	 
USER	AboutUs	END	1619889251336
REQUEST		request_0	1619889251156	1619889251365	OK	 
USER	AboutUs	START	1619889251415
REQUEST		request_2	1619889251263	1619889251468	OK	 
ERROR	request_4: Failed to build request: Resource /aboutus/0004_request.json not found 	1619889251470
ERROR	request_5: Failed to build request: Resource /aboutus/0005_request.json not found 	1619889251471
ERROR	request_7: Failed to build request: Resource /aboutus/0007_request.json not found 	1619889251472
REQUEST		request_3	1619889251474	1619889251533	OK	 
REQUEST		request_1	1619889251476	1619889251542	OK	 
REQUEST		request_0	1619889251415	1619889251616	OK	 
USER	AboutUs	START	1619889251660
REQUEST		request_6	1619889251477	1619889251696	OK	 
USER	AboutUs	END	1619889251706
REQUEST		request_2	1619889251525	1619889251748	OK	 
ERROR	request_4: Failed to build request: Resource /aboutus/0004_request.json not found 	1619889251750
ERROR	request_5: Failed to build request: Resource /aboutus/0005_request.json not found 	1619889251751
ERROR	request_7: Failed to build request: Resource /aboutus/0007_request.json not found 	1619889251751
REQUEST		request_3	1619889251753	1619889251810	OK	 
REQUEST		request_0	1619889251661	1619889251869	OK	 
REQUEST		request_1	1619889251810	1619889251875	OK	 
USER	AboutUs	START	1619889251906
REQUEST		request_6	1619889251756	1619889251980	OK	 
USER	AboutUs	END	1619889251985
REQUEST		request_2	1619889251859	1619889252079	OK	 
ERROR	request_4: Failed to build request: Resource /aboutus/0004_request.json not found 	1619889252081
ERROR	request_5: Failed to build request: Resource /aboutus/0005_request.json not found 	1619889252081
ERROR	request_7: Failed to build request: Resource /aboutus/0007_request.json not found 	1619889252082
REQUEST		request_0	1619889251907	1619889252120	OK	 
REQUEST		request_3	1619889252083	1619889252131	OK	 
USER	AboutUs	START	1619889252166
REQUEST		request_1	1619889252151	1619889252203	OK	 
REQUEST		request_6	1619889252086	1619889252278	OK	 
USER	AboutUs	END	1619889252280
REQUEST		request_0	1619889252167	1619889252367	OK	 
USER	AboutUs	START	1619889252411
REQUEST		request_2	1619889252196	1619889252416	OK	 
ERROR	request_4: Failed to build request: Resource /aboutus/0004_request.json not found 	1619889252418
ERROR	request_5: Failed to build request: Resource /aboutus/0005_request.json not found 	1619889252418
ERROR	request_7: Failed to build request: Resource /aboutus/0007_request.json not found 	1619889252419
REQUEST		request_1	1619889252371	1619889252430	OK	 
REQUEST		request_3	1619889252422	1619889252475	OK	 
REQUEST		request_0	1619889252412	1619889252630	OK	 
REQUEST		request_6	1619889252424	1619889252633	OK	 
USER	AboutUs	END	1619889252641
USER	AboutUs	START	1619889252661
REQUEST		request_1	1619889252613	1619889252674	OK	 
REQUEST		request_2	1619889252536	1619889252735	OK	 
ERROR	request_4: Failed to build request: Resource /aboutus/0004_request.json not found 	1619889252736
ERROR	request_5: Failed to build request: Resource /aboutus/0005_request.json not found 	1619889252736
ERROR	request_7: Failed to build request: Resource /aboutus/0007_request.json not found 	1619889252737
REQUEST		request_3	1619889252738	1619889252792	OK	 
REQUEST		request_0	1619889252662	1619889252874	OK	 
USER	AboutUs	START	1619889252908
REQUEST		request_6	1619889252740	1619889252931	OK	 
USER	AboutUs	END	1619889252934
REQUEST		request_1	1619889252905	1619889252958	OK	 
REQUEST		request_2	1619889252905	1619889253099	OK	 
ERROR	request_4: Failed to build request: Resource /aboutus/0004_request.json not found 	1619889253101
ERROR	request_5: Failed to build request: Resource /aboutus/0005_request.json not found 	1619889253101
ERROR	request_7: Failed to build request: Resource /aboutus/0007_request.json not found 	1619889253102
REQUEST		request_0	1619889252909	1619889253114	OK	 
USER	AboutUs	START	1619889253156
REQUEST		request_3	1619889253105	1619889253164	OK	 
REQUEST		request_1	1619889253139	1619889253195	OK	 
REQUEST		request_6	1619889253108	1619889253318	OK	 
USER	AboutUs	END	1619889253327
REQUEST		request_0	1619889253157	1619889253358	OK	 
REQUEST		request_2	1619889253185	1619889253395	OK	 
ERROR	request_4: Failed to build request: Resource /aboutus/0004_request.json not found 	1619889253395
ERROR	request_5: Failed to build request: Resource /aboutus/0005_request.json not found 	1619889253396
ERROR	request_7: Failed to build request: Resource /aboutus/0007_request.json not found 	1619889253396
USER	AboutUs	START	1619889253415
REQUEST		request_1	1619889253371	1619889253431	OK	 
REQUEST		request_3	1619889253396	1619889253447	OK	 
REQUEST		request_6	1619889253397	1619889253592	OK	 
USER	AboutUs	END	1619889253599
REQUEST		request_0	1619889253416	1619889253618	OK	 
USER	AboutUs	START	1619889253661
REQUEST		request_1	1619889253621	1619889253672	OK	 
REQUEST		request_2	1619889253555	1619889253759	OK	 
ERROR	request_4: Failed to build request: Resource /aboutus/0004_request.json not found 	1619889253760
ERROR	request_5: Failed to build request: Resource /aboutus/0005_request.json not found 	1619889253760
ERROR	request_7: Failed to build request: Resource /aboutus/0007_request.json not found 	1619889253760
REQUEST		request_3	1619889253761	1619889253812	OK	 
REQUEST		request_0	1619889253662	1619889253865	OK	 
USER	AboutUs	START	1619889253910
REQUEST		request_1	1619889253879	1619889253945	OK	 
REQUEST		request_6	1619889253763	1619889253959	OK	 
USER	AboutUs	END	1619889253962
REQUEST		request_2	1619889253880	1619889254074	OK	 
ERROR	request_4: Failed to build request: Resource /aboutus/0004_request.json not found 	1619889254077
ERROR	request_5: Failed to build request: Resource /aboutus/0005_request.json not found 	1619889254078
ERROR	request_7: Failed to build request: Resource /aboutus/0007_request.json not found 	1619889254079
REQUEST		request_0	1619889253910	1619889254111	OK	 
USER	AboutUs	START	1619889254109
REQUEST		request_3	1619889254081	1619889254141	OK	 
REQUEST		request_1	1619889254140	1619889254193	OK	 
REQUEST		request_6	1619889254083	1619889254302	OK	 
USER	AboutUs	START	1619889254312
USER	AboutUs	END	1619889254313
REQUEST		request_0	1619889254110	1619889254326	OK	 
REQUEST		request_2	1619889254217	1619889254440	OK	 
REQUEST		request_1	1619889254373	1619889254440	OK	 
ERROR	request_4: Failed to build request: Resource /aboutus/0004_request.json not found 	1619889254441
ERROR	request_5: Failed to build request: Resource /aboutus/0005_request.json not found 	1619889254441
ERROR	request_7: Failed to build request: Resource /aboutus/0007_request.json not found 	1619889254441
USER	AboutUs	START	1619889254509
REQUEST		request_3	1619889254443	1619889254517	OK	 
REQUEST		request_0	1619889254313	1619889254517	OK	 
REQUEST		request_2	1619889254441	1619889254632	OK	 
ERROR	request_4: Failed to build request: Resource /aboutus/0004_request.json not found 	1619889254632
ERROR	request_5: Failed to build request: Resource /aboutus/0005_request.json not found 	1619889254632
ERROR	request_7: Failed to build request: Resource /aboutus/0007_request.json not found 	1619889254632
REQUEST		request_6	1619889254444	1619889254662	OK	 
USER	AboutUs	END	1619889254663
REQUEST		request_3	1619889254633	1619889254682	OK	 
REQUEST		request_0	1619889254509	1619889254696	OK	 
REQUEST		request_1	1619889254646	1619889254699	OK	 
USER	AboutUs	START	1619889254709
REQUEST		request_6	1619889254633	1619889254829	OK	 
USER	AboutUs	END	1619889254833
REQUEST		request_2	1619889254677	1619889254883	OK	 
ERROR	request_4: Failed to build request: Resource /aboutus/0004_request.json not found 	1619889254884
ERROR	request_5: Failed to build request: Resource /aboutus/0005_request.json not found 	1619889254884
ERROR	request_7: Failed to build request: Resource /aboutus/0007_request.json not found 	1619889254885
REQUEST		request_0	1619889254709	1619889254902	OK	 
USER	AboutUs	START	1619889254911
REQUEST		request_1	1619889254880	1619889254960	OK	 
REQUEST		request_3	1619889254886	1619889254964	OK	 
USER	AboutUs	START	1619889255110
REQUEST		request_0	1619889254911	1619889255132	OK	 
REQUEST		request_6	1619889254888	1619889255162	OK	 
USER	AboutUs	END	1619889255165
REQUEST		request_1	1619889255126	1619889255189	OK	 
REQUEST		request_2	1619889254962	1619889255195	OK	 
ERROR	request_4: Failed to build request: Resource /aboutus/0004_request.json not found 	1619889255195
ERROR	request_5: Failed to build request: Resource /aboutus/0005_request.json not found 	1619889255196
ERROR	request_7: Failed to build request: Resource /aboutus/0007_request.json not found 	1619889255196
REQUEST		request_3	1619889255197	1619889255246	OK	 
USER	AboutUs	START	1619889255311
REQUEST		request_0	1619889255110	1619889255331	OK	 
REQUEST		request_6	1619889255198	1619889255391	OK	 
USER	AboutUs	END	1619889255394
REQUEST		request_2	1619889255206	1619889255407	OK	 
ERROR	request_4: Failed to build request: Resource /aboutus/0004_request.json not found 	1619889255408
ERROR	request_5: Failed to build request: Resource /aboutus/0005_request.json not found 	1619889255408
ERROR	request_7: Failed to build request: Resource /aboutus/0007_request.json not found 	1619889255409
REQUEST		request_1	1619889255373	1619889255432	OK	 
REQUEST		request_3	1619889255410	1619889255465	OK	 
USER	AboutUs	START	1619889255512
REQUEST		request_0	1619889255311	1619889255532	OK	 
REQUEST		request_6	1619889255412	1619889255606	OK	 
USER	AboutUs	END	1619889255612
REQUEST		request_2	1619889255434	1619889255645	OK	 
ERROR	request_4: Failed to build request: Resource /aboutus/0004_request.json not found 	1619889255646
ERROR	request_5: Failed to build request: Resource /aboutus/0005_request.json not found 	1619889255646
ERROR	request_7: Failed to build request: Resource /aboutus/0007_request.json not found 	1619889255647
REQUEST		request_1	1619889255633	1619889255689	OK	 
REQUEST		request_3	1619889255648	1619889255699	OK	 
USER	AboutUs	START	1619889255709
REQUEST		request_0	1619889255513	1619889255726	OK	 
REQUEST		request_6	1619889255649	1619889255851	OK	 
USER	AboutUs	END	1619889255857
REQUEST		request_2	1619889255679	1619889255868	OK	 
ERROR	request_4: Failed to build request: Resource /aboutus/0004_request.json not found 	1619889255871
ERROR	request_5: Failed to build request: Resource /aboutus/0005_request.json not found 	1619889255871
ERROR	request_7: Failed to build request: Resource /aboutus/0007_request.json not found 	1619889255872
USER	AboutUs	START	1619889255913
REQUEST		request_0	1619889255709	1619889255923	OK	 
REQUEST		request_3	1619889255875	1619889255933	OK	 
REQUEST		request_1	1619889255881	1619889255951	OK	 
REQUEST		request_6	1619889255877	1619889256092	OK	 
USER	AboutUs	END	1619889256097
USER	AboutUs	START	1619889256112
REQUEST		request_0	1619889255913	1619889256132	OK	 
REQUEST		request_2	1619889255947	1619889256154	OK	 
ERROR	request_4: Failed to build request: Resource /aboutus/0004_request.json not found 	1619889256155
ERROR	request_5: Failed to build request: Resource /aboutus/0005_request.json not found 	1619889256156
ERROR	request_7: Failed to build request: Resource /aboutus/0007_request.json not found 	1619889256156
REQUEST		request_1	1619889256127	1619889256177	OK	 
REQUEST		request_3	1619889256157	1619889256214	OK	 
USER	AboutUs	START	1619889256312
REQUEST		request_0	1619889256113	1619889256317	OK	 
REQUEST		request_6	1619889256159	1619889256367	OK	 
USER	AboutUs	END	1619889256376
REQUEST		request_1	1619889256342	1619889256397	OK	 
REQUEST		request_2	1619889256205	1619889256409	OK	 
ERROR	request_4: Failed to build request: Resource /aboutus/0004_request.json not found 	1619889256410
ERROR	request_5: Failed to build request: Resource /aboutus/0005_request.json not found 	1619889256411
ERROR	request_7: Failed to build request: Resource /aboutus/0007_request.json not found 	1619889256411
REQUEST		request_3	1619889256412	1619889256465	OK	 
REQUEST		request_0	1619889256313	1619889256505	OK	 
USER	AboutUs	START	1619889256510
REQUEST		request_1	1619889256525	1619889256582	OK	 
REQUEST		request_6	1619889256414	1619889256625	OK	 
USER	AboutUs	END	1619889256629
REQUEST		request_2	1619889256449	1619889256687	OK	 
ERROR	request_4: Failed to build request: Resource /aboutus/0004_request.json not found 	1619889256688
ERROR	request_5: Failed to build request: Resource /aboutus/0005_request.json not found 	1619889256689
ERROR	request_7: Failed to build request: Resource /aboutus/0007_request.json not found 	1619889256689
USER	AboutUs	START	1619889256711
REQUEST		request_0	1619889256510	1619889256743	OK	 
REQUEST		request_3	1619889256691	1619889256756	OK	 
REQUEST		request_1	1619889256710	1619889256773	OK	 
REQUEST		request_6	1619889256693	1619889256929	OK	 
REQUEST		request_2	1619889256710	1619889256929	OK	 
ERROR	request_4: Failed to build request: Resource /aboutus/0004_request.json not found 	1619889256930
ERROR	request_5: Failed to build request: Resource /aboutus/0005_request.json not found 	1619889256930
ERROR	request_7: Failed to build request: Resource /aboutus/0007_request.json not found 	1619889256930
USER	AboutUs	END	1619889256931
REQUEST		request_0	1619889256712	1619889256942	OK	 
REQUEST		request_1	1619889256911	1619889256968	OK	 
REQUEST		request_3	1619889256931	1619889256984	OK	 
REQUEST		request_6	1619889256931	1619889257135	OK	 
USER	AboutUs	END	1619889257139
REQUEST		request_2	1619889256972	1619889257170	OK	 
ERROR	request_4: Failed to build request: Resource /aboutus/0004_request.json not found 	1619889257171
ERROR	request_5: Failed to build request: Resource /aboutus/0005_request.json not found 	1619889257171
ERROR	request_7: Failed to build request: Resource /aboutus/0007_request.json not found 	1619889257171
REQUEST		request_1	1619889257140	1619889257194	OK	 
REQUEST		request_3	1619889257171	1619889257226	OK	 
REQUEST		request_6	1619889257172	1619889257373	OK	 
USER	AboutUs	END	1619889257375
REQUEST		request_2	1619889257201	1619889257384	OK	 
ERROR	request_4: Failed to build request: Resource /aboutus/0004_request.json not found 	1619889257384
ERROR	request_5: Failed to build request: Resource /aboutus/0005_request.json not found 	1619889257385
ERROR	request_7: Failed to build request: Resource /aboutus/0007_request.json not found 	1619889257385
REQUEST		request_1	1619889257339	1619889257403	OK	 
REQUEST		request_3	1619889257385	1619889257443	OK	 
REQUEST		request_1	1619889257540	1619889257594	OK	 
REQUEST		request_6	1619889257386	1619889257610	OK	 
USER	AboutUs	END	1619889257613
REQUEST		request_2	1619889257447	1619889257644	OK	 
ERROR	request_4: Failed to build request: Resource /aboutus/0004_request.json not found 	1619889257645
ERROR	request_5: Failed to build request: Resource /aboutus/0005_request.json not found 	1619889257645
ERROR	request_7: Failed to build request: Resource /aboutus/0007_request.json not found 	1619889257646
REQUEST		request_3	1619889257648	1619889257704	OK	 
REQUEST		request_1	1619889257741	1619889257792	OK	 
REQUEST		request_6	1619889257650	1619889257848	OK	 
USER	AboutUs	END	1619889257888
REQUEST		request_2	1619889257695	1619889257893	OK	 
ERROR	request_4: Failed to build request: Resource /aboutus/0004_request.json not found 	1619889257893
ERROR	request_5: Failed to build request: Resource /aboutus/0005_request.json not found 	1619889257893
ERROR	request_7: Failed to build request: Resource /aboutus/0007_request.json not found 	1619889257893
REQUEST		request_3	1619889257894	1619889257950	OK	 
REQUEST		request_1	1619889257927	1619889257993	OK	 
REQUEST		request_6	1619889257894	1619889258091	OK	 
USER	AboutUs	END	1619889258097
REQUEST		request_2	1619889257958	1619889258160	OK	 
ERROR	request_4: Failed to build request: Resource /aboutus/0004_request.json not found 	1619889258161
ERROR	request_5: Failed to build request: Resource /aboutus/0005_request.json not found 	1619889258162
ERROR	request_7: Failed to build request: Resource /aboutus/0007_request.json not found 	1619889258162
REQUEST		request_1	1619889258144	1619889258207	OK	 
REQUEST		request_3	1619889258164	1619889258215	OK	 
REQUEST		request_6	1619889258166	1619889258362	OK	 
USER	AboutUs	END	1619889258365
REQUEST		request_1	1619889258329	1619889258379	OK	 
REQUEST		request_2	1619889258192	1619889258405	OK	 
ERROR	request_4: Failed to build request: Resource /aboutus/0004_request.json not found 	1619889258406
ERROR	request_5: Failed to build request: Resource /aboutus/0005_request.json not found 	1619889258407
ERROR	request_7: Failed to build request: Resource /aboutus/0007_request.json not found 	1619889258407
REQUEST		request_3	1619889258408	1619889258473	OK	 
REQUEST		request_1	1619889258513	1619889258570	OK	 
REQUEST		request_2	1619889258407	1619889258601	OK	 
ERROR	request_4: Failed to build request: Resource /aboutus/0004_request.json not found 	1619889258602
ERROR	request_5: Failed to build request: Resource /aboutus/0005_request.json not found 	1619889258603
ERROR	request_7: Failed to build request: Resource /aboutus/0007_request.json not found 	1619889258603
REQUEST		request_6	1619889258411	1619889258621	OK	 
USER	AboutUs	END	1619889258625
REQUEST		request_3	1619889258605	1619889258656	OK	 
REQUEST		request_2	1619889258589	1619889258801	OK	 
ERROR	request_4: Failed to build request: Resource /aboutus/0004_request.json not found 	1619889258802
ERROR	request_5: Failed to build request: Resource /aboutus/0005_request.json not found 	1619889258802
ERROR	request_7: Failed to build request: Resource /aboutus/0007_request.json not found 	1619889258803
REQUEST		request_1	1619889258758	1619889258814	OK	 
REQUEST		request_6	1619889258606	1619889258820	OK	 
USER	AboutUs	END	1619889258823
REQUEST		request_3	1619889258804	1619889258857	OK	 
REQUEST		request_2	1619889258789	1619889258980	OK	 
ERROR	request_4: Failed to build request: Resource /aboutus/0004_request.json not found 	1619889258981
ERROR	request_5: Failed to build request: Resource /aboutus/0005_request.json not found 	1619889258981
ERROR	request_7: Failed to build request: Resource /aboutus/0007_request.json not found 	1619889258982
REQUEST		request_6	1619889258806	1619889258999	OK	 
USER	AboutUs	END	1619889259003
REQUEST		request_1	1619889258959	1619889259022	OK	 
REQUEST		request_3	1619889258983	1619889259049	OK	 
REQUEST		request_2	1619889258974	1619889259181	OK	 
REQUEST		request_6	1619889258984	1619889259181	OK	 
ERROR	request_4: Failed to build request: Resource /aboutus/0004_request.json not found 	1619889259181
ERROR	request_5: Failed to build request: Resource /aboutus/0005_request.json not found 	1619889259182
ERROR	request_7: Failed to build request: Resource /aboutus/0007_request.json not found 	1619889259182
USER	AboutUs	END	1619889259183
REQUEST		request_3	1619889259182	1619889259245	OK	 
REQUEST		request_6	1619889259183	1619889259388	OK	 
USER	AboutUs	END	1619889259393
REQUEST		request_2	1619889259206	1619889259402	OK	 
ERROR	request_4: Failed to build request: Resource /aboutus/0004_request.json not found 	1619889259403
ERROR	request_5: Failed to build request: Resource /aboutus/0005_request.json not found 	1619889259403
ERROR	request_7: Failed to build request: Resource /aboutus/0007_request.json not found 	1619889259404
REQUEST		request_3	1619889259406	1619889259458	OK	 
REQUEST		request_6	1619889259408	1619889259601	OK	 
USER	AboutUs	END	1619889259607
REQUEST		request_2	1619889259406	1619889259610	OK	 
ERROR	request_4: Failed to build request: Resource /aboutus/0004_request.json not found 	1619889259611
ERROR	request_5: Failed to build request: Resource /aboutus/0005_request.json not found 	1619889259612
ERROR	request_7: Failed to build request: Resource /aboutus/0007_request.json not found 	1619889259612
REQUEST		request_3	1619889259613	1619889259671	OK	 
REQUEST		request_2	1619889259608	1619889259812	OK	 
ERROR	request_4: Failed to build request: Resource /aboutus/0004_request.json not found 	1619889259813
ERROR	request_5: Failed to build request: Resource /aboutus/0005_request.json not found 	1619889259813
ERROR	request_7: Failed to build request: Resource /aboutus/0007_request.json not found 	1619889259814
REQUEST		request_6	1619889259615	1619889259833	OK	 
USER	AboutUs	END	1619889259839
REQUEST		request_3	1619889259815	1619889259869	OK	 
REQUEST		request_2	1619889259808	1619889260012	OK	 
ERROR	request_4: Failed to build request: Resource /aboutus/0004_request.json not found 	1619889260012
ERROR	request_5: Failed to build request: Resource /aboutus/0005_request.json not found 	1619889260012
ERROR	request_7: Failed to build request: Resource /aboutus/0007_request.json not found 	1619889260013
REQUEST		request_6	1619889259817	1619889260021	OK	 
USER	AboutUs	END	1619889260023
REQUEST		request_3	1619889260013	1619889260072	OK	 
REQUEST		request_2	1619889260009	1619889260204	OK	 
REQUEST		request_6	1619889260014	1619889260204	OK	 
ERROR	request_4: Failed to build request: Resource /aboutus/0004_request.json not found 	1619889260205
ERROR	request_5: Failed to build request: Resource /aboutus/0005_request.json not found 	1619889260205
ERROR	request_7: Failed to build request: Resource /aboutus/0007_request.json not found 	1619889260205
USER	AboutUs	END	1619889260207
REQUEST		request_3	1619889260206	1619889260254	OK	 
REQUEST		request_2	1619889260210	1619889260413	OK	 
REQUEST		request_6	1619889260207	1619889260413	OK	 
ERROR	request_4: Failed to build request: Resource /aboutus/0004_request.json not found 	1619889260415
ERROR	request_5: Failed to build request: Resource /aboutus/0005_request.json not found 	1619889260415
ERROR	request_7: Failed to build request: Resource /aboutus/0007_request.json not found 	1619889260415
USER	AboutUs	END	1619889260420
REQUEST		request_3	1619889260417	1619889260473	OK	 
REQUEST		request_2	1619889260395	1619889260598	OK	 
ERROR	request_4: Failed to build request: Resource /aboutus/0004_request.json not found 	1619889260599
ERROR	request_5: Failed to build request: Resource /aboutus/0005_request.json not found 	1619889260599
ERROR	request_7: Failed to build request: Resource /aboutus/0007_request.json not found 	1619889260599
REQUEST		request_6	1619889260419	1619889260626	OK	 
USER	AboutUs	END	1619889260628
REQUEST		request_3	1619889260599	1619889260657	OK	 
REQUEST		request_2	1619889260578	1619889260772	OK	 
ERROR	request_4: Failed to build request: Resource /aboutus/0004_request.json not found 	1619889260773
ERROR	request_5: Failed to build request: Resource /aboutus/0005_request.json not found 	1619889260773
ERROR	request_7: Failed to build request: Resource /aboutus/0007_request.json not found 	1619889260774
REQUEST		request_6	1619889260600	1619889260803	OK	 
USER	AboutUs	END	1619889260808
REQUEST		request_3	1619889260775	1619889260827	OK	 
REQUEST		request_6	1619889260776	1619889260970	OK	 
USER	AboutUs	END	1619889260972
REQUEST		request_2	1619889260826	1619889261025	OK	 
ERROR	request_4: Failed to build request: Resource /aboutus/0004_request.json not found 	1619889261025
ERROR	request_5: Failed to build request: Resource /aboutus/0005_request.json not found 	1619889261025
ERROR	request_7: Failed to build request: Resource /aboutus/0007_request.json not found 	1619889261026
REQUEST		request_3	1619889261026	1619889261076	OK	 
REQUEST		request_6	1619889261027	1619889261228	OK	 
REQUEST		request_2	1619889261025	1619889261229	OK	 
ERROR	request_4: Failed to build request: Resource /aboutus/0004_request.json not found 	1619889261231
ERROR	request_5: Failed to build request: Resource /aboutus/0005_request.json not found 	1619889261231
ERROR	request_7: Failed to build request: Resource /aboutus/0007_request.json not found 	1619889261231
USER	AboutUs	END	1619889261233
REQUEST		request_3	1619889261233	1619889261288	OK	 
REQUEST		request_6	1619889261236	1619889261430	OK	 
USER	AboutUs	END	1619889261435
