RUN	LocationsMap	locationsmap	1619890361883	 	3.5.1
USER	LocationsMap	START	1619890363926
REQUEST		request_0	1619890363969	1619890364217	OK	 
USER	LocationsMap	START	1619890364853
REQUEST		request_0	1619890364854	1619890365118	OK	 
USER	LocationsMap	START	1619890365407
USER	LocationsMap	START	1619890365542
REQUEST		request_0	1619890365408	1619890365646	OK	 
USER	LocationsMap	START	1619890365715
REQUEST		request_0	1619890365543	1619890365752	OK	 
REQUEST		request_0	1619890365716	1619890365933	OK	 
ERROR	request_1: Failed to build request: Resource /locationsmap/0001_request.json not found 	1619890366330
ERROR	request_1: Failed to build request: Resource /locationsmap/0001_request.json not found 	1619890367134
USER	LocationsMap	START	1619890367512
ERROR	request_1: Failed to build request: Resource /locationsmap/0001_request.json not found 	1619890367650
REQUEST		request_0	1619890367512	1619890367727	OK	 
ERROR	request_1: Failed to build request: Resource /locationsmap/0001_request.json not found 	1619890367761
ERROR	request_1: Failed to build request: Resource /locationsmap/0001_request.json not found 	1619890367942
USER	LocationsMap	START	1619890367982
REQUEST		request_0	1619890367982	1619890368205	OK	 
REQUEST		request_2	1619890368350	1619890368403	OK	 
REQUEST		request_2	1619890369141	1619890369204	OK	 
ERROR	request_1: Failed to build request: Resource /locationsmap/0001_request.json not found 	1619890369732
REQUEST		request_2	1619890369688	1619890369739	OK	 
REQUEST		request_2	1619890369775	1619890369825	OK	 
USER	LocationsMap	START	1619890369857
REQUEST		request_2	1619890369957	1619890370016	OK	 
USER	LocationsMap	START	1619890370036
REQUEST		request_0	1619890369858	1619890370064	OK	 
ERROR	request_1: Failed to build request: Resource /locationsmap/0001_request.json not found 	1619890370208
REQUEST		request_0	1619890370037	1619890370232	OK	 
USER	LocationsMap	START	1619890370484
REQUEST		request_3	1619890370414	1619890370671	OK	 
REQUEST		request_0	1619890370484	1619890370683	OK	 
USER	LocationsMap	START	1619890371139
REQUEST		request_0	1619890371140	1619890371382	OK	 
REQUEST		request_3	1619890371209	1619890371466	OK	 
REQUEST		request_2	1619890371739	1619890371795	OK	 
USER	LocationsMap	START	1619890371856
REQUEST		request_4	1619890371685	1619890371916	OK	 
ERROR	request_5: Failed to build request: Resource /locationsmap/0005_request.json not found 	1619890371918
ERROR	request_8: Failed to build request: Resource /locationsmap/0008_request.json not found 	1619890371918
ERROR	request_9: Failed to build request: Resource /locationsmap/0009_request.json not found 	1619890371918
REQUEST		request_3	1619890371748	1619890371966	OK	 
REQUEST		request_6	1619890371929	1619890371993	OK	 
REQUEST		request_3	1619890371833	1619890372052	OK	 
REQUEST		request_0	1619890371857	1619890372058	OK	 
ERROR	request_1: Failed to build request: Resource /locationsmap/0001_request.json not found 	1619890372071
REQUEST		request_7	1619890371942	1619890372160	OK	 
USER	LocationsMap	END	1619890372166
ERROR	request_1: Failed to build request: Resource /locationsmap/0001_request.json not found 	1619890372237
REQUEST		request_3	1619890372025	1619890372257	OK	 
REQUEST		request_2	1619890372214	1619890372265	OK	 
USER	LocationsMap	START	1619890372339
USER	LocationsMap	START	1619890372358
REQUEST		request_0	1619890372340	1619890372534	OK	 
REQUEST		request_0	1619890372358	1619890372577	OK	 
ERROR	request_1: Failed to build request: Resource /locationsmap/0001_request.json not found 	1619890372693
REQUEST		request_4	1619890372476	1619890372695	OK	 
ERROR	request_5: Failed to build request: Resource /locationsmap/0005_request.json not found 	1619890372696
ERROR	request_8: Failed to build request: Resource /locationsmap/0008_request.json not found 	1619890372696
ERROR	request_9: Failed to build request: Resource /locationsmap/0009_request.json not found 	1619890372697
REQUEST		request_6	1619890372698	1619890372787	OK	 
REQUEST		request_7	1619890372699	1619890372940	OK	 
USER	LocationsMap	END	1619890372944
REQUEST		request_4	1619890372982	1619890373188	OK	 
ERROR	request_5: Failed to build request: Resource /locationsmap/0005_request.json not found 	1619890373191
ERROR	request_8: Failed to build request: Resource /locationsmap/0008_request.json not found 	1619890373193
ERROR	request_9: Failed to build request: Resource /locationsmap/0009_request.json not found 	1619890373194
REQUEST		request_6	1619890373198	1619890373261	OK	 
REQUEST		request_4	1619890373066	1619890373266	OK	 
ERROR	request_5: Failed to build request: Resource /locationsmap/0005_request.json not found 	1619890373267
ERROR	request_8: Failed to build request: Resource /locationsmap/0008_request.json not found 	1619890373268
ERROR	request_9: Failed to build request: Resource /locationsmap/0009_request.json not found 	1619890373268
REQUEST		request_6	1619890373269	1619890373321	OK	 
ERROR	request_1: Failed to build request: Resource /locationsmap/0001_request.json not found 	1619890373384
REQUEST		request_7	1619890373201	1619890373403	OK	 
USER	LocationsMap	END	1619890373413
REQUEST		request_4	1619890373264	1619890373470	OK	 
ERROR	request_5: Failed to build request: Resource /locationsmap/0005_request.json not found 	1619890373471
ERROR	request_8: Failed to build request: Resource /locationsmap/0008_request.json not found 	1619890373472
ERROR	request_9: Failed to build request: Resource /locationsmap/0009_request.json not found 	1619890373472
REQUEST		request_7	1619890373271	1619890373497	OK	 
USER	LocationsMap	END	1619890373504
REQUEST		request_6	1619890373475	1619890373535	OK	 
REQUEST		request_7	1619890373478	1619890373677	OK	 
USER	LocationsMap	END	1619890373683
ERROR	request_1: Failed to build request: Resource /locationsmap/0001_request.json not found 	1619890374069
REQUEST		request_3	1619890373802	1619890374089	OK	 
USER	LocationsMap	START	1619890374099
USER	LocationsMap	START	1619890374138
REQUEST		request_2	1619890374080	1619890374143	OK	 
REQUEST		request_2	1619890374249	1619890374306	OK	 
REQUEST		request_0	1619890374138	1619890374348	OK	 
REQUEST		request_0	1619890374099	1619890374350	OK	 
USER	LocationsMap	START	1619890374409
ERROR	request_1: Failed to build request: Resource /locationsmap/0001_request.json not found 	1619890374539
REQUEST		request_3	1619890374275	1619890374556	OK	 
ERROR	request_1: Failed to build request: Resource /locationsmap/0001_request.json not found 	1619890374583
REQUEST		request_0	1619890374410	1619890374635	OK	 
REQUEST		request_2	1619890374703	1619890374757	OK	 
USER	LocationsMap	START	1619890374829
REQUEST		request_0	1619890374829	1619890375042	OK	 
REQUEST		request_4	1619890375094	1619890375284	OK	 
ERROR	request_5: Failed to build request: Resource /locationsmap/0005_request.json not found 	1619890375284
ERROR	request_8: Failed to build request: Resource /locationsmap/0008_request.json not found 	1619890375285
ERROR	request_9: Failed to build request: Resource /locationsmap/0009_request.json not found 	1619890375285
REQUEST		request_6	1619890375286	1619890375344	OK	 
REQUEST		request_2	1619890375397	1619890375452	OK	 
REQUEST		request_7	1619890375287	1619890375502	OK	 
USER	LocationsMap	END	1619890375512
USER	LocationsMap	START	1619890375556
REQUEST		request_4	1619890375565	1619890375759	OK	 
ERROR	request_5: Failed to build request: Resource /locationsmap/0005_request.json not found 	1619890375760
ERROR	request_8: Failed to build request: Resource /locationsmap/0008_request.json not found 	1619890375761
ERROR	request_9: Failed to build request: Resource /locationsmap/0009_request.json not found 	1619890375761
REQUEST		request_0	1619890375558	1619890375794	OK	 
REQUEST		request_6	1619890375761	1619890375811	OK	 
REQUEST		request_7	1619890375762	1619890375952	OK	 
USER	LocationsMap	END	1619890375954
REQUEST		request_2	1619890376087	1619890376139	OK	 
USER	LocationsMap	START	1619890376315
USER	LocationsMap	START	1619890376330
ERROR	request_1: Failed to build request: Resource /locationsmap/0001_request.json not found 	1619890376364
ERROR	request_1: Failed to build request: Resource /locationsmap/0001_request.json not found 	1619890376364
REQUEST		request_3	1619890376149	1619890376367	OK	 
REQUEST		request_0	1619890376315	1619890376501	OK	 
REQUEST		request_3	1619890376315	1619890376526	OK	 
REQUEST		request_0	1619890376331	1619890376526	OK	 
REQUEST		request_2	1619890376551	1619890376605	OK	 
ERROR	request_1: Failed to build request: Resource /locationsmap/0001_request.json not found 	1619890376638
REQUEST		request_2	1619890376631	1619890376694	OK	 
USER	LocationsMap	START	1619890376893
REQUEST		request_3	1619890376771	1619890376999	OK	 
ERROR	request_1: Failed to build request: Resource /locationsmap/0001_request.json not found 	1619890377049
REQUEST		request_0	1619890376893	1619890377081	OK	 
USER	LocationsMap	START	1619890377108
REQUEST		request_0	1619890377109	1619890377319	OK	 
REQUEST		request_4	1619890377382	1619890377571	OK	 
ERROR	request_5: Failed to build request: Resource /locationsmap/0005_request.json not found 	1619890377574
ERROR	request_8: Failed to build request: Resource /locationsmap/0008_request.json not found 	1619890377577
ERROR	request_9: Failed to build request: Resource /locationsmap/0009_request.json not found 	1619890377577
USER	LocationsMap	START	1619890377601
REQUEST		request_6	1619890377580	1619890377641	OK	 
USER	LocationsMap	START	1619890377648
REQUEST		request_3	1619890377462	1619890377691	OK	 
REQUEST		request_4	1619890377536	1619890377769	OK	 
ERROR	request_5: Failed to build request: Resource /locationsmap/0005_request.json not found 	1619890377769
ERROR	request_8: Failed to build request: Resource /locationsmap/0008_request.json not found 	1619890377771
ERROR	request_9: Failed to build request: Resource /locationsmap/0009_request.json not found 	1619890377771
REQUEST		request_7	1619890377583	1619890377796	OK	 
ERROR	request_1: Failed to build request: Resource /locationsmap/0001_request.json not found 	1619890377798
USER	LocationsMap	END	1619890377803
REQUEST		request_0	1619890377602	1619890377825	OK	 
REQUEST		request_6	1619890377773	1619890377827	OK	 
REQUEST		request_0	1619890377649	1619890377857	OK	 
REQUEST		request_7	1619890377774	1619890377970	OK	 
USER	LocationsMap	END	1619890377983
REQUEST		request_4	1619890378009	1619890378208	OK	 
ERROR	request_5: Failed to build request: Resource /locationsmap/0005_request.json not found 	1619890378210
ERROR	request_8: Failed to build request: Resource /locationsmap/0008_request.json not found 	1619890378211
ERROR	request_9: Failed to build request: Resource /locationsmap/0009_request.json not found 	1619890378211
REQUEST		request_6	1619890378213	1619890378264	OK	 
REQUEST		request_3	1619890378153	1619890378398	OK	 
REQUEST		request_7	1619890378214	1619890378407	OK	 
USER	LocationsMap	END	1619890378415
REQUEST		request_2	1619890378370	1619890378427	OK	 
REQUEST		request_2	1619890378370	1619890378447	OK	 
ERROR	request_1: Failed to build request: Resource /locationsmap/0001_request.json not found 	1619890378507
USER	LocationsMap	START	1619890378507
USER	LocationsMap	START	1619890378519
ERROR	request_1: Failed to build request: Resource /locationsmap/0001_request.json not found 	1619890378542
REQUEST		request_2	1619890378646	1619890378697	OK	 
REQUEST		request_0	1619890378519	1619890378721	OK	 
USER	LocationsMap	START	1619890378727
REQUEST		request_0	1619890378508	1619890378742	OK	 
REQUEST		request_3	1619890378613	1619890378824	OK	 
USER	LocationsMap	START	1619890378844
REQUEST		request_4	1619890378703	1619890378908	OK	 
ERROR	request_5: Failed to build request: Resource /locationsmap/0005_request.json not found 	1619890378910
ERROR	request_8: Failed to build request: Resource /locationsmap/0008_request.json not found 	1619890378912
ERROR	request_9: Failed to build request: Resource /locationsmap/0009_request.json not found 	1619890378912
REQUEST		request_0	1619890378727	1619890378938	OK	 
REQUEST		request_3	1619890378703	1619890378953	OK	 
REQUEST		request_6	1619890378913	1619890378973	OK	 
REQUEST		request_0	1619890378845	1619890379044	OK	 
ERROR	request_1: Failed to build request: Resource /locationsmap/0001_request.json not found 	1619890379089
REQUEST		request_2	1619890379058	1619890379109	OK	 
REQUEST		request_7	1619890378915	1619890379114	OK	 
USER	LocationsMap	END	1619890379122
ERROR	request_1: Failed to build request: Resource /locationsmap/0001_request.json not found 	1619890379334
USER	LocationsMap	START	1619890379480
USER	LocationsMap	START	1619890379528
REQUEST		request_4	1619890379408	1619890379616	OK	 
ERROR	request_5: Failed to build request: Resource /locationsmap/0005_request.json not found 	1619890379618
ERROR	request_8: Failed to build request: Resource /locationsmap/0008_request.json not found 	1619890379620
ERROR	request_9: Failed to build request: Resource /locationsmap/0009_request.json not found 	1619890379620
REQUEST		request_6	1619890379623	1619890379677	OK	 
REQUEST		request_0	1619890379481	1619890379691	OK	 
REQUEST		request_0	1619890379529	1619890379740	OK	 
USER	LocationsMap	START	1619890379828
ERROR	request_1: Failed to build request: Resource /locationsmap/0001_request.json not found 	1619890379831
REQUEST		request_7	1619890379626	1619890379845	OK	 
USER	LocationsMap	END	1619890379849
REQUEST		request_2	1619890379802	1619890379863	OK	 
ERROR	request_1: Failed to build request: Resource /locationsmap/0001_request.json not found 	1619890379868
REQUEST		request_4	1619890379828	1619890380036	OK	 
ERROR	request_5: Failed to build request: Resource /locationsmap/0005_request.json not found 	1619890380036
ERROR	request_8: Failed to build request: Resource /locationsmap/0008_request.json not found 	1619890380036
ERROR	request_9: Failed to build request: Resource /locationsmap/0009_request.json not found 	1619890380037
REQUEST		request_0	1619890379829	1619890380050	OK	 
REQUEST		request_6	1619890380037	1619890380093	OK	 
REQUEST		request_4	1619890379959	1619890380149	OK	 
ERROR	request_5: Failed to build request: Resource /locationsmap/0005_request.json not found 	1619890380150
ERROR	request_8: Failed to build request: Resource /locationsmap/0008_request.json not found 	1619890380151
ERROR	request_9: Failed to build request: Resource /locationsmap/0009_request.json not found 	1619890380151
REQUEST		request_6	1619890380153	1619890380206	OK	 
REQUEST		request_7	1619890380039	1619890380251	OK	 
USER	LocationsMap	END	1619890380258
REQUEST		request_7	1619890380154	1619890380358	OK	 
USER	LocationsMap	END	1619890380365
REQUEST		request_2	1619890380549	1619890380608	OK	 
REQUEST		request_2	1619890380522	1619890380620	OK	 
REQUEST		request_3	1619890380441	1619890380651	OK	 
REQUEST		request_3	1619890380458	1619890380683	OK	 
ERROR	request_1: Failed to build request: Resource /locationsmap/0001_request.json not found 	1619890380729
ERROR	request_1: Failed to build request: Resource /locationsmap/0001_request.json not found 	1619890380749
REQUEST		request_3	1619890380706	1619890380927	OK	 
ERROR	request_1: Failed to build request: Resource /locationsmap/0001_request.json not found 	1619890380949
ERROR	request_1: Failed to build request: Resource /locationsmap/0001_request.json not found 	1619890381059
REQUEST		request_2	1619890381100	1619890381152	OK	 
REQUEST		request_3	1619890381120	1619890381360	OK	 
USER	LocationsMap	START	1619890381399
REQUEST		request_2	1619890381344	1619890381408	OK	 
REQUEST		request_0	1619890381400	1619890381657	OK	 
ERROR	request_1: Failed to build request: Resource /locationsmap/0001_request.json not found 	1619890381700
ERROR	request_1: Failed to build request: Resource /locationsmap/0001_request.json not found 	1619890381745
REQUEST		request_4	1619890381668	1619890381876	OK	 
ERROR	request_5: Failed to build request: Resource /locationsmap/0005_request.json not found 	1619890381877
ERROR	request_8: Failed to build request: Resource /locationsmap/0008_request.json not found 	1619890381878
ERROR	request_9: Failed to build request: Resource /locationsmap/0009_request.json not found 	1619890381878
USER	LocationsMap	START	1619890381877
REQUEST		request_2	1619890381838	1619890381905	OK	 
REQUEST		request_4	1619890381700	1619890381918	OK	 
ERROR	request_5: Failed to build request: Resource /locationsmap/0005_request.json not found 	1619890381919
ERROR	request_8: Failed to build request: Resource /locationsmap/0008_request.json not found 	1619890381919
ERROR	request_9: Failed to build request: Resource /locationsmap/0009_request.json not found 	1619890381919
REQUEST		request_6	1619890381879	1619890381940	OK	 
REQUEST		request_2	1619890381877	1619890381940	OK	 
REQUEST		request_6	1619890381920	1619890381972	OK	 
ERROR	request_1: Failed to build request: Resource /locationsmap/0001_request.json not found 	1619890382060
REQUEST		request_3	1619890381869	1619890382082	OK	 
REQUEST		request_7	1619890381880	1619890382086	OK	 
USER	LocationsMap	END	1619890382093
REQUEST		request_0	1619890381878	1619890382099	OK	 
REQUEST		request_7	1619890381921	1619890382109	OK	 
USER	LocationsMap	END	1619890382114
REQUEST		request_4	1619890381935	1619890382137	OK	 
ERROR	request_5: Failed to build request: Resource /locationsmap/0005_request.json not found 	1619890382139
ERROR	request_8: Failed to build request: Resource /locationsmap/0008_request.json not found 	1619890382140
ERROR	request_9: Failed to build request: Resource /locationsmap/0009_request.json not found 	1619890382140
USER	LocationsMap	START	1619890382144
REQUEST		request_6	1619890382141	1619890382200	OK	 
REQUEST		request_7	1619890382144	1619890382352	OK	 
USER	LocationsMap	END	1619890382361
REQUEST		request_0	1619890382145	1619890382362	OK	 
USER	LocationsMap	START	1619890382366
USER	LocationsMap	START	1619890382441
REQUEST		request_4	1619890382366	1619890382561	OK	 
REQUEST		request_0	1619890382367	1619890382561	OK	 
ERROR	request_5: Failed to build request: Resource /locationsmap/0005_request.json not found 	1619890382562
ERROR	request_8: Failed to build request: Resource /locationsmap/0008_request.json not found 	1619890382564
ERROR	request_9: Failed to build request: Resource /locationsmap/0009_request.json not found 	1619890382564
REQUEST		request_6	1619890382567	1619890382618	OK	 
REQUEST		request_0	1619890382442	1619890382661	OK	 
REQUEST		request_7	1619890382568	1619890382784	OK	 
USER	LocationsMap	END	1619890382792
REQUEST		request_2	1619890382746	1619890382796	OK	 
REQUEST		request_2	1619890382760	1619890382817	OK	 
USER	LocationsMap	START	1619890382819
REQUEST		request_3	1619890382626	1619890382845	OK	 
REQUEST		request_3	1619890382626	1619890382846	OK	 
REQUEST		request_2	1619890382960	1619890383032	OK	 
REQUEST		request_0	1619890382820	1619890383033	OK	 
REQUEST		request_2	1619890383066	1619890383117	OK	 
REQUEST		request_4	1619890383083	1619890383279	OK	 
ERROR	request_5: Failed to build request: Resource /locationsmap/0005_request.json not found 	1619890383280
ERROR	request_8: Failed to build request: Resource /locationsmap/0008_request.json not found 	1619890383281
ERROR	request_9: Failed to build request: Resource /locationsmap/0009_request.json not found 	1619890383281
REQUEST		request_6	1619890383282	1619890383335	OK	 
REQUEST		request_3	1619890383168	1619890383383	OK	 
USER	LocationsMap	START	1619890383423
REQUEST		request_7	1619890383284	1619890383484	OK	 
USER	LocationsMap	END	1619890383493
REQUEST		request_0	1619890383424	1619890383634	OK	 
REQUEST		request_3	1619890383428	1619890383649	OK	 
ERROR	request_1: Failed to build request: Resource /locationsmap/0001_request.json not found 	1619890383667
REQUEST		request_2	1619890383735	1619890383795	OK	 
REQUEST		request_2	1619890383750	1619890383811	OK	 
REQUEST		request_4	1619890383866	1619890384076	OK	 
ERROR	request_5: Failed to build request: Resource /locationsmap/0005_request.json not found 	1619890384077
ERROR	request_8: Failed to build request: Resource /locationsmap/0008_request.json not found 	1619890384080
ERROR	request_9: Failed to build request: Resource /locationsmap/0009_request.json not found 	1619890384080
REQUEST		request_4	1619890383866	1619890384080	OK	 
ERROR	request_5: Failed to build request: Resource /locationsmap/0005_request.json not found 	1619890384081
ERROR	request_8: Failed to build request: Resource /locationsmap/0008_request.json not found 	1619890384082
ERROR	request_9: Failed to build request: Resource /locationsmap/0009_request.json not found 	1619890384082
ERROR	request_1: Failed to build request: Resource /locationsmap/0001_request.json not found 	1619890384109
REQUEST		request_2	1619890384070	1619890384126	OK	 
REQUEST		request_3	1619890383912	1619890384130	OK	 
REQUEST		request_6	1619890384084	1619890384140	OK	 
REQUEST		request_6	1619890384082	1619890384140	OK	 
USER	LocationsMap	START	1619890384150
REQUEST		request_3	1619890383948	1619890384164	OK	 
REQUEST		request_7	1619890384085	1619890384292	OK	 
REQUEST		request_7	1619890384084	1619890384292	OK	 
USER	LocationsMap	END	1619890384298
USER	LocationsMap	END	1619890384301
REQUEST		request_0	1619890384151	1619890384347	OK	 
ERROR	request_1: Failed to build request: Resource /locationsmap/0001_request.json not found 	1619890384383
USER	LocationsMap	START	1619890384379
ERROR	request_1: Failed to build request: Resource /locationsmap/0001_request.json not found 	1619890384571
REQUEST		request_0	1619890384382	1619890384583	OK	 
REQUEST		request_4	1619890384396	1619890384606	OK	 
ERROR	request_5: Failed to build request: Resource /locationsmap/0005_request.json not found 	1619890384606
ERROR	request_8: Failed to build request: Resource /locationsmap/0008_request.json not found 	1619890384607
ERROR	request_9: Failed to build request: Resource /locationsmap/0009_request.json not found 	1619890384607
REQUEST		request_6	1619890384608	1619890384661	OK	 
ERROR	request_1: Failed to build request: Resource /locationsmap/0001_request.json not found 	1619890384664
REQUEST		request_7	1619890384608	1619890384808	OK	 
USER	LocationsMap	END	1619890384813
REQUEST		request_4	1619890384665	1619890384865	OK	 
ERROR	request_5: Failed to build request: Resource /locationsmap/0005_request.json not found 	1619890384866
ERROR	request_8: Failed to build request: Resource /locationsmap/0008_request.json not found 	1619890384867
ERROR	request_9: Failed to build request: Resource /locationsmap/0009_request.json not found 	1619890384867
REQUEST		request_6	1619890384871	1619890384920	OK	 
REQUEST		request_3	1619890384800	1619890385014	OK	 
ERROR	request_1: Failed to build request: Resource /locationsmap/0001_request.json not found 	1619890385045
REQUEST		request_3	1619890384829	1619890385057	OK	 
REQUEST		request_7	1619890384874	1619890385072	OK	 
USER	LocationsMap	END	1619890385078
REQUEST		request_3	1619890385034	1619890385249	OK	 
REQUEST		request_3	1619890385126	1619890385344	OK	 
REQUEST		request_4	1619890385140	1619890385348	OK	 
ERROR	request_5: Failed to build request: Resource /locationsmap/0005_request.json not found 	1619890385349
ERROR	request_8: Failed to build request: Resource /locationsmap/0008_request.json not found 	1619890385350
ERROR	request_9: Failed to build request: Resource /locationsmap/0009_request.json not found 	1619890385350
REQUEST		request_4	1619890385168	1619890385373	OK	 
ERROR	request_5: Failed to build request: Resource /locationsmap/0005_request.json not found 	1619890385373
ERROR	request_8: Failed to build request: Resource /locationsmap/0008_request.json not found 	1619890385374
ERROR	request_9: Failed to build request: Resource /locationsmap/0009_request.json not found 	1619890385374
REQUEST		request_6	1619890385350	1619890385401	OK	 
REQUEST		request_6	1619890385374	1619890385431	OK	 
REQUEST		request_7	1619890385351	1619890385541	OK	 
USER	LocationsMap	END	1619890385549
REQUEST		request_7	1619890385375	1619890385581	OK	 
USER	LocationsMap	END	1619890385588
ERROR	request_1: Failed to build request: Resource /locationsmap/0001_request.json not found 	1619890385646
REQUEST		request_2	1619890385678	1619890385730	OK	 
REQUEST		request_3	1619890385799	1619890386002	OK	 
REQUEST		request_3	1619890385815	1619890386027	OK	 
REQUEST		request_2	1619890386123	1619890386176	OK	 
REQUEST		request_4	1619890386022	1619890386236	OK	 
ERROR	request_5: Failed to build request: Resource /locationsmap/0005_request.json not found 	1619890386237
ERROR	request_8: Failed to build request: Resource /locationsmap/0008_request.json not found 	1619890386239
ERROR	request_9: Failed to build request: Resource /locationsmap/0009_request.json not found 	1619890386239
REQUEST		request_4	1619890386069	1619890386266	OK	 
ERROR	request_5: Failed to build request: Resource /locationsmap/0005_request.json not found 	1619890386267
ERROR	request_8: Failed to build request: Resource /locationsmap/0008_request.json not found 	1619890386268
ERROR	request_9: Failed to build request: Resource /locationsmap/0009_request.json not found 	1619890386268
REQUEST		request_6	1619890386240	1619890386299	OK	 
REQUEST		request_6	1619890386270	1619890386329	OK	 
ERROR	request_1: Failed to build request: Resource /locationsmap/0001_request.json not found 	1619890386361
REQUEST		request_3	1619890386150	1619890386388	OK	 
REQUEST		request_2	1619890386398	1619890386455	OK	 
REQUEST		request_4	1619890386255	1619890386456	OK	 
ERROR	request_5: Failed to build request: Resource /locationsmap/0005_request.json not found 	1619890386456
ERROR	request_8: Failed to build request: Resource /locationsmap/0008_request.json not found 	1619890386457
ERROR	request_9: Failed to build request: Resource /locationsmap/0009_request.json not found 	1619890386457
REQUEST		request_7	1619890386242	1619890386460	OK	 
USER	LocationsMap	END	1619890386463
REQUEST		request_7	1619890386272	1619890386511	OK	 
REQUEST		request_6	1619890386457	1619890386512	OK	 
USER	LocationsMap	END	1619890386513
REQUEST		request_4	1619890386347	1619890386560	OK	 
ERROR	request_5: Failed to build request: Resource /locationsmap/0005_request.json not found 	1619890386562
ERROR	request_8: Failed to build request: Resource /locationsmap/0008_request.json not found 	1619890386563
ERROR	request_9: Failed to build request: Resource /locationsmap/0009_request.json not found 	1619890386563
ERROR	request_1: Failed to build request: Resource /locationsmap/0001_request.json not found 	1619890386589
REQUEST		request_6	1619890386564	1619890386614	OK	 
REQUEST		request_2	1619890386590	1619890386648	OK	 
REQUEST		request_7	1619890386458	1619890386660	OK	 
USER	LocationsMap	END	1619890386666
REQUEST		request_2	1619890386671	1619890386727	OK	 
REQUEST		request_7	1619890386566	1619890386769	OK	 
USER	LocationsMap	END	1619890386775
REQUEST		request_2	1619890387050	1619890387119	OK	 
REQUEST		request_4	1619890387010	1619890387213	OK	 
ERROR	request_5: Failed to build request: Resource /locationsmap/0005_request.json not found 	1619890387214
ERROR	request_8: Failed to build request: Resource /locationsmap/0008_request.json not found 	1619890387215
ERROR	request_9: Failed to build request: Resource /locationsmap/0009_request.json not found 	1619890387216
REQUEST		request_4	1619890387030	1619890387244	OK	 
ERROR	request_5: Failed to build request: Resource /locationsmap/0005_request.json not found 	1619890387245
ERROR	request_8: Failed to build request: Resource /locationsmap/0008_request.json not found 	1619890387245
ERROR	request_9: Failed to build request: Resource /locationsmap/0009_request.json not found 	1619890387246
REQUEST		request_6	1619890387218	1619890387266	OK	 
REQUEST		request_6	1619890387247	1619890387296	OK	 
USER	LocationsMap	START	1619890387319
REQUEST		request_7	1619890387219	1619890387424	OK	 
USER	LocationsMap	END	1619890387432
REQUEST		request_7	1619890387249	1619890387449	OK	 
USER	LocationsMap	END	1619890387456
REQUEST		request_0	1619890387320	1619890387530	OK	 
REQUEST		request_4	1619890387405	1619890387653	OK	 
ERROR	request_5: Failed to build request: Resource /locationsmap/0005_request.json not found 	1619890387654
ERROR	request_8: Failed to build request: Resource /locationsmap/0008_request.json not found 	1619890387654
ERROR	request_9: Failed to build request: Resource /locationsmap/0009_request.json not found 	1619890387654
REQUEST		request_6	1619890387655	1619890387712	OK	 
REQUEST		request_2	1619890387663	1619890387713	OK	 
REQUEST		request_7	1619890387655	1619890387852	OK	 
USER	LocationsMap	END	1619890387949
REQUEST		request_3	1619890387740	1619890387964	OK	 
USER	LocationsMap	START	1619890388349
USER	LocationsMap	START	1619890388358
REQUEST		request_3	1619890388184	1619890388401	OK	 
REQUEST		request_2	1619890388374	1619890388429	OK	 
REQUEST		request_0	1619890388349	1619890388548	OK	 
REQUEST		request_0	1619890388358	1619890388566	OK	 
USER	LocationsMap	START	1619890388620
USER	LocationsMap	START	1619890388637
REQUEST		request_2	1619890388596	1619890388660	OK	 
REQUEST		request_3	1619890388462	1619890388667	OK	 
USER	LocationsMap	START	1619890388780
REQUEST		request_0	1619890388622	1619890388831	OK	 
REQUEST		request_0	1619890388638	1619890388848	OK	 
REQUEST		request_3	1619890388660	1619890388878	OK	 
REQUEST		request_3	1619890388733	1619890388931	OK	 
REQUEST		request_0	1619890388781	1619890388974	OK	 
REQUEST		request_4	1619890388973	1619890389161	OK	 
ERROR	request_5: Failed to build request: Resource /locationsmap/0005_request.json not found 	1619890389162
ERROR	request_8: Failed to build request: Resource /locationsmap/0008_request.json not found 	1619890389162
ERROR	request_9: Failed to build request: Resource /locationsmap/0009_request.json not found 	1619890389162
REQUEST		request_6	1619890389162	1619890389216	OK	 
USER	LocationsMap	START	1619890389318
REQUEST		request_3	1619890389130	1619890389351	OK	 
REQUEST		request_7	1619890389163	1619890389394	OK	 
USER	LocationsMap	END	1619890389399
ERROR	request_1: Failed to build request: Resource /locationsmap/0001_request.json not found 	1619890389532
REQUEST		request_0	1619890389319	1619890389535	OK	 
REQUEST		request_4	1619890389409	1619890389629	OK	 
ERROR	request_5: Failed to build request: Resource /locationsmap/0005_request.json not found 	1619890389630
ERROR	request_8: Failed to build request: Resource /locationsmap/0008_request.json not found 	1619890389630
ERROR	request_9: Failed to build request: Resource /locationsmap/0009_request.json not found 	1619890389630
USER	LocationsMap	START	1619890389679
REQUEST		request_6	1619890389630	1619890389684	OK	 
USER	LocationsMap	START	1619890389828
REQUEST		request_7	1619890389631	1619890389831	OK	 
USER	LocationsMap	END	1619890389833
REQUEST		request_4	1619890389669	1619890389859	OK	 
ERROR	request_5: Failed to build request: Resource /locationsmap/0005_request.json not found 	1619890389860
ERROR	request_8: Failed to build request: Resource /locationsmap/0008_request.json not found 	1619890389860
ERROR	request_9: Failed to build request: Resource /locationsmap/0009_request.json not found 	1619890389860
REQUEST		request_0	1619890389680	1619890389890	OK	 
REQUEST		request_6	1619890389860	1619890389910	OK	 
REQUEST		request_3	1619890389725	1619890389941	OK	 
REQUEST		request_0	1619890389829	1619890390028	OK	 
REQUEST		request_7	1619890389861	1619890390060	OK	 
USER	LocationsMap	END	1619890390066
USER	LocationsMap	START	1619890390076
REQUEST		request_4	1619890389889	1619890390090	OK	 
ERROR	request_5: Failed to build request: Resource /locationsmap/0005_request.json not found 	1619890390091
ERROR	request_8: Failed to build request: Resource /locationsmap/0008_request.json not found 	1619890390093
ERROR	request_9: Failed to build request: Resource /locationsmap/0009_request.json not found 	1619890390093
USER	LocationsMap	START	1619890390137
REQUEST		request_4	1619890389942	1619890390142	OK	 
ERROR	request_5: Failed to build request: Resource /locationsmap/0005_request.json not found 	1619890390143
ERROR	request_8: Failed to build request: Resource /locationsmap/0008_request.json not found 	1619890390143
ERROR	request_9: Failed to build request: Resource /locationsmap/0009_request.json not found 	1619890390143
REQUEST		request_6	1619890390095	1619890390144	OK	 
REQUEST		request_6	1619890390143	1619890390200	OK	 
REQUEST		request_7	1619890390096	1619890390293	OK	 
USER	LocationsMap	END	1619890390295
REQUEST		request_0	1619890390077	1619890390299	OK	 
REQUEST		request_0	1619890390138	1619890390337	OK	 
REQUEST		request_7	1619890390144	1619890390349	OK	 
USER	LocationsMap	END	1619890390356
REQUEST		request_4	1619890390359	1619890390552	OK	 
ERROR	request_5: Failed to build request: Resource /locationsmap/0005_request.json not found 	1619890390553
ERROR	request_8: Failed to build request: Resource /locationsmap/0008_request.json not found 	1619890390553
ERROR	request_9: Failed to build request: Resource /locationsmap/0009_request.json not found 	1619890390554
ERROR	request_1: Failed to build request: Resource /locationsmap/0001_request.json not found 	1619890390561
ERROR	request_1: Failed to build request: Resource /locationsmap/0001_request.json not found 	1619890390577
REQUEST		request_6	1619890390555	1619890390606	OK	 
REQUEST		request_3	1619890390438	1619890390644	OK	 
REQUEST		request_7	1619890390556	1619890390763	OK	 
USER	LocationsMap	END	1619890390768
ERROR	request_1: Failed to build request: Resource /locationsmap/0001_request.json not found 	1619890390837
ERROR	request_1: Failed to build request: Resource /locationsmap/0001_request.json not found 	1619890390857
REQUEST		request_3	1619890390662	1619890390884	OK	 
ERROR	request_1: Failed to build request: Resource /locationsmap/0001_request.json not found 	1619890390979
USER	LocationsMap	START	1619890390979
REQUEST		request_4	1619890390945	1619890391145	OK	 
ERROR	request_5: Failed to build request: Resource /locationsmap/0005_request.json not found 	1619890391146
ERROR	request_8: Failed to build request: Resource /locationsmap/0008_request.json not found 	1619890391146
ERROR	request_9: Failed to build request: Resource /locationsmap/0009_request.json not found 	1619890391146
REQUEST		request_0	1619890390980	1619890391183	OK	 
REQUEST		request_6	1619890391146	1619890391206	OK	 
USER	LocationsMap	START	1619890391220
REQUEST		request_7	1619890391147	1619890391340	OK	 
USER	LocationsMap	END	1619890391347
REQUEST		request_0	1619890391221	1619890391416	OK	 
ERROR	request_1: Failed to build request: Resource /locationsmap/0001_request.json not found 	1619890391539
REQUEST		request_2	1619890391539	1619890391601	OK	 
REQUEST		request_4	1619890391650	1619890391860	OK	 
ERROR	request_5: Failed to build request: Resource /locationsmap/0005_request.json not found 	1619890391860
ERROR	request_8: Failed to build request: Resource /locationsmap/0008_request.json not found 	1619890391861
ERROR	request_9: Failed to build request: Resource /locationsmap/0009_request.json not found 	1619890391861
ERROR	request_1: Failed to build request: Resource /locationsmap/0001_request.json not found 	1619890391892
REQUEST		request_6	1619890391862	1619890391915	OK	 
ERROR	request_1: Failed to build request: Resource /locationsmap/0001_request.json not found 	1619890392034
REQUEST		request_7	1619890391864	1619890392059	OK	 
USER	LocationsMap	END	1619890392062
REQUEST		request_4	1619890391889	1619890392096	OK	 
ERROR	request_5: Failed to build request: Resource /locationsmap/0005_request.json not found 	1619890392096
ERROR	request_8: Failed to build request: Resource /locationsmap/0008_request.json not found 	1619890392097
ERROR	request_9: Failed to build request: Resource /locationsmap/0009_request.json not found 	1619890392097
REQUEST		request_6	1619890392098	1619890392162	OK	 
USER	LocationsMap	START	1619890392280
ERROR	request_1: Failed to build request: Resource /locationsmap/0001_request.json not found 	1619890392308
REQUEST		request_7	1619890392099	1619890392311	OK	 
USER	LocationsMap	END	1619890392316
ERROR	request_1: Failed to build request: Resource /locationsmap/0001_request.json not found 	1619890392349
REQUEST		request_0	1619890392280	1619890392506	OK	 
REQUEST		request_2	1619890392570	1619890392621	OK	 
REQUEST		request_2	1619890392589	1619890392642	OK	 
REQUEST		request_2	1619890392850	1619890392904	OK	 
REQUEST		request_2	1619890392870	1619890392924	OK	 
REQUEST		request_2	1619890392994	1619890393056	OK	 
ERROR	request_1: Failed to build request: Resource /locationsmap/0001_request.json not found 	1619890393188
USER	LocationsMap	START	1619890393322
ERROR	request_1: Failed to build request: Resource /locationsmap/0001_request.json not found 	1619890393419
REQUEST		request_0	1619890393322	1619890393539	OK	 
REQUEST		request_2	1619890393544	1619890393601	OK	 
USER	LocationsMap	START	1619890393610
REQUEST		request_3	1619890393609	1619890393818	OK	 
REQUEST		request_0	1619890393611	1619890393858	OK	 
REQUEST		request_2	1619890393903	1619890393958	OK	 
USER	LocationsMap	START	1619890394080
REQUEST		request_2	1619890394040	1619890394090	OK	 
USER	LocationsMap	START	1619890394171
USER	LocationsMap	START	1619890394220
REQUEST		request_0	1619890394080	1619890394293	OK	 
USER	LocationsMap	START	1619890394346
REQUEST		request_2	1619890394323	1619890394381	OK	 
REQUEST		request_0	1619890394172	1619890394387	OK	 
REQUEST		request_2	1619890394356	1619890394411	OK	 
REQUEST		request_0	1619890394221	1619890394417	OK	 
ERROR	request_1: Failed to build request: Resource /locationsmap/0001_request.json not found 	1619890394517
REQUEST		request_0	1619890394346	1619890394534	OK	 
USER	LocationsMap	START	1619890394678
REQUEST		request_3	1619890394633	1619890394841	OK	 
REQUEST		request_3	1619890394651	1619890394854	OK	 
REQUEST		request_0	1619890394678	1619890394883	OK	 
USER	LocationsMap	START	1619890395006
REQUEST		request_4	1619890394830	1619890395019	OK	 
ERROR	request_5: Failed to build request: Resource /locationsmap/0005_request.json not found 	1619890395019
ERROR	request_8: Failed to build request: Resource /locationsmap/0008_request.json not found 	1619890395019
ERROR	request_9: Failed to build request: Resource /locationsmap/0009_request.json not found 	1619890395020
REQUEST		request_6	1619890395020	1619890395069	OK	 
REQUEST		request_3	1619890394908	1619890395116	OK	 
REQUEST		request_3	1619890394928	1619890395149	OK	 
REQUEST		request_0	1619890395006	1619890395208	OK	 
REQUEST		request_7	1619890395020	1619890395218	OK	 
USER	LocationsMap	END	1619890395225
REQUEST		request_2	1619890395199	1619890395251	OK	 
REQUEST		request_3	1619890395063	1619890395262	OK	 
USER	LocationsMap	START	1619890395288
REQUEST		request_2	1619890395429	1619890395478	OK	 
REQUEST		request_0	1619890395288	1619890395490	OK	 
ERROR	request_1: Failed to build request: Resource /locationsmap/0001_request.json not found 	1619890395542
REQUEST		request_3	1619890395609	1619890395823	OK	 
USER	LocationsMap	START	1619890395845
ERROR	request_1: Failed to build request: Resource /locationsmap/0001_request.json not found 	1619890395867
REQUEST		request_0	1619890395846	1619890396050	OK	 
REQUEST		request_4	1619890395844	1619890396053	OK	 
ERROR	request_5: Failed to build request: Resource /locationsmap/0005_request.json not found 	1619890396054
ERROR	request_8: Failed to build request: Resource /locationsmap/0008_request.json not found 	1619890396055
ERROR	request_9: Failed to build request: Resource /locationsmap/0009_request.json not found 	1619890396055
REQUEST		request_4	1619890395861	1619890396065	OK	 
ERROR	request_5: Failed to build request: Resource /locationsmap/0005_request.json not found 	1619890396066
ERROR	request_8: Failed to build request: Resource /locationsmap/0008_request.json not found 	1619890396067
ERROR	request_9: Failed to build request: Resource /locationsmap/0009_request.json not found 	1619890396067
REQUEST		request_6	1619890396056	1619890396113	OK	 
REQUEST		request_6	1619890396068	1619890396124	OK	 
REQUEST		request_3	1619890395973	1619890396190	OK	 
USER	LocationsMap	START	1619890396206
REQUEST		request_7	1619890396058	1619890396260	OK	 
USER	LocationsMap	END	1619890396263
REQUEST		request_7	1619890396070	1619890396280	OK	 
USER	LocationsMap	END	1619890396283
ERROR	request_1: Failed to build request: Resource /locationsmap/0001_request.json not found 	1619890396296
REQUEST		request_3	1619890396097	1619890396313	OK	 
REQUEST		request_4	1619890396129	1619890396336	OK	 
ERROR	request_5: Failed to build request: Resource /locationsmap/0005_request.json not found 	1619890396336
ERROR	request_8: Failed to build request: Resource /locationsmap/0008_request.json not found 	1619890396337
ERROR	request_9: Failed to build request: Resource /locationsmap/0009_request.json not found 	1619890396337
REQUEST		request_4	1619890396162	1619890396364	OK	 
ERROR	request_5: Failed to build request: Resource /locationsmap/0005_request.json not found 	1619890396365
ERROR	request_8: Failed to build request: Resource /locationsmap/0008_request.json not found 	1619890396365
ERROR	request_9: Failed to build request: Resource /locationsmap/0009_request.json not found 	1619890396365
REQUEST		request_6	1619890396337	1619890396386	OK	 
ERROR	request_1: Failed to build request: Resource /locationsmap/0001_request.json not found 	1619890396393
REQUEST		request_0	1619890396207	1619890396394	OK	 
ERROR	request_1: Failed to build request: Resource /locationsmap/0001_request.json not found 	1619890396425
REQUEST		request_6	1619890396366	1619890396431	OK	 
REQUEST		request_4	1619890396270	1619890396465	OK	 
ERROR	request_5: Failed to build request: Resource /locationsmap/0005_request.json not found 	1619890396465
ERROR	request_8: Failed to build request: Resource /locationsmap/0008_request.json not found 	1619890396466
ERROR	request_9: Failed to build request: Resource /locationsmap/0009_request.json not found 	1619890396466
USER	LocationsMap	START	1619890396494
REQUEST		request_6	1619890396466	1619890396520	OK	 
USER	LocationsMap	START	1619890396535
REQUEST		request_7	1619890396338	1619890396540	OK	 
ERROR	request_1: Failed to build request: Resource /locationsmap/0001_request.json not found 	1619890396544
USER	LocationsMap	END	1619890396543
REQUEST		request_2	1619890396521	1619890396570	OK	 
REQUEST		request_7	1619890396366	1619890396576	OK	 
USER	LocationsMap	END	1619890396577
REQUEST		request_3	1619890396392	1619890396583	OK	 
REQUEST		request_3	1619890396416	1619890396623	OK	 
REQUEST		request_7	1619890396467	1619890396672	OK	 
USER	LocationsMap	END	1619890396674
REQUEST		request_0	1619890396495	1619890396688	OK	 
REQUEST		request_0	1619890396536	1619890396737	OK	 
ERROR	request_1: Failed to build request: Resource /locationsmap/0001_request.json not found 	1619890396898
REQUEST		request_4	1619890396824	1619890397010	OK	 
ERROR	request_5: Failed to build request: Resource /locationsmap/0005_request.json not found 	1619890397010
ERROR	request_8: Failed to build request: Resource /locationsmap/0008_request.json not found 	1619890397010
ERROR	request_9: Failed to build request: Resource /locationsmap/0009_request.json not found 	1619890397011
REQUEST		request_6	1619890397011	1619890397065	OK	 
ERROR	request_1: Failed to build request: Resource /locationsmap/0001_request.json not found 	1619890397214
REQUEST		request_7	1619890397011	1619890397215	OK	 
USER	LocationsMap	END	1619890397217
REQUEST		request_4	1619890397198	1619890397393	OK	 
ERROR	request_5: Failed to build request: Resource /locationsmap/0005_request.json not found 	1619890397393
ERROR	request_8: Failed to build request: Resource /locationsmap/0008_request.json not found 	1619890397393
ERROR	request_9: Failed to build request: Resource /locationsmap/0009_request.json not found 	1619890397393
REQUEST		request_6	1619890397394	1619890397454	OK	 
REQUEST		request_3	1619890397255	1619890397457	OK	 
ERROR	request_1: Failed to build request: Resource /locationsmap/0001_request.json not found 	1619890397493
REQUEST		request_4	1619890397327	1619890397513	OK	 
ERROR	request_5: Failed to build request: Resource /locationsmap/0005_request.json not found 	1619890397513
ERROR	request_8: Failed to build request: Resource /locationsmap/0008_request.json not found 	1619890397513
ERROR	request_9: Failed to build request: Resource /locationsmap/0009_request.json not found 	1619890397513
REQUEST		request_6	1619890397514	1619890397564	OK	 
REQUEST		request_7	1619890397394	1619890397587	OK	 
USER	LocationsMap	END	1619890397589
REQUEST		request_2	1619890397558	1619890397606	OK	 
REQUEST		request_3	1619890397493	1619890397696	OK	 
REQUEST		request_7	1619890397514	1619890397708	OK	 
USER	LocationsMap	END	1619890397710
REQUEST		request_4	1619890397584	1619890397780	OK	 
ERROR	request_5: Failed to build request: Resource /locationsmap/0005_request.json not found 	1619890397781
ERROR	request_8: Failed to build request: Resource /locationsmap/0008_request.json not found 	1619890397781
ERROR	request_9: Failed to build request: Resource /locationsmap/0009_request.json not found 	1619890397781
USER	LocationsMap	START	1619890397816
REQUEST		request_4	1619890397633	1619890397821	OK	 
ERROR	request_5: Failed to build request: Resource /locationsmap/0005_request.json not found 	1619890397822
ERROR	request_8: Failed to build request: Resource /locationsmap/0008_request.json not found 	1619890397822
ERROR	request_9: Failed to build request: Resource /locationsmap/0009_request.json not found 	1619890397822
REQUEST		request_6	1619890397782	1619890397833	OK	 
REQUEST		request_6	1619890397823	1619890397877	OK	 
USER	LocationsMap	START	1619890397909
REQUEST		request_2	1619890397878	1619890397929	OK	 
REQUEST		request_7	1619890397782	1619890397974	OK	 
USER	LocationsMap	END	1619890397978
REQUEST		request_7	1619890397824	1619890398019	OK	 
USER	LocationsMap	END	1619890398023
REQUEST		request_0	1619890397817	1619890398029	OK	 
ERROR	request_1: Failed to build request: Resource /locationsmap/0001_request.json not found 	1619890398054
REQUEST		request_0	1619890397909	1619890398133	OK	 
REQUEST		request_2	1619890398312	1619890398361	OK	 
ERROR	request_1: Failed to build request: Resource /locationsmap/0001_request.json not found 	1619890398397
REQUEST		request_2	1619890398398	1619890398446	OK	 
USER	LocationsMap	START	1619890398446
REQUEST		request_2	1619890398438	1619890398485	OK	 
REQUEST		request_2	1619890398549	1619890398599	OK	 
REQUEST		request_0	1619890398447	1619890398634	OK	 
REQUEST		request_4	1619890398462	1619890398649	OK	 
ERROR	request_5: Failed to build request: Resource /locationsmap/0005_request.json not found 	1619890398650
ERROR	request_8: Failed to build request: Resource /locationsmap/0008_request.json not found 	1619890398651
ERROR	request_9: Failed to build request: Resource /locationsmap/0009_request.json not found 	1619890398651
ERROR	request_1: Failed to build request: Resource /locationsmap/0001_request.json not found 	1619890398692
REQUEST		request_6	1619890398652	1619890398711	OK	 
ERROR	request_1: Failed to build request: Resource /locationsmap/0001_request.json not found 	1619890398744
REQUEST		request_3	1619890398579	1619890398790	OK	 
REQUEST		request_7	1619890398653	1619890398848	OK	 
USER	LocationsMap	END	1619890398851
REQUEST		request_4	1619890398707	1619890398917	OK	 
ERROR	request_5: Failed to build request: Resource /locationsmap/0005_request.json not found 	1619890398918
ERROR	request_8: Failed to build request: Resource /locationsmap/0008_request.json not found 	1619890398918
ERROR	request_9: Failed to build request: Resource /locationsmap/0009_request.json not found 	1619890398918
REQUEST		request_2	1619890398908	1619890398969	OK	 
REQUEST		request_6	1619890398919	1619890398971	OK	 
USER	LocationsMap	START	1619890399006
REQUEST		request_7	1619890398919	1619890399114	OK	 
USER	LocationsMap	END	1619890399120
REQUEST		request_0	1619890399006	1619890399200	OK	 
REQUEST		request_2	1619890399219	1619890399273	OK	 
REQUEST		request_2	1619890399498	1619890399551	OK	 
REQUEST		request_3	1619890399609	1619890399844	OK	 
REQUEST		request_4	1619890399799	1619890400000	OK	 
ERROR	request_5: Failed to build request: Resource /locationsmap/0005_request.json not found 	1619890400000
ERROR	request_8: Failed to build request: Resource /locationsmap/0008_request.json not found 	1619890400001
ERROR	request_9: Failed to build request: Resource /locationsmap/0009_request.json not found 	1619890400001
ERROR	request_1: Failed to build request: Resource /locationsmap/0001_request.json not found 	1619890400039
REQUEST		request_6	1619890400002	1619890400055	OK	 
REQUEST		request_2	1619890400055	1619890400108	OK	 
REQUEST		request_3	1619890399938	1619890400137	OK	 
ERROR	request_1: Failed to build request: Resource /locationsmap/0001_request.json not found 	1619890400144
REQUEST		request_7	1619890400003	1619890400203	OK	 
USER	LocationsMap	END	1619890400205
REQUEST		request_2	1619890400399	1619890400451	OK	 
REQUEST		request_3	1619890400369	1619890400582	OK	 
ERROR	request_1: Failed to build request: Resource /locationsmap/0001_request.json not found 	1619890400639
REQUEST		request_3	1619890400449	1619890400658	OK	 
REQUEST		request_3	1619890400489	1619890400702	OK	 
USER	LocationsMap	START	1619890400739
REQUEST		request_2	1619890400707	1619890400755	OK	 
REQUEST		request_2	1619890400762	1619890400813	OK	 
REQUEST		request_3	1619890400610	1619890400815	OK	 
REQUEST		request_0	1619890400739	1619890400926	OK	 
REQUEST		request_4	1619890400848	1619890401043	OK	 
ERROR	request_5: Failed to build request: Resource /locationsmap/0005_request.json not found 	1619890401044
ERROR	request_8: Failed to build request: Resource /locationsmap/0008_request.json not found 	1619890401044
ERROR	request_9: Failed to build request: Resource /locationsmap/0009_request.json not found 	1619890401044
USER	LocationsMap	START	1619890401061
REQUEST		request_6	1619890401044	1619890401100	OK	 
REQUEST		request_3	1619890400978	1619890401186	OK	 
ERROR	request_1: Failed to build request: Resource /locationsmap/0001_request.json not found 	1619890401203
REQUEST		request_7	1619890401045	1619890401251	OK	 
USER	LocationsMap	END	1619890401257
REQUEST		request_0	1619890401061	1619890401269	OK	 
REQUEST		request_4	1619890401145	1619890401349	OK	 
ERROR	request_5: Failed to build request: Resource /locationsmap/0005_request.json not found 	1619890401351
ERROR	request_8: Failed to build request: Resource /locationsmap/0008_request.json not found 	1619890401351
ERROR	request_9: Failed to build request: Resource /locationsmap/0009_request.json not found 	1619890401352
REQUEST		request_6	1619890401353	1619890401406	OK	 
REQUEST		request_3	1619890401279	1619890401468	OK	 
REQUEST		request_7	1619890401354	1619890401554	OK	 
USER	LocationsMap	END	1619890401556
USER	LocationsMap	START	1619890401568
REQUEST		request_0	1619890401569	1619890401774	OK	 
REQUEST		request_3	1619890401557	1619890401780	OK	 
REQUEST		request_4	1619890401589	1619890401813	OK	 
ERROR	request_5: Failed to build request: Resource /locationsmap/0005_request.json not found 	1619890401814
ERROR	request_8: Failed to build request: Resource /locationsmap/0008_request.json not found 	1619890401814
ERROR	request_9: Failed to build request: Resource /locationsmap/0009_request.json not found 	1619890401814
REQUEST		request_4	1619890401663	1619890401861	OK	 
ERROR	request_5: Failed to build request: Resource /locationsmap/0005_request.json not found 	1619890401861
ERROR	request_8: Failed to build request: Resource /locationsmap/0008_request.json not found 	1619890401862
ERROR	request_9: Failed to build request: Resource /locationsmap/0009_request.json not found 	1619890401862
REQUEST		request_6	1619890401815	1619890401870	OK	 
REQUEST		request_6	1619890401864	1619890401917	OK	 
REQUEST		request_4	1619890401709	1619890401930	OK	 
ERROR	request_5: Failed to build request: Resource /locationsmap/0005_request.json not found 	1619890401931
ERROR	request_8: Failed to build request: Resource /locationsmap/0008_request.json not found 	1619890401931
ERROR	request_9: Failed to build request: Resource /locationsmap/0009_request.json not found 	1619890401932
REQUEST		request_6	1619890401933	1619890401984	OK	 
REQUEST		request_7	1619890401816	1619890402013	OK	 
REQUEST		request_4	1619890401823	1619890402018	OK	 
ERROR	request_5: Failed to build request: Resource /locationsmap/0005_request.json not found 	1619890402018
ERROR	request_8: Failed to build request: Resource /locationsmap/0008_request.json not found 	1619890402020
ERROR	request_9: Failed to build request: Resource /locationsmap/0009_request.json not found 	1619890402020
USER	LocationsMap	END	1619890402021
REQUEST		request_7	1619890401865	1619890402055	OK	 
USER	LocationsMap	END	1619890402062
REQUEST		request_6	1619890402021	1619890402091	OK	 
REQUEST		request_2	1619890402042	1619890402106	OK	 
REQUEST		request_7	1619890401935	1619890402129	OK	 
USER	LocationsMap	END	1619890402131
REQUEST		request_7	1619890402023	1619890402249	OK	 
REQUEST		request_2	1619890402155	1619890402248	OK	 
USER	LocationsMap	END	1619890402255
REQUEST		request_3	1619890402115	1619890402354	OK	 
REQUEST		request_4	1619890402188	1619890402403	OK	 
ERROR	request_5: Failed to build request: Resource /locationsmap/0005_request.json not found 	1619890402404
ERROR	request_8: Failed to build request: Resource /locationsmap/0008_request.json not found 	1619890402404
ERROR	request_9: Failed to build request: Resource /locationsmap/0009_request.json not found 	1619890402404
REQUEST		request_6	1619890402406	1619890402455	OK	 
REQUEST		request_7	1619890402407	1619890402614	OK	 
USER	LocationsMap	END	1619890402620
REQUEST		request_3	1619890402467	1619890402682	OK	 
REQUEST		request_4	1619890402479	1619890402696	OK	 
ERROR	request_5: Failed to build request: Resource /locationsmap/0005_request.json not found 	1619890402697
ERROR	request_8: Failed to build request: Resource /locationsmap/0008_request.json not found 	1619890402698
ERROR	request_9: Failed to build request: Resource /locationsmap/0009_request.json not found 	1619890402698
REQUEST		request_2	1619890402650	1619890402702	OK	 
REQUEST		request_6	1619890402699	1619890402753	OK	 
USER	LocationsMap	START	1619890402820
REQUEST		request_7	1619890402701	1619890402905	OK	 
USER	LocationsMap	END	1619890402911
ERROR	request_1: Failed to build request: Resource /locationsmap/0001_request.json not found 	1619890402936
REQUEST		request_3	1619890402759	1619890402972	OK	 
REQUEST		request_4	1619890402789	1619890402985	OK	 
ERROR	request_5: Failed to build request: Resource /locationsmap/0005_request.json not found 	1619890402986
ERROR	request_8: Failed to build request: Resource /locationsmap/0008_request.json not found 	1619890402987
ERROR	request_9: Failed to build request: Resource /locationsmap/0009_request.json not found 	1619890402987
REQUEST		request_3	1619890402823	1619890403028	OK	 
REQUEST		request_0	1619890402821	1619890403034	OK	 
REQUEST		request_6	1619890402988	1619890403041	OK	 
REQUEST		request_7	1619890402990	1619890403190	OK	 
USER	LocationsMap	END	1619890403199
ERROR	request_1: Failed to build request: Resource /locationsmap/0001_request.json not found 	1619890403271
REQUEST		request_2	1619890403233	1619890403289	OK	 
REQUEST		request_4	1619890403359	1619890403557	OK	 
ERROR	request_5: Failed to build request: Resource /locationsmap/0005_request.json not found 	1619890403558
ERROR	request_8: Failed to build request: Resource /locationsmap/0008_request.json not found 	1619890403558
ERROR	request_9: Failed to build request: Resource /locationsmap/0009_request.json not found 	1619890403558
REQUEST		request_6	1619890403559	1619890403610	OK	 
REQUEST		request_7	1619890403560	1619890403751	OK	 
USER	LocationsMap	END	1619890403753
ERROR	request_1: Failed to build request: Resource /locationsmap/0001_request.json not found 	1619890403778
REQUEST		request_4	1619890403688	1619890403885	OK	 
ERROR	request_5: Failed to build request: Resource /locationsmap/0005_request.json not found 	1619890403885
ERROR	request_8: Failed to build request: Resource /locationsmap/0008_request.json not found 	1619890403885
ERROR	request_9: Failed to build request: Resource /locationsmap/0009_request.json not found 	1619890403885
REQUEST		request_6	1619890403886	1619890403936	OK	 
USER	LocationsMap	START	1619890404000
REQUEST		request_7	1619890403886	1619890404078	OK	 
USER	LocationsMap	END	1619890404083
USER	LocationsMap	START	1619890404118
REQUEST		request_4	1619890403976	1619890404179	OK	 
ERROR	request_5: Failed to build request: Resource /locationsmap/0005_request.json not found 	1619890404181
ERROR	request_8: Failed to build request: Resource /locationsmap/0008_request.json not found 	1619890404181
ERROR	request_9: Failed to build request: Resource /locationsmap/0009_request.json not found 	1619890404182
REQUEST		request_0	1619890404000	1619890404215	OK	 
REQUEST		request_6	1619890404183	1619890404244	OK	 
REQUEST		request_4	1619890404039	1619890404244	OK	 
ERROR	request_5: Failed to build request: Resource /locationsmap/0005_request.json not found 	1619890404245
ERROR	request_8: Failed to build request: Resource /locationsmap/0008_request.json not found 	1619890404245
ERROR	request_9: Failed to build request: Resource /locationsmap/0009_request.json not found 	1619890404245
REQUEST		request_6	1619890404246	1619890404297	OK	 
REQUEST		request_0	1619890404118	1619890404315	OK	 
REQUEST		request_3	1619890404117	1619890404367	OK	 
REQUEST		request_7	1619890404185	1619890404392	OK	 
USER	LocationsMap	END	1619890404394
REQUEST		request_7	1619890404246	1619890404449	OK	 
USER	LocationsMap	END	1619890404452
REQUEST		request_3	1619890404251	1619890404455	OK	 
USER	LocationsMap	START	1619890404825
USER	LocationsMap	START	1619890404880
REQUEST		request_3	1619890404707	1619890404938	OK	 
REQUEST		request_2	1619890404945	1619890405012	OK	 
ERROR	request_1: Failed to build request: Resource /locationsmap/0001_request.json not found 	1619890405044
USER	LocationsMap	START	1619890405045
REQUEST		request_0	1619890404825	1619890405046	OK	 
REQUEST		request_0	1619890404880	1619890405094	OK	 
USER	LocationsMap	START	1619890405215
REQUEST		request_0	1619890405045	1619890405239	OK	 
USER	LocationsMap	START	1619890405250
REQUEST		request_2	1619890405288	1619890405344	OK	 
REQUEST		request_0	1619890405215	1619890405425	OK	 
REQUEST		request_0	1619890405250	1619890405448	OK	 
REQUEST		request_3	1619890405296	1619890405539	OK	 
REQUEST		request_4	1619890405377	1619890405621	OK	 
ERROR	request_5: Failed to build request: Resource /locationsmap/0005_request.json not found 	1619890405621
ERROR	request_8: Failed to build request: Resource /locationsmap/0008_request.json not found 	1619890405621
ERROR	request_9: Failed to build request: Resource /locationsmap/0009_request.json not found 	1619890405621
REQUEST		request_4	1619890405459	1619890405654	OK	 
ERROR	request_5: Failed to build request: Resource /locationsmap/0005_request.json not found 	1619890405654
ERROR	request_8: Failed to build request: Resource /locationsmap/0008_request.json not found 	1619890405655
ERROR	request_9: Failed to build request: Resource /locationsmap/0009_request.json not found 	1619890405655
REQUEST		request_6	1619890405622	1619890405675	OK	 
REQUEST		request_6	1619890405655	1619890405706	OK	 
REQUEST		request_7	1619890405622	1619890405809	OK	 
USER	LocationsMap	END	1619890405812
REQUEST		request_2	1619890405785	1619890405837	OK	 
REQUEST		request_7	1619890405656	1619890405850	OK	 
USER	LocationsMap	START	1619890405849
USER	LocationsMap	END	1619890405858
REQUEST		request_0	1619890405849	1619890406060	OK	 
REQUEST		request_4	1619890405951	1619890406159	OK	 
ERROR	request_5: Failed to build request: Resource /locationsmap/0005_request.json not found 	1619890406159
ERROR	request_8: Failed to build request: Resource /locationsmap/0008_request.json not found 	1619890406160
ERROR	request_9: Failed to build request: Resource /locationsmap/0009_request.json not found 	1619890406160
REQUEST		request_6	1619890406160	1619890406212	OK	 
ERROR	request_1: Failed to build request: Resource /locationsmap/0001_request.json not found 	1619890406233
ERROR	request_1: Failed to build request: Resource /locationsmap/0001_request.json not found 	1619890406328
REQUEST		request_7	1619890406161	1619890406368	OK	 
USER	LocationsMap	END	1619890406372
REQUEST		request_4	1619890406544	1619890406733	OK	 
ERROR	request_5: Failed to build request: Resource /locationsmap/0005_request.json not found 	1619890406734
ERROR	request_8: Failed to build request: Resource /locationsmap/0008_request.json not found 	1619890406734
ERROR	request_9: Failed to build request: Resource /locationsmap/0009_request.json not found 	1619890406734
REQUEST		request_6	1619890406735	1619890406786	OK	 
REQUEST		request_7	1619890406736	1619890406929	OK	 
USER	LocationsMap	END	1619890406936
ERROR	request_1: Failed to build request: Resource /locationsmap/0001_request.json not found 	1619890407049
ERROR	request_1: Failed to build request: Resource /locationsmap/0001_request.json not found 	1619890407100
REQUEST		request_2	1619890407049	1619890407103	OK	 
REQUEST		request_3	1619890407014	1619890407221	OK	 
ERROR	request_1: Failed to build request: Resource /locationsmap/0001_request.json not found 	1619890407249
USER	LocationsMap	START	1619890407344
ERROR	request_1: Failed to build request: Resource /locationsmap/0001_request.json not found 	1619890407429
ERROR	request_1: Failed to build request: Resource /locationsmap/0001_request.json not found 	1619890407455
REQUEST		request_0	1619890407345	1619890407529	OK	 
REQUEST		request_3	1619890407359	1619890407551	OK	 
REQUEST		request_3	1619890407838	1619890408042	OK	 
ERROR	request_1: Failed to build request: Resource /locationsmap/0001_request.json not found 	1619890408067
REQUEST		request_2	1619890408239	1619890408290	OK	 
REQUEST		request_2	1619890408344	1619890408397	OK	 
REQUEST		request_4	1619890408229	1619890408427	OK	 
ERROR	request_5: Failed to build request: Resource /locationsmap/0005_request.json not found 	1619890408428
ERROR	request_8: Failed to build request: Resource /locationsmap/0008_request.json not found 	1619890408429
ERROR	request_9: Failed to build request: Resource /locationsmap/0009_request.json not found 	1619890408429
REQUEST		request_6	1619890408430	1619890408479	OK	 
REQUEST		request_7	1619890408432	1619890408624	OK	 
USER	LocationsMap	END	1619890408628
USER	LocationsMap	START	1619890408719
REQUEST		request_4	1619890408564	1619890408774	OK	 
ERROR	request_5: Failed to build request: Resource /locationsmap/0005_request.json not found 	1619890408774
ERROR	request_8: Failed to build request: Resource /locationsmap/0008_request.json not found 	1619890408775
ERROR	request_9: Failed to build request: Resource /locationsmap/0009_request.json not found 	1619890408775
USER	LocationsMap	START	1619890408829
REQUEST		request_6	1619890408776	1619890408836	OK	 
REQUEST		request_0	1619890408720	1619890408925	OK	 
REQUEST		request_7	1619890408778	1619890408979	OK	 
USER	LocationsMap	END	1619890408980
REQUEST		request_0	1619890408829	1619890409038	OK	 
REQUEST		request_2	1619890409053	1619890409110	OK	 
REQUEST		request_2	1619890409110	1619890409168	OK	 
REQUEST		request_4	1619890409046	1619890409232	OK	 
ERROR	request_5: Failed to build request: Resource /locationsmap/0005_request.json not found 	1619890409233
ERROR	request_8: Failed to build request: Resource /locationsmap/0008_request.json not found 	1619890409233
ERROR	request_9: Failed to build request: Resource /locationsmap/0009_request.json not found 	1619890409233
REQUEST		request_6	1619890409236	1619890409292	OK	 
REQUEST		request_3	1619890409110	1619890409309	OK	 
REQUEST		request_2	1619890409260	1619890409313	OK	 
USER	LocationsMap	START	1619890409425
REQUEST		request_7	1619890409238	1619890409442	OK	 
USER	LocationsMap	END	1619890409446
REQUEST		request_2	1619890409439	1619890409490	OK	 
REQUEST		request_2	1619890409464	1619890409519	OK	 
ERROR	request_1: Failed to build request: Resource /locationsmap/0001_request.json not found 	1619890409538
REQUEST		request_0	1619890409426	1619890409642	OK	 
USER	LocationsMap	START	1619890409981
REQUEST		request_2	1619890410074	1619890410129	OK	 
REQUEST		request_0	1619890409982	1619890410177	OK	 
REQUEST		request_4	1619890410313	1619890410508	OK	 
ERROR	request_5: Failed to build request: Resource /locationsmap/0005_request.json not found 	1619890410508
ERROR	request_8: Failed to build request: Resource /locationsmap/0008_request.json not found 	1619890410509
ERROR	request_9: Failed to build request: Resource /locationsmap/0009_request.json not found 	1619890410509
REQUEST		request_3	1619890410299	1619890410514	OK	 
REQUEST		request_6	1619890410511	1619890410564	OK	 
REQUEST		request_3	1619890410406	1619890410626	OK	 
USER	LocationsMap	START	1619890410708
REQUEST		request_7	1619890410512	1619890410712	OK	 
USER	LocationsMap	END	1619890410717
ERROR	request_1: Failed to build request: Resource /locationsmap/0001_request.json not found 	1619890410930
REQUEST		request_0	1619890410709	1619890410933	OK	 
ERROR	request_1: Failed to build request: Resource /locationsmap/0001_request.json not found 	1619890411038
REQUEST		request_3	1619890411129	1619890411339	OK	 
REQUEST		request_3	1619890411178	1619890411413	OK	 
USER	LocationsMap	START	1619890411510
REQUEST		request_3	1619890411317	1619890411535	OK	 
REQUEST		request_2	1619890411549	1619890411606	OK	 
ERROR	request_1: Failed to build request: Resource /locationsmap/0001_request.json not found 	1619890411652
REQUEST		request_3	1619890411499	1619890411704	OK	 
REQUEST		request_4	1619890411519	1619890411720	OK	 
REQUEST		request_0	1619890411510	1619890411720	OK	 
ERROR	request_5: Failed to build request: Resource /locationsmap/0005_request.json not found 	1619890411720
ERROR	request_8: Failed to build request: Resource /locationsmap/0008_request.json not found 	1619890411721
ERROR	request_9: Failed to build request: Resource /locationsmap/0009_request.json not found 	1619890411721
REQUEST		request_3	1619890411529	1619890411750	OK	 
REQUEST		request_6	1619890411721	1619890411773	OK	 
REQUEST		request_4	1619890411634	1619890411841	OK	 
ERROR	request_5: Failed to build request: Resource /locationsmap/0005_request.json not found 	1619890411842
ERROR	request_8: Failed to build request: Resource /locationsmap/0008_request.json not found 	1619890411842
ERROR	request_9: Failed to build request: Resource /locationsmap/0009_request.json not found 	1619890411843
REQUEST		request_6	1619890411843	1619890411903	OK	 
REQUEST		request_7	1619890411722	1619890411918	OK	 
USER	LocationsMap	END	1619890411923
USER	LocationsMap	START	1619890411949
REQUEST		request_7	1619890411845	1619890412048	OK	 
USER	LocationsMap	END	1619890412052
REQUEST		request_0	1619890411949	1619890412177	OK	 
ERROR	request_1: Failed to build request: Resource /locationsmap/0001_request.json not found 	1619890412189
REQUEST		request_3	1619890412139	1619890412361	OK	 
USER	LocationsMap	START	1619890412380
REQUEST		request_4	1619890412349	1619890412564	OK	 
ERROR	request_5: Failed to build request: Resource /locationsmap/0005_request.json not found 	1619890412565
ERROR	request_8: Failed to build request: Resource /locationsmap/0008_request.json not found 	1619890412566
ERROR	request_9: Failed to build request: Resource /locationsmap/0009_request.json not found 	1619890412566
REQUEST		request_0	1619890412380	1619890412581	OK	 
REQUEST		request_4	1619890412424	1619890412612	OK	 
ERROR	request_5: Failed to build request: Resource /locationsmap/0005_request.json not found 	1619890412613
ERROR	request_8: Failed to build request: Resource /locationsmap/0008_request.json not found 	1619890412613
ERROR	request_9: Failed to build request: Resource /locationsmap/0009_request.json not found 	1619890412613
REQUEST		request_6	1619890412567	1619890412615	OK	 
REQUEST		request_6	1619890412614	1619890412669	OK	 
REQUEST		request_4	1619890412539	1619890412741	OK	 
ERROR	request_5: Failed to build request: Resource /locationsmap/0005_request.json not found 	1619890412741
ERROR	request_8: Failed to build request: Resource /locationsmap/0008_request.json not found 	1619890412741
ERROR	request_9: Failed to build request: Resource /locationsmap/0009_request.json not found 	1619890412742
REQUEST		request_7	1619890412568	1619890412764	OK	 
USER	LocationsMap	END	1619890412767
REQUEST		request_6	1619890412742	1619890412792	OK	 
REQUEST		request_7	1619890412616	1619890412815	OK	 
USER	LocationsMap	END	1619890412819
REQUEST		request_4	1619890412711	1619890412909	OK	 
ERROR	request_5: Failed to build request: Resource /locationsmap/0005_request.json not found 	1619890412910
ERROR	request_8: Failed to build request: Resource /locationsmap/0008_request.json not found 	1619890412910
ERROR	request_9: Failed to build request: Resource /locationsmap/0009_request.json not found 	1619890412910
REQUEST		request_7	1619890412743	1619890412931	OK	 
USER	LocationsMap	END	1619890412935
ERROR	request_1: Failed to build request: Resource /locationsmap/0001_request.json not found 	1619890412936
REQUEST		request_6	1619890412911	1619890412967	OK	 
REQUEST		request_4	1619890412757	1619890412967	OK	 
ERROR	request_5: Failed to build request: Resource /locationsmap/0005_request.json not found 	1619890412968
ERROR	request_8: Failed to build request: Resource /locationsmap/0008_request.json not found 	1619890412968
ERROR	request_9: Failed to build request: Resource /locationsmap/0009_request.json not found 	1619890412968
REQUEST		request_2	1619890412937	1619890412998	OK	 
REQUEST		request_6	1619890412969	1619890413023	OK	 
REQUEST		request_2	1619890413049	1619890413100	OK	 
REQUEST		request_7	1619890412912	1619890413112	OK	 
USER	LocationsMap	END	1619890413119
REQUEST		request_7	1619890412971	1619890413178	OK	 
USER	LocationsMap	END	1619890413186
USER	LocationsMap	START	1619890413259
REQUEST		request_0	1619890413260	1619890413461	OK	 
REQUEST		request_4	1619890413365	1619890413578	OK	 
ERROR	request_5: Failed to build request: Resource /locationsmap/0005_request.json not found 	1619890413579
ERROR	request_8: Failed to build request: Resource /locationsmap/0008_request.json not found 	1619890413580
ERROR	request_9: Failed to build request: Resource /locationsmap/0009_request.json not found 	1619890413580
REQUEST		request_6	1619890413582	1619890413634	OK	 
REQUEST		request_2	1619890413659	1619890413710	OK	 
ERROR	request_1: Failed to build request: Resource /locationsmap/0001_request.json not found 	1619890413729
REQUEST		request_7	1619890413583	1619890413785	OK	 
USER	LocationsMap	END	1619890413790
REQUEST		request_3	1619890413609	1619890413823	OK	 
ERROR	request_1: Failed to build request: Resource /locationsmap/0001_request.json not found 	1619890414189
REQUEST		request_2	1619890414197	1619890414253	OK	 
USER	LocationsMap	START	1619890414290
REQUEST		request_0	1619890414290	1619890414502	OK	 
ERROR	request_1: Failed to build request: Resource /locationsmap/0001_request.json not found 	1619890414588
REQUEST		request_2	1619890414948	1619890415000	OK	 
REQUEST		request_4	1619890414829	1619890415024	OK	 
ERROR	request_5: Failed to build request: Resource /locationsmap/0005_request.json not found 	1619890415024
ERROR	request_8: Failed to build request: Resource /locationsmap/0008_request.json not found 	1619890415025
ERROR	request_9: Failed to build request: Resource /locationsmap/0009_request.json not found 	1619890415025
REQUEST		request_6	1619890415027	1619890415081	OK	 
REQUEST		request_3	1619890415009	1619890415221	OK	 
REQUEST		request_7	1619890415028	1619890415223	OK	 
USER	LocationsMap	END	1619890415228
REQUEST		request_3	1619890415109	1619890415326	OK	 
ERROR	request_1: Failed to build request: Resource /locationsmap/0001_request.json not found 	1619890415469
REQUEST		request_2	1619890415750	1619890415822	OK	 
USER	LocationsMap	START	1619890415881
REQUEST		request_3	1619890415717	1619890415938	OK	 
USER	LocationsMap	START	1619890416001
USER	LocationsMap	START	1619890416081
REQUEST		request_0	1619890415882	1619890416093	OK	 
REQUEST		request_2	1619890416197	1619890416257	OK	 
USER	LocationsMap	START	1619890416301
REQUEST		request_0	1619890416081	1619890416333	OK	 
USER	LocationsMap	START	1619890416381
REQUEST		request_4	1619890416230	1619890416462	OK	 
ERROR	request_5: Failed to build request: Resource /locationsmap/0005_request.json not found 	1619890416463
ERROR	request_8: Failed to build request: Resource /locationsmap/0008_request.json not found 	1619890416464
ERROR	request_9: Failed to build request: Resource /locationsmap/0009_request.json not found 	1619890416464
REQUEST		request_0	1619890416002	1619890416469	OK	 
REQUEST		request_3	1619890416257	1619890416485	OK	 
REQUEST		request_0	1619890416301	1619890416504	OK	 
ERROR	request_1: Failed to build request: Resource /locationsmap/0001_request.json not found 	1619890416505
REQUEST		request_6	1619890416465	1619890416517	OK	 
REQUEST		request_4	1619890416330	1619890416580	OK	 
ERROR	request_5: Failed to build request: Resource /locationsmap/0005_request.json not found 	1619890416581
ERROR	request_8: Failed to build request: Resource /locationsmap/0008_request.json not found 	1619890416582
ERROR	request_9: Failed to build request: Resource /locationsmap/0009_request.json not found 	1619890416582
REQUEST		request_0	1619890416382	1619890416616	OK	 
REQUEST		request_6	1619890416583	1619890416638	OK	 
REQUEST		request_2	1619890416599	1619890416650	OK	 
REQUEST		request_7	1619890416466	1619890416684	OK	 
USER	LocationsMap	END	1619890416687
REQUEST		request_7	1619890416584	1619890416770	OK	 
USER	LocationsMap	END	1619890416771
USER	LocationsMap	START	1619890416910
REQUEST		request_0	1619890416910	1619890417123	OK	 
REQUEST		request_4	1619890416939	1619890417127	OK	 
ERROR	request_5: Failed to build request: Resource /locationsmap/0005_request.json not found 	1619890417127
ERROR	request_8: Failed to build request: Resource /locationsmap/0008_request.json not found 	1619890417128
ERROR	request_9: Failed to build request: Resource /locationsmap/0009_request.json not found 	1619890417128
REQUEST		request_6	1619890417130	1619890417185	OK	 
REQUEST		request_3	1619890417015	1619890417233	OK	 
REQUEST		request_7	1619890417131	1619890417321	OK	 
USER	LocationsMap	END	1619890417325
USER	LocationsMap	START	1619890417354
REQUEST		request_2	1619890417479	1619890417546	OK	 
REQUEST		request_0	1619890417354	1619890417558	OK	 
REQUEST		request_4	1619890417489	1619890417690	OK	 
ERROR	request_5: Failed to build request: Resource /locationsmap/0005_request.json not found 	1619890417691
ERROR	request_8: Failed to build request: Resource /locationsmap/0008_request.json not found 	1619890417691
ERROR	request_9: Failed to build request: Resource /locationsmap/0009_request.json not found 	1619890417691
REQUEST		request_6	1619890417692	1619890417744	OK	 
REQUEST		request_7	1619890417693	1619890417889	OK	 
USER	LocationsMap	END	1619890417890
REQUEST		request_3	1619890417824	1619890418043	OK	 
ERROR	request_1: Failed to build request: Resource /locationsmap/0001_request.json not found 	1619890418099
USER	LocationsMap	START	1619890418120
REQUEST		request_0	1619890418120	1619890418314	OK	 
ERROR	request_1: Failed to build request: Resource /locationsmap/0001_request.json not found 	1619890418338
REQUEST		request_4	1619890418239	1619890418453	OK	 
ERROR	request_5: Failed to build request: Resource /locationsmap/0005_request.json not found 	1619890418453
ERROR	request_8: Failed to build request: Resource /locationsmap/0008_request.json not found 	1619890418454
ERROR	request_9: Failed to build request: Resource /locationsmap/0009_request.json not found 	1619890418454
USER	LocationsMap	START	1619890418458
REQUEST		request_3	1619890418259	1619890418464	OK	 
ERROR	request_1: Failed to build request: Resource /locationsmap/0001_request.json not found 	1619890418479
ERROR	request_1: Failed to build request: Resource /locationsmap/0001_request.json not found 	1619890418509
REQUEST		request_6	1619890418455	1619890418511	OK	 
USER	LocationsMap	START	1619890418531
REQUEST		request_2	1619890418509	1619890418572	OK	 
ERROR	request_1: Failed to build request: Resource /locationsmap/0001_request.json not found 	1619890418628
REQUEST		request_7	1619890418456	1619890418666	OK	 
REQUEST		request_0	1619890418459	1619890418666	OK	 
USER	LocationsMap	END	1619890418670
REQUEST		request_0	1619890418531	1619890418737	OK	 
REQUEST		request_3	1619890418659	1619890418862	OK	 
ERROR	request_1: Failed to build request: Resource /locationsmap/0001_request.json not found 	1619890419129
USER	LocationsMap	START	1619890419131
REQUEST		request_4	1619890419047	1619890419252	OK	 
ERROR	request_5: Failed to build request: Resource /locationsmap/0005_request.json not found 	1619890419253
ERROR	request_8: Failed to build request: Resource /locationsmap/0008_request.json not found 	1619890419253
ERROR	request_9: Failed to build request: Resource /locationsmap/0009_request.json not found 	1619890419254
REQUEST		request_6	1619890419254	1619890419313	OK	 
REQUEST		request_0	1619890419131	1619890419339	OK	 
USER	LocationsMap	START	1619890419414
REQUEST		request_7	1619890419255	1619890419446	OK	 
USER	LocationsMap	END	1619890419451
ERROR	request_1: Failed to build request: Resource /locationsmap/0001_request.json not found 	1619890419565
REQUEST		request_0	1619890419414	1619890419631	OK	 
REQUEST		request_4	1619890419467	1619890419753	OK	 
ERROR	request_5: Failed to build request: Resource /locationsmap/0005_request.json not found 	1619890419754
ERROR	request_8: Failed to build request: Resource /locationsmap/0008_request.json not found 	1619890419754
ERROR	request_9: Failed to build request: Resource /locationsmap/0009_request.json not found 	1619890419754
REQUEST		request_3	1619890419549	1619890419770	OK	 
REQUEST		request_6	1619890419755	1619890419814	OK	 
REQUEST		request_7	1619890419756	1619890419961	OK	 
USER	LocationsMap	END	1619890419965
REQUEST		request_4	1619890419869	1619890420062	OK	 
ERROR	request_5: Failed to build request: Resource /locationsmap/0005_request.json not found 	1619890420063
ERROR	request_8: Failed to build request: Resource /locationsmap/0008_request.json not found 	1619890420063
ERROR	request_9: Failed to build request: Resource /locationsmap/0009_request.json not found 	1619890420064
REQUEST		request_6	1619890420064	1619890420120	OK	 
REQUEST		request_2	1619890420109	1619890420162	OK	 
REQUEST		request_7	1619890420065	1619890420292	OK	 
USER	LocationsMap	END	1619890420296
ERROR	request_1: Failed to build request: Resource /locationsmap/0001_request.json not found 	1619890420319
REQUEST		request_2	1619890420359	1619890420414	OK	 
REQUEST		request_2	1619890420489	1619890420544	OK	 
REQUEST		request_2	1619890420519	1619890420574	OK	 
ERROR	request_1: Failed to build request: Resource /locationsmap/0001_request.json not found 	1619890420669
USER	LocationsMap	START	1619890420725
REQUEST		request_2	1619890420649	1619890420729	OK	 
ERROR	request_1: Failed to build request: Resource /locationsmap/0001_request.json not found 	1619890420760
REQUEST		request_3	1619890420577	1619890420872	OK	 
REQUEST		request_0	1619890420725	1619890420935	OK	 
REQUEST		request_4	1619890420783	1619890420989	OK	 
ERROR	request_5: Failed to build request: Resource /locationsmap/0005_request.json not found 	1619890420990
ERROR	request_8: Failed to build request: Resource /locationsmap/0008_request.json not found 	1619890420990
ERROR	request_9: Failed to build request: Resource /locationsmap/0009_request.json not found 	1619890420990
REQUEST		request_6	1619890420991	1619890421043	OK	 
REQUEST		request_7	1619890420992	1619890421200	OK	 
REQUEST		request_2	1619890421139	1619890421201	OK	 
USER	LocationsMap	END	1619890421205
ERROR	request_1: Failed to build request: Resource /locationsmap/0001_request.json not found 	1619890421349
REQUEST		request_2	1619890421569	1619890421623	OK	 
ERROR	request_1: Failed to build request: Resource /locationsmap/0001_request.json not found 	1619890421639
REQUEST		request_4	1619890421876	1619890422077	OK	 
ERROR	request_5: Failed to build request: Resource /locationsmap/0005_request.json not found 	1619890422078
ERROR	request_8: Failed to build request: Resource /locationsmap/0008_request.json not found 	1619890422079
ERROR	request_9: Failed to build request: Resource /locationsmap/0009_request.json not found 	1619890422079
REQUEST		request_6	1619890422080	1619890422131	OK	 
REQUEST		request_7	1619890422081	1619890422289	OK	 
USER	LocationsMap	END	1619890422293
REQUEST		request_3	1619890422169	1619890422383	OK	 
REQUEST		request_2	1619890422338	1619890422402	OK	 
USER	LocationsMap	START	1619890422460
USER	LocationsMap	START	1619890422558
REQUEST		request_3	1619890422418	1619890422612	OK	 
REQUEST		request_0	1619890422460	1619890422651	OK	 
REQUEST		request_2	1619890422678	1619890422749	OK	 
REQUEST		request_0	1619890422558	1619890422761	OK	 
REQUEST		request_3	1619890422557	1619890422762	OK	 
REQUEST		request_3	1619890422583	1619890422800	OK	 
REQUEST		request_2	1619890422763	1619890422813	OK	 
ERROR	request_1: Failed to build request: Resource /locationsmap/0001_request.json not found 	1619890422939
REQUEST		request_3	1619890422739	1619890422955	OK	 
REQUEST		request_3	1619890423203	1619890423415	OK	 
REQUEST		request_2	1619890423359	1619890423419	OK	 
REQUEST		request_4	1619890423398	1619890423591	OK	 
ERROR	request_5: Failed to build request: Resource /locationsmap/0005_request.json not found 	1619890423591
ERROR	request_8: Failed to build request: Resource /locationsmap/0008_request.json not found 	1619890423591
ERROR	request_9: Failed to build request: Resource /locationsmap/0009_request.json not found 	1619890423591
REQUEST		request_6	1619890423592	1619890423641	OK	 
REQUEST		request_2	1619890423658	1619890423709	OK	 
REQUEST		request_7	1619890423592	1619890423780	OK	 
USER	LocationsMap	END	1619890423785
REQUEST		request_4	1619890423613	1619890423813	OK	 
ERROR	request_5: Failed to build request: Resource /locationsmap/0005_request.json not found 	1619890423813
ERROR	request_8: Failed to build request: Resource /locationsmap/0008_request.json not found 	1619890423813
ERROR	request_9: Failed to build request: Resource /locationsmap/0009_request.json not found 	1619890423814
REQUEST		request_3	1619890423637	1619890423858	OK	 
REQUEST		request_6	1619890423814	1619890423878	OK	 
REQUEST		request_4	1619890423769	1619890423989	OK	 
ERROR	request_5: Failed to build request: Resource /locationsmap/0005_request.json not found 	1619890423989
ERROR	request_8: Failed to build request: Resource /locationsmap/0008_request.json not found 	1619890423989
ERROR	request_9: Failed to build request: Resource /locationsmap/0009_request.json not found 	1619890423989
REQUEST		request_7	1619890423815	1619890424025	OK	 
USER	LocationsMap	END	1619890424030
REQUEST		request_4	1619890423809	1619890424036	OK	 
ERROR	request_5: Failed to build request: Resource /locationsmap/0005_request.json not found 	1619890424037
ERROR	request_8: Failed to build request: Resource /locationsmap/0008_request.json not found 	1619890424037
ERROR	request_9: Failed to build request: Resource /locationsmap/0009_request.json not found 	1619890424037
REQUEST		request_6	1619890423989	1619890424044	OK	 
REQUEST		request_6	1619890424038	1619890424102	OK	 
REQUEST		request_4	1619890423962	1619890424159	OK	 
ERROR	request_5: Failed to build request: Resource /locationsmap/0005_request.json not found 	1619890424160
ERROR	request_8: Failed to build request: Resource /locationsmap/0008_request.json not found 	1619890424161
ERROR	request_9: Failed to build request: Resource /locationsmap/0009_request.json not found 	1619890424161
REQUEST		request_7	1619890423990	1619890424191	OK	 
USER	LocationsMap	END	1619890424196
REQUEST		request_6	1619890424162	1619890424215	OK	 
REQUEST		request_7	1619890424039	1619890424239	OK	 
USER	LocationsMap	END	1619890424247
REQUEST		request_7	1619890424163	1619890424361	OK	 
USER	LocationsMap	END	1619890424366
REQUEST		request_4	1619890424417	1619890424624	OK	 
ERROR	request_5: Failed to build request: Resource /locationsmap/0005_request.json not found 	1619890424625
ERROR	request_8: Failed to build request: Resource /locationsmap/0008_request.json not found 	1619890424625
ERROR	request_9: Failed to build request: Resource /locationsmap/0009_request.json not found 	1619890424625
REQUEST		request_3	1619890424417	1619890424641	OK	 
ERROR	request_1: Failed to build request: Resource /locationsmap/0001_request.json not found 	1619890424659
REQUEST		request_6	1619890424626	1619890424679	OK	 
ERROR	request_1: Failed to build request: Resource /locationsmap/0001_request.json not found 	1619890424768
REQUEST		request_7	1619890424627	1619890424831	OK	 
USER	LocationsMap	END	1619890424835
REQUEST		request_3	1619890424752	1619890424951	OK	 
REQUEST		request_2	1619890424959	1619890425013	OK	 
REQUEST		request_3	1619890424819	1619890425037	OK	 
REQUEST		request_4	1619890424873	1619890425081	OK	 
ERROR	request_5: Failed to build request: Resource /locationsmap/0005_request.json not found 	1619890425081
ERROR	request_8: Failed to build request: Resource /locationsmap/0008_request.json not found 	1619890425081
ERROR	request_9: Failed to build request: Resource /locationsmap/0009_request.json not found 	1619890425082
REQUEST		request_6	1619890425082	1619890425140	OK	 
REQUEST		request_7	1619890425083	1619890425276	OK	 
USER	LocationsMap	END	1619890425281
REQUEST		request_3	1619890425429	1619890425632	OK	 
REQUEST		request_4	1619890425648	1619890425849	OK	 
ERROR	request_5: Failed to build request: Resource /locationsmap/0005_request.json not found 	1619890425849
ERROR	request_8: Failed to build request: Resource /locationsmap/0008_request.json not found 	1619890425850
ERROR	request_9: Failed to build request: Resource /locationsmap/0009_request.json not found 	1619890425850
REQUEST		request_6	1619890425850	1619890425922	OK	 
REQUEST		request_3	1619890425719	1619890425929	OK	 
REQUEST		request_7	1619890425851	1619890426041	OK	 
USER	LocationsMap	END	1619890426046
REQUEST		request_4	1619890425959	1619890426161	OK	 
ERROR	request_5: Failed to build request: Resource /locationsmap/0005_request.json not found 	1619890426161
ERROR	request_8: Failed to build request: Resource /locationsmap/0008_request.json not found 	1619890426161
ERROR	request_9: Failed to build request: Resource /locationsmap/0009_request.json not found 	1619890426162
REQUEST		request_6	1619890426162	1619890426214	OK	 
REQUEST		request_4	1619890426039	1619890426229	OK	 
ERROR	request_5: Failed to build request: Resource /locationsmap/0005_request.json not found 	1619890426230
ERROR	request_8: Failed to build request: Resource /locationsmap/0008_request.json not found 	1619890426230
ERROR	request_9: Failed to build request: Resource /locationsmap/0009_request.json not found 	1619890426230
REQUEST		request_6	1619890426231	1619890426281	OK	 
REQUEST		request_7	1619890426163	1619890426361	OK	 
USER	LocationsMap	END	1619890426363
REQUEST		request_7	1619890426232	1619890426432	OK	 
USER	LocationsMap	END	1619890426436
REQUEST		request_2	1619890426669	1619890426718	OK	 
REQUEST		request_2	1619890426779	1619890426832	OK	 
REQUEST		request_4	1619890426639	1619890426848	OK	 
ERROR	request_5: Failed to build request: Resource /locationsmap/0005_request.json not found 	1619890426849
ERROR	request_8: Failed to build request: Resource /locationsmap/0008_request.json not found 	1619890426849
ERROR	request_9: Failed to build request: Resource /locationsmap/0009_request.json not found 	1619890426849
REQUEST		request_6	1619890426850	1619890426900	OK	 
REQUEST		request_7	1619890426851	1619890427049	OK	 
USER	LocationsMap	END	1619890427052
REQUEST		request_4	1619890426939	1619890427127	OK	 
ERROR	request_5: Failed to build request: Resource /locationsmap/0005_request.json not found 	1619890427127
ERROR	request_8: Failed to build request: Resource /locationsmap/0008_request.json not found 	1619890427127
ERROR	request_9: Failed to build request: Resource /locationsmap/0009_request.json not found 	1619890427127
REQUEST		request_6	1619890427128	1619890427182	OK	 
REQUEST		request_3	1619890427018	1619890427232	OK	 
REQUEST		request_7	1619890427128	1619890427331	OK	 
USER	LocationsMap	END	1619890427334
REQUEST		request_4	1619890428241	1619890428436	OK	 
ERROR	request_5: Failed to build request: Resource /locationsmap/0005_request.json not found 	1619890428436
ERROR	request_8: Failed to build request: Resource /locationsmap/0008_request.json not found 	1619890428437
ERROR	request_9: Failed to build request: Resource /locationsmap/0009_request.json not found 	1619890428437
REQUEST		request_6	1619890428437	1619890428498	OK	 
REQUEST		request_7	1619890428438	1619890428635	OK	 
USER	LocationsMap	END	1619890428640
REQUEST		request_3	1619890428729	1619890428936	OK	 
REQUEST		request_3	1619890428844	1619890429060	OK	 
REQUEST		request_4	1619890429939	1619890430128	OK	 
ERROR	request_5: Failed to build request: Resource /locationsmap/0005_request.json not found 	1619890430129
ERROR	request_8: Failed to build request: Resource /locationsmap/0008_request.json not found 	1619890430129
ERROR	request_9: Failed to build request: Resource /locationsmap/0009_request.json not found 	1619890430129
REQUEST		request_6	1619890430130	1619890430181	OK	 
REQUEST		request_4	1619890430069	1619890430279	OK	 
ERROR	request_5: Failed to build request: Resource /locationsmap/0005_request.json not found 	1619890430279
ERROR	request_8: Failed to build request: Resource /locationsmap/0008_request.json not found 	1619890430280
ERROR	request_9: Failed to build request: Resource /locationsmap/0009_request.json not found 	1619890430280
REQUEST		request_6	1619890430281	1619890430332	OK	 
REQUEST		request_7	1619890430131	1619890430333	OK	 
USER	LocationsMap	END	1619890430337
REQUEST		request_7	1619890430282	1619890430475	OK	 
USER	LocationsMap	END	1619890430478
