RUN	MyTags	mytags	1619891438238	 	3.5.1
USER	MyTags	START	1619891439734
USER	MyTags	START	1619891439808
USER	MyTags	START	1619891439824
REQUEST		request_0	1619891439809	1619891440015	OK	 
REQUEST		request_0	1619891439771	1619891439999	OK	 
REQUEST		request_0	1619891439824	1619891440030	OK	 
USER	MyTags	START	1619891440199
REQUEST		request_0	1619891440200	1619891440404	OK	 
USER	MyTags	START	1619891440791
REQUEST		request_0	1619891440792	1619891440997	OK	 
USER	MyTags	START	1619891441945
REQUEST		request_0	1619891441946	1619891442162	OK	 
USER	MyTags	START	1619891442517
REQUEST		request_0	1619891442518	1619891442719	OK	 
USER	MyTags	START	1619891442843
USER	MyTags	START	1619891443044
REQUEST		request_0	1619891442844	1619891443047	OK	 
USER	MyTags	START	1619891443231
REQUEST		request_0	1619891443045	1619891443262	OK	 
REQUEST		request_0	1619891443232	1619891443477	OK	 
ERROR	request_1: Failed to build request: Resource /mytags/0001_request.json not found 	1619891444128
ERROR	request_1: Failed to build request: Resource /mytags/0001_request.json not found 	1619891444128
ERROR	request_1: Failed to build request: Resource /mytags/0001_request.json not found 	1619891444128
ERROR	request_1: Failed to build request: Resource /mytags/0001_request.json not found 	1619891444415
USER	MyTags	START	1619891444416
REQUEST		request_0	1619891444416	1619891444626	OK	 
USER	MyTags	START	1619891444987
ERROR	request_1: Failed to build request: Resource /mytags/0001_request.json not found 	1619891445003
USER	MyTags	START	1619891445095
REQUEST		request_0	1619891444988	1619891445188	OK	 
REQUEST		request_0	1619891445095	1619891445289	OK	 
USER	MyTags	START	1619891446123
ERROR	request_1: Failed to build request: Resource /mytags/0001_request.json not found 	1619891446167
REQUEST		request_2	1619891446153	1619891446205	OK	 
REQUEST		request_2	1619891446153	1619891446207	OK	 
REQUEST		request_2	1619891446153	1619891446208	OK	 
USER	MyTags	START	1619891446216
REQUEST		request_0	1619891446123	1619891446308	OK	 
REQUEST		request_0	1619891446217	1619891446419	OK	 
REQUEST		request_2	1619891446447	1619891446504	OK	 
ERROR	request_1: Failed to build request: Resource /mytags/0001_request.json not found 	1619891446724
USER	MyTags	START	1619891446898
ERROR	request_1: Failed to build request: Resource /mytags/0001_request.json not found 	1619891447055
REQUEST		request_2	1619891447007	1619891447063	OK	 
REQUEST		request_0	1619891446898	1619891447104	OK	 
ERROR	request_1: Failed to build request: Resource /mytags/0001_request.json not found 	1619891447272
ERROR	request_1: Failed to build request: Resource /mytags/0001_request.json not found 	1619891447490
USER	MyTags	START	1619891447695
REQUEST		request_0	1619891447696	1619891447882	OK	 
REQUEST		request_2	1619891448175	1619891448235	OK	 
REQUEST		request_3	1619891448222	1619891448450	OK	 
ERROR	request_4: Failed to build request: Resource /mytags/0004_request.json not found 	1619891448452
ERROR	request_7: Failed to build request: Resource /mytags/0007_request.json not found 	1619891448453
ERROR	request_8: Failed to build request: Resource /mytags/0008_request.json not found 	1619891448453
REQUEST		request_3	1619891448222	1619891448466	OK	 
REQUEST		request_3	1619891448223	1619891448467	OK	 
ERROR	request_4: Failed to build request: Resource /mytags/0004_request.json not found 	1619891448467
ERROR	request_4: Failed to build request: Resource /mytags/0004_request.json not found 	1619891448467
ERROR	request_7: Failed to build request: Resource /mytags/0007_request.json not found 	1619891448468
ERROR	request_7: Failed to build request: Resource /mytags/0007_request.json not found 	1619891448468
ERROR	request_8: Failed to build request: Resource /mytags/0008_request.json not found 	1619891448468
ERROR	request_8: Failed to build request: Resource /mytags/0008_request.json not found 	1619891448468
REQUEST		request_5	1619891448475	1619891448524	OK	 
REQUEST		request_5	1619891448474	1619891448524	OK	 
REQUEST		request_5	1619891448476	1619891448524	OK	 
ERROR	request_1: Failed to build request: Resource /mytags/0001_request.json not found 	1619891448637
REQUEST		request_6	1619891448476	1619891448671	OK	 
REQUEST		request_6	1619891448476	1619891448685	OK	 
USER	MyTags	END	1619891448688
USER	MyTags	END	1619891448688
REQUEST		request_6	1619891448477	1619891448693	OK	 
USER	MyTags	END	1619891448696
REQUEST		request_3	1619891448514	1619891448706	OK	 
ERROR	request_4: Failed to build request: Resource /mytags/0004_request.json not found 	1619891448706
ERROR	request_7: Failed to build request: Resource /mytags/0007_request.json not found 	1619891448707
ERROR	request_8: Failed to build request: Resource /mytags/0008_request.json not found 	1619891448707
REQUEST		request_5	1619891448708	1619891448758	OK	 
REQUEST		request_2	1619891448731	1619891448780	OK	 
REQUEST		request_6	1619891448708	1619891448903	OK	 
USER	MyTags	END	1619891448907
REQUEST		request_2	1619891449072	1619891449125	OK	 
ERROR	request_1: Failed to build request: Resource /mytags/0001_request.json not found 	1619891449194
ERROR	request_1: Failed to build request: Resource /mytags/0001_request.json not found 	1619891449302
REQUEST		request_3	1619891449072	1619891449307	OK	 
ERROR	request_4: Failed to build request: Resource /mytags/0004_request.json not found 	1619891449308
ERROR	request_7: Failed to build request: Resource /mytags/0007_request.json not found 	1619891449309
ERROR	request_8: Failed to build request: Resource /mytags/0008_request.json not found 	1619891449310
REQUEST		request_2	1619891449287	1619891449340	OK	 
USER	MyTags	START	1619891449362
REQUEST		request_5	1619891449311	1619891449368	OK	 
REQUEST		request_6	1619891449312	1619891449508	OK	 
USER	MyTags	END	1619891449510
USER	MyTags	START	1619891449515
USER	MyTags	START	1619891449531
REQUEST		request_2	1619891449500	1619891449553	OK	 
REQUEST		request_0	1619891449363	1619891449565	OK	 
REQUEST		request_0	1619891449516	1619891449708	OK	 
REQUEST		request_0	1619891449531	1619891449724	OK	 
ERROR	request_1: Failed to build request: Resource /mytags/0001_request.json not found 	1619891450321
ERROR	request_1: Failed to build request: Resource /mytags/0001_request.json not found 	1619891450429
REQUEST		request_3	1619891450246	1619891450457	OK	 
ERROR	request_4: Failed to build request: Resource /mytags/0004_request.json not found 	1619891450458
ERROR	request_7: Failed to build request: Resource /mytags/0007_request.json not found 	1619891450459
ERROR	request_8: Failed to build request: Resource /mytags/0008_request.json not found 	1619891450459
REQUEST		request_5	1619891450460	1619891450511	OK	 
USER	MyTags	START	1619891450552
USER	MyTags	START	1619891450576
REQUEST		request_6	1619891450461	1619891450676	OK	 
USER	MyTags	END	1619891450680
REQUEST		request_2	1619891450646	1619891450701	OK	 
REQUEST		request_0	1619891450553	1619891450756	OK	 
REQUEST		request_0	1619891450576	1619891450783	OK	 
REQUEST		request_3	1619891450784	1619891450973	OK	 
ERROR	request_4: Failed to build request: Resource /mytags/0004_request.json not found 	1619891450973
ERROR	request_7: Failed to build request: Resource /mytags/0007_request.json not found 	1619891450974
ERROR	request_8: Failed to build request: Resource /mytags/0008_request.json not found 	1619891450974
REQUEST		request_5	1619891450975	1619891451025	OK	 
ERROR	request_1: Failed to build request: Resource /mytags/0001_request.json not found 	1619891451108
REQUEST		request_6	1619891450975	1619891451178	OK	 
USER	MyTags	END	1619891451181
REQUEST		request_2	1619891451200	1619891451261	OK	 
REQUEST		request_3	1619891451131	1619891451341	OK	 
ERROR	request_4: Failed to build request: Resource /mytags/0004_request.json not found 	1619891451341
ERROR	request_7: Failed to build request: Resource /mytags/0007_request.json not found 	1619891451342
ERROR	request_8: Failed to build request: Resource /mytags/0008_request.json not found 	1619891451342
REQUEST		request_2	1619891451308	1619891451370	OK	 
REQUEST		request_5	1619891451342	1619891451394	OK	 
REQUEST		request_6	1619891451343	1619891451528	OK	 
USER	MyTags	END	1619891451530
REQUEST		request_3	1619891451355	1619891451547	OK	 
ERROR	request_4: Failed to build request: Resource /mytags/0004_request.json not found 	1619891451548
ERROR	request_7: Failed to build request: Resource /mytags/0007_request.json not found 	1619891451548
ERROR	request_8: Failed to build request: Resource /mytags/0008_request.json not found 	1619891451548
REQUEST		request_5	1619891451549	1619891451607	OK	 
USER	MyTags	START	1619891451666
REQUEST		request_6	1619891451549	1619891451740	OK	 
USER	MyTags	END	1619891451743
REQUEST		request_3	1619891451557	1619891451770	OK	 
ERROR	request_4: Failed to build request: Resource /mytags/0004_request.json not found 	1619891451771
ERROR	request_7: Failed to build request: Resource /mytags/0007_request.json not found 	1619891451771
ERROR	request_8: Failed to build request: Resource /mytags/0008_request.json not found 	1619891451772
USER	MyTags	START	1619891451820
REQUEST		request_5	1619891451772	1619891451826	OK	 
REQUEST		request_0	1619891451667	1619891451875	OK	 
ERROR	request_1: Failed to build request: Resource /mytags/0001_request.json not found 	1619891451897
REQUEST		request_6	1619891451774	1619891451976	OK	 
USER	MyTags	END	1619891451979
REQUEST		request_0	1619891451821	1619891452032	OK	 
USER	MyTags	START	1619891452116
USER	MyTags	START	1619891452237
REQUEST		request_0	1619891452118	1619891452337	OK	 
REQUEST		request_2	1619891452329	1619891452384	OK	 
REQUEST		request_0	1619891452238	1619891452441	OK	 
REQUEST		request_2	1619891452438	1619891452490	OK	 
USER	MyTags	START	1619891452857
REQUEST		request_3	1619891452716	1619891452896	OK	 
ERROR	request_4: Failed to build request: Resource /mytags/0004_request.json not found 	1619891452897
ERROR	request_7: Failed to build request: Resource /mytags/0007_request.json not found 	1619891452898
ERROR	request_8: Failed to build request: Resource /mytags/0008_request.json not found 	1619891452898
REQUEST		request_5	1619891452898	1619891452956	OK	 
USER	MyTags	START	1619891452999
REQUEST		request_0	1619891452858	1619891453058	OK	 
REQUEST		request_6	1619891452899	1619891453103	OK	 
USER	MyTags	END	1619891453105
REQUEST		request_2	1619891453136	1619891453192	OK	 
REQUEST		request_0	1619891453000	1619891453207	OK	 
REQUEST		request_3	1619891453270	1619891453472	OK	 
ERROR	request_4: Failed to build request: Resource /mytags/0004_request.json not found 	1619891453472
ERROR	request_7: Failed to build request: Resource /mytags/0007_request.json not found 	1619891453473
ERROR	request_8: Failed to build request: Resource /mytags/0008_request.json not found 	1619891453473
REQUEST		request_5	1619891453473	1619891453523	OK	 
REQUEST		request_3	1619891453377	1619891453570	OK	 
ERROR	request_4: Failed to build request: Resource /mytags/0004_request.json not found 	1619891453570
ERROR	request_7: Failed to build request: Resource /mytags/0007_request.json not found 	1619891453571
ERROR	request_8: Failed to build request: Resource /mytags/0008_request.json not found 	1619891453571
ERROR	request_1: Failed to build request: Resource /mytags/0001_request.json not found 	1619891453577
REQUEST		request_5	1619891453572	1619891453623	OK	 
REQUEST		request_6	1619891453474	1619891453663	OK	 
USER	MyTags	END	1619891453665
ERROR	request_1: Failed to build request: Resource /mytags/0001_request.json not found 	1619891453715
ERROR	request_1: Failed to build request: Resource /mytags/0001_request.json not found 	1619891453729
REQUEST		request_6	1619891453573	1619891453777	OK	 
USER	MyTags	END	1619891453782
USER	MyTags	START	1619891453854
REQUEST		request_2	1619891453901	1619891453950	OK	 
REQUEST		request_0	1619891453855	1619891454052	OK	 
USER	MyTags	START	1619891454135
USER	MyTags	START	1619891454183
REQUEST		request_0	1619891454136	1619891454335	OK	 
REQUEST		request_0	1619891454183	1619891454377	OK	 
USER	MyTags	START	1619891454428
USER	MyTags	START	1619891454566
REQUEST		request_3	1619891454399	1619891454595	OK	 
ERROR	request_4: Failed to build request: Resource /mytags/0004_request.json not found 	1619891454595
ERROR	request_7: Failed to build request: Resource /mytags/0007_request.json not found 	1619891454596
ERROR	request_8: Failed to build request: Resource /mytags/0008_request.json not found 	1619891454596
REQUEST		request_0	1619891454429	1619891454638	OK	 
REQUEST		request_5	1619891454597	1619891454646	OK	 
REQUEST		request_3	1619891454491	1619891454685	OK	 
ERROR	request_4: Failed to build request: Resource /mytags/0004_request.json not found 	1619891454686
ERROR	request_7: Failed to build request: Resource /mytags/0007_request.json not found 	1619891454686
ERROR	request_8: Failed to build request: Resource /mytags/0008_request.json not found 	1619891454686
REQUEST		request_5	1619891454687	1619891454742	OK	 
REQUEST		request_0	1619891454567	1619891454753	OK	 
ERROR	request_1: Failed to build request: Resource /mytags/0001_request.json not found 	1619891454764
ERROR	request_1: Failed to build request: Resource /mytags/0001_request.json not found 	1619891454793
REQUEST		request_6	1619891454598	1619891454808	OK	 
USER	MyTags	END	1619891454810
REQUEST		request_6	1619891454688	1619891454891	OK	 
USER	MyTags	END	1619891454893
REQUEST		request_3	1619891455196	1619891455397	OK	 
ERROR	request_4: Failed to build request: Resource /mytags/0004_request.json not found 	1619891455398
ERROR	request_7: Failed to build request: Resource /mytags/0007_request.json not found 	1619891455398
ERROR	request_8: Failed to build request: Resource /mytags/0008_request.json not found 	1619891455398
REQUEST		request_5	1619891455399	1619891455457	OK	 
REQUEST		request_6	1619891455400	1619891455581	OK	 
USER	MyTags	END	1619891455583
REQUEST		request_2	1619891455593	1619891455645	OK	 
USER	MyTags	START	1619891455669
REQUEST		request_2	1619891455731	1619891455782	OK	 
REQUEST		request_2	1619891455747	1619891455799	OK	 
REQUEST		request_0	1619891455669	1619891455870	OK	 
ERROR	request_1: Failed to build request: Resource /mytags/0001_request.json not found 	1619891455884
ERROR	request_1: Failed to build request: Resource /mytags/0001_request.json not found 	1619891456037
REQUEST		request_3	1619891455960	1619891456170	OK	 
ERROR	request_4: Failed to build request: Resource /mytags/0004_request.json not found 	1619891456171
ERROR	request_7: Failed to build request: Resource /mytags/0007_request.json not found 	1619891456173
ERROR	request_8: Failed to build request: Resource /mytags/0008_request.json not found 	1619891456173
REQUEST		request_5	1619891456174	1619891456222	OK	 
ERROR	request_1: Failed to build request: Resource /mytags/0001_request.json not found 	1619891456347
REQUEST		request_6	1619891456176	1619891456367	OK	 
USER	MyTags	END	1619891456369
ERROR	request_1: Failed to build request: Resource /mytags/0001_request.json not found 	1619891456455
USER	MyTags	START	1619891456738
REQUEST		request_2	1619891456769	1619891456819	OK	 
REQUEST		request_2	1619891456800	1619891456848	OK	 
REQUEST		request_0	1619891456738	1619891456933	OK	 
ERROR	request_1: Failed to build request: Resource /mytags/0001_request.json not found 	1619891457062
ERROR	request_1: Failed to build request: Resource /mytags/0001_request.json not found 	1619891457216
REQUEST		request_3	1619891457651	1619891457837	OK	 
ERROR	request_4: Failed to build request: Resource /mytags/0004_request.json not found 	1619891457837
ERROR	request_7: Failed to build request: Resource /mytags/0007_request.json not found 	1619891457838
ERROR	request_8: Failed to build request: Resource /mytags/0008_request.json not found 	1619891457838
REQUEST		request_5	1619891457839	1619891457888	OK	 
REQUEST		request_2	1619891457898	1619891457955	OK	 
REQUEST		request_3	1619891457790	1619891457982	OK	 
ERROR	request_4: Failed to build request: Resource /mytags/0004_request.json not found 	1619891457982
ERROR	request_7: Failed to build request: Resource /mytags/0007_request.json not found 	1619891457983
ERROR	request_8: Failed to build request: Resource /mytags/0008_request.json not found 	1619891457983
REQUEST		request_3	1619891457805	1619891457998	OK	 
ERROR	request_4: Failed to build request: Resource /mytags/0004_request.json not found 	1619891457999
ERROR	request_7: Failed to build request: Resource /mytags/0007_request.json not found 	1619891457999
ERROR	request_8: Failed to build request: Resource /mytags/0008_request.json not found 	1619891458000
REQUEST		request_6	1619891457839	1619891458025	OK	 
USER	MyTags	END	1619891458028
REQUEST		request_5	1619891457984	1619891458039	OK	 
REQUEST		request_5	1619891458003	1619891458062	OK	 
ERROR	request_1: Failed to build request: Resource /mytags/0001_request.json not found 	1619891458067
REQUEST		request_2	1619891458053	1619891458129	OK	 
REQUEST		request_6	1619891457985	1619891458191	OK	 
USER	MyTags	END	1619891458193
REQUEST		request_6	1619891458004	1619891458212	OK	 
USER	MyTags	END	1619891458216
ERROR	request_1: Failed to build request: Resource /mytags/0001_request.json not found 	1619891458345
ERROR	request_1: Failed to build request: Resource /mytags/0001_request.json not found 	1619891458391
REQUEST		request_2	1619891458360	1619891458411	OK	 
REQUEST		request_2	1619891458469	1619891458530	OK	 
ERROR	request_1: Failed to build request: Resource /mytags/0001_request.json not found 	1619891458655
ERROR	request_1: Failed to build request: Resource /mytags/0001_request.json not found 	1619891458765
USER	MyTags	START	1619891458901
REQUEST		request_3	1619891458827	1619891459027	OK	 
ERROR	request_4: Failed to build request: Resource /mytags/0004_request.json not found 	1619891459027
ERROR	request_7: Failed to build request: Resource /mytags/0007_request.json not found 	1619891459028
ERROR	request_8: Failed to build request: Resource /mytags/0008_request.json not found 	1619891459028
REQUEST		request_3	1619891458857	1619891459064	OK	 
ERROR	request_4: Failed to build request: Resource /mytags/0004_request.json not found 	1619891459066
ERROR	request_7: Failed to build request: Resource /mytags/0007_request.json not found 	1619891459067
ERROR	request_8: Failed to build request: Resource /mytags/0008_request.json not found 	1619891459067
REQUEST		request_5	1619891459028	1619891459088	OK	 
REQUEST		request_0	1619891458902	1619891459100	OK	 
REQUEST		request_5	1619891459068	1619891459119	OK	 
REQUEST		request_2	1619891459071	1619891459119	OK	 
USER	MyTags	START	1619891459223
REQUEST		request_6	1619891459029	1619891459228	OK	 
USER	MyTags	END	1619891459234
REQUEST		request_6	1619891459069	1619891459259	OK	 
USER	MyTags	END	1619891459263
REQUEST		request_2	1619891459223	1619891459277	OK	 
REQUEST		request_0	1619891459224	1619891459408	OK	 
USER	MyTags	START	1619891459485
REQUEST		request_0	1619891459485	1619891459690	OK	 
ERROR	request_1: Failed to build request: Resource /mytags/0001_request.json not found 	1619891459873
USER	MyTags	START	1619891460029
USER	MyTags	START	1619891460076
REQUEST		request_2	1619891460075	1619891460138	OK	 
USER	MyTags	START	1619891460152
REQUEST		request_3	1619891459968	1619891460190	OK	 
ERROR	request_4: Failed to build request: Resource /mytags/0004_request.json not found 	1619891460190
ERROR	request_7: Failed to build request: Resource /mytags/0007_request.json not found 	1619891460190
ERROR	request_8: Failed to build request: Resource /mytags/0008_request.json not found 	1619891460190
REQUEST		request_0	1619891460029	1619891460224	OK	 
REQUEST		request_5	1619891460191	1619891460237	OK	 
USER	MyTags	START	1619891460260
REQUEST		request_0	1619891460076	1619891460271	OK	 
REQUEST		request_3	1619891460137	1619891460324	OK	 
ERROR	request_4: Failed to build request: Resource /mytags/0004_request.json not found 	1619891460324
ERROR	request_7: Failed to build request: Resource /mytags/0007_request.json not found 	1619891460324
ERROR	request_8: Failed to build request: Resource /mytags/0008_request.json not found 	1619891460324
REQUEST		request_0	1619891460152	1619891460344	OK	 
REQUEST		request_6	1619891460191	1619891460371	OK	 
REQUEST		request_5	1619891460325	1619891460371	OK	 
USER	MyTags	END	1619891460373
REQUEST		request_2	1619891460352	1619891460415	OK	 
REQUEST		request_2	1619891460399	1619891460448	OK	 
REQUEST		request_0	1619891460261	1619891460449	OK	 
REQUEST		request_6	1619891460325	1619891460528	OK	 
USER	MyTags	END	1619891460531
REQUEST		request_3	1619891460414	1619891460625	OK	 
ERROR	request_4: Failed to build request: Resource /mytags/0004_request.json not found 	1619891460626
ERROR	request_7: Failed to build request: Resource /mytags/0007_request.json not found 	1619891460626
ERROR	request_8: Failed to build request: Resource /mytags/0008_request.json not found 	1619891460626
REQUEST		request_5	1619891460627	1619891460680	OK	 
REQUEST		request_2	1619891460660	1619891460709	OK	 
REQUEST		request_3	1619891460538	1619891460726	OK	 
ERROR	request_4: Failed to build request: Resource /mytags/0004_request.json not found 	1619891460727
ERROR	request_7: Failed to build request: Resource /mytags/0007_request.json not found 	1619891460728
ERROR	request_8: Failed to build request: Resource /mytags/0008_request.json not found 	1619891460728
REQUEST		request_5	1619891460729	1619891460787	OK	 
REQUEST		request_2	1619891460769	1619891460829	OK	 
REQUEST		request_6	1619891460627	1619891460831	OK	 
USER	MyTags	END	1619891460838
REQUEST		request_6	1619891460730	1619891460925	OK	 
USER	MyTags	END	1619891460938
ERROR	request_1: Failed to build request: Resource /mytags/0001_request.json not found 	1619891460939
REQUEST		request_3	1619891461127	1619891461309	OK	 
ERROR	request_4: Failed to build request: Resource /mytags/0004_request.json not found 	1619891461309
ERROR	request_7: Failed to build request: Resource /mytags/0007_request.json not found 	1619891461309
ERROR	request_8: Failed to build request: Resource /mytags/0008_request.json not found 	1619891461309
REQUEST		request_5	1619891461310	1619891461361	OK	 
REQUEST		request_3	1619891461282	1619891461487	OK	 
ERROR	request_4: Failed to build request: Resource /mytags/0004_request.json not found 	1619891461487
ERROR	request_7: Failed to build request: Resource /mytags/0007_request.json not found 	1619891461487
ERROR	request_8: Failed to build request: Resource /mytags/0008_request.json not found 	1619891461487
REQUEST		request_6	1619891461310	1619891461499	OK	 
USER	MyTags	END	1619891461501
USER	MyTags	START	1619891461528
REQUEST		request_5	1619891461488	1619891461544	OK	 
REQUEST		request_6	1619891461488	1619891461693	OK	 
USER	MyTags	END	1619891461694
REQUEST		request_0	1619891461529	1619891461714	OK	 
REQUEST		request_2	1619891461886	1619891461935	OK	 
USER	MyTags	START	1619891461964
REQUEST		request_0	1619891461964	1619891462165	OK	 
REQUEST		request_3	1619891462148	1619891462337	OK	 
ERROR	request_4: Failed to build request: Resource /mytags/0004_request.json not found 	1619891462337
ERROR	request_7: Failed to build request: Resource /mytags/0007_request.json not found 	1619891462337
ERROR	request_8: Failed to build request: Resource /mytags/0008_request.json not found 	1619891462337
REQUEST		request_5	1619891462338	1619891462389	OK	 
REQUEST		request_6	1619891462338	1619891462524	OK	 
USER	MyTags	END	1619891462526
REQUEST		request_3	1619891462431	1619891462625	OK	 
ERROR	request_4: Failed to build request: Resource /mytags/0004_request.json not found 	1619891462625
ERROR	request_7: Failed to build request: Resource /mytags/0007_request.json not found 	1619891462626
ERROR	request_8: Failed to build request: Resource /mytags/0008_request.json not found 	1619891462626
REQUEST		request_3	1619891462463	1619891462658	OK	 
ERROR	request_4: Failed to build request: Resource /mytags/0004_request.json not found 	1619891462658
ERROR	request_7: Failed to build request: Resource /mytags/0007_request.json not found 	1619891462658
ERROR	request_8: Failed to build request: Resource /mytags/0008_request.json not found 	1619891462658
REQUEST		request_5	1619891462627	1619891462679	OK	 
REQUEST		request_5	1619891462659	1619891462710	OK	 
REQUEST		request_6	1619891462628	1619891462829	OK	 
USER	MyTags	END	1619891462831
REQUEST		request_6	1619891462660	1619891462842	OK	 
USER	MyTags	END	1619891462843
REQUEST		request_3	1619891462722	1619891462908	OK	 
ERROR	request_4: Failed to build request: Resource /mytags/0004_request.json not found 	1619891462909
ERROR	request_7: Failed to build request: Resource /mytags/0007_request.json not found 	1619891462909
ERROR	request_8: Failed to build request: Resource /mytags/0008_request.json not found 	1619891462909
REQUEST		request_5	1619891462910	1619891462963	OK	 
REQUEST		request_2	1619891462952	1619891463009	OK	 
REQUEST		request_3	1619891462845	1619891463024	OK	 
ERROR	request_4: Failed to build request: Resource /mytags/0004_request.json not found 	1619891463025
ERROR	request_7: Failed to build request: Resource /mytags/0007_request.json not found 	1619891463025
ERROR	request_8: Failed to build request: Resource /mytags/0008_request.json not found 	1619891463025
REQUEST		request_5	1619891463025	1619891463078	OK	 
ERROR	request_1: Failed to build request: Resource /mytags/0001_request.json not found 	1619891463105
REQUEST		request_6	1619891462911	1619891463106	OK	 
USER	MyTags	END	1619891463108
REQUEST		request_6	1619891463026	1619891463220	OK	 
USER	MyTags	END	1619891463222
ERROR	request_1: Failed to build request: Resource /mytags/0001_request.json not found 	1619891463413
ERROR	request_1: Failed to build request: Resource /mytags/0001_request.json not found 	1619891463702
REQUEST		request_3	1619891463938	1619891464131	OK	 
ERROR	request_4: Failed to build request: Resource /mytags/0004_request.json not found 	1619891464132
ERROR	request_7: Failed to build request: Resource /mytags/0007_request.json not found 	1619891464133
ERROR	request_8: Failed to build request: Resource /mytags/0008_request.json not found 	1619891464133
REQUEST		request_5	1619891464134	1619891464184	OK	 
ERROR	request_1: Failed to build request: Resource /mytags/0001_request.json not found 	1619891464234
ERROR	request_1: Failed to build request: Resource /mytags/0001_request.json not found 	1619891464280
REQUEST		request_6	1619891464135	1619891464318	OK	 
USER	MyTags	END	1619891464322
ERROR	request_1: Failed to build request: Resource /mytags/0001_request.json not found 	1619891464356
ERROR	request_1: Failed to build request: Resource /mytags/0001_request.json not found 	1619891464464
REQUEST		request_2	1619891465120	1619891465174	OK	 
REQUEST		request_3	1619891465013	1619891465201	OK	 
ERROR	request_4: Failed to build request: Resource /mytags/0004_request.json not found 	1619891465201
ERROR	request_7: Failed to build request: Resource /mytags/0007_request.json not found 	1619891465202
ERROR	request_8: Failed to build request: Resource /mytags/0008_request.json not found 	1619891465202
REQUEST		request_5	1619891465203	1619891465252	OK	 
REQUEST		request_6	1619891465204	1619891465392	OK	 
USER	MyTags	END	1619891465396
REQUEST		request_2	1619891465430	1619891465483	OK	 
ERROR	request_1: Failed to build request: Resource /mytags/0001_request.json not found 	1619891465725
REQUEST		request_2	1619891465709	1619891465760	OK	 
ERROR	request_1: Failed to build request: Resource /mytags/0001_request.json not found 	1619891466174
REQUEST		request_2	1619891466245	1619891466296	OK	 
REQUEST		request_2	1619891466292	1619891466343	OK	 
REQUEST		request_2	1619891466369	1619891466425	OK	 
REQUEST		request_2	1619891466478	1619891466528	OK	 
REQUEST		request_3	1619891467176	1619891467365	OK	 
ERROR	request_4: Failed to build request: Resource /mytags/0004_request.json not found 	1619891467366
ERROR	request_7: Failed to build request: Resource /mytags/0007_request.json not found 	1619891467366
ERROR	request_8: Failed to build request: Resource /mytags/0008_request.json not found 	1619891467367
REQUEST		request_5	1619891467368	1619891467417	OK	 
REQUEST		request_6	1619891467369	1619891467558	OK	 
USER	MyTags	END	1619891467561
USER	MyTags	START	1619891467615
REQUEST		request_3	1619891467490	1619891467689	OK	 
ERROR	request_4: Failed to build request: Resource /mytags/0004_request.json not found 	1619891467689
ERROR	request_7: Failed to build request: Resource /mytags/0007_request.json not found 	1619891467690
ERROR	request_8: Failed to build request: Resource /mytags/0008_request.json not found 	1619891467690
REQUEST		request_5	1619891467690	1619891467748	OK	 
USER	MyTags	START	1619891467786
REQUEST		request_2	1619891467740	1619891467790	OK	 
REQUEST		request_0	1619891467616	1619891467820	OK	 
REQUEST		request_6	1619891467690	1619891467878	OK	 
USER	MyTags	END	1619891467880
REQUEST		request_3	1619891467770	1619891467949	OK	 
ERROR	request_4: Failed to build request: Resource /mytags/0004_request.json not found 	1619891467950
ERROR	request_7: Failed to build request: Resource /mytags/0007_request.json not found 	1619891467951
ERROR	request_8: Failed to build request: Resource /mytags/0008_request.json not found 	1619891467951
REQUEST		request_0	1619891467786	1619891467974	OK	 
REQUEST		request_5	1619891467952	1619891468005	OK	 
REQUEST		request_6	1619891467954	1619891468159	OK	 
USER	MyTags	END	1619891468161
USER	MyTags	START	1619891468231
REQUEST		request_2	1619891468185	1619891468237	OK	 
REQUEST		request_0	1619891468231	1619891468438	OK	 
REQUEST		request_3	1619891468308	1619891468508	OK	 
ERROR	request_4: Failed to build request: Resource /mytags/0004_request.json not found 	1619891468509
ERROR	request_7: Failed to build request: Resource /mytags/0007_request.json not found 	1619891468509
ERROR	request_8: Failed to build request: Resource /mytags/0008_request.json not found 	1619891468509
REQUEST		request_5	1619891468509	1619891468559	OK	 
REQUEST		request_3	1619891468355	1619891468567	OK	 
ERROR	request_4: Failed to build request: Resource /mytags/0004_request.json not found 	1619891468567
ERROR	request_7: Failed to build request: Resource /mytags/0007_request.json not found 	1619891468568
ERROR	request_8: Failed to build request: Resource /mytags/0008_request.json not found 	1619891468568
REQUEST		request_3	1619891468433	1619891468624	OK	 
REQUEST		request_5	1619891468568	1619891468624	OK	 
ERROR	request_4: Failed to build request: Resource /mytags/0004_request.json not found 	1619891468625
ERROR	request_7: Failed to build request: Resource /mytags/0007_request.json not found 	1619891468625
ERROR	request_8: Failed to build request: Resource /mytags/0008_request.json not found 	1619891468625
REQUEST		request_5	1619891468626	1619891468677	OK	 
REQUEST		request_6	1619891468510	1619891468713	OK	 
USER	MyTags	END	1619891468715
REQUEST		request_3	1619891468541	1619891468742	OK	 
ERROR	request_4: Failed to build request: Resource /mytags/0004_request.json not found 	1619891468743
ERROR	request_7: Failed to build request: Resource /mytags/0007_request.json not found 	1619891468743
ERROR	request_8: Failed to build request: Resource /mytags/0008_request.json not found 	1619891468743
REQUEST		request_6	1619891468569	1619891468771	OK	 
USER	MyTags	END	1619891468773
REQUEST		request_5	1619891468744	1619891468800	OK	 
REQUEST		request_6	1619891468628	1619891468824	OK	 
USER	MyTags	END	1619891468825
REQUEST		request_6	1619891468745	1619891468930	OK	 
USER	MyTags	END	1619891468932
USER	MyTags	START	1619891469016
USER	MyTags	START	1619891469033
REQUEST		request_0	1619891469016	1619891469227	OK	 
REQUEST		request_0	1619891469033	1619891469234	OK	 
USER	MyTags	START	1619891469688
USER	MyTags	START	1619891469704
REQUEST		request_0	1619891469688	1619891469901	OK	 
REQUEST		request_0	1619891469706	1619891469908	OK	 
REQUEST		request_3	1619891469798	1619891469999	OK	 
ERROR	request_4: Failed to build request: Resource /mytags/0004_request.json not found 	1619891470000
ERROR	request_7: Failed to build request: Resource /mytags/0007_request.json not found 	1619891470000
ERROR	request_8: Failed to build request: Resource /mytags/0008_request.json not found 	1619891470000
REQUEST		request_5	1619891470000	1619891470054	OK	 
REQUEST		request_6	1619891470001	1619891470193	OK	 
USER	MyTags	END	1619891470227
USER	MyTags	START	1619891470354
REQUEST		request_3	1619891470250	1619891470463	OK	 
ERROR	request_4: Failed to build request: Resource /mytags/0004_request.json not found 	1619891470463
ERROR	request_7: Failed to build request: Resource /mytags/0007_request.json not found 	1619891470463
ERROR	request_8: Failed to build request: Resource /mytags/0008_request.json not found 	1619891470463
REQUEST		request_5	1619891470464	1619891470512	OK	 
REQUEST		request_0	1619891470354	1619891470562	OK	 
REQUEST		request_6	1619891470464	1619891470662	OK	 
USER	MyTags	END	1619891470664
USER	MyTags	START	1619891470914
REQUEST		request_0	1619891470915	1619891471126	OK	 
USER	MyTags	START	1619891471440
REQUEST		request_0	1619891471440	1619891471639	OK	 
USER	MyTags	START	1619891471797
ERROR	request_1: Failed to build request: Resource /mytags/0001_request.json not found 	1619891471828
ERROR	request_1: Failed to build request: Resource /mytags/0001_request.json not found 	1619891471986
REQUEST		request_0	1619891471798	1619891472000	OK	 
ERROR	request_1: Failed to build request: Resource /mytags/0001_request.json not found 	1619891472452
USER	MyTags	START	1619891472968
REQUEST		request_0	1619891472968	1619891473174	OK	 
ERROR	request_1: Failed to build request: Resource /mytags/0001_request.json not found 	1619891473229
ERROR	request_1: Failed to build request: Resource /mytags/0001_request.json not found 	1619891473245
USER	MyTags	START	1619891473384
USER	MyTags	START	1619891473384
REQUEST		request_0	1619891473384	1619891473591	OK	 
REQUEST		request_0	1619891473384	1619891473595	OK	 
REQUEST		request_2	1619891473834	1619891473899	OK	 
ERROR	request_1: Failed to build request: Resource /mytags/0001_request.json not found 	1619891473913
ERROR	request_1: Failed to build request: Resource /mytags/0001_request.json not found 	1619891473913
USER	MyTags	START	1619891473992
REQUEST		request_2	1619891473992	1619891474049	OK	 
REQUEST		request_0	1619891473992	1619891474178	OK	 
REQUEST		request_2	1619891474457	1619891474505	OK	 
ERROR	request_1: Failed to build request: Resource /mytags/0001_request.json not found 	1619891474566
ERROR	request_1: Failed to build request: Resource /mytags/0001_request.json not found 	1619891475129
REQUEST		request_2	1619891475240	1619891475288	OK	 
REQUEST		request_2	1619891475256	1619891475311	OK	 
USER	MyTags	START	1619891475461
ERROR	request_1: Failed to build request: Resource /mytags/0001_request.json not found 	1619891475647
REQUEST		request_0	1619891475461	1619891475659	OK	 
REQUEST		request_2	1619891475926	1619891475981	OK	 
REQUEST		request_2	1619891475926	1619891475981	OK	 
ERROR	request_1: Failed to build request: Resource /mytags/0001_request.json not found 	1619891476006
REQUEST		request_3	1619891475910	1619891476102	OK	 
ERROR	request_4: Failed to build request: Resource /mytags/0004_request.json not found 	1619891476102
ERROR	request_7: Failed to build request: Resource /mytags/0007_request.json not found 	1619891476102
ERROR	request_8: Failed to build request: Resource /mytags/0008_request.json not found 	1619891476102
REQUEST		request_5	1619891476103	1619891476153	OK	 
REQUEST		request_3	1619891476053	1619891476243	OK	 
ERROR	request_4: Failed to build request: Resource /mytags/0004_request.json not found 	1619891476243
ERROR	request_7: Failed to build request: Resource /mytags/0007_request.json not found 	1619891476243
ERROR	request_8: Failed to build request: Resource /mytags/0008_request.json not found 	1619891476243
REQUEST		request_5	1619891476244	1619891476292	OK	 
REQUEST		request_6	1619891476103	1619891476292	OK	 
USER	MyTags	END	1619891476294
REQUEST		request_6	1619891476244	1619891476431	OK	 
USER	MyTags	END	1619891476433
REQUEST		request_2	1619891476581	1619891476631	OK	 
REQUEST		request_3	1619891476519	1619891476721	OK	 
ERROR	request_4: Failed to build request: Resource /mytags/0004_request.json not found 	1619891476722
ERROR	request_7: Failed to build request: Resource /mytags/0007_request.json not found 	1619891476723
ERROR	request_8: Failed to build request: Resource /mytags/0008_request.json not found 	1619891476723
USER	MyTags	START	1619891476723
USER	MyTags	START	1619891476754
REQUEST		request_5	1619891476725	1619891476774	OK	 
REQUEST		request_0	1619891476723	1619891476915	OK	 
REQUEST		request_6	1619891476727	1619891476918	OK	 
USER	MyTags	END	1619891476923
REQUEST		request_0	1619891476755	1619891476966	OK	 
ERROR	request_1: Failed to build request: Resource /mytags/0001_request.json not found 	1619891477179
REQUEST		request_2	1619891477143	1619891477197	OK	 
USER	MyTags	START	1619891477227
REQUEST		request_0	1619891477227	1619891477433	OK	 
REQUEST		request_3	1619891477290	1619891477481	OK	 
ERROR	request_4: Failed to build request: Resource /mytags/0004_request.json not found 	1619891477481
ERROR	request_7: Failed to build request: Resource /mytags/0007_request.json not found 	1619891477482
ERROR	request_8: Failed to build request: Resource /mytags/0008_request.json not found 	1619891477482
REQUEST		request_3	1619891477321	1619891477528	OK	 
ERROR	request_4: Failed to build request: Resource /mytags/0004_request.json not found 	1619891477528
ERROR	request_7: Failed to build request: Resource /mytags/0007_request.json not found 	1619891477528
ERROR	request_8: Failed to build request: Resource /mytags/0008_request.json not found 	1619891477528
REQUEST		request_5	1619891477482	1619891477529	OK	 
REQUEST		request_5	1619891477529	1619891477579	OK	 
ERROR	request_1: Failed to build request: Resource /mytags/0001_request.json not found 	1619891477599
ERROR	request_1: Failed to build request: Resource /mytags/0001_request.json not found 	1619891477599
REQUEST		request_6	1619891477482	1619891477680	OK	 
USER	MyTags	END	1619891477683
REQUEST		request_2	1619891477662	1619891477715	OK	 
REQUEST		request_6	1619891477529	1619891477733	OK	 
USER	MyTags	END	1619891477736
REQUEST		request_2	1619891478021	1619891478076	OK	 
REQUEST		request_3	1619891477990	1619891478189	OK	 
REQUEST		request_3	1619891477990	1619891478189	OK	 
ERROR	request_4: Failed to build request: Resource /mytags/0004_request.json not found 	1619891478190
ERROR	request_4: Failed to build request: Resource /mytags/0004_request.json not found 	1619891478190
ERROR	request_7: Failed to build request: Resource /mytags/0007_request.json not found 	1619891478191
ERROR	request_7: Failed to build request: Resource /mytags/0007_request.json not found 	1619891478191
ERROR	request_8: Failed to build request: Resource /mytags/0008_request.json not found 	1619891478191
ERROR	request_8: Failed to build request: Resource /mytags/0008_request.json not found 	1619891478191
ERROR	request_1: Failed to build request: Resource /mytags/0001_request.json not found 	1619891478198
REQUEST		request_5	1619891478193	1619891478246	OK	 
REQUEST		request_5	1619891478193	1619891478249	OK	 
REQUEST		request_6	1619891478194	1619891478397	OK	 
REQUEST		request_6	1619891478194	1619891478397	OK	 
USER	MyTags	END	1619891478401
USER	MyTags	END	1619891478402
REQUEST		request_3	1619891478639	1619891478842	OK	 
ERROR	request_4: Failed to build request: Resource /mytags/0004_request.json not found 	1619891478843
ERROR	request_7: Failed to build request: Resource /mytags/0007_request.json not found 	1619891478844
ERROR	request_8: Failed to build request: Resource /mytags/0008_request.json not found 	1619891478844
REQUEST		request_5	1619891478845	1619891478902	OK	 
USER	MyTags	START	1619891478981
REQUEST		request_6	1619891478847	1619891479037	OK	 
USER	MyTags	END	1619891479039
USER	MyTags	START	1619891479043
REQUEST		request_0	1619891478982	1619891479171	OK	 
REQUEST		request_0	1619891479044	1619891479241	OK	 
REQUEST		request_2	1619891479196	1619891479250	OK	 
USER	MyTags	START	1619891479368
REQUEST		request_3	1619891479212	1619891479421	OK	 
ERROR	request_4: Failed to build request: Resource /mytags/0004_request.json not found 	1619891479422
ERROR	request_7: Failed to build request: Resource /mytags/0007_request.json not found 	1619891479422
ERROR	request_8: Failed to build request: Resource /mytags/0008_request.json not found 	1619891479422
REQUEST		request_5	1619891479425	1619891479475	OK	 
USER	MyTags	START	1619891479477
USER	MyTags	START	1619891479523
REQUEST		request_0	1619891479369	1619891479566	OK	 
REQUEST		request_6	1619891479427	1619891479630	OK	 
USER	MyTags	END	1619891479632
USER	MyTags	START	1619891479662
REQUEST		request_2	1619891479615	1619891479666	OK	 
ERROR	request_1: Failed to build request: Resource /mytags/0001_request.json not found 	1619891479666
REQUEST		request_2	1619891479615	1619891479667	OK	 
REQUEST		request_0	1619891479477	1619891479679	OK	 
USER	MyTags	START	1619891479708
REQUEST		request_0	1619891479523	1619891479728	OK	 
REQUEST		request_0	1619891479663	1619891479856	OK	 
REQUEST		request_0	1619891479708	1619891479905	OK	 
REQUEST		request_3	1619891479723	1619891479914	OK	 
ERROR	request_4: Failed to build request: Resource /mytags/0004_request.json not found 	1619891479915
ERROR	request_7: Failed to build request: Resource /mytags/0007_request.json not found 	1619891479916
ERROR	request_8: Failed to build request: Resource /mytags/0008_request.json not found 	1619891479916
REQUEST		request_5	1619891479917	1619891479969	OK	 
USER	MyTags	START	1619891480020
REQUEST		request_6	1619891479918	1619891480104	OK	 
USER	MyTags	END	1619891480109
REQUEST		request_0	1619891480020	1619891480225	OK	 
REQUEST		request_2	1619891480202	1619891480254	OK	 
REQUEST		request_3	1619891480082	1619891480280	OK	 
ERROR	request_4: Failed to build request: Resource /mytags/0004_request.json not found 	1619891480281
ERROR	request_7: Failed to build request: Resource /mytags/0007_request.json not found 	1619891480281
ERROR	request_8: Failed to build request: Resource /mytags/0008_request.json not found 	1619891480282
REQUEST		request_5	1619891480283	1619891480330	OK	 
USER	MyTags	START	1619891480360
REQUEST		request_6	1619891480284	1619891480491	OK	 
USER	MyTags	END	1619891480495
REQUEST		request_0	1619891480361	1619891480563	OK	 
ERROR	request_1: Failed to build request: Resource /mytags/0001_request.json not found 	1619891480924
ERROR	request_1: Failed to build request: Resource /mytags/0001_request.json not found 	1619891480970
USER	MyTags	START	1619891481003
USER	MyTags	START	1619891481078
REQUEST		request_0	1619891481003	1619891481215	OK	 
REQUEST		request_0	1619891481078	1619891481272	OK	 
ERROR	request_1: Failed to build request: Resource /mytags/0001_request.json not found 	1619891481435
REQUEST		request_3	1619891481264	1619891481466	OK	 
ERROR	request_4: Failed to build request: Resource /mytags/0004_request.json not found 	1619891481467
ERROR	request_7: Failed to build request: Resource /mytags/0007_request.json not found 	1619891481467
ERROR	request_8: Failed to build request: Resource /mytags/0008_request.json not found 	1619891481468
REQUEST		request_5	1619891481469	1619891481523	OK	 
USER	MyTags	START	1619891481608
REQUEST		request_6	1619891481470	1619891481675	OK	 
USER	MyTags	END	1619891481680
REQUEST		request_2	1619891481670	1619891481728	OK	 
REQUEST		request_0	1619891481609	1619891481801	OK	 
REQUEST		request_3	1619891481669	1619891481864	OK	 
ERROR	request_4: Failed to build request: Resource /mytags/0004_request.json not found 	1619891481865
ERROR	request_7: Failed to build request: Resource /mytags/0007_request.json not found 	1619891481865
ERROR	request_8: Failed to build request: Resource /mytags/0008_request.json not found 	1619891481865
REQUEST		request_3	1619891481669	1619891481875	OK	 
ERROR	request_4: Failed to build request: Resource /mytags/0004_request.json not found 	1619891481875
ERROR	request_7: Failed to build request: Resource /mytags/0007_request.json not found 	1619891481876
ERROR	request_8: Failed to build request: Resource /mytags/0008_request.json not found 	1619891481876
USER	MyTags	START	1619891481885
REQUEST		request_5	1619891481865	1619891481918	OK	 
REQUEST		request_5	1619891481876	1619891481931	OK	 
REQUEST		request_6	1619891481866	1619891482054	OK	 
USER	MyTags	END	1619891482059
REQUEST		request_6	1619891481877	1619891482070	OK	 
USER	MyTags	END	1619891482074
REQUEST		request_0	1619891481886	1619891482081	OK	 
REQUEST		request_3	1619891482261	1619891482456	OK	 
ERROR	request_4: Failed to build request: Resource /mytags/0004_request.json not found 	1619891482457
ERROR	request_7: Failed to build request: Resource /mytags/0007_request.json not found 	1619891482457
ERROR	request_8: Failed to build request: Resource /mytags/0008_request.json not found 	1619891482457
REQUEST		request_5	1619891482458	1619891482509	OK	 
REQUEST		request_6	1619891482459	1619891482642	OK	 
USER	MyTags	END	1619891482646
REQUEST		request_2	1619891482939	1619891483003	OK	 
REQUEST		request_2	1619891482985	1619891483034	OK	 
ERROR	request_1: Failed to build request: Resource /mytags/0001_request.json not found 	1619891483176
ERROR	request_1: Failed to build request: Resource /mytags/0001_request.json not found 	1619891483255
REQUEST		request_2	1619891483442	1619891483491	OK	 
ERROR	request_1: Failed to build request: Resource /mytags/0001_request.json not found 	1619891483582
ERROR	request_1: Failed to build request: Resource /mytags/0001_request.json not found 	1619891483691
ERROR	request_1: Failed to build request: Resource /mytags/0001_request.json not found 	1619891483737
ERROR	request_1: Failed to build request: Resource /mytags/0001_request.json not found 	1619891483860
USER	MyTags	START	1619891483907
ERROR	request_1: Failed to build request: Resource /mytags/0001_request.json not found 	1619891483920
REQUEST		request_3	1619891483740	1619891483947	OK	 
ERROR	request_4: Failed to build request: Resource /mytags/0004_request.json not found 	1619891483948
ERROR	request_7: Failed to build request: Resource /mytags/0007_request.json not found 	1619891483948
ERROR	request_8: Failed to build request: Resource /mytags/0008_request.json not found 	1619891483948
REQUEST		request_5	1619891483950	1619891483997	OK	 
REQUEST		request_0	1619891483908	1619891484108	OK	 
REQUEST		request_6	1619891483952	1619891484142	OK	 
USER	MyTags	END	1619891484146
USER	MyTags	START	1619891484214
ERROR	request_1: Failed to build request: Resource /mytags/0001_request.json not found 	1619891484229
USER	MyTags	START	1619891484354
REQUEST		request_0	1619891484214	1619891484412	OK	 
USER	MyTags	START	1619891484493
REQUEST		request_0	1619891484354	1619891484562	OK	 
ERROR	request_1: Failed to build request: Resource /mytags/0001_request.json not found 	1619891484569
USER	MyTags	START	1619891484647
REQUEST		request_0	1619891484494	1619891484701	OK	 
REQUEST		request_0	1619891484647	1619891484863	OK	 
USER	MyTags	START	1619891484958
REQUEST		request_0	1619891484959	1619891485163	OK	 
USER	MyTags	START	1619891485176
USER	MyTags	START	1619891485191
REQUEST		request_3	1619891485006	1619891485201	OK	 
ERROR	request_4: Failed to build request: Resource /mytags/0004_request.json not found 	1619891485201
ERROR	request_7: Failed to build request: Resource /mytags/0007_request.json not found 	1619891485201
ERROR	request_8: Failed to build request: Resource /mytags/0008_request.json not found 	1619891485202
ERROR	request_1: Failed to build request: Resource /mytags/0001_request.json not found 	1619891485222
REQUEST		request_3	1619891485036	1619891485254	OK	 
REQUEST		request_2	1619891485191	1619891485254	OK	 
ERROR	request_4: Failed to build request: Resource /mytags/0004_request.json not found 	1619891485255
ERROR	request_7: Failed to build request: Resource /mytags/0007_request.json not found 	1619891485255
ERROR	request_8: Failed to build request: Resource /mytags/0008_request.json not found 	1619891485255
REQUEST		request_5	1619891485202	1619891485256	OK	 
ERROR	request_1: Failed to build request: Resource /mytags/0001_request.json not found 	1619891485283
REQUEST		request_5	1619891485256	1619891485311	OK	 
REQUEST		request_2	1619891485268	1619891485315	OK	 
REQUEST		request_0	1619891485176	1619891485358	OK	 
REQUEST		request_0	1619891485191	1619891485380	OK	 
REQUEST		request_6	1619891485202	1619891485404	OK	 
USER	MyTags	END	1619891485407
REQUEST		request_6	1619891485256	1619891485444	OK	 
USER	MyTags	END	1619891485449
REQUEST		request_2	1619891485593	1619891485643	OK	 
REQUEST		request_3	1619891485500	1619891485692	OK	 
ERROR	request_4: Failed to build request: Resource /mytags/0004_request.json not found 	1619891485693
ERROR	request_7: Failed to build request: Resource /mytags/0007_request.json not found 	1619891485693
ERROR	request_8: Failed to build request: Resource /mytags/0008_request.json not found 	1619891485693
REQUEST		request_5	1619891485694	1619891485747	OK	 
REQUEST		request_2	1619891485702	1619891485767	OK	 
REQUEST		request_2	1619891485749	1619891485800	OK	 
ERROR	request_1: Failed to build request: Resource /mytags/0001_request.json not found 	1619891485814
USER	MyTags	START	1619891485846
REQUEST		request_6	1619891485696	1619891485898	OK	 
USER	MyTags	END	1619891485901
REQUEST		request_2	1619891485876	1619891485944	OK	 
REQUEST		request_2	1619891485938	1619891485999	OK	 
REQUEST		request_0	1619891485847	1619891486065	OK	 
ERROR	request_1: Failed to build request: Resource /mytags/0001_request.json not found 	1619891486098
USER	MyTags	START	1619891486285
REQUEST		request_2	1619891486237	1619891486289	OK	 
USER	MyTags	START	1619891486316
REQUEST		request_0	1619891486286	1619891486485	OK	 
REQUEST		request_0	1619891486316	1619891486508	OK	 
USER	MyTags	START	1619891486516
REQUEST		request_2	1619891486578	1619891486636	OK	 
REQUEST		request_0	1619891486516	1619891486716	OK	 
USER	MyTags	START	1619891486770
USER	MyTags	START	1619891486783
REQUEST		request_0	1619891486770	1619891486967	OK	 
REQUEST		request_0	1619891486783	1619891486986	OK	 
REQUEST		request_2	1619891487232	1619891487285	OK	 
REQUEST		request_2	1619891487295	1619891487347	OK	 
REQUEST		request_3	1619891487263	1619891487459	OK	 
ERROR	request_4: Failed to build request: Resource /mytags/0004_request.json not found 	1619891487459
ERROR	request_7: Failed to build request: Resource /mytags/0007_request.json not found 	1619891487459
ERROR	request_8: Failed to build request: Resource /mytags/0008_request.json not found 	1619891487459
USER	MyTags	START	1619891487479
REQUEST		request_5	1619891487460	1619891487513	OK	 
REQUEST		request_3	1619891487324	1619891487516	OK	 
ERROR	request_4: Failed to build request: Resource /mytags/0004_request.json not found 	1619891487517
ERROR	request_7: Failed to build request: Resource /mytags/0007_request.json not found 	1619891487517
ERROR	request_8: Failed to build request: Resource /mytags/0008_request.json not found 	1619891487517
REQUEST		request_5	1619891487519	1619891487571	OK	 
REQUEST		request_6	1619891487460	1619891487674	OK	 
USER	MyTags	END	1619891487676
REQUEST		request_0	1619891487480	1619891487682	OK	 
REQUEST		request_6	1619891487520	1619891487712	OK	 
USER	MyTags	END	1619891487714
REQUEST		request_3	1619891487650	1619891487838	OK	 
ERROR	request_4: Failed to build request: Resource /mytags/0004_request.json not found 	1619891487839
ERROR	request_7: Failed to build request: Resource /mytags/0007_request.json not found 	1619891487839
ERROR	request_8: Failed to build request: Resource /mytags/0008_request.json not found 	1619891487839
REQUEST		request_2	1619891487819	1619891487877	OK	 
REQUEST		request_5	1619891487840	1619891487890	OK	 
USER	MyTags	START	1619891487908
REQUEST		request_3	1619891487772	1619891487972	OK	 
ERROR	request_4: Failed to build request: Resource /mytags/0004_request.json not found 	1619891487972
ERROR	request_7: Failed to build request: Resource /mytags/0007_request.json not found 	1619891487973
ERROR	request_8: Failed to build request: Resource /mytags/0008_request.json not found 	1619891487973
REQUEST		request_3	1619891487804	1619891488019	OK	 
ERROR	request_4: Failed to build request: Resource /mytags/0004_request.json not found 	1619891488020
ERROR	request_7: Failed to build request: Resource /mytags/0007_request.json not found 	1619891488020
ERROR	request_8: Failed to build request: Resource /mytags/0008_request.json not found 	1619891488020
REQUEST		request_5	1619891487974	1619891488025	OK	 
REQUEST		request_6	1619891487841	1619891488031	OK	 
USER	MyTags	END	1619891488033
REQUEST		request_5	1619891488021	1619891488079	OK	 
REQUEST		request_0	1619891487908	1619891488101	OK	 
ERROR	request_1: Failed to build request: Resource /mytags/0001_request.json not found 	1619891488112
REQUEST		request_2	1619891488100	1619891488150	OK	 
REQUEST		request_3	1619891487958	1619891488159	OK	 
ERROR	request_4: Failed to build request: Resource /mytags/0004_request.json not found 	1619891488159
ERROR	request_7: Failed to build request: Resource /mytags/0007_request.json not found 	1619891488159
ERROR	request_8: Failed to build request: Resource /mytags/0008_request.json not found 	1619891488159
REQUEST		request_6	1619891487976	1619891488178	OK	 
USER	MyTags	END	1619891488180
REQUEST		request_3	1619891488005	1619891488196	OK	 
ERROR	request_4: Failed to build request: Resource /mytags/0004_request.json not found 	1619891488196
ERROR	request_7: Failed to build request: Resource /mytags/0007_request.json not found 	1619891488197
ERROR	request_8: Failed to build request: Resource /mytags/0008_request.json not found 	1619891488197
REQUEST		request_5	1619891488160	1619891488212	OK	 
REQUEST		request_6	1619891488022	1619891488224	OK	 
USER	MyTags	END	1619891488226
REQUEST		request_5	1619891488197	1619891488256	OK	 
REQUEST		request_6	1619891488161	1619891488369	OK	 
USER	MyTags	END	1619891488372
REQUEST		request_6	1619891488198	1619891488395	OK	 
USER	MyTags	END	1619891488397
ERROR	request_1: Failed to build request: Resource /mytags/0001_request.json not found 	1619891488418
REQUEST		request_3	1619891488295	1619891488490	OK	 
ERROR	request_4: Failed to build request: Resource /mytags/0004_request.json not found 	1619891488490
ERROR	request_7: Failed to build request: Resource /mytags/0007_request.json not found 	1619891488491
ERROR	request_8: Failed to build request: Resource /mytags/0008_request.json not found 	1619891488491
REQUEST		request_5	1619891488491	1619891488539	OK	 
USER	MyTags	START	1619891488560
ERROR	request_1: Failed to build request: Resource /mytags/0001_request.json not found 	1619891488575
REQUEST		request_6	1619891488491	1619891488690	OK	 
USER	MyTags	END	1619891488693
ERROR	request_1: Failed to build request: Resource /mytags/0001_request.json not found 	1619891488714
USER	MyTags	START	1619891488730
REQUEST		request_0	1619891488560	1619891488754	OK	 
REQUEST		request_3	1619891488639	1619891488839	OK	 
ERROR	request_4: Failed to build request: Resource /mytags/0004_request.json not found 	1619891488840
ERROR	request_7: Failed to build request: Resource /mytags/0007_request.json not found 	1619891488840
ERROR	request_8: Failed to build request: Resource /mytags/0008_request.json not found 	1619891488840
ERROR	request_1: Failed to build request: Resource /mytags/0001_request.json not found 	1619891488868
REQUEST		request_5	1619891488842	1619891488896	OK	 
REQUEST		request_0	1619891488731	1619891488928	OK	 
USER	MyTags	START	1619891489037
REQUEST		request_6	1619891488843	1619891489049	OK	 
USER	MyTags	END	1619891489054
ERROR	request_1: Failed to build request: Resource /mytags/0001_request.json not found 	1619891489171
REQUEST		request_0	1619891489038	1619891489249	OK	 
ERROR	request_1: Failed to build request: Resource /mytags/0001_request.json not found 	1619891489361
ERROR	request_1: Failed to build request: Resource /mytags/0001_request.json not found 	1619891489391
REQUEST		request_3	1619891489299	1619891489509	OK	 
ERROR	request_4: Failed to build request: Resource /mytags/0004_request.json not found 	1619891489509
ERROR	request_7: Failed to build request: Resource /mytags/0007_request.json not found 	1619891489510
ERROR	request_8: Failed to build request: Resource /mytags/0008_request.json not found 	1619891489510
REQUEST		request_3	1619891489362	1619891489559	OK	 
ERROR	request_4: Failed to build request: Resource /mytags/0004_request.json not found 	1619891489560
ERROR	request_7: Failed to build request: Resource /mytags/0007_request.json not found 	1619891489560
ERROR	request_8: Failed to build request: Resource /mytags/0008_request.json not found 	1619891489560
REQUEST		request_5	1619891489510	1619891489563	OK	 
REQUEST		request_5	1619891489561	1619891489614	OK	 
REQUEST		request_6	1619891489511	1619891489697	OK	 
USER	MyTags	END	1619891489702
REQUEST		request_6	1619891489562	1619891489762	OK	 
USER	MyTags	END	1619891489766
USER	MyTags	START	1619891489774
REQUEST		request_0	1619891489775	1619891489979	OK	 
ERROR	request_1: Failed to build request: Resource /mytags/0001_request.json not found 	1619891490070
REQUEST		request_3	1619891489881	1619891490073	OK	 
ERROR	request_4: Failed to build request: Resource /mytags/0004_request.json not found 	1619891490074
ERROR	request_7: Failed to build request: Resource /mytags/0007_request.json not found 	1619891490074
ERROR	request_8: Failed to build request: Resource /mytags/0008_request.json not found 	1619891490074
REQUEST		request_5	1619891490075	1619891490128	OK	 
REQUEST		request_2	1619891490116	1619891490172	OK	 
REQUEST		request_6	1619891490077	1619891490277	OK	 
USER	MyTags	END	1619891490280
REQUEST		request_3	1619891490163	1619891490360	OK	 
ERROR	request_4: Failed to build request: Resource /mytags/0004_request.json not found 	1619891490360
ERROR	request_7: Failed to build request: Resource /mytags/0007_request.json not found 	1619891490361
ERROR	request_8: Failed to build request: Resource /mytags/0008_request.json not found 	1619891490361
REQUEST		request_5	1619891490362	1619891490411	OK	 
REQUEST		request_2	1619891490426	1619891490478	OK	 
ERROR	request_1: Failed to build request: Resource /mytags/0001_request.json not found 	1619891490502
ERROR	request_1: Failed to build request: Resource /mytags/0001_request.json not found 	1619891490511
REQUEST		request_6	1619891490363	1619891490559	OK	 
USER	MyTags	END	1619891490561
REQUEST		request_2	1619891490587	1619891490635	OK	 
ERROR	request_1: Failed to build request: Resource /mytags/0001_request.json not found 	1619891490729
REQUEST		request_2	1619891490727	1619891490785	OK	 
REQUEST		request_2	1619891490882	1619891490942	OK	 
ERROR	request_1: Failed to build request: Resource /mytags/0001_request.json not found 	1619891490975
ERROR	request_1: Failed to build request: Resource /mytags/0001_request.json not found 	1619891490991
USER	MyTags	START	1619891491009
REQUEST		request_0	1619891491009	1619891491204	OK	 
REQUEST		request_2	1619891491177	1619891491230	OK	 
USER	MyTags	START	1619891491303
REQUEST		request_2	1619891491366	1619891491418	OK	 
REQUEST		request_2	1619891491397	1619891491456	OK	 
REQUEST		request_0	1619891491303	1619891491506	OK	 
ERROR	request_1: Failed to build request: Resource /mytags/0001_request.json not found 	1619891491691
USER	MyTags	START	1619891491834
USER	MyTags	START	1619891492002
REQUEST		request_0	1619891491835	1619891492028	OK	 
USER	MyTags	START	1619891492049
ERROR	request_1: Failed to build request: Resource /mytags/0001_request.json not found 	1619891492106
REQUEST		request_2	1619891492080	1619891492130	OK	 
REQUEST		request_0	1619891492003	1619891492222	OK	 
REQUEST		request_0	1619891492049	1619891492244	OK	 
REQUEST		request_3	1619891492189	1619891492391	OK	 
ERROR	request_4: Failed to build request: Resource /mytags/0004_request.json not found 	1619891492391
ERROR	request_7: Failed to build request: Resource /mytags/0007_request.json not found 	1619891492392
ERROR	request_8: Failed to build request: Resource /mytags/0008_request.json not found 	1619891492392
REQUEST		request_5	1619891492393	1619891492441	OK	 
USER	MyTags	START	1619891492533
REQUEST		request_2	1619891492511	1619891492562	OK	 
REQUEST		request_2	1619891492526	1619891492575	OK	 
REQUEST		request_6	1619891492394	1619891492582	OK	 
USER	MyTags	END	1619891492586
USER	MyTags	START	1619891492604
REQUEST		request_3	1619891492481	1619891492675	OK	 
ERROR	request_4: Failed to build request: Resource /mytags/0004_request.json not found 	1619891492675
ERROR	request_7: Failed to build request: Resource /mytags/0007_request.json not found 	1619891492676
ERROR	request_8: Failed to build request: Resource /mytags/0008_request.json not found 	1619891492676
REQUEST		request_5	1619891492677	1619891492732	OK	 
REQUEST		request_0	1619891492533	1619891492739	OK	 
ERROR	request_1: Failed to build request: Resource /mytags/0001_request.json not found 	1619891492756
REQUEST		request_2	1619891492741	1619891492791	OK	 
REQUEST		request_0	1619891492605	1619891492811	OK	 
REQUEST		request_3	1619891492649	1619891492846	OK	 
ERROR	request_4: Failed to build request: Resource /mytags/0004_request.json not found 	1619891492846
ERROR	request_7: Failed to build request: Resource /mytags/0007_request.json not found 	1619891492846
ERROR	request_8: Failed to build request: Resource /mytags/0008_request.json not found 	1619891492846
REQUEST		request_6	1619891492678	1619891492879	OK	 
USER	MyTags	END	1619891492880
REQUEST		request_5	1619891492846	1619891492894	OK	 
ERROR	request_1: Failed to build request: Resource /mytags/0001_request.json not found 	1619891492940
REQUEST		request_3	1619891492787	1619891492978	OK	 
ERROR	request_4: Failed to build request: Resource /mytags/0004_request.json not found 	1619891492978
ERROR	request_7: Failed to build request: Resource /mytags/0007_request.json not found 	1619891492978
ERROR	request_8: Failed to build request: Resource /mytags/0008_request.json not found 	1619891492979
REQUEST		request_6	1619891492847	1619891493038	OK	 
REQUEST		request_5	1619891492979	1619891493038	OK	 
USER	MyTags	END	1619891493042
REQUEST		request_2	1619891492986	1619891493043	OK	 
REQUEST		request_2	1619891493002	1619891493054	OK	 
REQUEST		request_3	1619891492955	1619891493152	OK	 
ERROR	request_4: Failed to build request: Resource /mytags/0004_request.json not found 	1619891493152
ERROR	request_7: Failed to build request: Resource /mytags/0007_request.json not found 	1619891493153
ERROR	request_8: Failed to build request: Resource /mytags/0008_request.json not found 	1619891493153
REQUEST		request_6	1619891492980	1619891493175	OK	 
USER	MyTags	END	1619891493178
REQUEST		request_5	1619891493154	1619891493204	OK	 
ERROR	request_1: Failed to build request: Resource /mytags/0001_request.json not found 	1619891493262
REQUEST		request_6	1619891493155	1619891493358	OK	 
USER	MyTags	END	1619891493359
REQUEST		request_3	1619891493231	1619891493413	OK	 
ERROR	request_4: Failed to build request: Resource /mytags/0004_request.json not found 	1619891493414
ERROR	request_7: Failed to build request: Resource /mytags/0007_request.json not found 	1619891493414
ERROR	request_8: Failed to build request: Resource /mytags/0008_request.json not found 	1619891493414
USER	MyTags	START	1619891493442
REQUEST		request_5	1619891493415	1619891493469	OK	 
REQUEST		request_6	1619891493416	1619891493611	OK	 
USER	MyTags	END	1619891493613
REQUEST		request_3	1619891493427	1619891493620	OK	 
ERROR	request_4: Failed to build request: Resource /mytags/0004_request.json not found 	1619891493620
ERROR	request_7: Failed to build request: Resource /mytags/0007_request.json not found 	1619891493621
ERROR	request_8: Failed to build request: Resource /mytags/0008_request.json not found 	1619891493621
REQUEST		request_0	1619891493442	1619891493651	OK	 
REQUEST		request_3	1619891493473	1619891493655	OK	 
ERROR	request_4: Failed to build request: Resource /mytags/0004_request.json not found 	1619891493656
ERROR	request_7: Failed to build request: Resource /mytags/0007_request.json not found 	1619891493656
ERROR	request_8: Failed to build request: Resource /mytags/0008_request.json not found 	1619891493656
REQUEST		request_5	1619891493621	1619891493669	OK	 
REQUEST		request_5	1619891493656	1619891493715	OK	 
REQUEST		request_2	1619891493700	1619891493754	OK	 
REQUEST		request_6	1619891493622	1619891493810	OK	 
USER	MyTags	END	1619891493812
REQUEST		request_6	1619891493657	1619891493861	OK	 
USER	MyTags	END	1619891493862
ERROR	request_1: Failed to build request: Resource /mytags/0001_request.json not found 	1619891493993
REQUEST		request_2	1619891494119	1619891494175	OK	 
REQUEST		request_3	1619891494134	1619891494334	OK	 
ERROR	request_4: Failed to build request: Resource /mytags/0004_request.json not found 	1619891494334
ERROR	request_7: Failed to build request: Resource /mytags/0007_request.json not found 	1619891494335
ERROR	request_8: Failed to build request: Resource /mytags/0008_request.json not found 	1619891494335
REQUEST		request_5	1619891494336	1619891494389	OK	 
USER	MyTags	START	1619891494457
REQUEST		request_6	1619891494337	1619891494519	OK	 
USER	MyTags	END	1619891494524
REQUEST		request_0	1619891494457	1619891494677	OK	 
REQUEST		request_3	1619891494567	1619891494768	OK	 
ERROR	request_4: Failed to build request: Resource /mytags/0004_request.json not found 	1619891494769
ERROR	request_7: Failed to build request: Resource /mytags/0007_request.json not found 	1619891494770
ERROR	request_8: Failed to build request: Resource /mytags/0008_request.json not found 	1619891494770
REQUEST		request_3	1619891494583	1619891494780	OK	 
ERROR	request_4: Failed to build request: Resource /mytags/0004_request.json not found 	1619891494780
ERROR	request_7: Failed to build request: Resource /mytags/0007_request.json not found 	1619891494781
ERROR	request_8: Failed to build request: Resource /mytags/0008_request.json not found 	1619891494781
REQUEST		request_5	1619891494771	1619891494820	OK	 
REQUEST		request_2	1619891494768	1619891494821	OK	 
REQUEST		request_5	1619891494782	1619891494833	OK	 
REQUEST		request_6	1619891494772	1619891494964	OK	 
USER	MyTags	END	1619891494965
REQUEST		request_3	1619891494799	1619891494987	OK	 
REQUEST		request_6	1619891494783	1619891494987	OK	 
ERROR	request_4: Failed to build request: Resource /mytags/0004_request.json not found 	1619891494987
ERROR	request_7: Failed to build request: Resource /mytags/0007_request.json not found 	1619891494987
ERROR	request_8: Failed to build request: Resource /mytags/0008_request.json not found 	1619891494987
USER	MyTags	END	1619891494988
REQUEST		request_2	1619891494951	1619891494998	OK	 
REQUEST		request_5	1619891494987	1619891495033	OK	 
REQUEST		request_6	1619891494988	1619891495173	OK	 
USER	MyTags	END	1619891495177
ERROR	request_1: Failed to build request: Resource /mytags/0001_request.json not found 	1619891495212
REQUEST		request_3	1619891495058	1619891495256	OK	 
ERROR	request_4: Failed to build request: Resource /mytags/0004_request.json not found 	1619891495257
ERROR	request_7: Failed to build request: Resource /mytags/0007_request.json not found 	1619891495257
ERROR	request_8: Failed to build request: Resource /mytags/0008_request.json not found 	1619891495257
REQUEST		request_3	1619891495058	1619891495266	OK	 
ERROR	request_4: Failed to build request: Resource /mytags/0004_request.json not found 	1619891495267
ERROR	request_7: Failed to build request: Resource /mytags/0007_request.json not found 	1619891495267
ERROR	request_8: Failed to build request: Resource /mytags/0008_request.json not found 	1619891495267
REQUEST		request_5	1619891495259	1619891495313	OK	 
REQUEST		request_5	1619891495268	1619891495323	OK	 
REQUEST		request_2	1619891495271	1619891495332	OK	 
REQUEST		request_6	1619891495260	1619891495448	OK	 
USER	MyTags	END	1619891495452
REQUEST		request_6	1619891495270	1619891495466	OK	 
USER	MyTags	END	1619891495469
ERROR	request_1: Failed to build request: Resource /mytags/0001_request.json not found 	1619891495518
USER	MyTags	START	1619891495611
USER	MyTags	START	1619891495642
REQUEST		request_0	1619891495611	1619891495815	OK	 
REQUEST		request_0	1619891495643	1619891495837	OK	 
REQUEST		request_3	1619891495756	1619891495962	OK	 
ERROR	request_4: Failed to build request: Resource /mytags/0004_request.json not found 	1619891495962
ERROR	request_7: Failed to build request: Resource /mytags/0007_request.json not found 	1619891495963
ERROR	request_8: Failed to build request: Resource /mytags/0008_request.json not found 	1619891495963
REQUEST		request_5	1619891495964	1619891496025	OK	 
ERROR	request_1: Failed to build request: Resource /mytags/0001_request.json not found 	1619891496038
REQUEST		request_2	1619891496007	1619891496061	OK	 
REQUEST		request_6	1619891495965	1619891496165	OK	 
USER	MyTags	END	1619891496168
ERROR	request_1: Failed to build request: Resource /mytags/0001_request.json not found 	1619891496223
ERROR	request_1: Failed to build request: Resource /mytags/0001_request.json not found 	1619891496256
USER	MyTags	START	1619891496270
REQUEST		request_3	1619891496178	1619891496377	OK	 
ERROR	request_4: Failed to build request: Resource /mytags/0004_request.json not found 	1619891496378
ERROR	request_7: Failed to build request: Resource /mytags/0007_request.json not found 	1619891496378
ERROR	request_8: Failed to build request: Resource /mytags/0008_request.json not found 	1619891496378
REQUEST		request_5	1619891496378	1619891496430	OK	 
REQUEST		request_0	1619891496270	1619891496477	OK	 
REQUEST		request_6	1619891496379	1619891496578	OK	 
USER	MyTags	END	1619891496579
USER	MyTags	START	1619891496646
ERROR	request_1: Failed to build request: Resource /mytags/0001_request.json not found 	1619891496753
ERROR	request_1: Failed to build request: Resource /mytags/0001_request.json not found 	1619891496814
USER	MyTags	START	1619891496816
REQUEST		request_0	1619891496646	1619891496849	OK	 
REQUEST		request_0	1619891496816	1619891497015	OK	 
REQUEST		request_3	1619891496830	1619891497030	OK	 
ERROR	request_4: Failed to build request: Resource /mytags/0004_request.json not found 	1619891497031
ERROR	request_7: Failed to build request: Resource /mytags/0007_request.json not found 	1619891497031
ERROR	request_8: Failed to build request: Resource /mytags/0008_request.json not found 	1619891497031
REQUEST		request_5	1619891497032	1619891497088	OK	 
REQUEST		request_3	1619891497001	1619891497188	OK	 
ERROR	request_4: Failed to build request: Resource /mytags/0004_request.json not found 	1619891497189
ERROR	request_7: Failed to build request: Resource /mytags/0007_request.json not found 	1619891497189
ERROR	request_8: Failed to build request: Resource /mytags/0008_request.json not found 	1619891497189
REQUEST		request_6	1619891497034	1619891497238	OK	 
REQUEST		request_5	1619891497189	1619891497242	OK	 
USER	MyTags	END	1619891497241
REQUEST		request_2	1619891497216	1619891497264	OK	 
REQUEST		request_6	1619891497189	1619891497394	OK	 
USER	MyTags	END	1619891497398
REQUEST		request_3	1619891497339	1619891497542	OK	 
ERROR	request_4: Failed to build request: Resource /mytags/0004_request.json not found 	1619891497543
ERROR	request_7: Failed to build request: Resource /mytags/0007_request.json not found 	1619891497544
ERROR	request_8: Failed to build request: Resource /mytags/0008_request.json not found 	1619891497544
REQUEST		request_2	1619891497526	1619891497580	OK	 
REQUEST		request_5	1619891497545	1619891497599	OK	 
ERROR	request_1: Failed to build request: Resource /mytags/0001_request.json not found 	1619891497665
REQUEST		request_6	1619891497547	1619891497752	OK	 
USER	MyTags	END	1619891497756
USER	MyTags	START	1619891497790
REQUEST		request_0	1619891497790	1619891497980	OK	 
REQUEST		request_2	1619891498040	1619891498091	OK	 
REQUEST		request_3	1619891498070	1619891498286	OK	 
ERROR	request_4: Failed to build request: Resource /mytags/0004_request.json not found 	1619891498286
ERROR	request_7: Failed to build request: Resource /mytags/0007_request.json not found 	1619891498287
ERROR	request_8: Failed to build request: Resource /mytags/0008_request.json not found 	1619891498287
REQUEST		request_2	1619891498239	1619891498290	OK	 
REQUEST		request_2	1619891498271	1619891498319	OK	 
REQUEST		request_5	1619891498287	1619891498339	OK	 
USER	MyTags	START	1619891498442
REQUEST		request_6	1619891498288	1619891498468	OK	 
USER	MyTags	END	1619891498470
REQUEST		request_0	1619891498443	1619891498636	OK	 
ERROR	request_1: Failed to build request: Resource /mytags/0001_request.json not found 	1619891498692
REQUEST		request_2	1619891498770	1619891498819	OK	 
REQUEST		request_2	1619891498831	1619891498888	OK	 
REQUEST		request_3	1619891499268	1619891499455	OK	 
ERROR	request_4: Failed to build request: Resource /mytags/0004_request.json not found 	1619891499455
ERROR	request_7: Failed to build request: Resource /mytags/0007_request.json not found 	1619891499455
ERROR	request_8: Failed to build request: Resource /mytags/0008_request.json not found 	1619891499456
REQUEST		request_5	1619891499456	1619891499504	OK	 
REQUEST		request_6	1619891499457	1619891499650	OK	 
USER	MyTags	END	1619891499654
REQUEST		request_2	1619891499671	1619891499721	OK	 
REQUEST		request_3	1619891499594	1619891499798	OK	 
ERROR	request_4: Failed to build request: Resource /mytags/0004_request.json not found 	1619891499799
ERROR	request_7: Failed to build request: Resource /mytags/0007_request.json not found 	1619891499799
ERROR	request_8: Failed to build request: Resource /mytags/0008_request.json not found 	1619891499800
ERROR	request_1: Failed to build request: Resource /mytags/0001_request.json not found 	1619891499827
ERROR	request_1: Failed to build request: Resource /mytags/0001_request.json not found 	1619891499843
REQUEST		request_5	1619891499800	1619891499868	OK	 
REQUEST		request_6	1619891499801	1619891500015	OK	 
USER	MyTags	END	1619891500020
REQUEST		request_3	1619891500105	1619891500307	OK	 
ERROR	request_4: Failed to build request: Resource /mytags/0004_request.json not found 	1619891500308
ERROR	request_7: Failed to build request: Resource /mytags/0007_request.json not found 	1619891500308
ERROR	request_8: Failed to build request: Resource /mytags/0008_request.json not found 	1619891500308
REQUEST		request_5	1619891500309	1619891500366	OK	 
ERROR	request_1: Failed to build request: Resource /mytags/0001_request.json not found 	1619891500480
REQUEST		request_3	1619891500302	1619891500503	OK	 
ERROR	request_4: Failed to build request: Resource /mytags/0004_request.json not found 	1619891500504
ERROR	request_7: Failed to build request: Resource /mytags/0007_request.json not found 	1619891500504
ERROR	request_8: Failed to build request: Resource /mytags/0008_request.json not found 	1619891500504
REQUEST		request_6	1619891500310	1619891500503	OK	 
USER	MyTags	END	1619891500508
REQUEST		request_3	1619891500333	1619891500515	OK	 
ERROR	request_4: Failed to build request: Resource /mytags/0004_request.json not found 	1619891500516
ERROR	request_7: Failed to build request: Resource /mytags/0007_request.json not found 	1619891500516
ERROR	request_8: Failed to build request: Resource /mytags/0008_request.json not found 	1619891500516
REQUEST		request_5	1619891500505	1619891500555	OK	 
REQUEST		request_5	1619891500516	1619891500567	OK	 
REQUEST		request_6	1619891500507	1619891500694	OK	 
USER	MyTags	END	1619891500698
REQUEST		request_6	1619891500517	1619891500717	OK	 
USER	MyTags	END	1619891500721
REQUEST		request_2	1619891500697	1619891500750	OK	 
ERROR	request_1: Failed to build request: Resource /mytags/0001_request.json not found 	1619891500855
REQUEST		request_3	1619891500824	1619891501024	OK	 
ERROR	request_4: Failed to build request: Resource /mytags/0004_request.json not found 	1619891501025
ERROR	request_7: Failed to build request: Resource /mytags/0007_request.json not found 	1619891501025
ERROR	request_8: Failed to build request: Resource /mytags/0008_request.json not found 	1619891501025
ERROR	request_1: Failed to build request: Resource /mytags/0001_request.json not found 	1619891501028
REQUEST		request_5	1619891501026	1619891501079	OK	 
REQUEST		request_3	1619891500903	1619891501098	OK	 
ERROR	request_4: Failed to build request: Resource /mytags/0004_request.json not found 	1619891501099
ERROR	request_7: Failed to build request: Resource /mytags/0007_request.json not found 	1619891501099
ERROR	request_8: Failed to build request: Resource /mytags/0008_request.json not found 	1619891501100
REQUEST		request_5	1619891501100	1619891501151	OK	 
REQUEST		request_6	1619891501026	1619891501220	OK	 
USER	MyTags	END	1619891501224
REQUEST		request_6	1619891501101	1619891501302	OK	 
USER	MyTags	END	1619891501306
REQUEST		request_2	1619891501842	1619891501894	OK	 
REQUEST		request_2	1619891501858	1619891501914	OK	 
REQUEST		request_3	1619891501733	1619891501923	OK	 
ERROR	request_4: Failed to build request: Resource /mytags/0004_request.json not found 	1619891501923
ERROR	request_7: Failed to build request: Resource /mytags/0007_request.json not found 	1619891501924
ERROR	request_8: Failed to build request: Resource /mytags/0008_request.json not found 	1619891501924
REQUEST		request_5	1619891501924	1619891501973	OK	 
ERROR	request_1: Failed to build request: Resource /mytags/0001_request.json not found 	1619891501997
REQUEST		request_6	1619891501925	1619891502117	OK	 
USER	MyTags	END	1619891502121
REQUEST		request_2	1619891502487	1619891502536	OK	 
ERROR	request_1: Failed to build request: Resource /mytags/0001_request.json not found 	1619891502640
REQUEST		request_2	1619891502859	1619891502911	OK	 
REQUEST		request_3	1619891502764	1619891502952	OK	 
ERROR	request_4: Failed to build request: Resource /mytags/0004_request.json not found 	1619891502953
ERROR	request_7: Failed to build request: Resource /mytags/0007_request.json not found 	1619891502953
ERROR	request_8: Failed to build request: Resource /mytags/0008_request.json not found 	1619891502953
REQUEST		request_5	1619891502954	1619891503002	OK	 
REQUEST		request_2	1619891503042	1619891503122	OK	 
REQUEST		request_6	1619891502955	1619891503148	OK	 
USER	MyTags	END	1619891503153
REQUEST		request_2	1619891504005	1619891504052	OK	 
REQUEST		request_3	1619891503896	1619891504096	OK	 
ERROR	request_4: Failed to build request: Resource /mytags/0004_request.json not found 	1619891504097
ERROR	request_7: Failed to build request: Resource /mytags/0007_request.json not found 	1619891504097
ERROR	request_8: Failed to build request: Resource /mytags/0008_request.json not found 	1619891504097
REQUEST		request_3	1619891503927	1619891504113	OK	 
ERROR	request_4: Failed to build request: Resource /mytags/0004_request.json not found 	1619891504113
ERROR	request_7: Failed to build request: Resource /mytags/0007_request.json not found 	1619891504114
ERROR	request_8: Failed to build request: Resource /mytags/0008_request.json not found 	1619891504114
REQUEST		request_5	1619891504098	1619891504158	OK	 
REQUEST		request_5	1619891504115	1619891504164	OK	 
REQUEST		request_6	1619891504099	1619891504303	OK	 
REQUEST		request_6	1619891504116	1619891504303	OK	 
USER	MyTags	END	1619891504306
USER	MyTags	END	1619891504307
REQUEST		request_2	1619891504653	1619891504711	OK	 
REQUEST		request_3	1619891504544	1619891504738	OK	 
ERROR	request_4: Failed to build request: Resource /mytags/0004_request.json not found 	1619891504738
ERROR	request_7: Failed to build request: Resource /mytags/0007_request.json not found 	1619891504738
ERROR	request_8: Failed to build request: Resource /mytags/0008_request.json not found 	1619891504738
REQUEST		request_5	1619891504739	1619891504788	OK	 
REQUEST		request_6	1619891504739	1619891504935	OK	 
USER	MyTags	END	1619891504938
REQUEST		request_3	1619891504912	1619891505126	OK	 
ERROR	request_4: Failed to build request: Resource /mytags/0004_request.json not found 	1619891505126
ERROR	request_7: Failed to build request: Resource /mytags/0007_request.json not found 	1619891505126
ERROR	request_8: Failed to build request: Resource /mytags/0008_request.json not found 	1619891505126
REQUEST		request_5	1619891505127	1619891505179	OK	 
REQUEST		request_6	1619891505127	1619891505325	OK	 
REQUEST		request_3	1619891505124	1619891505325	OK	 
ERROR	request_4: Failed to build request: Resource /mytags/0004_request.json not found 	1619891505326
ERROR	request_7: Failed to build request: Resource /mytags/0007_request.json not found 	1619891505326
ERROR	request_8: Failed to build request: Resource /mytags/0008_request.json not found 	1619891505326
USER	MyTags	END	1619891505329
REQUEST		request_5	1619891505327	1619891505379	OK	 
REQUEST		request_6	1619891505328	1619891505530	OK	 
USER	MyTags	END	1619891505533
REQUEST		request_3	1619891506054	1619891506237	OK	 
ERROR	request_4: Failed to build request: Resource /mytags/0004_request.json not found 	1619891506238
ERROR	request_7: Failed to build request: Resource /mytags/0007_request.json not found 	1619891506238
ERROR	request_8: Failed to build request: Resource /mytags/0008_request.json not found 	1619891506239
REQUEST		request_5	1619891506239	1619891506291	OK	 
REQUEST		request_6	1619891506240	1619891506441	OK	 
USER	MyTags	END	1619891506445
REQUEST		request_3	1619891506721	1619891506921	OK	 
ERROR	request_4: Failed to build request: Resource /mytags/0004_request.json not found 	1619891506921
ERROR	request_7: Failed to build request: Resource /mytags/0007_request.json not found 	1619891506921
ERROR	request_8: Failed to build request: Resource /mytags/0008_request.json not found 	1619891506921
REQUEST		request_5	1619891506922	1619891506973	OK	 
REQUEST		request_6	1619891506922	1619891507113	OK	 
USER	MyTags	END	1619891507115
