RUN	AdminOptions	adminoptions	1619889849965	 	3.5.1
USER	AdminOptions	START	1619889852441
REQUEST		request_0	1619889852562	1619889852836	OK	 
USER	AdminOptions	START	1619889853016
REQUEST		request_0	1619889853018	1619889853239	OK	 
USER	AdminOptions	START	1619889854206
USER	AdminOptions	START	1619889854313
USER	AdminOptions	START	1619889854375
REQUEST		request_0	1619889854208	1619889854435	OK	 
USER	AdminOptions	START	1619889854500
REQUEST		request_0	1619889854314	1619889854541	OK	 
REQUEST		request_0	1619889854375	1619889854586	OK	 
REQUEST		request_0	1619889854501	1619889854742	OK	 
USER	AdminOptions	START	1619889854750
REQUEST		request_0	1619889854752	1619889855025	OK	 
ERROR	request_1: Failed to build request: Resource /adminoptions/0001_request.json not found 	1619889855121
USER	AdminOptions	START	1619889855132
ERROR	request_1: Failed to build request: Resource /adminoptions/0001_request.json not found 	1619889855240
REQUEST		request_0	1619889855133	1619889855323	OK	 
USER	AdminOptions	START	1619889855597
REQUEST		request_0	1619889855598	1619889855817	OK	 
USER	AdminOptions	START	1619889856003
REQUEST		request_2	1619889856143	1619889856217	OK	 
REQUEST		request_0	1619889856005	1619889856245	OK	 
REQUEST		request_2	1619889856251	1619889856304	OK	 
ERROR	request_1: Failed to build request: Resource /adminoptions/0001_request.json not found 	1619889856453
ERROR	request_1: Failed to build request: Resource /adminoptions/0001_request.json not found 	1619889856546
ERROR	request_1: Failed to build request: Resource /adminoptions/0001_request.json not found 	1619889856592
ERROR	request_1: Failed to build request: Resource /adminoptions/0001_request.json not found 	1619889856749
ERROR	request_1: Failed to build request: Resource /adminoptions/0001_request.json not found 	1619889857044
USER	AdminOptions	START	1619889857277
ERROR	request_1: Failed to build request: Resource /adminoptions/0001_request.json not found 	1619889857338
REQUEST		request_0	1619889857278	1619889857508	OK	 
REQUEST		request_2	1619889857465	1619889857521	OK	 
REQUEST		request_2	1619889857556	1619889857608	OK	 
REQUEST		request_2	1619889857602	1619889857658	OK	 
REQUEST		request_2	1619889857755	1619889857815	OK	 
ERROR	request_1: Failed to build request: Resource /adminoptions/0001_request.json not found 	1619889857832
REQUEST		request_2	1619889858064	1619889858123	OK	 
ERROR	request_1: Failed to build request: Resource /adminoptions/0001_request.json not found 	1619889858261
REQUEST		request_2	1619889858357	1619889858468	OK	 
USER	AdminOptions	START	1619889858509
REQUEST		request_0	1619889858510	1619889858734	OK	 
REQUEST		request_2	1619889858847	1619889858898	OK	 
USER	AdminOptions	START	1619889859142
USER	AdminOptions	START	1619889859236
REQUEST		request_2	1619889859283	1619889859335	OK	 
REQUEST		request_0	1619889859144	1619889859399	OK	 
REQUEST		request_0	1619889859237	1619889859453	OK	 
ERROR	request_1: Failed to build request: Resource /adminoptions/0001_request.json not found 	1619889859513
USER	AdminOptions	START	1619889860054
USER	AdminOptions	START	1619889860148
REQUEST		request_0	1619889860055	1619889860304	OK	 
USER	AdminOptions	START	1619889860348
REQUEST		request_0	1619889860150	1619889860426	OK	 
REQUEST		request_3	1619889860317	1619889860526	OK	 
ERROR	request_4: Failed to build request: Resource /adminoptions/0004_request.json not found 	1619889860529
ERROR	request_6: Failed to build request: Resource /adminoptions/0006_request.json not found 	1619889860531
ERROR	request_8: Failed to build request: Resource /adminoptions/0008_request.json not found 	1619889860532
REQUEST		request_3	1619889860240	1619889860536	OK	 
ERROR	request_4: Failed to build request: Resource /adminoptions/0004_request.json not found 	1619889860537
ERROR	request_6: Failed to build request: Resource /adminoptions/0006_request.json not found 	1619889860538
ERROR	request_8: Failed to build request: Resource /adminoptions/0008_request.json not found 	1619889860539
REQUEST		request_0	1619889860349	1619889860576	OK	 
REQUEST		request_2	1619889860533	1619889860594	OK	 
REQUEST		request_5	1619889860558	1619889860608	OK	 
REQUEST		request_5	1619889860558	1619889860619	OK	 
ERROR	request_1: Failed to build request: Resource /adminoptions/0001_request.json not found 	1619889860742
REQUEST		request_7	1619889860560	1619889860771	OK	 
USER	AdminOptions	END	1619889860777
REQUEST		request_7	1619889860562	1619889860790	OK	 
USER	AdminOptions	END	1619889860792
USER	AdminOptions	START	1619889861190
REQUEST		request_0	1619889861191	1619889861398	OK	 
ERROR	request_1: Failed to build request: Resource /adminoptions/0001_request.json not found 	1619889861411
ERROR	request_1: Failed to build request: Resource /adminoptions/0001_request.json not found 	1619889861456
REQUEST		request_3	1619889861535	1619889861727	OK	 
ERROR	request_4: Failed to build request: Resource /adminoptions/0004_request.json not found 	1619889861728
ERROR	request_6: Failed to build request: Resource /adminoptions/0006_request.json not found 	1619889861729
ERROR	request_8: Failed to build request: Resource /adminoptions/0008_request.json not found 	1619889861730
REQUEST		request_5	1619889861731	1619889861784	OK	 
REQUEST		request_2	1619889861749	1619889861805	OK	 
REQUEST		request_3	1619889861626	1619889861815	OK	 
ERROR	request_4: Failed to build request: Resource /adminoptions/0004_request.json not found 	1619889861816
ERROR	request_6: Failed to build request: Resource /adminoptions/0006_request.json not found 	1619889861817
ERROR	request_8: Failed to build request: Resource /adminoptions/0008_request.json not found 	1619889861818
REQUEST		request_3	1619889861672	1619889861864	OK	 
ERROR	request_4: Failed to build request: Resource /adminoptions/0004_request.json not found 	1619889861866
ERROR	request_6: Failed to build request: Resource /adminoptions/0006_request.json not found 	1619889861867
ERROR	request_8: Failed to build request: Resource /adminoptions/0008_request.json not found 	1619889861868
REQUEST		request_5	1619889861819	1619889861872	OK	 
REQUEST		request_5	1619889861869	1619889861921	OK	 
REQUEST		request_7	1619889861732	1619889861968	OK	 
USER	AdminOptions	END	1619889861973
REQUEST		request_7	1619889861821	1619889862022	OK	 
USER	AdminOptions	END	1619889862026
REQUEST		request_3	1619889861827	1619889862032	OK	 
ERROR	request_4: Failed to build request: Resource /adminoptions/0004_request.json not found 	1619889862033
ERROR	request_6: Failed to build request: Resource /adminoptions/0006_request.json not found 	1619889862034
ERROR	request_8: Failed to build request: Resource /adminoptions/0008_request.json not found 	1619889862035
REQUEST		request_7	1619889861870	1619889862075	OK	 
USER	AdminOptions	END	1619889862080
REQUEST		request_5	1619889862036	1619889862086	OK	 
USER	AdminOptions	START	1619889862105
REQUEST		request_7	1619889862037	1619889862250	OK	 
USER	AdminOptions	END	1619889862254
ERROR	request_1: Failed to build request: Resource /adminoptions/0001_request.json not found 	1619889862318
REQUEST		request_0	1619889862105	1619889862317	OK	 
REQUEST		request_3	1619889862135	1619889862358	OK	 
ERROR	request_4: Failed to build request: Resource /adminoptions/0004_request.json not found 	1619889862358
ERROR	request_6: Failed to build request: Resource /adminoptions/0006_request.json not found 	1619889862359
ERROR	request_8: Failed to build request: Resource /adminoptions/0008_request.json not found 	1619889862359
REQUEST		request_5	1619889862360	1619889862425	OK	 
ERROR	request_1: Failed to build request: Resource /adminoptions/0001_request.json not found 	1619889862440
REQUEST		request_2	1619889862425	1619889862477	OK	 
REQUEST		request_2	1619889862473	1619889862524	OK	 
REQUEST		request_7	1619889862363	1619889862565	OK	 
USER	AdminOptions	END	1619889862568
ERROR	request_1: Failed to build request: Resource /adminoptions/0001_request.json not found 	1619889862579
REQUEST		request_3	1619889862473	1619889862672	OK	 
ERROR	request_4: Failed to build request: Resource /adminoptions/0004_request.json not found 	1619889862673
ERROR	request_6: Failed to build request: Resource /adminoptions/0006_request.json not found 	1619889862673
ERROR	request_8: Failed to build request: Resource /adminoptions/0008_request.json not found 	1619889862673
REQUEST		request_5	1619889862675	1619889862730	OK	 
USER	AdminOptions	START	1619889862795
REQUEST		request_7	1619889862676	1619889862883	OK	 
USER	AdminOptions	END	1619889862892
REQUEST		request_0	1619889862796	1619889862999	OK	 
REQUEST		request_3	1619889862906	1619889863141	OK	 
ERROR	request_4: Failed to build request: Resource /adminoptions/0004_request.json not found 	1619889863141
ERROR	request_6: Failed to build request: Resource /adminoptions/0006_request.json not found 	1619889863142
ERROR	request_8: Failed to build request: Resource /adminoptions/0008_request.json not found 	1619889863142
REQUEST		request_5	1619889863142	1619889863193	OK	 
USER	AdminOptions	START	1619889863353
REQUEST		request_7	1619889863143	1619889863359	OK	 
USER	AdminOptions	END	1619889863362
REQUEST		request_2	1619889863324	1619889863375	OK	 
ERROR	request_1: Failed to build request: Resource /adminoptions/0001_request.json not found 	1619889863402
REQUEST		request_2	1619889863448	1619889863502	OK	 
REQUEST		request_3	1619889863353	1619889863556	OK	 
REQUEST		request_0	1619889863354	1619889863555	OK	 
ERROR	request_4: Failed to build request: Resource /adminoptions/0004_request.json not found 	1619889863557
ERROR	request_6: Failed to build request: Resource /adminoptions/0006_request.json not found 	1619889863558
ERROR	request_8: Failed to build request: Resource /adminoptions/0008_request.json not found 	1619889863559
REQUEST		request_5	1619889863561	1619889863610	OK	 
REQUEST		request_2	1619889863585	1619889863640	OK	 
REQUEST		request_7	1619889863564	1619889863761	OK	 
USER	AdminOptions	END	1619889863768
ERROR	request_1: Failed to build request: Resource /adminoptions/0001_request.json not found 	1619889864327
REQUEST		request_2	1619889864407	1619889864470	OK	 
REQUEST		request_3	1619889864612	1619889864823	OK	 
ERROR	request_4: Failed to build request: Resource /adminoptions/0004_request.json not found 	1619889864824
ERROR	request_6: Failed to build request: Resource /adminoptions/0006_request.json not found 	1619889864825
ERROR	request_8: Failed to build request: Resource /adminoptions/0008_request.json not found 	1619889864826
REQUEST		request_5	1619889864827	1619889864881	OK	 
ERROR	request_1: Failed to build request: Resource /adminoptions/0001_request.json not found 	1619889865007
REQUEST		request_7	1619889864829	1619889865037	OK	 
USER	AdminOptions	END	1619889865042
REQUEST		request_2	1619889865336	1619889865390	OK	 
ERROR	request_1: Failed to build request: Resource /adminoptions/0001_request.json not found 	1619889865565
REQUEST		request_3	1619889865816	1619889866015	OK	 
ERROR	request_4: Failed to build request: Resource /adminoptions/0004_request.json not found 	1619889866016
ERROR	request_6: Failed to build request: Resource /adminoptions/0006_request.json not found 	1619889866017
ERROR	request_8: Failed to build request: Resource /adminoptions/0008_request.json not found 	1619889866018
REQUEST		request_5	1619889866020	1619889866073	OK	 
REQUEST		request_2	1619889866028	1619889866084	OK	 
REQUEST		request_7	1619889866023	1619889866222	OK	 
USER	AdminOptions	END	1619889866231
USER	AdminOptions	START	1619889866392
USER	AdminOptions	START	1619889866560
REQUEST		request_0	1619889866393	1619889866596	OK	 
REQUEST		request_2	1619889866575	1619889866633	OK	 
REQUEST		request_3	1619889866485	1619889866688	OK	 
ERROR	request_4: Failed to build request: Resource /adminoptions/0004_request.json not found 	1619889866690
ERROR	request_6: Failed to build request: Resource /adminoptions/0006_request.json not found 	1619889866690
ERROR	request_8: Failed to build request: Resource /adminoptions/0008_request.json not found 	1619889866691
REQUEST		request_3	1619889866530	1619889866742	OK	 
ERROR	request_4: Failed to build request: Resource /adminoptions/0004_request.json not found 	1619889866743
ERROR	request_6: Failed to build request: Resource /adminoptions/0006_request.json not found 	1619889866743
ERROR	request_8: Failed to build request: Resource /adminoptions/0008_request.json not found 	1619889866744
REQUEST		request_5	1619889866695	1619889866753	OK	 
REQUEST		request_0	1619889866561	1619889866780	OK	 
REQUEST		request_5	1619889866744	1619889866805	OK	 
REQUEST		request_7	1619889866697	1619889866913	OK	 
USER	AdminOptions	END	1619889866916
REQUEST		request_7	1619889866746	1619889866971	OK	 
USER	AdminOptions	END	1619889866973
USER	AdminOptions	START	1619889867517
REQUEST		request_3	1619889867390	1619889867588	OK	 
ERROR	request_4: Failed to build request: Resource /adminoptions/0004_request.json not found 	1619889867589
ERROR	request_6: Failed to build request: Resource /adminoptions/0006_request.json not found 	1619889867590
ERROR	request_8: Failed to build request: Resource /adminoptions/0008_request.json not found 	1619889867590
REQUEST		request_5	1619889867592	1619889867649	OK	 
REQUEST		request_3	1619889867515	1619889867714	OK	 
ERROR	request_4: Failed to build request: Resource /adminoptions/0004_request.json not found 	1619889867714
ERROR	request_6: Failed to build request: Resource /adminoptions/0006_request.json not found 	1619889867715
ERROR	request_8: Failed to build request: Resource /adminoptions/0008_request.json not found 	1619889867715
REQUEST		request_0	1619889867517	1619889867726	OK	 
REQUEST		request_5	1619889867716	1619889867767	OK	 
REQUEST		request_7	1619889867594	1619889867805	OK	 
USER	AdminOptions	START	1619889867807
USER	AdminOptions	END	1619889867811
REQUEST		request_3	1619889867652	1619889867899	OK	 
ERROR	request_4: Failed to build request: Resource /adminoptions/0004_request.json not found 	1619889867899
ERROR	request_6: Failed to build request: Resource /adminoptions/0006_request.json not found 	1619889867899
ERROR	request_8: Failed to build request: Resource /adminoptions/0008_request.json not found 	1619889867900
REQUEST		request_7	1619889867717	1619889867923	OK	 
USER	AdminOptions	END	1619889867925
REQUEST		request_5	1619889867900	1619889867954	OK	 
REQUEST		request_0	1619889867808	1619889868023	OK	 
REQUEST		request_7	1619889867901	1619889868104	OK	 
USER	AdminOptions	END	1619889868106
ERROR	request_1: Failed to build request: Resource /adminoptions/0001_request.json not found 	1619889868610
REQUEST		request_3	1619889868486	1619889868685	OK	 
ERROR	request_4: Failed to build request: Resource /adminoptions/0004_request.json not found 	1619889868686
ERROR	request_6: Failed to build request: Resource /adminoptions/0006_request.json not found 	1619889868687
ERROR	request_8: Failed to build request: Resource /adminoptions/0008_request.json not found 	1619889868688
REQUEST		request_5	1619889868689	1619889868748	OK	 
ERROR	request_1: Failed to build request: Resource /adminoptions/0001_request.json not found 	1619889868782
REQUEST		request_7	1619889868691	1619889868884	OK	 
USER	AdminOptions	END	1619889868889
USER	AdminOptions	START	1619889869157
REQUEST		request_0	1619889869158	1619889869354	OK	 
REQUEST		request_3	1619889869404	1619889869608	OK	 
ERROR	request_4: Failed to build request: Resource /adminoptions/0004_request.json not found 	1619889869611
ERROR	request_6: Failed to build request: Resource /adminoptions/0006_request.json not found 	1619889869612
ERROR	request_8: Failed to build request: Resource /adminoptions/0008_request.json not found 	1619889869613
REQUEST		request_5	1619889869615	1619889869666	OK	 
REQUEST		request_2	1619889869621	1619889869674	OK	 
ERROR	request_1: Failed to build request: Resource /adminoptions/0001_request.json not found 	1619889869730
REQUEST		request_7	1619889869618	1619889869812	OK	 
USER	AdminOptions	END	1619889869817
REQUEST		request_2	1619889869792	1619889869842	OK	 
ERROR	request_1: Failed to build request: Resource /adminoptions/0001_request.json not found 	1619889870037
USER	AdminOptions	START	1619889870240
REQUEST		request_3	1619889870100	1619889870305	OK	 
ERROR	request_4: Failed to build request: Resource /adminoptions/0004_request.json not found 	1619889870306
ERROR	request_6: Failed to build request: Resource /adminoptions/0006_request.json not found 	1619889870306
ERROR	request_8: Failed to build request: Resource /adminoptions/0008_request.json not found 	1619889870306
REQUEST		request_5	1619889870307	1619889870362	OK	 
REQUEST		request_0	1619889870240	1619889870431	OK	 
REQUEST		request_7	1619889870307	1619889870510	OK	 
USER	AdminOptions	END	1619889870512
USER	AdminOptions	START	1619889870736
REQUEST		request_2	1619889870735	1619889870786	OK	 
USER	AdminOptions	START	1619889870857
REQUEST		request_3	1619889870641	1619889870862	OK	 
ERROR	request_4: Failed to build request: Resource /adminoptions/0004_request.json not found 	1619889870863
ERROR	request_6: Failed to build request: Resource /adminoptions/0006_request.json not found 	1619889870864
ERROR	request_8: Failed to build request: Resource /adminoptions/0008_request.json not found 	1619889870865
REQUEST		request_5	1619889870867	1619889870929	OK	 
REQUEST		request_0	1619889870737	1619889870937	OK	 
REQUEST		request_0	1619889870858	1619889871063	OK	 
REQUEST		request_7	1619889870869	1619889871079	OK	 
USER	AdminOptions	END	1619889871084
REQUEST		request_2	1619889871040	1619889871092	OK	 
ERROR	request_1: Failed to build request: Resource /adminoptions/0001_request.json not found 	1619889871365
USER	AdminOptions	START	1619889871397
REQUEST		request_0	1619889871398	1619889871590	OK	 
USER	AdminOptions	START	1619889871631
REQUEST		request_0	1619889871632	1619889871829	OK	 
USER	AdminOptions	START	1619889872015
REQUEST		request_0	1619889872016	1619889872207	OK	 
REQUEST		request_2	1619889872388	1619889872440	OK	 
ERROR	request_1: Failed to build request: Resource /adminoptions/0001_request.json not found 	1619889872449
ERROR	request_1: Failed to build request: Resource /adminoptions/0001_request.json not found 	1619889872944
ERROR	request_1: Failed to build request: Resource /adminoptions/0001_request.json not found 	1619889873067
REQUEST		request_2	1619889873456	1619889873506	OK	 
ERROR	request_1: Failed to build request: Resource /adminoptions/0001_request.json not found 	1619889873595
ERROR	request_1: Failed to build request: Resource /adminoptions/0001_request.json not found 	1619889873844
REQUEST		request_3	1619889873688	1619889873887	OK	 
ERROR	request_4: Failed to build request: Resource /adminoptions/0004_request.json not found 	1619889873888
ERROR	request_6: Failed to build request: Resource /adminoptions/0006_request.json not found 	1619889873888
ERROR	request_8: Failed to build request: Resource /adminoptions/0008_request.json not found 	1619889873889
REQUEST		request_5	1619889873891	1619889873947	OK	 
USER	AdminOptions	START	1619889873997
REQUEST		request_2	1619889873952	1619889874004	OK	 
REQUEST		request_3	1619889873846	1619889874042	OK	 
ERROR	request_4: Failed to build request: Resource /adminoptions/0004_request.json not found 	1619889874042
ERROR	request_6: Failed to build request: Resource /adminoptions/0006_request.json not found 	1619889874043
ERROR	request_8: Failed to build request: Resource /adminoptions/0008_request.json not found 	1619889874043
REQUEST		request_7	1619889873894	1619889874084	OK	 
USER	AdminOptions	END	1619889874088
REQUEST		request_5	1619889874043	1619889874096	OK	 
REQUEST		request_2	1619889874077	1619889874132	OK	 
REQUEST		request_0	1619889873998	1619889874209	OK	 
ERROR	request_1: Failed to build request: Resource /adminoptions/0001_request.json not found 	1619889874216
REQUEST		request_7	1619889874044	1619889874255	OK	 
USER	AdminOptions	END	1619889874260
USER	AdminOptions	START	1619889874370
REQUEST		request_0	1619889874371	1619889874572	OK	 
REQUEST		request_2	1619889874601	1619889874661	OK	 
REQUEST		request_2	1619889874850	1619889874899	OK	 
REQUEST		request_3	1619889874804	1619889875000	OK	 
ERROR	request_4: Failed to build request: Resource /adminoptions/0004_request.json not found 	1619889875001
ERROR	request_6: Failed to build request: Resource /adminoptions/0006_request.json not found 	1619889875002
ERROR	request_8: Failed to build request: Resource /adminoptions/0008_request.json not found 	1619889875002
REQUEST		request_5	1619889875004	1619889875060	OK	 
REQUEST		request_7	1619889875006	1619889875220	OK	 
USER	AdminOptions	END	1619889875227
USER	AdminOptions	START	1619889875253
REQUEST		request_2	1619889875230	1619889875283	OK	 
REQUEST		request_3	1619889875098	1619889875321	OK	 
ERROR	request_4: Failed to build request: Resource /adminoptions/0004_request.json not found 	1619889875322
ERROR	request_6: Failed to build request: Resource /adminoptions/0006_request.json not found 	1619889875323
ERROR	request_8: Failed to build request: Resource /adminoptions/0008_request.json not found 	1619889875324
USER	AdminOptions	START	1619889875331
REQUEST		request_5	1619889875325	1619889875428	OK	 
REQUEST		request_0	1619889875253	1619889875454	OK	 
REQUEST		request_0	1619889875332	1619889875539	OK	 
REQUEST		request_7	1619889875327	1619889875568	OK	 
USER	AdminOptions	END	1619889875573
USER	AdminOptions	START	1619889876167
ERROR	request_1: Failed to build request: Resource /adminoptions/0001_request.json not found 	1619889876214
REQUEST		request_0	1619889876167	1619889876370	OK	 
ERROR	request_1: Failed to build request: Resource /adminoptions/0001_request.json not found 	1619889876581
REQUEST		request_3	1619889876444	1619889876636	OK	 
ERROR	request_4: Failed to build request: Resource /adminoptions/0004_request.json not found 	1619889876637
ERROR	request_6: Failed to build request: Resource /adminoptions/0006_request.json not found 	1619889876638
ERROR	request_8: Failed to build request: Resource /adminoptions/0008_request.json not found 	1619889876638
REQUEST		request_5	1619889876639	1619889876689	OK	 
REQUEST		request_7	1619889876640	1619889876856	OK	 
USER	AdminOptions	END	1619889876859
REQUEST		request_2	1619889877219	1619889877269	OK	 
USER	AdminOptions	START	1619889877377
ERROR	request_1: Failed to build request: Resource /adminoptions/0001_request.json not found 	1619889877469
ERROR	request_1: Failed to build request: Resource /adminoptions/0001_request.json not found 	1619889877545
REQUEST		request_0	1619889877377	1619889877578	OK	 
REQUEST		request_2	1619889877593	1619889877654	OK	 
REQUEST		request_3	1619889877515	1619889877726	OK	 
ERROR	request_4: Failed to build request: Resource /adminoptions/0004_request.json not found 	1619889877727
ERROR	request_6: Failed to build request: Resource /adminoptions/0006_request.json not found 	1619889877729
ERROR	request_8: Failed to build request: Resource /adminoptions/0008_request.json not found 	1619889877729
REQUEST		request_5	1619889877730	1619889877782	OK	 
REQUEST		request_7	1619889877732	1619889877929	OK	 
USER	AdminOptions	END	1619889877932
REQUEST		request_3	1619889878008	1619889878225	OK	 
ERROR	request_4: Failed to build request: Resource /adminoptions/0004_request.json not found 	1619889878226
ERROR	request_6: Failed to build request: Resource /adminoptions/0006_request.json not found 	1619889878227
ERROR	request_8: Failed to build request: Resource /adminoptions/0008_request.json not found 	1619889878227
REQUEST		request_5	1619889878228	1619889878284	OK	 
REQUEST		request_3	1619889878147	1619889878339	OK	 
ERROR	request_4: Failed to build request: Resource /adminoptions/0004_request.json not found 	1619889878339
ERROR	request_6: Failed to build request: Resource /adminoptions/0006_request.json not found 	1619889878339
ERROR	request_8: Failed to build request: Resource /adminoptions/0008_request.json not found 	1619889878340
ERROR	request_1: Failed to build request: Resource /adminoptions/0001_request.json not found 	1619889878379
REQUEST		request_5	1619889878340	1619889878405	OK	 
REQUEST		request_7	1619889878229	1619889878452	OK	 
USER	AdminOptions	END	1619889878456
REQUEST		request_2	1619889878472	1619889878522	OK	 
REQUEST		request_7	1619889878341	1619889878554	OK	 
USER	AdminOptions	END	1619889878558
REQUEST		request_2	1619889878563	1619889878614	OK	 
USER	AdminOptions	START	1619889878625
USER	AdminOptions	START	1619889878719
USER	AdminOptions	START	1619889878826
REQUEST		request_0	1619889878626	1619889878828	OK	 
REQUEST		request_3	1619889878671	1619889878867	OK	 
ERROR	request_4: Failed to build request: Resource /adminoptions/0004_request.json not found 	1619889878868
ERROR	request_6: Failed to build request: Resource /adminoptions/0006_request.json not found 	1619889878868
ERROR	request_8: Failed to build request: Resource /adminoptions/0008_request.json not found 	1619889878869
REQUEST		request_0	1619889878719	1619889878916	OK	 
REQUEST		request_5	1619889878870	1619889878919	OK	 
REQUEST		request_0	1619889878827	1619889879026	OK	 
REQUEST		request_7	1619889878871	1619889879062	OK	 
USER	AdminOptions	END	1619889879066
REQUEST		request_3	1619889878903	1619889879109	OK	 
ERROR	request_4: Failed to build request: Resource /adminoptions/0004_request.json not found 	1619889879110
ERROR	request_6: Failed to build request: Resource /adminoptions/0006_request.json not found 	1619889879111
ERROR	request_8: Failed to build request: Resource /adminoptions/0008_request.json not found 	1619889879111
USER	AdminOptions	START	1619889879116
REQUEST		request_5	1619889879112	1619889879163	OK	 
USER	AdminOptions	START	1619889879224
REQUEST		request_7	1619889879114	1619889879327	OK	 
REQUEST		request_0	1619889879117	1619889879327	OK	 
USER	AdminOptions	END	1619889879329
REQUEST		request_0	1619889879225	1619889879432	OK	 
REQUEST		request_2	1619889879390	1619889879451	OK	 
REQUEST		request_3	1619889879299	1619889879492	OK	 
ERROR	request_4: Failed to build request: Resource /adminoptions/0004_request.json not found 	1619889879492
ERROR	request_6: Failed to build request: Resource /adminoptions/0006_request.json not found 	1619889879493
ERROR	request_8: Failed to build request: Resource /adminoptions/0008_request.json not found 	1619889879493
REQUEST		request_5	1619889879493	1619889879547	OK	 
ERROR	request_1: Failed to build request: Resource /adminoptions/0001_request.json not found 	1619889879592
REQUEST		request_7	1619889879494	1619889879685	OK	 
USER	AdminOptions	END	1619889879689
USER	AdminOptions	START	1619889879700
REQUEST		request_0	1619889879700	1619889879929	OK	 
REQUEST		request_2	1619889880595	1619889880650	OK	 
USER	AdminOptions	START	1619889880781
ERROR	request_1: Failed to build request: Resource /adminoptions/0001_request.json not found 	1619889880842
ERROR	request_1: Failed to build request: Resource /adminoptions/0001_request.json not found 	1619889880934
REQUEST		request_0	1619889880781	1619889880973	OK	 
ERROR	request_1: Failed to build request: Resource /adminoptions/0001_request.json not found 	1619889881043
USER	AdminOptions	START	1619889881151
ERROR	request_1: Failed to build request: Resource /adminoptions/0001_request.json not found 	1619889881337
REQUEST		request_0	1619889881152	1619889881370	OK	 
ERROR	request_1: Failed to build request: Resource /adminoptions/0001_request.json not found 	1619889881448
REQUEST		request_3	1619889881276	1619889881475	OK	 
ERROR	request_4: Failed to build request: Resource /adminoptions/0004_request.json not found 	1619889881477
ERROR	request_6: Failed to build request: Resource /adminoptions/0006_request.json not found 	1619889881478
ERROR	request_8: Failed to build request: Resource /adminoptions/0008_request.json not found 	1619889881479
REQUEST		request_5	1619889881481	1619889881540	OK	 
REQUEST		request_7	1619889881483	1619889881691	OK	 
USER	AdminOptions	END	1619889881693
REQUEST		request_3	1619889881663	1619889881855	OK	 
ERROR	request_4: Failed to build request: Resource /adminoptions/0004_request.json not found 	1619889881858
ERROR	request_6: Failed to build request: Resource /adminoptions/0006_request.json not found 	1619889881859
ERROR	request_8: Failed to build request: Resource /adminoptions/0008_request.json not found 	1619889881859
REQUEST		request_2	1619889881851	1619889881908	OK	 
REQUEST		request_5	1619889881861	1619889881910	OK	 
ERROR	request_1: Failed to build request: Resource /adminoptions/0001_request.json not found 	1619889881942
REQUEST		request_2	1619889881943	1619889881993	OK	 
USER	AdminOptions	START	1619889881958
REQUEST		request_7	1619889881863	1619889882078	OK	 
USER	AdminOptions	END	1619889882081
USER	AdminOptions	START	1619889882081
REQUEST		request_2	1619889882051	1619889882102	OK	 
REQUEST		request_0	1619889881959	1619889882187	OK	 
REQUEST		request_0	1619889882082	1619889882286	OK	 
REQUEST		request_2	1619889882346	1619889882397	OK	 
REQUEST		request_2	1619889882453	1619889882504	OK	 
REQUEST		request_3	1619889882530	1619889882732	OK	 
ERROR	request_4: Failed to build request: Resource /adminoptions/0004_request.json not found 	1619889882733
ERROR	request_6: Failed to build request: Resource /adminoptions/0006_request.json not found 	1619889882734
ERROR	request_8: Failed to build request: Resource /adminoptions/0008_request.json not found 	1619889882735
USER	AdminOptions	START	1619889882733
REQUEST		request_5	1619889882736	1619889882787	OK	 
REQUEST		request_3	1619889882623	1619889882813	OK	 
ERROR	request_4: Failed to build request: Resource /adminoptions/0004_request.json not found 	1619889882814
ERROR	request_6: Failed to build request: Resource /adminoptions/0006_request.json not found 	1619889882814
ERROR	request_8: Failed to build request: Resource /adminoptions/0008_request.json not found 	1619889882814
USER	AdminOptions	START	1619889882838
REQUEST		request_5	1619889882815	1619889882867	OK	 
REQUEST		request_0	1619889882734	1619889882941	OK	 
REQUEST		request_7	1619889882738	1619889882944	OK	 
USER	AdminOptions	END	1619889882948
ERROR	request_1: Failed to build request: Resource /adminoptions/0001_request.json not found 	1619889882978
REQUEST		request_2	1619889882947	1619889883004	OK	 
REQUEST		request_7	1619889882815	1619889883010	OK	 
USER	AdminOptions	END	1619889883013
REQUEST		request_0	1619889882838	1619889883036	OK	 
ERROR	request_1: Failed to build request: Resource /adminoptions/0001_request.json not found 	1619889883378
REQUEST		request_3	1619889883457	1619889883652	OK	 
ERROR	request_4: Failed to build request: Resource /adminoptions/0004_request.json not found 	1619889883653
ERROR	request_6: Failed to build request: Resource /adminoptions/0006_request.json not found 	1619889883653
ERROR	request_8: Failed to build request: Resource /adminoptions/0008_request.json not found 	1619889883654
USER	AdminOptions	START	1619889883675
REQUEST		request_5	1619889883655	1619889883709	OK	 
REQUEST		request_7	1619889883657	1619889883866	OK	 
USER	AdminOptions	END	1619889883873
REQUEST		request_0	1619889883676	1619889883884	OK	 
USER	AdminOptions	START	1619889883923
USER	AdminOptions	START	1619889883984
REQUEST		request_2	1619889883983	1619889884042	OK	 
REQUEST		request_0	1619889883923	1619889884129	OK	 
REQUEST		request_0	1619889883984	1619889884177	OK	 
ERROR	request_1: Failed to build request: Resource /adminoptions/0001_request.json not found 	1619889884198
ERROR	request_1: Failed to build request: Resource /adminoptions/0001_request.json not found 	1619889884292
REQUEST		request_2	1619889884387	1619889884444	OK	 
USER	AdminOptions	START	1619889884607
USER	AdminOptions	START	1619889884699
REQUEST		request_0	1619889884608	1619889884813	OK	 
REQUEST		request_3	1619889884661	1619889884864	OK	 
ERROR	request_4: Failed to build request: Resource /adminoptions/0004_request.json not found 	1619889884865
ERROR	request_6: Failed to build request: Resource /adminoptions/0006_request.json not found 	1619889884865
ERROR	request_8: Failed to build request: Resource /adminoptions/0008_request.json not found 	1619889884865
REQUEST		request_0	1619889884699	1619889884913	OK	 
REQUEST		request_5	1619889884865	1619889884918	OK	 
ERROR	request_1: Failed to build request: Resource /adminoptions/0001_request.json not found 	1619889884947
ERROR	request_1: Failed to build request: Resource /adminoptions/0001_request.json not found 	1619889885041
REQUEST		request_7	1619889884866	1619889885074	OK	 
USER	AdminOptions	END	1619889885077
USER	AdminOptions	START	1619889885101
REQUEST		request_2	1619889885213	1619889885266	OK	 
REQUEST		request_0	1619889885102	1619889885317	OK	 
REQUEST		request_2	1619889885305	1619889885361	OK	 
USER	AdminOptions	START	1619889885492
USER	AdminOptions	START	1619889885568
REQUEST		request_0	1619889885492	1619889885689	OK	 
REQUEST		request_0	1619889885569	1619889885777	OK	 
ERROR	request_1: Failed to build request: Resource /adminoptions/0001_request.json not found 	1619889885895
REQUEST		request_2	1619889885957	1619889886019	OK	 
REQUEST		request_2	1619889886049	1619889886103	OK	 
REQUEST		request_3	1619889885912	1619889886123	OK	 
ERROR	request_4: Failed to build request: Resource /adminoptions/0004_request.json not found 	1619889886123
ERROR	request_6: Failed to build request: Resource /adminoptions/0006_request.json not found 	1619889886124
ERROR	request_8: Failed to build request: Resource /adminoptions/0008_request.json not found 	1619889886124
ERROR	request_1: Failed to build request: Resource /adminoptions/0001_request.json not found 	1619889886142
REQUEST		request_5	1619889886125	1619889886178	OK	 
ERROR	request_1: Failed to build request: Resource /adminoptions/0001_request.json not found 	1619889886188
REQUEST		request_3	1619889886004	1619889886231	OK	 
ERROR	request_4: Failed to build request: Resource /adminoptions/0004_request.json not found 	1619889886231
ERROR	request_6: Failed to build request: Resource /adminoptions/0006_request.json not found 	1619889886231
ERROR	request_8: Failed to build request: Resource /adminoptions/0008_request.json not found 	1619889886231
REQUEST		request_5	1619889886232	1619889886283	OK	 
REQUEST		request_3	1619889886111	1619889886302	OK	 
ERROR	request_4: Failed to build request: Resource /adminoptions/0004_request.json not found 	1619889886303
ERROR	request_6: Failed to build request: Resource /adminoptions/0006_request.json not found 	1619889886303
ERROR	request_8: Failed to build request: Resource /adminoptions/0008_request.json not found 	1619889886303
REQUEST		request_7	1619889886126	1619889886331	OK	 
USER	AdminOptions	END	1619889886334
REQUEST		request_5	1619889886303	1619889886368	OK	 
REQUEST		request_7	1619889886232	1619889886422	OK	 
USER	AdminOptions	END	1619889886427
REQUEST		request_7	1619889886304	1619889886495	OK	 
USER	AdminOptions	END	1619889886500
REQUEST		request_3	1619889886406	1619889886607	OK	 
ERROR	request_4: Failed to build request: Resource /adminoptions/0004_request.json not found 	1619889886608
ERROR	request_6: Failed to build request: Resource /adminoptions/0006_request.json not found 	1619889886608
ERROR	request_8: Failed to build request: Resource /adminoptions/0008_request.json not found 	1619889886609
REQUEST		request_5	1619889886610	1619889886668	OK	 
REQUEST		request_3	1619889886512	1619889886720	OK	 
ERROR	request_4: Failed to build request: Resource /adminoptions/0004_request.json not found 	1619889886721
ERROR	request_6: Failed to build request: Resource /adminoptions/0006_request.json not found 	1619889886722
ERROR	request_8: Failed to build request: Resource /adminoptions/0008_request.json not found 	1619889886722
REQUEST		request_5	1619889886723	1619889886776	OK	 
REQUEST		request_7	1619889886611	1619889886810	OK	 
USER	AdminOptions	END	1619889886814
ERROR	request_1: Failed to build request: Resource /adminoptions/0001_request.json not found 	1619889886820
REQUEST		request_7	1619889886725	1619889886925	OK	 
ERROR	request_1: Failed to build request: Resource /adminoptions/0001_request.json not found 	1619889886927
USER	AdminOptions	END	1619889886931
REQUEST		request_2	1619889886912	1619889886964	OK	 
USER	AdminOptions	START	1619889887067
REQUEST		request_2	1619889887158	1619889887211	OK	 
REQUEST		request_3	1619889887019	1619889887230	OK	 
ERROR	request_4: Failed to build request: Resource /adminoptions/0004_request.json not found 	1619889887231
ERROR	request_6: Failed to build request: Resource /adminoptions/0006_request.json not found 	1619889887231
ERROR	request_8: Failed to build request: Resource /adminoptions/0008_request.json not found 	1619889887232
REQUEST		request_2	1619889887219	1619889887272	OK	 
REQUEST		request_0	1619889887068	1619889887272	OK	 
REQUEST		request_5	1619889887234	1619889887288	OK	 
ERROR	request_1: Failed to build request: Resource /adminoptions/0001_request.json not found 	1619889887326
REQUEST		request_7	1619889887235	1619889887428	OK	 
USER	AdminOptions	END	1619889887430
ERROR	request_1: Failed to build request: Resource /adminoptions/0001_request.json not found 	1619889887699
USER	AdminOptions	START	1619889887761
ERROR	request_1: Failed to build request: Resource /adminoptions/0001_request.json not found 	1619889887791
REQUEST		request_2	1619889887838	1619889887895	OK	 
REQUEST		request_0	1619889887762	1619889887966	OK	 
REQUEST		request_2	1619889887945	1619889888002	OK	 
REQUEST		request_3	1619889888055	1619889888255	OK	 
ERROR	request_4: Failed to build request: Resource /adminoptions/0004_request.json not found 	1619889888256
ERROR	request_6: Failed to build request: Resource /adminoptions/0006_request.json not found 	1619889888256
ERROR	request_8: Failed to build request: Resource /adminoptions/0008_request.json not found 	1619889888256
REQUEST		request_5	1619889888256	1619889888303	OK	 
REQUEST		request_2	1619889888333	1619889888391	OK	 
REQUEST		request_7	1619889888257	1619889888464	OK	 
USER	AdminOptions	END	1619889888467
REQUEST		request_3	1619889888458	1619889888653	OK	 
ERROR	request_4: Failed to build request: Resource /adminoptions/0004_request.json not found 	1619889888654
ERROR	request_6: Failed to build request: Resource /adminoptions/0006_request.json not found 	1619889888656
ERROR	request_8: Failed to build request: Resource /adminoptions/0008_request.json not found 	1619889888656
REQUEST		request_5	1619889888658	1619889888713	OK	 
REQUEST		request_2	1619889888706	1619889888756	OK	 
REQUEST		request_2	1619889888798	1619889888855	OK	 
REQUEST		request_7	1619889888660	1619889888865	OK	 
USER	AdminOptions	END	1619889888870
USER	AdminOptions	START	1619889889080
USER	AdminOptions	START	1619889889095
ERROR	request_1: Failed to build request: Resource /adminoptions/0001_request.json not found 	1619889889280
REQUEST		request_0	1619889889081	1619889889306	OK	 
REQUEST		request_0	1619889889096	1619889889319	OK	 
USER	AdminOptions	START	1619889889335
REQUEST		request_3	1619889889280	1619889889503	OK	 
ERROR	request_4: Failed to build request: Resource /adminoptions/0004_request.json not found 	1619889889504
ERROR	request_6: Failed to build request: Resource /adminoptions/0006_request.json not found 	1619889889504
ERROR	request_8: Failed to build request: Resource /adminoptions/0008_request.json not found 	1619889889504
REQUEST		request_0	1619889889335	1619889889543	OK	 
REQUEST		request_3	1619889889374	1619889889575	OK	 
ERROR	request_4: Failed to build request: Resource /adminoptions/0004_request.json not found 	1619889889575
ERROR	request_6: Failed to build request: Resource /adminoptions/0006_request.json not found 	1619889889575
ERROR	request_8: Failed to build request: Resource /adminoptions/0008_request.json not found 	1619889889575
REQUEST		request_5	1619889889505	1619889889576	OK	 
USER	AdminOptions	START	1619889889619
REQUEST		request_5	1619889889576	1619889889631	OK	 
REQUEST		request_7	1619889889505	1619889889723	OK	 
USER	AdminOptions	END	1619889889725
REQUEST		request_7	1619889889577	1619889889778	OK	 
USER	AdminOptions	END	1619889889780
USER	AdminOptions	START	1619889889789
REQUEST		request_0	1619889889619	1619889889822	OK	 
ERROR	request_1: Failed to build request: Resource /adminoptions/0001_request.json not found 	1619889889974
REQUEST		request_0	1619889889789	1619889889980	OK	 
REQUEST		request_3	1619889890020	1619889890229	OK	 
ERROR	request_4: Failed to build request: Resource /adminoptions/0004_request.json not found 	1619889890230
ERROR	request_6: Failed to build request: Resource /adminoptions/0006_request.json not found 	1619889890231
ERROR	request_8: Failed to build request: Resource /adminoptions/0008_request.json not found 	1619889890231
REQUEST		request_5	1619889890232	1619889890289	OK	 
REQUEST		request_3	1619889890114	1619889890327	OK	 
ERROR	request_4: Failed to build request: Resource /adminoptions/0004_request.json not found 	1619889890328
ERROR	request_6: Failed to build request: Resource /adminoptions/0006_request.json not found 	1619889890328
ERROR	request_8: Failed to build request: Resource /adminoptions/0008_request.json not found 	1619889890329
REQUEST		request_2	1619889890300	1619889890355	OK	 
REQUEST		request_5	1619889890330	1619889890380	OK	 
REQUEST		request_7	1619889890234	1619889890436	OK	 
USER	AdminOptions	END	1619889890440
REQUEST		request_7	1619889890331	1619889890538	OK	 
USER	AdminOptions	END	1619889890542
REQUEST		request_2	1619889890978	1619889891045	OK	 
REQUEST		request_3	1619889890978	1619889891180	OK	 
ERROR	request_4: Failed to build request: Resource /adminoptions/0004_request.json not found 	1619889891181
ERROR	request_6: Failed to build request: Resource /adminoptions/0006_request.json not found 	1619889891182
ERROR	request_8: Failed to build request: Resource /adminoptions/0008_request.json not found 	1619889891182
REQUEST		request_5	1619889891184	1619889891248	OK	 
ERROR	request_1: Failed to build request: Resource /adminoptions/0001_request.json not found 	1619889891319
ERROR	request_1: Failed to build request: Resource /adminoptions/0001_request.json not found 	1619889891335
USER	AdminOptions	START	1619889891381
REQUEST		request_7	1619889891185	1619889891400	OK	 
USER	AdminOptions	END	1619889891404
REQUEST		request_3	1619889891227	1619889891457	OK	 
ERROR	request_4: Failed to build request: Resource /adminoptions/0004_request.json not found 	1619889891458
ERROR	request_6: Failed to build request: Resource /adminoptions/0006_request.json not found 	1619889891459
ERROR	request_8: Failed to build request: Resource /adminoptions/0008_request.json not found 	1619889891459
REQUEST		request_3	1619889891289	1619889891500	OK	 
ERROR	request_4: Failed to build request: Resource /adminoptions/0004_request.json not found 	1619889891501
ERROR	request_6: Failed to build request: Resource /adminoptions/0006_request.json not found 	1619889891501
ERROR	request_8: Failed to build request: Resource /adminoptions/0008_request.json not found 	1619889891502
REQUEST		request_5	1619889891460	1619889891522	OK	 
ERROR	request_1: Failed to build request: Resource /adminoptions/0001_request.json not found 	1619889891550
REQUEST		request_5	1619889891502	1619889891552	OK	 
REQUEST		request_0	1619889891382	1619889891600	OK	 
REQUEST		request_7	1619889891461	1619889891651	OK	 
USER	AdminOptions	END	1619889891653
REQUEST		request_7	1619889891505	1619889891721	OK	 
USER	AdminOptions	END	1619889891724
ERROR	request_1: Failed to build request: Resource /adminoptions/0001_request.json not found 	1619889891828
ERROR	request_1: Failed to build request: Resource /adminoptions/0001_request.json not found 	1619889891986
REQUEST		request_3	1619889891907	1619889892104	OK	 
ERROR	request_4: Failed to build request: Resource /adminoptions/0004_request.json not found 	1619889892106
ERROR	request_6: Failed to build request: Resource /adminoptions/0006_request.json not found 	1619889892107
ERROR	request_8: Failed to build request: Resource /adminoptions/0008_request.json not found 	1619889892107
REQUEST		request_5	1619889892109	1619889892159	OK	 
REQUEST		request_3	1619889892017	1619889892218	OK	 
ERROR	request_4: Failed to build request: Resource /adminoptions/0004_request.json not found 	1619889892219
ERROR	request_6: Failed to build request: Resource /adminoptions/0006_request.json not found 	1619889892220
ERROR	request_8: Failed to build request: Resource /adminoptions/0008_request.json not found 	1619889892221
REQUEST		request_5	1619889892222	1619889892276	OK	 
REQUEST		request_7	1619889892110	1619889892309	OK	 
USER	AdminOptions	END	1619889892313
REQUEST		request_2	1619889892339	1619889892393	OK	 
REQUEST		request_2	1619889892339	1619889892394	OK	 
REQUEST		request_7	1619889892223	1619889892423	OK	 
USER	AdminOptions	END	1619889892425
USER	AdminOptions	START	1619889892524
USER	AdminOptions	START	1619889892586
REQUEST		request_3	1619889892401	1619889892593	OK	 
ERROR	request_4: Failed to build request: Resource /adminoptions/0004_request.json not found 	1619889892593
ERROR	request_6: Failed to build request: Resource /adminoptions/0006_request.json not found 	1619889892594
ERROR	request_8: Failed to build request: Resource /adminoptions/0008_request.json not found 	1619889892594
REQUEST		request_2	1619889892555	1619889892608	OK	 
REQUEST		request_5	1619889892595	1619889892640	OK	 
REQUEST		request_0	1619889892525	1619889892732	OK	 
REQUEST		request_0	1619889892587	1619889892784	OK	 
REQUEST		request_7	1619889892596	1619889892788	OK	 
USER	AdminOptions	END	1619889892792
REQUEST		request_2	1619889892847	1619889892899	OK	 
REQUEST		request_3	1619889892772	1619889892966	OK	 
ERROR	request_4: Failed to build request: Resource /adminoptions/0004_request.json not found 	1619889892966
ERROR	request_6: Failed to build request: Resource /adminoptions/0006_request.json not found 	1619889892966
ERROR	request_8: Failed to build request: Resource /adminoptions/0008_request.json not found 	1619889892967
USER	AdminOptions	START	1619889892999
REQUEST		request_5	1619889892967	1619889893015	OK	 
REQUEST		request_3	1619889892862	1619889893046	OK	 
ERROR	request_4: Failed to build request: Resource /adminoptions/0004_request.json not found 	1619889893046
ERROR	request_6: Failed to build request: Resource /adminoptions/0006_request.json not found 	1619889893047
ERROR	request_8: Failed to build request: Resource /adminoptions/0008_request.json not found 	1619889893047
REQUEST		request_2	1619889892999	1619889893050	OK	 
REQUEST		request_5	1619889893048	1619889893094	OK	 
REQUEST		request_7	1619889892967	1619889893155	OK	 
USER	AdminOptions	END	1619889893160
REQUEST		request_0	1619889892999	1619889893189	OK	 
USER	AdminOptions	START	1619889893229
REQUEST		request_7	1619889893049	1619889893243	OK	 
USER	AdminOptions	START	1619889893245
USER	AdminOptions	END	1619889893249
REQUEST		request_0	1619889893230	1619889893447	OK	 
REQUEST		request_0	1619889893245	1619889893457	OK	 
ERROR	request_1: Failed to build request: Resource /adminoptions/0001_request.json not found 	1619889893612
USER	AdminOptions	START	1619889893613
REQUEST		request_0	1619889893614	1619889893809	OK	 
USER	AdminOptions	START	1619889893935
USER	AdminOptions	START	1619889893965
USER	AdminOptions	START	1619889894044
REQUEST		request_0	1619889893935	1619889894119	OK	 
REQUEST		request_0	1619889893965	1619889894154	OK	 
REQUEST		request_0	1619889894044	1619889894252	OK	 
REQUEST		request_3	1619889894366	1619889894579	OK	 
ERROR	request_4: Failed to build request: Resource /adminoptions/0004_request.json not found 	1619889894579
ERROR	request_6: Failed to build request: Resource /adminoptions/0006_request.json not found 	1619889894580
ERROR	request_8: Failed to build request: Resource /adminoptions/0008_request.json not found 	1619889894580
REQUEST		request_5	1619889894581	1619889894635	OK	 
REQUEST		request_2	1619889894616	1619889894676	OK	 
ERROR	request_1: Failed to build request: Resource /adminoptions/0001_request.json not found 	1619889894739
REQUEST		request_7	1619889894582	1619889894779	OK	 
USER	AdminOptions	END	1619889894782
ERROR	request_1: Failed to build request: Resource /adminoptions/0001_request.json not found 	1619889894800
USER	AdminOptions	START	1619889894816
USER	AdminOptions	START	1619889894988
REQUEST		request_0	1619889894816	1619889895023	OK	 
ERROR	request_1: Failed to build request: Resource /adminoptions/0001_request.json not found 	1619889895196
REQUEST		request_0	1619889894989	1619889895198	OK	 
REQUEST		request_3	1619889895048	1619889895242	OK	 
ERROR	request_4: Failed to build request: Resource /adminoptions/0004_request.json not found 	1619889895243
ERROR	request_6: Failed to build request: Resource /adminoptions/0006_request.json not found 	1619889895243
ERROR	request_8: Failed to build request: Resource /adminoptions/0008_request.json not found 	1619889895243
USER	AdminOptions	START	1619889895265
REQUEST		request_5	1619889895243	1619889895293	OK	 
USER	AdminOptions	START	1619889895376
REQUEST		request_7	1619889895244	1619889895440	OK	 
USER	AdminOptions	END	1619889895443
ERROR	request_1: Failed to build request: Resource /adminoptions/0001_request.json not found 	1619889895451
REQUEST		request_0	1619889895265	1619889895459	OK	 
ERROR	request_1: Failed to build request: Resource /adminoptions/0001_request.json not found 	1619889895467
REQUEST		request_0	1619889895377	1619889895588	OK	 
USER	AdminOptions	START	1619889895667
USER	AdminOptions	START	1619889895744
USER	AdminOptions	START	1619889895790
REQUEST		request_2	1619889895744	1619889895801	OK	 
ERROR	request_1: Failed to build request: Resource /adminoptions/0001_request.json not found 	1619889895821
REQUEST		request_0	1619889895668	1619889895856	OK	 
REQUEST		request_2	1619889895805	1619889895864	OK	 
REQUEST		request_0	1619889895745	1619889895946	OK	 
REQUEST		request_0	1619889895790	1619889895988	OK	 
ERROR	request_1: Failed to build request: Resource /adminoptions/0001_request.json not found 	1619889896132
ERROR	request_1: Failed to build request: Resource /adminoptions/0001_request.json not found 	1619889896163
ERROR	request_1: Failed to build request: Resource /adminoptions/0001_request.json not found 	1619889896257
REQUEST		request_2	1619889896212	1619889896268	OK	 
REQUEST		request_2	1619889896461	1619889896519	OK	 
REQUEST		request_2	1619889896475	1619889896537	OK	 
REQUEST		request_3	1619889896397	1619889896594	OK	 
ERROR	request_4: Failed to build request: Resource /adminoptions/0004_request.json not found 	1619889896594
ERROR	request_6: Failed to build request: Resource /adminoptions/0006_request.json not found 	1619889896595
ERROR	request_8: Failed to build request: Resource /adminoptions/0008_request.json not found 	1619889896595
REQUEST		request_3	1619889896397	1619889896603	OK	 
ERROR	request_4: Failed to build request: Resource /adminoptions/0004_request.json not found 	1619889896604
ERROR	request_6: Failed to build request: Resource /adminoptions/0006_request.json not found 	1619889896604
ERROR	request_8: Failed to build request: Resource /adminoptions/0008_request.json not found 	1619889896604
REQUEST		request_5	1619889896596	1619889896650	OK	 
REQUEST		request_5	1619889896605	1619889896665	OK	 
REQUEST		request_7	1619889896596	1619889896787	OK	 
USER	AdminOptions	END	1619889896790
USER	AdminOptions	START	1619889896800
REQUEST		request_3	1619889896613	1619889896812	OK	 
ERROR	request_4: Failed to build request: Resource /adminoptions/0004_request.json not found 	1619889896812
ERROR	request_6: Failed to build request: Resource /adminoptions/0006_request.json not found 	1619889896813
ERROR	request_8: Failed to build request: Resource /adminoptions/0008_request.json not found 	1619889896814
REQUEST		request_7	1619889896606	1619889896829	OK	 
USER	AdminOptions	END	1619889896830
REQUEST		request_5	1619889896815	1619889896868	OK	 
REQUEST		request_2	1619889896828	1619889896878	OK	 
REQUEST		request_0	1619889896801	1619889896997	OK	 
REQUEST		request_7	1619889896815	1619889897019	OK	 
USER	AdminOptions	END	1619889897024
ERROR	request_1: Failed to build request: Resource /adminoptions/0001_request.json not found 	1619889897029
REQUEST		request_3	1619889896905	1619889897100	OK	 
ERROR	request_4: Failed to build request: Resource /adminoptions/0004_request.json not found 	1619889897100
ERROR	request_6: Failed to build request: Resource /adminoptions/0006_request.json not found 	1619889897100
ERROR	request_8: Failed to build request: Resource /adminoptions/0008_request.json not found 	1619889897101
REQUEST		request_5	1619889897101	1619889897160	OK	 
REQUEST		request_2	1619889897138	1619889897189	OK	 
ERROR	request_1: Failed to build request: Resource /adminoptions/0001_request.json not found 	1619889897199
REQUEST		request_2	1619889897169	1619889897226	OK	 
REQUEST		request_3	1619889897061	1619889897262	OK	 
ERROR	request_4: Failed to build request: Resource /adminoptions/0004_request.json not found 	1619889897263
ERROR	request_6: Failed to build request: Resource /adminoptions/0006_request.json not found 	1619889897263
ERROR	request_8: Failed to build request: Resource /adminoptions/0008_request.json not found 	1619889897263
REQUEST		request_7	1619889897103	1619889897297	OK	 
REQUEST		request_5	1619889897264	1619889897325	OK	 
REQUEST		request_2	1619889897262	1619889897326	OK	 
USER	AdminOptions	END	1619889897405
ERROR	request_1: Failed to build request: Resource /adminoptions/0001_request.json not found 	1619889897463
REQUEST		request_7	1619889897265	1619889897485	OK	 
USER	AdminOptions	END	1619889897487
ERROR	request_1: Failed to build request: Resource /adminoptions/0001_request.json not found 	1619889897601
ERROR	request_1: Failed to build request: Resource /adminoptions/0001_request.json not found 	1619889897864
ERROR	request_1: Failed to build request: Resource /adminoptions/0001_request.json not found 	1619889897956
ERROR	request_1: Failed to build request: Resource /adminoptions/0001_request.json not found 	1619889898004
REQUEST		request_2	1619889898037	1619889898091	OK	 
REQUEST		request_2	1619889898205	1619889898268	OK	 
REQUEST		request_2	1619889898468	1619889898526	OK	 
USER	AdminOptions	START	1619889898577
REQUEST		request_2	1619889898608	1619889898659	OK	 
USER	AdminOptions	START	1619889898749
REQUEST		request_0	1619889898577	1619889898773	OK	 
REQUEST		request_3	1619889898685	1619889898927	OK	 
ERROR	request_4: Failed to build request: Resource /adminoptions/0004_request.json not found 	1619889898928
ERROR	request_6: Failed to build request: Resource /adminoptions/0006_request.json not found 	1619889898929
ERROR	request_8: Failed to build request: Resource /adminoptions/0008_request.json not found 	1619889898930
REQUEST		request_2	1619889898870	1619889898933	OK	 
REQUEST		request_5	1619889898931	1619889898996	OK	 
REQUEST		request_0	1619889898749	1619889898997	OK	 
ERROR	request_1: Failed to build request: Resource /adminoptions/0001_request.json not found 	1619889899011
USER	AdminOptions	START	1619889899012
REQUEST		request_2	1619889898964	1619889899024	OK	 
REQUEST		request_2	1619889899012	1619889899076	OK	 
REQUEST		request_7	1619889898934	1619889899138	OK	 
USER	AdminOptions	END	1619889899139
REQUEST		request_0	1619889899012	1619889899242	OK	 
REQUEST		request_3	1619889899814	1619889900009	OK	 
ERROR	request_4: Failed to build request: Resource /adminoptions/0004_request.json not found 	1619889900009
ERROR	request_6: Failed to build request: Resource /adminoptions/0006_request.json not found 	1619889900010
ERROR	request_8: Failed to build request: Resource /adminoptions/0008_request.json not found 	1619889900010
REQUEST		request_2	1619889900015	1619889900064	OK	 
REQUEST		request_5	1619889900010	1619889900068	OK	 
REQUEST		request_3	1619889899876	1619889900084	OK	 
ERROR	request_4: Failed to build request: Resource /adminoptions/0004_request.json not found 	1619889900085
ERROR	request_6: Failed to build request: Resource /adminoptions/0006_request.json not found 	1619889900085
ERROR	request_8: Failed to build request: Resource /adminoptions/0008_request.json not found 	1619889900085
REQUEST		request_5	1619889900086	1619889900147	OK	 
REQUEST		request_7	1619889900011	1619889900195	OK	 
USER	AdminOptions	END	1619889900201
REQUEST		request_7	1619889900086	1619889900280	OK	 
USER	AdminOptions	END	1619889900285
REQUEST		request_3	1619889900276	1619889900473	OK	 
ERROR	request_4: Failed to build request: Resource /adminoptions/0004_request.json not found 	1619889900475
ERROR	request_6: Failed to build request: Resource /adminoptions/0006_request.json not found 	1619889900476
ERROR	request_8: Failed to build request: Resource /adminoptions/0008_request.json not found 	1619889900477
REQUEST		request_5	1619889900478	1619889900531	OK	 
REQUEST		request_7	1619889900480	1619889900666	OK	 
USER	AdminOptions	END	1619889900670
REQUEST		request_3	1619889900522	1619889900708	OK	 
ERROR	request_4: Failed to build request: Resource /adminoptions/0004_request.json not found 	1619889900709
ERROR	request_6: Failed to build request: Resource /adminoptions/0006_request.json not found 	1619889900709
ERROR	request_8: Failed to build request: Resource /adminoptions/0008_request.json not found 	1619889900710
REQUEST		request_3	1619889900552	1619889900746	OK	 
ERROR	request_4: Failed to build request: Resource /adminoptions/0004_request.json not found 	1619889900747
ERROR	request_6: Failed to build request: Resource /adminoptions/0006_request.json not found 	1619889900747
ERROR	request_8: Failed to build request: Resource /adminoptions/0008_request.json not found 	1619889900747
REQUEST		request_5	1619889900711	1619889900765	OK	 
ERROR	request_1: Failed to build request: Resource /adminoptions/0001_request.json not found 	1619889900783
REQUEST		request_5	1619889900748	1619889900811	OK	 
REQUEST		request_7	1619889900712	1619889900920	OK	 
USER	AdminOptions	END	1619889900922
REQUEST		request_7	1619889900749	1619889900950	OK	 
USER	AdminOptions	END	1619889900952
ERROR	request_1: Failed to build request: Resource /adminoptions/0001_request.json not found 	1619889900999
REQUEST		request_3	1619889900892	1619889901073	OK	 
ERROR	request_4: Failed to build request: Resource /adminoptions/0004_request.json not found 	1619889901074
ERROR	request_6: Failed to build request: Resource /adminoptions/0006_request.json not found 	1619889901074
ERROR	request_8: Failed to build request: Resource /adminoptions/0008_request.json not found 	1619889901075
REQUEST		request_5	1619889901076	1619889901131	OK	 
ERROR	request_1: Failed to build request: Resource /adminoptions/0001_request.json not found 	1619889901248
REQUEST		request_7	1619889901078	1619889901277	OK	 
USER	AdminOptions	END	1619889901283
REQUEST		request_3	1619889901203	1619889901403	OK	 
ERROR	request_4: Failed to build request: Resource /adminoptions/0004_request.json not found 	1619889901404
ERROR	request_6: Failed to build request: Resource /adminoptions/0006_request.json not found 	1619889901404
ERROR	request_8: Failed to build request: Resource /adminoptions/0008_request.json not found 	1619889901404
REQUEST		request_3	1619889901233	1619889901433	OK	 
ERROR	request_4: Failed to build request: Resource /adminoptions/0004_request.json not found 	1619889901434
ERROR	request_6: Failed to build request: Resource /adminoptions/0006_request.json not found 	1619889901434
ERROR	request_8: Failed to build request: Resource /adminoptions/0008_request.json not found 	1619889901435
REQUEST		request_5	1619889901406	1619889901459	OK	 
REQUEST		request_5	1619889901436	1619889901495	OK	 
REQUEST		request_3	1619889901340	1619889901581	OK	 
ERROR	request_4: Failed to build request: Resource /adminoptions/0004_request.json not found 	1619889901582
ERROR	request_6: Failed to build request: Resource /adminoptions/0006_request.json not found 	1619889901582
ERROR	request_8: Failed to build request: Resource /adminoptions/0008_request.json not found 	1619889901582
USER	AdminOptions	START	1619889901587
REQUEST		request_7	1619889901407	1619889901611	OK	 
USER	AdminOptions	END	1619889901615
REQUEST		request_5	1619889901584	1619889901639	OK	 
REQUEST		request_7	1619889901437	1619889901639	OK	 
USER	AdminOptions	END	1619889901641
USER	AdminOptions	START	1619889901662
REQUEST		request_7	1619889901587	1619889901776	OK	 
USER	AdminOptions	END	1619889901781
REQUEST		request_0	1619889901588	1619889901794	OK	 
USER	AdminOptions	START	1619889901821
REQUEST		request_2	1619889901802	1619889901857	OK	 
REQUEST		request_0	1619889901662	1619889901860	OK	 
REQUEST		request_0	1619889901822	1619889902021	OK	 
REQUEST		request_2	1619889902015	1619889902064	OK	 
USER	AdminOptions	START	1619889902077
USER	AdminOptions	START	1619889902156
REQUEST		request_0	1619889902077	1619889902276	OK	 
REQUEST		request_3	1619889902092	1619889902282	OK	 
ERROR	request_4: Failed to build request: Resource /adminoptions/0004_request.json not found 	1619889902283
ERROR	request_6: Failed to build request: Resource /adminoptions/0006_request.json not found 	1619889902283
ERROR	request_8: Failed to build request: Resource /adminoptions/0008_request.json not found 	1619889902284
REQUEST		request_2	1619889902263	1619889902316	OK	 
REQUEST		request_5	1619889902286	1619889902340	OK	 
REQUEST		request_0	1619889902156	1619889902361	OK	 
REQUEST		request_3	1619889902278	1619889902467	OK	 
ERROR	request_4: Failed to build request: Resource /adminoptions/0004_request.json not found 	1619889902468
ERROR	request_6: Failed to build request: Resource /adminoptions/0006_request.json not found 	1619889902469
ERROR	request_8: Failed to build request: Resource /adminoptions/0008_request.json not found 	1619889902469
REQUEST		request_7	1619889902287	1619889902493	OK	 
USER	AdminOptions	END	1619889902498
USER	AdminOptions	START	1619889902500
REQUEST		request_5	1619889902470	1619889902520	OK	 
REQUEST		request_7	1619889902471	1619889902668	OK	 
USER	AdminOptions	END	1619889902671
REQUEST		request_0	1619889902501	1619889902703	OK	 
REQUEST		request_3	1619889902542	1619889902741	OK	 
ERROR	request_4: Failed to build request: Resource /adminoptions/0004_request.json not found 	1619889902741
ERROR	request_6: Failed to build request: Resource /adminoptions/0006_request.json not found 	1619889902742
ERROR	request_8: Failed to build request: Resource /adminoptions/0008_request.json not found 	1619889902742
REQUEST		request_5	1619889902742	1619889902795	OK	 
REQUEST		request_3	1619889902664	1619889902855	OK	 
ERROR	request_4: Failed to build request: Resource /adminoptions/0004_request.json not found 	1619889902856
ERROR	request_6: Failed to build request: Resource /adminoptions/0006_request.json not found 	1619889902857
ERROR	request_8: Failed to build request: Resource /adminoptions/0008_request.json not found 	1619889902857
USER	AdminOptions	START	1619889902866
USER	AdminOptions	START	1619889902879
REQUEST		request_5	1619889902859	1619889902908	OK	 
REQUEST		request_7	1619889902743	1619889902941	OK	 
USER	AdminOptions	END	1619889902944
REQUEST		request_7	1619889902860	1619889903068	OK	 
USER	AdminOptions	END	1619889903070
REQUEST		request_0	1619889902869	1619889903078	OK	 
REQUEST		request_0	1619889902880	1619889903093	OK	 
USER	AdminOptions	START	1619889903140
REQUEST		request_3	1619889902941	1619889903147	OK	 
ERROR	request_4: Failed to build request: Resource /adminoptions/0004_request.json not found 	1619889903148
ERROR	request_6: Failed to build request: Resource /adminoptions/0006_request.json not found 	1619889903148
ERROR	request_8: Failed to build request: Resource /adminoptions/0008_request.json not found 	1619889903148
REQUEST		request_5	1619889903148	1619889903199	OK	 
REQUEST		request_3	1619889903032	1619889903236	OK	 
ERROR	request_4: Failed to build request: Resource /adminoptions/0004_request.json not found 	1619889903237
ERROR	request_6: Failed to build request: Resource /adminoptions/0006_request.json not found 	1619889903237
ERROR	request_8: Failed to build request: Resource /adminoptions/0008_request.json not found 	1619889903237
REQUEST		request_3	1619889903078	1619889903275	OK	 
ERROR	request_4: Failed to build request: Resource /adminoptions/0004_request.json not found 	1619889903276
ERROR	request_6: Failed to build request: Resource /adminoptions/0006_request.json not found 	1619889903277
ERROR	request_8: Failed to build request: Resource /adminoptions/0008_request.json not found 	1619889903277
REQUEST		request_5	1619889903238	1619889903291	OK	 
REQUEST		request_5	1619889903278	1619889903336	OK	 
REQUEST		request_7	1619889903149	1619889903347	OK	 
REQUEST		request_0	1619889903140	1619889903347	OK	 
USER	AdminOptions	END	1619889903353
REQUEST		request_7	1619889903239	1619889903449	OK	 
USER	AdminOptions	END	1619889903458
REQUEST		request_7	1619889903280	1619889903488	OK	 
USER	AdminOptions	END	1619889903490
USER	AdminOptions	START	1619889903741
ERROR	request_1: Failed to build request: Resource /adminoptions/0001_request.json not found 	1619889903803
ERROR	request_1: Failed to build request: Resource /adminoptions/0001_request.json not found 	1619889903864
REQUEST		request_0	1619889903741	1619889903942	OK	 
ERROR	request_1: Failed to build request: Resource /adminoptions/0001_request.json not found 	1619889904036
USER	AdminOptions	START	1619889904053
REQUEST		request_3	1619889904069	1619889904272	OK	 
ERROR	request_4: Failed to build request: Resource /adminoptions/0004_request.json not found 	1619889904272
ERROR	request_6: Failed to build request: Resource /adminoptions/0006_request.json not found 	1619889904273
ERROR	request_8: Failed to build request: Resource /adminoptions/0008_request.json not found 	1619889904273
REQUEST		request_0	1619889904054	1619889904281	OK	 
ERROR	request_1: Failed to build request: Resource /adminoptions/0001_request.json not found 	1619889904285
REQUEST		request_5	1619889904274	1619889904325	OK	 
ERROR	request_1: Failed to build request: Resource /adminoptions/0001_request.json not found 	1619889904363
REQUEST		request_7	1619889904275	1619889904461	OK	 
USER	AdminOptions	END	1619889904465
ERROR	request_1: Failed to build request: Resource /adminoptions/0001_request.json not found 	1619889904718
REQUEST		request_2	1619889904809	1619889904864	OK	 
REQUEST		request_2	1619889904870	1619889904936	OK	 
ERROR	request_1: Failed to build request: Resource /adminoptions/0001_request.json not found 	1619889905086
REQUEST		request_2	1619889905039	1619889905092	OK	 
ERROR	request_1: Failed to build request: Resource /adminoptions/0001_request.json not found 	1619889905102
REQUEST		request_2	1619889905304	1619889905355	OK	 
ERROR	request_1: Failed to build request: Resource /adminoptions/0001_request.json not found 	1619889905364
REQUEST		request_2	1619889905380	1619889905432	OK	 
REQUEST		request_2	1619889905722	1619889905777	OK	 
USER	AdminOptions	START	1619889905925
ERROR	request_1: Failed to build request: Resource /adminoptions/0001_request.json not found 	1619889905954
REQUEST		request_3	1619889905862	1619889906051	OK	 
ERROR	request_4: Failed to build request: Resource /adminoptions/0004_request.json not found 	1619889906052
ERROR	request_6: Failed to build request: Resource /adminoptions/0006_request.json not found 	1619889906052
ERROR	request_8: Failed to build request: Resource /adminoptions/0008_request.json not found 	1619889906052
REQUEST		request_5	1619889906054	1619889906105	OK	 
REQUEST		request_0	1619889905925	1619889906122	OK	 
REQUEST		request_2	1619889906093	1619889906153	OK	 
REQUEST		request_2	1619889906109	1619889906160	OK	 
USER	AdminOptions	START	1619889906173
REQUEST		request_7	1619889906055	1619889906247	OK	 
USER	AdminOptions	END	1619889906252
REQUEST		request_3	1619889906078	1619889906276	OK	 
ERROR	request_4: Failed to build request: Resource /adminoptions/0004_request.json not found 	1619889906276
ERROR	request_6: Failed to build request: Resource /adminoptions/0006_request.json not found 	1619889906276
ERROR	request_8: Failed to build request: Resource /adminoptions/0008_request.json not found 	1619889906276
ERROR	request_1: Failed to build request: Resource /adminoptions/0001_request.json not found 	1619889906295
REQUEST		request_5	1619889906276	1619889906324	OK	 
REQUEST		request_0	1619889906173	1619889906380	OK	 
REQUEST		request_2	1619889906372	1619889906429	OK	 
REQUEST		request_7	1619889906277	1619889906468	OK	 
USER	AdminOptions	END	1619889906474
REQUEST		request_3	1619889906326	1619889906543	OK	 
ERROR	request_4: Failed to build request: Resource /adminoptions/0004_request.json not found 	1619889906543
ERROR	request_6: Failed to build request: Resource /adminoptions/0006_request.json not found 	1619889906544
ERROR	request_8: Failed to build request: Resource /adminoptions/0008_request.json not found 	1619889906544
REQUEST		request_5	1619889906544	1619889906596	OK	 
USER	AdminOptions	START	1619889906650
REQUEST		request_7	1619889906545	1619889906740	OK	 
USER	AdminOptions	END	1619889906745
REQUEST		request_0	1619889906650	1619889906888	OK	 
USER	AdminOptions	START	1619889906959
REQUEST		request_2	1619889906958	1619889907012	OK	 
REQUEST		request_0	1619889906959	1619889907157	OK	 
REQUEST		request_2	1619889907298	1619889907351	OK	 
USER	AdminOptions	START	1619889908028
ERROR	request_1: Failed to build request: Resource /adminoptions/0001_request.json not found 	1619889908137
USER	AdminOptions	START	1619889908154
REQUEST		request_0	1619889908028	1619889908236	OK	 
USER	AdminOptions	START	1619889908246
REQUEST		request_0	1619889908154	1619889908356	OK	 
ERROR	request_1: Failed to build request: Resource /adminoptions/0001_request.json not found 	1619889908385
REQUEST		request_0	1619889908247	1619889908457	OK	 
ERROR	request_1: Failed to build request: Resource /adminoptions/0001_request.json not found 	1619889908894
REQUEST		request_3	1619889908879	1619889909073	OK	 
ERROR	request_4: Failed to build request: Resource /adminoptions/0004_request.json not found 	1619889909074
ERROR	request_6: Failed to build request: Resource /adminoptions/0006_request.json not found 	1619889909074
ERROR	request_8: Failed to build request: Resource /adminoptions/0008_request.json not found 	1619889909075
REQUEST		request_5	1619889909076	1619889909125	OK	 
REQUEST		request_3	1619889908940	1619889909155	OK	 
ERROR	request_4: Failed to build request: Resource /adminoptions/0004_request.json not found 	1619889909155
ERROR	request_6: Failed to build request: Resource /adminoptions/0006_request.json not found 	1619889909156
ERROR	request_8: Failed to build request: Resource /adminoptions/0008_request.json not found 	1619889909156
ERROR	request_1: Failed to build request: Resource /adminoptions/0001_request.json not found 	1619889909174
REQUEST		request_2	1619889909142	1619889909193	OK	 
REQUEST		request_5	1619889909156	1619889909215	OK	 
REQUEST		request_7	1619889909077	1619889909265	OK	 
USER	AdminOptions	END	1619889909271
REQUEST		request_3	1619889909095	1619889909302	OK	 
ERROR	request_4: Failed to build request: Resource /adminoptions/0004_request.json not found 	1619889909303
ERROR	request_6: Failed to build request: Resource /adminoptions/0006_request.json not found 	1619889909303
ERROR	request_8: Failed to build request: Resource /adminoptions/0008_request.json not found 	1619889909303
REQUEST		request_7	1619889909157	1619889909346	OK	 
USER	AdminOptions	END	1619889909351
REQUEST		request_5	1619889909305	1619889909362	OK	 
REQUEST		request_2	1619889909389	1619889909444	OK	 
REQUEST		request_7	1619889909306	1619889909503	OK	 
USER	AdminOptions	END	1619889909508
USER	AdminOptions	START	1619889909510
REQUEST		request_3	1619889909359	1619889909571	OK	 
ERROR	request_4: Failed to build request: Resource /adminoptions/0004_request.json not found 	1619889909571
ERROR	request_6: Failed to build request: Resource /adminoptions/0006_request.json not found 	1619889909572
ERROR	request_8: Failed to build request: Resource /adminoptions/0008_request.json not found 	1619889909572
REQUEST		request_5	1619889909573	1619889909626	OK	 
REQUEST		request_3	1619889909437	1619889909636	OK	 
ERROR	request_4: Failed to build request: Resource /adminoptions/0004_request.json not found 	1619889909636
ERROR	request_6: Failed to build request: Resource /adminoptions/0006_request.json not found 	1619889909636
ERROR	request_8: Failed to build request: Resource /adminoptions/0008_request.json not found 	1619889909637
REQUEST		request_5	1619889909637	1619889909685	OK	 
REQUEST		request_0	1619889909511	1619889909715	OK	 
REQUEST		request_7	1619889909573	1619889909787	OK	 
USER	AdminOptions	END	1619889909791
REQUEST		request_7	1619889909638	1619889909841	OK	 
USER	AdminOptions	END	1619889909846
REQUEST		request_2	1619889909898	1619889909947	OK	 
REQUEST		request_3	1619889909790	1619889909977	OK	 
ERROR	request_4: Failed to build request: Resource /adminoptions/0004_request.json not found 	1619889909977
ERROR	request_6: Failed to build request: Resource /adminoptions/0006_request.json not found 	1619889909977
ERROR	request_8: Failed to build request: Resource /adminoptions/0008_request.json not found 	1619889909977
REQUEST		request_5	1619889909978	1619889910027	OK	 
USER	AdminOptions	START	1619889910038
REQUEST		request_7	1619889909978	1619889910190	OK	 
USER	AdminOptions	END	1619889910196
REQUEST		request_0	1619889910038	1619889910240	OK	 
REQUEST		request_2	1619889910193	1619889910250	OK	 
ERROR	request_1: Failed to build request: Resource /adminoptions/0001_request.json not found 	1619889910252
ERROR	request_1: Failed to build request: Resource /adminoptions/0001_request.json not found 	1619889910361
REQUEST		request_3	1619889910160	1619889910372	OK	 
ERROR	request_4: Failed to build request: Resource /adminoptions/0004_request.json not found 	1619889910372
ERROR	request_6: Failed to build request: Resource /adminoptions/0006_request.json not found 	1619889910372
ERROR	request_8: Failed to build request: Resource /adminoptions/0008_request.json not found 	1619889910372
REQUEST		request_3	1619889910176	1619889910387	OK	 
ERROR	request_4: Failed to build request: Resource /adminoptions/0004_request.json not found 	1619889910388
ERROR	request_6: Failed to build request: Resource /adminoptions/0006_request.json not found 	1619889910388
ERROR	request_8: Failed to build request: Resource /adminoptions/0008_request.json not found 	1619889910388
REQUEST		request_5	1619889910373	1619889910431	OK	 
REQUEST		request_5	1619889910388	1619889910443	OK	 
ERROR	request_1: Failed to build request: Resource /adminoptions/0001_request.json not found 	1619889910468
USER	AdminOptions	START	1619889910533
REQUEST		request_7	1619889910389	1619889910591	OK	 
USER	AdminOptions	END	1619889910592
REQUEST		request_7	1619889910373	1619889910606	OK	 
USER	AdminOptions	END	1619889910608
REQUEST		request_3	1619889910437	1619889910640	OK	 
ERROR	request_4: Failed to build request: Resource /adminoptions/0004_request.json not found 	1619889910640
ERROR	request_6: Failed to build request: Resource /adminoptions/0006_request.json not found 	1619889910640
ERROR	request_8: Failed to build request: Resource /adminoptions/0008_request.json not found 	1619889910640
REQUEST		request_5	1619889910640	1619889910691	OK	 
REQUEST		request_0	1619889910533	1619889910741	OK	 
REQUEST		request_7	1619889910641	1619889910838	OK	 
USER	AdminOptions	END	1619889910839
USER	AdminOptions	START	1619889911056
REQUEST		request_3	1619889911025	1619889911210	OK	 
ERROR	request_4: Failed to build request: Resource /adminoptions/0004_request.json not found 	1619889911210
ERROR	request_6: Failed to build request: Resource /adminoptions/0006_request.json not found 	1619889911210
ERROR	request_8: Failed to build request: Resource /adminoptions/0008_request.json not found 	1619889911211
REQUEST		request_0	1619889911057	1619889911252	OK	 
REQUEST		request_5	1619889911211	1619889911264	OK	 
REQUEST		request_2	1619889911257	1619889911310	OK	 
REQUEST		request_7	1619889911212	1619889911423	OK	 
REQUEST		request_2	1619889911365	1619889911423	OK	 
USER	AdminOptions	END	1619889911429
USER	AdminOptions	START	1619889911429
USER	AdminOptions	START	1619889911490
REQUEST		request_2	1619889911473	1619889911530	OK	 
REQUEST		request_3	1619889911365	1619889911559	OK	 
ERROR	request_4: Failed to build request: Resource /adminoptions/0004_request.json not found 	1619889911560
ERROR	request_6: Failed to build request: Resource /adminoptions/0006_request.json not found 	1619889911560
ERROR	request_8: Failed to build request: Resource /adminoptions/0008_request.json not found 	1619889911560
REQUEST		request_5	1619889911561	1619889911618	OK	 
REQUEST		request_0	1619889911430	1619889911630	OK	 
REQUEST		request_0	1619889911490	1619889911690	OK	 
ERROR	request_1: Failed to build request: Resource /adminoptions/0001_request.json not found 	1619889911719
REQUEST		request_7	1619889911563	1619889911775	OK	 
USER	AdminOptions	END	1619889911779
ERROR	request_1: Failed to build request: Resource /adminoptions/0001_request.json not found 	1619889912244
ERROR	request_1: Failed to build request: Resource /adminoptions/0001_request.json not found 	1619889912756
REQUEST		request_2	1619889912725	1619889912779	OK	 
ERROR	request_1: Failed to build request: Resource /adminoptions/0001_request.json not found 	1619889913264
REQUEST		request_2	1619889913246	1619889913298	OK	 
REQUEST		request_3	1619889913202	1619889913393	OK	 
ERROR	request_4: Failed to build request: Resource /adminoptions/0004_request.json not found 	1619889913393
ERROR	request_6: Failed to build request: Resource /adminoptions/0006_request.json not found 	1619889913393
ERROR	request_8: Failed to build request: Resource /adminoptions/0008_request.json not found 	1619889913393
REQUEST		request_5	1619889913393	1619889913518	OK	 
REQUEST		request_7	1619889913394	1619889913594	OK	 
USER	AdminOptions	END	1619889913597
ERROR	request_1: Failed to build request: Resource /adminoptions/0001_request.json not found 	1619889913637
REQUEST		request_3	1619889913451	1619889913656	OK	 
ERROR	request_4: Failed to build request: Resource /adminoptions/0004_request.json not found 	1619889913657
ERROR	request_6: Failed to build request: Resource /adminoptions/0006_request.json not found 	1619889913657
ERROR	request_8: Failed to build request: Resource /adminoptions/0008_request.json not found 	1619889913657
ERROR	request_1: Failed to build request: Resource /adminoptions/0001_request.json not found 	1619889913699
REQUEST		request_5	1619889913659	1619889913722	OK	 
REQUEST		request_2	1619889913760	1619889913810	OK	 
REQUEST		request_7	1619889913662	1619889913872	OK	 
USER	AdminOptions	END	1619889913876
REQUEST		request_3	1619889913962	1619889914161	OK	 
ERROR	request_4: Failed to build request: Resource /adminoptions/0004_request.json not found 	1619889914162
ERROR	request_6: Failed to build request: Resource /adminoptions/0006_request.json not found 	1619889914162
ERROR	request_8: Failed to build request: Resource /adminoptions/0008_request.json not found 	1619889914163
REQUEST		request_5	1619889914164	1619889914222	OK	 
REQUEST		request_2	1619889914267	1619889914323	OK	 
REQUEST		request_7	1619889914168	1619889914376	OK	 
USER	AdminOptions	END	1619889914377
REQUEST		request_3	1619889914258	1619889914457	OK	 
ERROR	request_4: Failed to build request: Resource /adminoptions/0004_request.json not found 	1619889914457
ERROR	request_6: Failed to build request: Resource /adminoptions/0006_request.json not found 	1619889914458
ERROR	request_8: Failed to build request: Resource /adminoptions/0008_request.json not found 	1619889914458
REQUEST		request_5	1619889914459	1619889914513	OK	 
REQUEST		request_7	1619889914460	1619889914663	OK	 
USER	AdminOptions	END	1619889914669
REQUEST		request_2	1619889914642	1619889914695	OK	 
REQUEST		request_2	1619889914705	1619889914756	OK	 
REQUEST		request_3	1619889915325	1619889915526	OK	 
ERROR	request_4: Failed to build request: Resource /adminoptions/0004_request.json not found 	1619889915527
ERROR	request_6: Failed to build request: Resource /adminoptions/0006_request.json not found 	1619889915527
ERROR	request_8: Failed to build request: Resource /adminoptions/0008_request.json not found 	1619889915527
REQUEST		request_5	1619889915528	1619889915574	OK	 
REQUEST		request_3	1619889915433	1619889915627	OK	 
ERROR	request_4: Failed to build request: Resource /adminoptions/0004_request.json not found 	1619889915627
ERROR	request_6: Failed to build request: Resource /adminoptions/0006_request.json not found 	1619889915628
ERROR	request_8: Failed to build request: Resource /adminoptions/0008_request.json not found 	1619889915628
REQUEST		request_5	1619889915629	1619889915682	OK	 
REQUEST		request_7	1619889915529	1619889915726	OK	 
USER	AdminOptions	END	1619889915730
REQUEST		request_3	1619889915541	1619889915740	OK	 
ERROR	request_4: Failed to build request: Resource /adminoptions/0004_request.json not found 	1619889915742
ERROR	request_6: Failed to build request: Resource /adminoptions/0006_request.json not found 	1619889915743
ERROR	request_8: Failed to build request: Resource /adminoptions/0008_request.json not found 	1619889915743
REQUEST		request_5	1619889915744	1619889915793	OK	 
REQUEST		request_7	1619889915630	1619889915837	OK	 
USER	AdminOptions	END	1619889915841
REQUEST		request_7	1619889915745	1619889915934	OK	 
USER	AdminOptions	END	1619889915938
REQUEST		request_3	1619889916794	1619889917003	OK	 
ERROR	request_4: Failed to build request: Resource /adminoptions/0004_request.json not found 	1619889917004
ERROR	request_6: Failed to build request: Resource /adminoptions/0006_request.json not found 	1619889917004
ERROR	request_8: Failed to build request: Resource /adminoptions/0008_request.json not found 	1619889917004
REQUEST		request_5	1619889917004	1619889917054	OK	 
REQUEST		request_7	1619889917005	1619889917202	OK	 
USER	AdminOptions	END	1619889917207
REQUEST		request_3	1619889917305	1619889917496	OK	 
ERROR	request_4: Failed to build request: Resource /adminoptions/0004_request.json not found 	1619889917498
ERROR	request_6: Failed to build request: Resource /adminoptions/0006_request.json not found 	1619889917498
ERROR	request_8: Failed to build request: Resource /adminoptions/0008_request.json not found 	1619889917499
REQUEST		request_5	1619889917500	1619889917552	OK	 
REQUEST		request_7	1619889917502	1619889917703	OK	 
USER	AdminOptions	END	1619889917705
REQUEST		request_3	1619889917812	1619889918022	OK	 
ERROR	request_4: Failed to build request: Resource /adminoptions/0004_request.json not found 	1619889918022
ERROR	request_6: Failed to build request: Resource /adminoptions/0006_request.json not found 	1619889918022
ERROR	request_8: Failed to build request: Resource /adminoptions/0008_request.json not found 	1619889918022
REQUEST		request_5	1619889918023	1619889918072	OK	 
REQUEST		request_7	1619889918023	1619889918214	OK	 
USER	AdminOptions	END	1619889918216
REQUEST		request_3	1619889918332	1619889918519	OK	 
ERROR	request_4: Failed to build request: Resource /adminoptions/0004_request.json not found 	1619889918519
ERROR	request_6: Failed to build request: Resource /adminoptions/0006_request.json not found 	1619889918519
ERROR	request_8: Failed to build request: Resource /adminoptions/0008_request.json not found 	1619889918519
REQUEST		request_5	1619889918520	1619889918565	OK	 
REQUEST		request_7	1619889918520	1619889918704	OK	 
USER	AdminOptions	END	1619889918707
REQUEST		request_3	1619889918704	1619889918906	OK	 
ERROR	request_4: Failed to build request: Resource /adminoptions/0004_request.json not found 	1619889918906
ERROR	request_6: Failed to build request: Resource /adminoptions/0006_request.json not found 	1619889918906
ERROR	request_8: Failed to build request: Resource /adminoptions/0008_request.json not found 	1619889918906
REQUEST		request_5	1619889918907	1619889918956	OK	 
REQUEST		request_3	1619889918766	1619889918963	OK	 
ERROR	request_4: Failed to build request: Resource /adminoptions/0004_request.json not found 	1619889918963
ERROR	request_6: Failed to build request: Resource /adminoptions/0006_request.json not found 	1619889918963
ERROR	request_8: Failed to build request: Resource /adminoptions/0008_request.json not found 	1619889918963
REQUEST		request_5	1619889918964	1619889919015	OK	 
REQUEST		request_7	1619889918907	1619889919100	OK	 
USER	AdminOptions	END	1619889919103
REQUEST		request_7	1619889918964	1619889919151	OK	 
USER	AdminOptions	END	1619889919153
