RUN	LoginAndLogout	loginandlogout	1619890457417	 	3.5.1
USER	LoginAndLogout	START	1619890458631
REQUEST		request_0	1619890458672	1619890458958	OK	 
ERROR	request_1: Failed to build request: Resource /loginandlogout/0001_request.json not found 	1619890458976
ERROR	request_3: Failed to build request: Resource /loginandlogout/0003_request.json not found 	1619890458976
REQUEST		request_2	1619890458990	1619890459050	OK	 
USER	LoginAndLogout	START	1619890459621
REQUEST		request_0	1619890459622	1619890459823	OK	 
ERROR	request_1: Failed to build request: Resource /loginandlogout/0001_request.json not found 	1619890459824
ERROR	request_3: Failed to build request: Resource /loginandlogout/0003_request.json not found 	1619890459825
REQUEST		request_2	1619890459827	1619890459885	OK	 
REQUEST		request_4	1619890460069	1619890460283	OK	 
USER	LoginAndLogout	START	1619890460618
REQUEST		request_0	1619890460619	1619890460823	OK	 
ERROR	request_1: Failed to build request: Resource /loginandlogout/0001_request.json not found 	1619890460824
ERROR	request_3: Failed to build request: Resource /loginandlogout/0003_request.json not found 	1619890460824
REQUEST		request_2	1619890460825	1619890460875	OK	 
REQUEST		request_4	1619890460895	1619890461113	OK	 
USER	LoginAndLogout	START	1619890461612
REQUEST		request_0	1619890461612	1619890461814	OK	 
ERROR	request_1: Failed to build request: Resource /loginandlogout/0001_request.json not found 	1619890461815
ERROR	request_3: Failed to build request: Resource /loginandlogout/0003_request.json not found 	1619890461815
REQUEST		request_2	1619890461816	1619890461868	OK	 
REQUEST		request_4	1619890461889	1619890462098	OK	 
USER	LoginAndLogout	START	1619890462107
REQUEST		request_0	1619890462108	1619890462325	OK	 
ERROR	request_1: Failed to build request: Resource /loginandlogout/0001_request.json not found 	1619890462325
ERROR	request_3: Failed to build request: Resource /loginandlogout/0003_request.json not found 	1619890462326
ERROR	request_5: Failed to build request: Resource /loginandlogout/0005_request.json not found 	1619890462372
REQUEST		request_2	1619890462327	1619890462383	OK	 
USER	LoginAndLogout	START	1619890462602
REQUEST		request_0	1619890462603	1619890462812	OK	 
ERROR	request_1: Failed to build request: Resource /loginandlogout/0001_request.json not found 	1619890462814
ERROR	request_3: Failed to build request: Resource /loginandlogout/0003_request.json not found 	1619890462815
REQUEST		request_2	1619890462816	1619890462867	OK	 
USER	LoginAndLogout	START	1619890463109
ERROR	request_5: Failed to build request: Resource /loginandlogout/0005_request.json not found 	1619890463125
REQUEST		request_4	1619890462883	1619890463126	OK	 
REQUEST		request_0	1619890463109	1619890463317	OK	 
ERROR	request_1: Failed to build request: Resource /loginandlogout/0001_request.json not found 	1619890463317
ERROR	request_3: Failed to build request: Resource /loginandlogout/0003_request.json not found 	1619890463318
REQUEST		request_2	1619890463318	1619890463370	OK	 
USER	LoginAndLogout	START	1619890463606
REQUEST		request_4	1619890463388	1619890463619	OK	 
REQUEST		request_0	1619890463606	1619890463815	OK	 
ERROR	request_1: Failed to build request: Resource /loginandlogout/0001_request.json not found 	1619890463816
ERROR	request_3: Failed to build request: Resource /loginandlogout/0003_request.json not found 	1619890463816
REQUEST		request_2	1619890463817	1619890463868	OK	 
REQUEST		request_4	1619890463882	1619890464098	OK	 
USER	LoginAndLogout	START	1619890464100
ERROR	request_5: Failed to build request: Resource /loginandlogout/0005_request.json not found 	1619890464115
REQUEST		request_0	1619890464101	1619890464316	OK	 
ERROR	request_1: Failed to build request: Resource /loginandlogout/0001_request.json not found 	1619890464317
ERROR	request_3: Failed to build request: Resource /loginandlogout/0003_request.json not found 	1619890464317
REQUEST		request_2	1619890464317	1619890464378	OK	 
REQUEST		request_6	1619890464392	1619890464453	OK	 
USER	LoginAndLogout	END	1619890464471
USER	LoginAndLogout	START	1619890464623
REQUEST		request_4	1619890464377	1619890464625	OK	 
REQUEST		request_0	1619890464624	1619890464855	OK	 
ERROR	request_1: Failed to build request: Resource /loginandlogout/0001_request.json not found 	1619890464855
ERROR	request_3: Failed to build request: Resource /loginandlogout/0003_request.json not found 	1619890464856
REQUEST		request_2	1619890464856	1619890464918	OK	 
REQUEST		request_4	1619890464873	1619890465081	OK	 
USER	LoginAndLogout	START	1619890465104
ERROR	request_5: Failed to build request: Resource /loginandlogout/0005_request.json not found 	1619890465137
REQUEST		request_6	1619890465188	1619890465248	OK	 
USER	LoginAndLogout	END	1619890465250
REQUEST		request_0	1619890465104	1619890465303	OK	 
ERROR	request_1: Failed to build request: Resource /loginandlogout/0001_request.json not found 	1619890465304
ERROR	request_3: Failed to build request: Resource /loginandlogout/0003_request.json not found 	1619890465304
REQUEST		request_2	1619890465304	1619890465358	OK	 
REQUEST		request_4	1619890465390	1619890465576	OK	 
USER	LoginAndLogout	START	1619890465608
ERROR	request_5: Failed to build request: Resource /loginandlogout/0005_request.json not found 	1619890465624
REQUEST		request_0	1619890465609	1619890465813	OK	 
ERROR	request_1: Failed to build request: Resource /loginandlogout/0001_request.json not found 	1619890465814
ERROR	request_3: Failed to build request: Resource /loginandlogout/0003_request.json not found 	1619890465814
REQUEST		request_2	1619890465814	1619890465860	OK	 
USER	LoginAndLogout	START	1619890465946
ERROR	request_5: Failed to build request: Resource /loginandlogout/0005_request.json not found 	1619890466101
REQUEST		request_4	1619890465930	1619890466125	OK	 
REQUEST		request_0	1619890465946	1619890466134	OK	 
ERROR	request_1: Failed to build request: Resource /loginandlogout/0001_request.json not found 	1619890466135
ERROR	request_3: Failed to build request: Resource /loginandlogout/0003_request.json not found 	1619890466135
REQUEST		request_6	1619890466131	1619890466180	OK	 
REQUEST		request_2	1619890466135	1619890466181	OK	 
USER	LoginAndLogout	END	1619890466182
USER	LoginAndLogout	START	1619890466269
REQUEST		request_0	1619890466269	1619890466487	OK	 
ERROR	request_1: Failed to build request: Resource /loginandlogout/0001_request.json not found 	1619890466487
ERROR	request_3: Failed to build request: Resource /loginandlogout/0003_request.json not found 	1619890466487
REQUEST		request_2	1619890466488	1619890466537	OK	 
REQUEST		request_4	1619890466372	1619890466573	OK	 
USER	LoginAndLogout	START	1619890466600
ERROR	request_5: Failed to build request: Resource /loginandlogout/0005_request.json not found 	1619890466632
REQUEST		request_0	1619890466601	1619890466794	OK	 
ERROR	request_1: Failed to build request: Resource /loginandlogout/0001_request.json not found 	1619890466795
ERROR	request_3: Failed to build request: Resource /loginandlogout/0003_request.json not found 	1619890466795
REQUEST		request_2	1619890466796	1619890466845	OK	 
USER	LoginAndLogout	START	1619890466941
ERROR	request_5: Failed to build request: Resource /loginandlogout/0005_request.json not found 	1619890467082
REQUEST		request_4	1619890466864	1619890467092	OK	 
REQUEST		request_0	1619890466942	1619890467150	OK	 
ERROR	request_1: Failed to build request: Resource /loginandlogout/0001_request.json not found 	1619890467150
ERROR	request_3: Failed to build request: Resource /loginandlogout/0003_request.json not found 	1619890467150
REQUEST		request_2	1619890467151	1619890467205	OK	 
REQUEST		request_6	1619890467176	1619890467234	OK	 
USER	LoginAndLogout	END	1619890467236
USER	LoginAndLogout	START	1619890467268
REQUEST		request_4	1619890467191	1619890467399	OK	 
REQUEST		request_0	1619890467268	1619890467463	OK	 
ERROR	request_1: Failed to build request: Resource /loginandlogout/0001_request.json not found 	1619890467464
ERROR	request_3: Failed to build request: Resource /loginandlogout/0003_request.json not found 	1619890467464
REQUEST		request_2	1619890467465	1619890467515	OK	 
ERROR	request_5: Failed to build request: Resource /loginandlogout/0005_request.json not found 	1619890467581
USER	LoginAndLogout	START	1619890467611
REQUEST		request_6	1619890467627	1619890467680	OK	 
USER	LoginAndLogout	END	1619890467682
REQUEST		request_4	1619890467550	1619890467752	OK	 
REQUEST		request_0	1619890467612	1619890467809	OK	 
ERROR	request_1: Failed to build request: Resource /loginandlogout/0001_request.json not found 	1619890467810
ERROR	request_3: Failed to build request: Resource /loginandlogout/0003_request.json not found 	1619890467810
REQUEST		request_2	1619890467810	1619890467870	OK	 
USER	LoginAndLogout	START	1619890467938
REQUEST		request_4	1619890467858	1619890468074	OK	 
ERROR	request_5: Failed to build request: Resource /loginandlogout/0005_request.json not found 	1619890468138
REQUEST		request_0	1619890467938	1619890468143	OK	 
ERROR	request_1: Failed to build request: Resource /loginandlogout/0001_request.json not found 	1619890468143
ERROR	request_3: Failed to build request: Resource /loginandlogout/0003_request.json not found 	1619890468144
REQUEST		request_6	1619890468108	1619890468164	OK	 
USER	LoginAndLogout	END	1619890468165
REQUEST		request_2	1619890468144	1619890468199	OK	 
USER	LoginAndLogout	START	1619890468278
REQUEST		request_4	1619890468216	1619890468434	OK	 
REQUEST		request_0	1619890468278	1619890468462	OK	 
ERROR	request_1: Failed to build request: Resource /loginandlogout/0001_request.json not found 	1619890468462
ERROR	request_3: Failed to build request: Resource /loginandlogout/0003_request.json not found 	1619890468463
REQUEST		request_2	1619890468463	1619890468524	OK	 
ERROR	request_5: Failed to build request: Resource /loginandlogout/0005_request.json not found 	1619890468589
USER	LoginAndLogout	START	1619890468606
REQUEST		request_6	1619890468637	1619890468688	OK	 
USER	LoginAndLogout	END	1619890468690
REQUEST		request_4	1619890468527	1619890468738	OK	 
REQUEST		request_0	1619890468607	1619890468798	OK	 
ERROR	request_1: Failed to build request: Resource /loginandlogout/0001_request.json not found 	1619890468799
ERROR	request_3: Failed to build request: Resource /loginandlogout/0003_request.json not found 	1619890468799
REQUEST		request_2	1619890468799	1619890468848	OK	 
USER	LoginAndLogout	START	1619890468934
REQUEST		request_4	1619890468888	1619890469099	OK	 
ERROR	request_5: Failed to build request: Resource /loginandlogout/0005_request.json not found 	1619890469100
REQUEST		request_6	1619890469085	1619890469139	OK	 
USER	LoginAndLogout	END	1619890469141
REQUEST		request_0	1619890468935	1619890469143	OK	 
ERROR	request_1: Failed to build request: Resource /loginandlogout/0001_request.json not found 	1619890469143
ERROR	request_3: Failed to build request: Resource /loginandlogout/0003_request.json not found 	1619890469143
REQUEST		request_2	1619890469144	1619890469196	OK	 
USER	LoginAndLogout	START	1619890469271
REQUEST		request_4	1619890469209	1619890469402	OK	 
ERROR	request_5: Failed to build request: Resource /loginandlogout/0005_request.json not found 	1619890469408
REQUEST		request_0	1619890469272	1619890469454	OK	 
ERROR	request_1: Failed to build request: Resource /loginandlogout/0001_request.json not found 	1619890469454
ERROR	request_3: Failed to build request: Resource /loginandlogout/0003_request.json not found 	1619890469454
REQUEST		request_2	1619890469455	1619890469507	OK	 
USER	LoginAndLogout	START	1619890469605
REQUEST		request_6	1619890469586	1619890469648	OK	 
USER	LoginAndLogout	END	1619890469649
REQUEST		request_4	1619890469533	1619890469744	OK	 
ERROR	request_5: Failed to build request: Resource /loginandlogout/0005_request.json not found 	1619890469763
REQUEST		request_0	1619890469606	1619890469800	OK	 
ERROR	request_1: Failed to build request: Resource /loginandlogout/0001_request.json not found 	1619890469801
ERROR	request_3: Failed to build request: Resource /loginandlogout/0003_request.json not found 	1619890469801
REQUEST		request_2	1619890469801	1619890469849	OK	 
USER	LoginAndLogout	START	1619890469937
REQUEST		request_4	1619890469859	1619890470065	OK	 
ERROR	request_5: Failed to build request: Resource /loginandlogout/0005_request.json not found 	1619890470077
REQUEST		request_0	1619890469937	1619890470138	OK	 
ERROR	request_1: Failed to build request: Resource /loginandlogout/0001_request.json not found 	1619890470139
ERROR	request_3: Failed to build request: Resource /loginandlogout/0003_request.json not found 	1619890470140
REQUEST		request_2	1619890470142	1619890470192	OK	 
REQUEST		request_6	1619890470155	1619890470214	OK	 
USER	LoginAndLogout	END	1619890470220
USER	LoginAndLogout	START	1619890470276
REQUEST		request_4	1619890470201	1619890470407	OK	 
ERROR	request_5: Failed to build request: Resource /loginandlogout/0005_request.json not found 	1619890470447
REQUEST		request_0	1619890470277	1619890470484	OK	 
ERROR	request_1: Failed to build request: Resource /loginandlogout/0001_request.json not found 	1619890470485
ERROR	request_3: Failed to build request: Resource /loginandlogout/0003_request.json not found 	1619890470486
REQUEST		request_2	1619890470487	1619890470538	OK	 
USER	LoginAndLogout	START	1619890470607
REQUEST		request_6	1619890470605	1619890470666	OK	 
USER	LoginAndLogout	END	1619890470668
REQUEST		request_4	1619890470512	1619890470713	OK	 
ERROR	request_5: Failed to build request: Resource /loginandlogout/0005_request.json not found 	1619890470745
REQUEST		request_0	1619890470607	1619890470826	OK	 
ERROR	request_1: Failed to build request: Resource /loginandlogout/0001_request.json not found 	1619890470827
ERROR	request_3: Failed to build request: Resource /loginandlogout/0003_request.json not found 	1619890470827
REQUEST		request_2	1619890470828	1619890470882	OK	 
USER	LoginAndLogout	START	1619890470948
REQUEST		request_4	1619890470855	1619890471061	OK	 
ERROR	request_5: Failed to build request: Resource /loginandlogout/0005_request.json not found 	1619890471106
REQUEST		request_0	1619890470949	1619890471143	OK	 
ERROR	request_1: Failed to build request: Resource /loginandlogout/0001_request.json not found 	1619890471143
ERROR	request_3: Failed to build request: Resource /loginandlogout/0003_request.json not found 	1619890471144
REQUEST		request_6	1619890471106	1619890471163	OK	 
USER	LoginAndLogout	END	1619890471166
REQUEST		request_2	1619890471145	1619890471195	OK	 
USER	LoginAndLogout	START	1619890471277
REQUEST		request_4	1619890471199	1619890471396	OK	 
ERROR	request_5: Failed to build request: Resource /loginandlogout/0005_request.json not found 	1619890471415
REQUEST		request_6	1619890471416	1619890471475	OK	 
USER	LoginAndLogout	END	1619890471478
REQUEST		request_0	1619890471278	1619890471480	OK	 
ERROR	request_1: Failed to build request: Resource /loginandlogout/0001_request.json not found 	1619890471481
ERROR	request_3: Failed to build request: Resource /loginandlogout/0003_request.json not found 	1619890471481
REQUEST		request_2	1619890471482	1619890471543	OK	 
USER	LoginAndLogout	START	1619890471608
ERROR	request_5: Failed to build request: Resource /loginandlogout/0005_request.json not found 	1619890471749
REQUEST		request_4	1619890471545	1619890471760	OK	 
REQUEST		request_0	1619890471609	1619890471801	OK	 
ERROR	request_1: Failed to build request: Resource /loginandlogout/0001_request.json not found 	1619890471802
ERROR	request_3: Failed to build request: Resource /loginandlogout/0003_request.json not found 	1619890471802
REQUEST		request_6	1619890471780	1619890471836	OK	 
USER	LoginAndLogout	END	1619890471837
REQUEST		request_2	1619890471803	1619890471849	OK	 
USER	LoginAndLogout	START	1619890471857
REQUEST		request_0	1619890471857	1619890472058	OK	 
ERROR	request_1: Failed to build request: Resource /loginandlogout/0001_request.json not found 	1619890472059
ERROR	request_3: Failed to build request: Resource /loginandlogout/0003_request.json not found 	1619890472060
ERROR	request_5: Failed to build request: Resource /loginandlogout/0005_request.json not found 	1619890472074
REQUEST		request_4	1619890471888	1619890472088	OK	 
USER	LoginAndLogout	START	1619890472106
REQUEST		request_2	1619890472061	1619890472117	OK	 
REQUEST		request_6	1619890472090	1619890472156	OK	 
USER	LoginAndLogout	END	1619890472160
REQUEST		request_0	1619890472106	1619890472321	OK	 
ERROR	request_1: Failed to build request: Resource /loginandlogout/0001_request.json not found 	1619890472322
ERROR	request_3: Failed to build request: Resource /loginandlogout/0003_request.json not found 	1619890472323
USER	LoginAndLogout	START	1619890472361
REQUEST		request_2	1619890472324	1619890472375	OK	 
REQUEST		request_4	1619890472207	1619890472408	OK	 
ERROR	request_5: Failed to build request: Resource /loginandlogout/0005_request.json not found 	1619890472420
REQUEST		request_6	1619890472450	1619890472515	OK	 
USER	LoginAndLogout	END	1619890472520
REQUEST		request_0	1619890472361	1619890472577	OK	 
ERROR	request_1: Failed to build request: Resource /loginandlogout/0001_request.json not found 	1619890472577
ERROR	request_3: Failed to build request: Resource /loginandlogout/0003_request.json not found 	1619890472577
USER	LoginAndLogout	START	1619890472607
REQUEST		request_2	1619890472578	1619890472633	OK	 
ERROR	request_5: Failed to build request: Resource /loginandlogout/0005_request.json not found 	1619890472715
REQUEST		request_4	1619890472546	1619890472739	OK	 
REQUEST		request_0	1619890472607	1619890472797	OK	 
ERROR	request_1: Failed to build request: Resource /loginandlogout/0001_request.json not found 	1619890472797
ERROR	request_3: Failed to build request: Resource /loginandlogout/0003_request.json not found 	1619890472797
REQUEST		request_6	1619890472762	1619890472827	OK	 
USER	LoginAndLogout	END	1619890472829
REQUEST		request_2	1619890472798	1619890472850	OK	 
USER	LoginAndLogout	START	1619890472855
REQUEST		request_0	1619890472855	1619890473046	OK	 
ERROR	request_1: Failed to build request: Resource /loginandlogout/0001_request.json not found 	1619890473046
ERROR	request_3: Failed to build request: Resource /loginandlogout/0003_request.json not found 	1619890473046
REQUEST		request_4	1619890472855	1619890473059	OK	 
ERROR	request_5: Failed to build request: Resource /loginandlogout/0005_request.json not found 	1619890473071
REQUEST		request_2	1619890473047	1619890473103	OK	 
USER	LoginAndLogout	START	1619890473103
REQUEST		request_6	1619890473119	1619890473175	OK	 
USER	LoginAndLogout	END	1619890473177
REQUEST		request_0	1619890473104	1619890473288	OK	 
ERROR	request_1: Failed to build request: Resource /loginandlogout/0001_request.json not found 	1619890473289
ERROR	request_3: Failed to build request: Resource /loginandlogout/0003_request.json not found 	1619890473290
REQUEST		request_4	1619890473119	1619890473302	OK	 
REQUEST		request_2	1619890473291	1619890473339	OK	 
USER	LoginAndLogout	START	1619890473353
ERROR	request_5: Failed to build request: Resource /loginandlogout/0005_request.json not found 	1619890473399
REQUEST		request_6	1619890473430	1619890473488	OK	 
USER	LoginAndLogout	END	1619890473490
REQUEST		request_0	1619890473353	1619890473545	OK	 
ERROR	request_1: Failed to build request: Resource /loginandlogout/0001_request.json not found 	1619890473546
ERROR	request_3: Failed to build request: Resource /loginandlogout/0003_request.json not found 	1619890473546
REQUEST		request_2	1619890473547	1619890473596	OK	 
REQUEST		request_4	1619890473384	1619890473596	OK	 
USER	LoginAndLogout	START	1619890473601
ERROR	request_5: Failed to build request: Resource /loginandlogout/0005_request.json not found 	1619890473772
REQUEST		request_0	1619890473602	1619890473804	OK	 
ERROR	request_1: Failed to build request: Resource /loginandlogout/0001_request.json not found 	1619890473805
ERROR	request_3: Failed to build request: Resource /loginandlogout/0003_request.json not found 	1619890473805
REQUEST		request_6	1619890473758	1619890473814	OK	 
USER	LoginAndLogout	END	1619890473816
USER	LoginAndLogout	START	1619890473850
REQUEST		request_4	1619890473648	1619890473852	OK	 
REQUEST		request_2	1619890473806	1619890473857	OK	 
REQUEST		request_0	1619890473851	1619890474056	OK	 
ERROR	request_1: Failed to build request: Resource /loginandlogout/0001_request.json not found 	1619890474056
ERROR	request_3: Failed to build request: Resource /loginandlogout/0003_request.json not found 	1619890474057
REQUEST		request_4	1619890473866	1619890474069	OK	 
ERROR	request_5: Failed to build request: Resource /loginandlogout/0005_request.json not found 	1619890474095
REQUEST		request_2	1619890474057	1619890474104	OK	 
USER	LoginAndLogout	START	1619890474111
REQUEST		request_6	1619890474080	1619890474131	OK	 
USER	LoginAndLogout	END	1619890474133
REQUEST		request_0	1619890474112	1619890474306	OK	 
ERROR	request_1: Failed to build request: Resource /loginandlogout/0001_request.json not found 	1619890474307
ERROR	request_3: Failed to build request: Resource /loginandlogout/0003_request.json not found 	1619890474307
REQUEST		request_4	1619890474111	1619890474309	OK	 
USER	LoginAndLogout	START	1619890474357
REQUEST		request_2	1619890474309	1619890474364	OK	 
ERROR	request_5: Failed to build request: Resource /loginandlogout/0005_request.json not found 	1619890474419
REQUEST		request_6	1619890474434	1619890474484	OK	 
USER	LoginAndLogout	END	1619890474486
REQUEST		request_0	1619890474358	1619890474564	OK	 
ERROR	request_1: Failed to build request: Resource /loginandlogout/0001_request.json not found 	1619890474564
ERROR	request_3: Failed to build request: Resource /loginandlogout/0003_request.json not found 	1619890474564
REQUEST		request_4	1619890474342	1619890474565	OK	 
USER	LoginAndLogout	START	1619890474605
REQUEST		request_2	1619890474565	1619890474613	OK	 
ERROR	request_5: Failed to build request: Resource /loginandlogout/0005_request.json not found 	1619890474754
REQUEST		request_6	1619890474725	1619890474773	OK	 
USER	LoginAndLogout	END	1619890474775
REQUEST		request_4	1619890474605	1619890474804	OK	 
REQUEST		request_0	1619890474605	1619890474827	OK	 
ERROR	request_1: Failed to build request: Resource /loginandlogout/0001_request.json not found 	1619890474827
ERROR	request_3: Failed to build request: Resource /loginandlogout/0003_request.json not found 	1619890474828
USER	LoginAndLogout	START	1619890474850
REQUEST		request_2	1619890474828	1619890474943	OK	 
REQUEST		request_0	1619890474850	1619890475044	OK	 
ERROR	request_1: Failed to build request: Resource /loginandlogout/0001_request.json not found 	1619890475044
ERROR	request_3: Failed to build request: Resource /loginandlogout/0003_request.json not found 	1619890475044
REQUEST		request_4	1619890474866	1619890475054	OK	 
ERROR	request_5: Failed to build request: Resource /loginandlogout/0005_request.json not found 	1619890475065
REQUEST		request_2	1619890475045	1619890475096	OK	 
USER	LoginAndLogout	START	1619890475114
REQUEST		request_6	1619890475082	1619890475130	OK	 
USER	LoginAndLogout	END	1619890475132
ERROR	request_5: Failed to build request: Resource /loginandlogout/0005_request.json not found 	1619890475305
REQUEST		request_4	1619890475113	1619890475308	OK	 
REQUEST		request_0	1619890475114	1619890475309	OK	 
ERROR	request_1: Failed to build request: Resource /loginandlogout/0001_request.json not found 	1619890475310
ERROR	request_3: Failed to build request: Resource /loginandlogout/0003_request.json not found 	1619890475310
REQUEST		request_2	1619890475311	1619890475360	OK	 
USER	LoginAndLogout	START	1619890475360
REQUEST		request_6	1619890475406	1619890475462	OK	 
USER	LoginAndLogout	END	1619890475465
REQUEST		request_0	1619890475361	1619890475566	OK	 
ERROR	request_1: Failed to build request: Resource /loginandlogout/0001_request.json not found 	1619890475567
ERROR	request_3: Failed to build request: Resource /loginandlogout/0003_request.json not found 	1619890475568
REQUEST		request_4	1619890475375	1619890475605	OK	 
ERROR	request_5: Failed to build request: Resource /loginandlogout/0005_request.json not found 	1619890475607
USER	LoginAndLogout	START	1619890475610
REQUEST		request_2	1619890475569	1619890475620	OK	 
REQUEST		request_0	1619890475611	1619890475807	OK	 
ERROR	request_1: Failed to build request: Resource /loginandlogout/0001_request.json not found 	1619890475807
ERROR	request_3: Failed to build request: Resource /loginandlogout/0003_request.json not found 	1619890475808
USER	LoginAndLogout	START	1619890475808
REQUEST		request_4	1619890475624	1619890475825	OK	 
REQUEST		request_6	1619890475779	1619890475828	OK	 
USER	LoginAndLogout	END	1619890475829
REQUEST		request_2	1619890475808	1619890475860	OK	 
ERROR	request_5: Failed to build request: Resource /loginandlogout/0005_request.json not found 	1619890475868
REQUEST		request_0	1619890475808	1619890475999	OK	 
ERROR	request_1: Failed to build request: Resource /loginandlogout/0001_request.json not found 	1619890476000
ERROR	request_3: Failed to build request: Resource /loginandlogout/0003_request.json not found 	1619890476000
USER	LoginAndLogout	START	1619890476007
REQUEST		request_2	1619890476000	1619890476048	OK	 
ERROR	request_5: Failed to build request: Resource /loginandlogout/0005_request.json not found 	1619890476083
REQUEST		request_4	1619890475946	1619890476139	OK	 
REQUEST		request_6	1619890476099	1619890476160	OK	 
USER	LoginAndLogout	END	1619890476162
USER	LoginAndLogout	START	1619890476206
REQUEST		request_0	1619890476007	1619890476222	OK	 
ERROR	request_1: Failed to build request: Resource /loginandlogout/0001_request.json not found 	1619890476223
ERROR	request_3: Failed to build request: Resource /loginandlogout/0003_request.json not found 	1619890476223
REQUEST		request_2	1619890476223	1619890476269	OK	 
REQUEST		request_4	1619890476100	1619890476296	OK	 
ERROR	request_5: Failed to build request: Resource /loginandlogout/0005_request.json not found 	1619890476312
REQUEST		request_0	1619890476207	1619890476390	OK	 
ERROR	request_1: Failed to build request: Resource /loginandlogout/0001_request.json not found 	1619890476390
ERROR	request_3: Failed to build request: Resource /loginandlogout/0003_request.json not found 	1619890476391
USER	LoginAndLogout	START	1619890476405
REQUEST		request_2	1619890476391	1619890476439	OK	 
REQUEST		request_6	1619890476420	1619890476475	OK	 
USER	LoginAndLogout	END	1619890476476
ERROR	request_5: Failed to build request: Resource /loginandlogout/0005_request.json not found 	1619890476572
REQUEST		request_4	1619890476374	1619890476573	OK	 
REQUEST		request_0	1619890476406	1619890476616	OK	 
ERROR	request_1: Failed to build request: Resource /loginandlogout/0001_request.json not found 	1619890476616
ERROR	request_3: Failed to build request: Resource /loginandlogout/0003_request.json not found 	1619890476616
USER	LoginAndLogout	START	1619890476620
REQUEST		request_2	1619890476616	1619890476667	OK	 
USER	LoginAndLogout	START	1619890476806
ERROR	request_5: Failed to build request: Resource /loginandlogout/0005_request.json not found 	1619890476809
REQUEST		request_6	1619890476758	1619890476811	OK	 
REQUEST		request_0	1619890476621	1619890476811	OK	 
ERROR	request_1: Failed to build request: Resource /loginandlogout/0001_request.json not found 	1619890476812
ERROR	request_3: Failed to build request: Resource /loginandlogout/0003_request.json not found 	1619890476812
USER	LoginAndLogout	END	1619890476815
REQUEST		request_4	1619890476634	1619890476833	OK	 
REQUEST		request_2	1619890476813	1619890476867	OK	 
USER	LoginAndLogout	START	1619890477008
REQUEST		request_0	1619890476806	1619890477014	OK	 
ERROR	request_1: Failed to build request: Resource /loginandlogout/0001_request.json not found 	1619890477014
ERROR	request_3: Failed to build request: Resource /loginandlogout/0003_request.json not found 	1619890477015
REQUEST		request_4	1619890476868	1619890477053	OK	 
REQUEST		request_2	1619890477015	1619890477064	OK	 
ERROR	request_5: Failed to build request: Resource /loginandlogout/0005_request.json not found 	1619890477069
REQUEST		request_6	1619890477070	1619890477118	OK	 
USER	LoginAndLogout	END	1619890477119
REQUEST		request_0	1619890477009	1619890477196	OK	 
ERROR	request_1: Failed to build request: Resource /loginandlogout/0001_request.json not found 	1619890477196
ERROR	request_3: Failed to build request: Resource /loginandlogout/0003_request.json not found 	1619890477196
USER	LoginAndLogout	START	1619890477208
REQUEST		request_2	1619890477197	1619890477248	OK	 
REQUEST		request_4	1619890477054	1619890477248	OK	 
ERROR	request_5: Failed to build request: Resource /loginandlogout/0005_request.json not found 	1619890477319
USER	LoginAndLogout	START	1619890477412
REQUEST		request_6	1619890477318	1619890477414	OK	 
USER	LoginAndLogout	END	1619890477416
REQUEST		request_0	1619890477208	1619890477455	OK	 
ERROR	request_1: Failed to build request: Resource /loginandlogout/0001_request.json not found 	1619890477455
ERROR	request_3: Failed to build request: Resource /loginandlogout/0003_request.json not found 	1619890477456
REQUEST		request_4	1619890477271	1619890477500	OK	 
REQUEST		request_2	1619890477456	1619890477505	OK	 
USER	LoginAndLogout	START	1619890477606
ERROR	request_5: Failed to build request: Resource /loginandlogout/0005_request.json not found 	1619890477608
REQUEST		request_0	1619890477412	1619890477614	OK	 
ERROR	request_1: Failed to build request: Resource /loginandlogout/0001_request.json not found 	1619890477615
ERROR	request_3: Failed to build request: Resource /loginandlogout/0003_request.json not found 	1619890477615
REQUEST		request_4	1619890477455	1619890477646	OK	 
REQUEST		request_2	1619890477615	1619890477666	OK	 
REQUEST		request_6	1619890477618	1619890477670	OK	 
USER	LoginAndLogout	END	1619890477672
REQUEST		request_0	1619890477607	1619890477790	OK	 
ERROR	request_1: Failed to build request: Resource /loginandlogout/0001_request.json not found 	1619890477791
ERROR	request_3: Failed to build request: Resource /loginandlogout/0003_request.json not found 	1619890477791
USER	LoginAndLogout	START	1619890477806
ERROR	request_5: Failed to build request: Resource /loginandlogout/0005_request.json not found 	1619890477836
REQUEST		request_2	1619890477791	1619890477853	OK	 
REQUEST		request_4	1619890477682	1619890477882	OK	 
REQUEST		request_6	1619890477882	1619890477944	OK	 
USER	LoginAndLogout	END	1619890477946
USER	LoginAndLogout	START	1619890478005
REQUEST		request_0	1619890477806	1619890478009	OK	 
ERROR	request_1: Failed to build request: Resource /loginandlogout/0001_request.json not found 	1619890478010
ERROR	request_3: Failed to build request: Resource /loginandlogout/0003_request.json not found 	1619890478010
REQUEST		request_2	1619890478010	1619890478060	OK	 
REQUEST		request_4	1619890477882	1619890478088	OK	 
ERROR	request_5: Failed to build request: Resource /loginandlogout/0005_request.json not found 	1619890478142
REQUEST		request_6	1619890478097	1619890478152	OK	 
USER	LoginAndLogout	END	1619890478153
USER	LoginAndLogout	START	1619890478204
REQUEST		request_0	1619890478006	1619890478207	OK	 
ERROR	request_1: Failed to build request: Resource /loginandlogout/0001_request.json not found 	1619890478207
ERROR	request_3: Failed to build request: Resource /loginandlogout/0003_request.json not found 	1619890478207
REQUEST		request_2	1619890478207	1619890478257	OK	 
REQUEST		request_4	1619890478066	1619890478271	OK	 
ERROR	request_5: Failed to build request: Resource /loginandlogout/0005_request.json not found 	1619890478304
REQUEST		request_6	1619890478326	1619890478383	OK	 
USER	LoginAndLogout	END	1619890478384
REQUEST		request_0	1619890478204	1619890478404	OK	 
ERROR	request_1: Failed to build request: Resource /loginandlogout/0001_request.json not found 	1619890478404
USER	LoginAndLogout	START	1619890478403
ERROR	request_3: Failed to build request: Resource /loginandlogout/0003_request.json not found 	1619890478404
REQUEST		request_2	1619890478405	1619890478460	OK	 
REQUEST		request_4	1619890478251	1619890478460	OK	 
ERROR	request_5: Failed to build request: Resource /loginandlogout/0005_request.json not found 	1619890478575
REQUEST		request_0	1619890478403	1619890478610	OK	 
ERROR	request_1: Failed to build request: Resource /loginandlogout/0001_request.json not found 	1619890478610
ERROR	request_3: Failed to build request: Resource /loginandlogout/0003_request.json not found 	1619890478610
REQUEST		request_6	1619890478574	1619890478624	OK	 
USER	LoginAndLogout	END	1619890478625
REQUEST		request_2	1619890478611	1619890478665	OK	 
REQUEST		request_4	1619890478512	1619890478704	OK	 
ERROR	request_5: Failed to build request: Resource /loginandlogout/0005_request.json not found 	1619890478837
REQUEST		request_6	1619890478822	1619890478870	OK	 
USER	LoginAndLogout	END	1619890478872
REQUEST		request_4	1619890478682	1619890478892	OK	 
REQUEST		request_4	1619890478869	1619890479051	OK	 
ERROR	request_5: Failed to build request: Resource /loginandlogout/0005_request.json not found 	1619890479070
REQUEST		request_6	1619890479071	1619890479124	OK	 
USER	LoginAndLogout	END	1619890479125
ERROR	request_5: Failed to build request: Resource /loginandlogout/0005_request.json not found 	1619890479256
REQUEST		request_4	1619890479070	1619890479307	OK	 
REQUEST		request_6	1619890479365	1619890479427	OK	 
USER	LoginAndLogout	END	1619890479429
REQUEST		request_4	1619890479272	1619890479490	OK	 
ERROR	request_5: Failed to build request: Resource /loginandlogout/0005_request.json not found 	1619890479518
ERROR	request_5: Failed to build request: Resource /loginandlogout/0005_request.json not found 	1619890479655
REQUEST		request_4	1619890479470	1619890479664	OK	 
REQUEST		request_6	1619890479625	1619890479677	OK	 
USER	LoginAndLogout	END	1619890479680
ERROR	request_5: Failed to build request: Resource /loginandlogout/0005_request.json not found 	1619890479888
REQUEST		request_4	1619890479670	1619890479894	OK	 
REQUEST		request_6	1619890479840	1619890479894	OK	 
USER	LoginAndLogout	END	1619890479898
ERROR	request_5: Failed to build request: Resource /loginandlogout/0005_request.json not found 	1619890480090
REQUEST		request_6	1619890480152	1619890480215	OK	 
USER	LoginAndLogout	END	1619890480220
ERROR	request_5: Failed to build request: Resource /loginandlogout/0005_request.json not found 	1619890480274
REQUEST		request_6	1619890480322	1619890480379	OK	 
USER	LoginAndLogout	END	1619890480385
ERROR	request_5: Failed to build request: Resource /loginandlogout/0005_request.json not found 	1619890480475
REQUEST		request_6	1619890480585	1619890480647	OK	 
USER	LoginAndLogout	END	1619890480649
ERROR	request_5: Failed to build request: Resource /loginandlogout/0005_request.json not found 	1619890480708
ERROR	request_5: Failed to build request: Resource /loginandlogout/0005_request.json not found 	1619890480908
REQUEST		request_6	1619890480847	1619890480931	OK	 
USER	LoginAndLogout	END	1619890480935
ERROR	request_5: Failed to build request: Resource /loginandlogout/0005_request.json not found 	1619890481068
REQUEST		request_6	1619890481081	1619890481143	OK	 
USER	LoginAndLogout	END	1619890481144
ERROR	request_5: Failed to build request: Resource /loginandlogout/0005_request.json not found 	1619890481315
REQUEST		request_6	1619890481268	1619890481325	OK	 
USER	LoginAndLogout	END	1619890481326
ERROR	request_5: Failed to build request: Resource /loginandlogout/0005_request.json not found 	1619890481500
REQUEST		request_6	1619890481532	1619890481581	OK	 
USER	LoginAndLogout	END	1619890481583
ERROR	request_5: Failed to build request: Resource /loginandlogout/0005_request.json not found 	1619890481672
REQUEST		request_6	1619890481672	1619890481725	OK	 
USER	LoginAndLogout	END	1619890481728
ERROR	request_5: Failed to build request: Resource /loginandlogout/0005_request.json not found 	1619890481904
REQUEST		request_6	1619890481905	1619890481965	OK	 
USER	LoginAndLogout	END	1619890481966
REQUEST		request_6	1619890482102	1619890482154	OK	 
USER	LoginAndLogout	END	1619890482156
REQUEST		request_6	1619890482288	1619890482362	OK	 
USER	LoginAndLogout	END	1619890482367
REQUEST		request_6	1619890482488	1619890482543	OK	 
USER	LoginAndLogout	END	1619890482547
REQUEST		request_6	1619890482723	1619890482772	OK	 
USER	LoginAndLogout	END	1619890482773
REQUEST		request_6	1619890482923	1619890482979	OK	 
USER	LoginAndLogout	END	1619890482983
REQUEST		request_6	1619890483079	1619890483132	OK	 
USER	LoginAndLogout	END	1619890483136
REQUEST		request_6	1619890483327	1619890483384	OK	 
USER	LoginAndLogout	END	1619890483388
REQUEST		request_6	1619890483513	1619890483568	OK	 
USER	LoginAndLogout	END	1619890483571
REQUEST		request_6	1619890483683	1619890483733	OK	 
USER	LoginAndLogout	END	1619890483737
REQUEST		request_6	1619890483916	1619890483967	OK	 
USER	LoginAndLogout	END	1619890483968
