RUN	TagsMapEmpty	tagsmapempty	1619892411781	 	3.5.1
USER	TagsMapEmpty	START	1619892413922
REQUEST		request_0	1619892413959	1619892414233	OK	 
USER	TagsMapEmpty	START	1619892414630
USER	TagsMapEmpty	START	1619892414667
REQUEST		request_0	1619892414631	1619892414845	OK	 
REQUEST		request_0	1619892414667	1619892414872	OK	 
USER	TagsMapEmpty	START	1619892415011
USER	TagsMapEmpty	START	1619892415104
REQUEST		request_0	1619892415012	1619892415224	OK	 
REQUEST		request_0	1619892415105	1619892415332	OK	 
USER	TagsMapEmpty	START	1619892416252
USER	TagsMapEmpty	START	1619892416316
REQUEST		request_0	1619892416253	1619892416466	OK	 
REQUEST		request_0	1619892416317	1619892416530	OK	 
USER	TagsMapEmpty	START	1619892417230
REQUEST		request_0	1619892417231	1619892417422	OK	 
USER	TagsMapEmpty	START	1619892417811
REQUEST		request_0	1619892417812	1619892418045	OK	 
USER	TagsMapEmpty	START	1619892418294
USER	TagsMapEmpty	START	1619892418342
ERROR	request_1: Failed to build request: Resource /tagsmapempty/0001_request.json not found 	1619892418360
REQUEST		request_0	1619892418295	1619892418500	OK	 
USER	TagsMapEmpty	START	1619892418527
REQUEST		request_0	1619892418343	1619892418556	OK	 
REQUEST		request_0	1619892418528	1619892418734	OK	 
ERROR	request_1: Failed to build request: Resource /tagsmapempty/0001_request.json not found 	1619892418853
ERROR	request_1: Failed to build request: Resource /tagsmapempty/0001_request.json not found 	1619892418875
ERROR	request_1: Failed to build request: Resource /tagsmapempty/0001_request.json not found 	1619892419229
ERROR	request_1: Failed to build request: Resource /tagsmapempty/0001_request.json not found 	1619892419337
REQUEST		request_4	1619892419383	1619892419729	OK	 
ERROR	request_7: Failed to build request: Resource /tagsmapempty/0007_request.json not found 	1619892419732
REQUEST		request_5	1619892419744	1619892419860	OK	 
REQUEST		request_6	1619892419747	1619892420003	KO	status.find.in(200,201,202,203,204,205,206,207,208,209,304), found 403
REQUEST		request_8	1619892419748	1619892420007	OK	 
REQUEST		request_9	1619892419787	1619892420009	OK	 
USER	TagsMapEmpty	END	1619892420021
REQUEST		request_4	1619892419864	1619892420097	OK	 
ERROR	request_7: Failed to build request: Resource /tagsmapempty/0007_request.json not found 	1619892420098
REQUEST		request_4	1619892419879	1619892420117	OK	 
ERROR	request_7: Failed to build request: Resource /tagsmapempty/0007_request.json not found 	1619892420118
REQUEST		request_5	1619892420099	1619892420205	OK	 
REQUEST		request_5	1619892420119	1619892420225	OK	 
REQUEST		request_9	1619892420102	1619892420288	OK	 
REQUEST		request_6	1619892420100	1619892420296	KO	status.find.in(200,201,202,203,204,205,206,207,208,209,304), found 403
REQUEST		request_8	1619892420102	1619892420298	OK	 
USER	TagsMapEmpty	END	1619892420301
REQUEST		request_6	1619892420120	1619892420333	KO	status.find.in(200,201,202,203,204,205,206,207,208,209,304), found 403
REQUEST		request_8	1619892420120	1619892420334	OK	 
REQUEST		request_9	1619892420121	1619892420335	OK	 
USER	TagsMapEmpty	END	1619892420339
ERROR	request_1: Failed to build request: Resource /tagsmapempty/0001_request.json not found 	1619892420497
REQUEST		request_4	1619892420243	1619892420522	OK	 
ERROR	request_7: Failed to build request: Resource /tagsmapempty/0007_request.json not found 	1619892420523
ERROR	request_1: Failed to build request: Resource /tagsmapempty/0001_request.json not found 	1619892420546
REQUEST		request_4	1619892420353	1619892420619	OK	 
ERROR	request_7: Failed to build request: Resource /tagsmapempty/0007_request.json not found 	1619892420620
REQUEST		request_5	1619892420524	1619892420620	OK	 
REQUEST		request_6	1619892420525	1619892420713	KO	status.find.in(200,201,202,203,204,205,206,207,208,209,304), found 403
REQUEST		request_5	1619892420621	1619892420713	OK	 
REQUEST		request_8	1619892420526	1619892420727	OK	 
REQUEST		request_9	1619892420527	1619892420729	OK	 
USER	TagsMapEmpty	END	1619892420741
REQUEST		request_6	1619892420622	1619892420810	KO	status.find.in(200,201,202,203,204,205,206,207,208,209,304), found 403
REQUEST		request_8	1619892420623	1619892420823	OK	 
REQUEST		request_9	1619892420624	1619892420829	OK	 
USER	TagsMapEmpty	END	1619892420835
USER	TagsMapEmpty	START	1619892421022
REQUEST		request_0	1619892421023	1619892421227	OK	 
USER	TagsMapEmpty	START	1619892421387
ERROR	request_1: Failed to build request: Resource /tagsmapempty/0001_request.json not found 	1619892421433
REQUEST		request_0	1619892421389	1619892421639	OK	 
REQUEST		request_4	1619892421550	1619892421817	OK	 
ERROR	request_7: Failed to build request: Resource /tagsmapempty/0007_request.json not found 	1619892421819
REQUEST		request_4	1619892421538	1619892421818	OK	 
ERROR	request_7: Failed to build request: Resource /tagsmapempty/0007_request.json not found 	1619892421819
REQUEST		request_5	1619892421821	1619892421909	OK	 
REQUEST		request_5	1619892421820	1619892421916	OK	 
REQUEST		request_6	1619892421822	1619892422010	KO	status.find.in(200,201,202,203,204,205,206,207,208,209,304), found 403
REQUEST		request_6	1619892421822	1619892422017	KO	status.find.in(200,201,202,203,204,205,206,207,208,209,304), found 403
REQUEST		request_8	1619892421823	1619892422018	OK	 
REQUEST		request_9	1619892421824	1619892422018	OK	 
REQUEST		request_8	1619892421823	1619892422020	OK	 
REQUEST		request_9	1619892421824	1619892422020	OK	 
USER	TagsMapEmpty	END	1619892422023
USER	TagsMapEmpty	END	1619892422023
ERROR	request_1: Failed to build request: Resource /tagsmapempty/0001_request.json not found 	1619892422050
ERROR	request_1: Failed to build request: Resource /tagsmapempty/0001_request.json not found 	1619892422502
ERROR	request_1: Failed to build request: Resource /tagsmapempty/0001_request.json not found 	1619892422565
REQUEST		request_4	1619892422442	1619892422657	OK	 
ERROR	request_7: Failed to build request: Resource /tagsmapempty/0007_request.json not found 	1619892422658
ERROR	request_1: Failed to build request: Resource /tagsmapempty/0001_request.json not found 	1619892422739
REQUEST		request_5	1619892422661	1619892422752	OK	 
USER	TagsMapEmpty	START	1619892422849
REQUEST		request_6	1619892422663	1619892422864	KO	status.find.in(200,201,202,203,204,205,206,207,208,209,304), found 403
REQUEST		request_8	1619892422665	1619892422867	OK	 
REQUEST		request_9	1619892422666	1619892422870	OK	 
USER	TagsMapEmpty	END	1619892422877
REQUEST		request_0	1619892422849	1619892423046	OK	 
USER	TagsMapEmpty	START	1619892423236
REQUEST		request_4	1619892423067	1619892423265	OK	 
ERROR	request_7: Failed to build request: Resource /tagsmapempty/0007_request.json not found 	1619892423267
USER	TagsMapEmpty	START	1619892423325
REQUEST		request_5	1619892423268	1619892423367	OK	 
REQUEST		request_0	1619892423237	1619892423433	OK	 
REQUEST		request_6	1619892423270	1619892423454	KO	status.find.in(200,201,202,203,204,205,206,207,208,209,304), found 403
REQUEST		request_8	1619892423271	1619892423465	OK	 
REQUEST		request_9	1619892423273	1619892423469	OK	 
USER	TagsMapEmpty	END	1619892423473
REQUEST		request_0	1619892423326	1619892423514	OK	 
USER	TagsMapEmpty	START	1619892423663
REQUEST		request_4	1619892423509	1619892423719	OK	 
ERROR	request_7: Failed to build request: Resource /tagsmapempty/0007_request.json not found 	1619892423721
REQUEST		request_4	1619892423572	1619892423778	OK	 
ERROR	request_7: Failed to build request: Resource /tagsmapempty/0007_request.json not found 	1619892423780
REQUEST		request_5	1619892423725	1619892423818	OK	 
REQUEST		request_5	1619892423781	1619892423874	OK	 
REQUEST		request_0	1619892423664	1619892423894	OK	 
REQUEST		request_6	1619892423729	1619892423933	KO	status.find.in(200,201,202,203,204,205,206,207,208,209,304), found 403
REQUEST		request_9	1619892423733	1619892423939	OK	 
REQUEST		request_8	1619892423731	1619892423954	OK	 
USER	TagsMapEmpty	END	1619892423966
REQUEST		request_6	1619892423782	1619892423980	KO	status.find.in(200,201,202,203,204,205,206,207,208,209,304), found 403
REQUEST		request_8	1619892423783	1619892423980	OK	 
REQUEST		request_9	1619892423784	1619892423981	OK	 
USER	TagsMapEmpty	END	1619892423984
REQUEST		request_4	1619892423743	1619892423992	OK	 
ERROR	request_7: Failed to build request: Resource /tagsmapempty/0007_request.json not found 	1619892423993
USER	TagsMapEmpty	START	1619892424051
REQUEST		request_5	1619892423994	1619892424084	OK	 
USER	TagsMapEmpty	START	1619892424137
REQUEST		request_6	1619892423994	1619892424189	KO	status.find.in(200,201,202,203,204,205,206,207,208,209,304), found 403
REQUEST		request_9	1619892423996	1619892424191	OK	 
REQUEST		request_8	1619892423995	1619892424199	OK	 
USER	TagsMapEmpty	END	1619892424205
REQUEST		request_0	1619892424051	1619892424267	OK	 
REQUEST		request_0	1619892424137	1619892424341	OK	 
USER	TagsMapEmpty	START	1619892424420
REQUEST		request_0	1619892424420	1619892424627	OK	 
USER	TagsMapEmpty	START	1619892424785
USER	TagsMapEmpty	START	1619892424802
USER	TagsMapEmpty	START	1619892424912
REQUEST		request_0	1619892424786	1619892424988	OK	 
REQUEST		request_0	1619892424804	1619892425007	OK	 
REQUEST		request_0	1619892424913	1619892425104	OK	 
ERROR	request_1: Failed to build request: Resource /tagsmapempty/0001_request.json not found 	1619892425235
USER	TagsMapEmpty	START	1619892425313
REQUEST		request_0	1619892425314	1619892425528	OK	 
ERROR	request_1: Failed to build request: Resource /tagsmapempty/0001_request.json not found 	1619892425653
USER	TagsMapEmpty	START	1619892426179
USER	TagsMapEmpty	START	1619892426289
USER	TagsMapEmpty	START	1619892426304
REQUEST		request_0	1619892426179	1619892426376	OK	 
USER	TagsMapEmpty	START	1619892426465
REQUEST		request_0	1619892426290	1619892426482	OK	 
REQUEST		request_4	1619892426241	1619892426494	OK	 
ERROR	request_7: Failed to build request: Resource /tagsmapempty/0007_request.json not found 	1619892426496
REQUEST		request_0	1619892426305	1619892426506	OK	 
REQUEST		request_5	1619892426498	1619892426594	OK	 
REQUEST		request_0	1619892426465	1619892426680	OK	 
REQUEST		request_6	1619892426500	1619892426704	KO	status.find.in(200,201,202,203,204,205,206,207,208,209,304), found 403
REQUEST		request_9	1619892426503	1619892426708	OK	 
REQUEST		request_8	1619892426502	1619892426722	OK	 
USER	TagsMapEmpty	END	1619892426724
REQUEST		request_4	1619892426665	1619892426873	OK	 
ERROR	request_7: Failed to build request: Resource /tagsmapempty/0007_request.json not found 	1619892426875
REQUEST		request_5	1619892426879	1619892426980	OK	 
ERROR	request_1: Failed to build request: Resource /tagsmapempty/0001_request.json not found 	1619892427053
REQUEST		request_6	1619892426881	1619892427082	KO	status.find.in(200,201,202,203,204,205,206,207,208,209,304), found 403
REQUEST		request_8	1619892426884	1619892427131	OK	 
REQUEST		request_9	1619892426887	1619892427131	OK	 
USER	TagsMapEmpty	END	1619892427134
ERROR	request_1: Failed to build request: Resource /tagsmapempty/0001_request.json not found 	1619892427441
ERROR	request_1: Failed to build request: Resource /tagsmapempty/0001_request.json not found 	1619892427519
ERROR	request_1: Failed to build request: Resource /tagsmapempty/0001_request.json not found 	1619892427907
REQUEST		request_4	1619892428064	1619892428269	OK	 
ERROR	request_7: Failed to build request: Resource /tagsmapempty/0007_request.json not found 	1619892428270
ERROR	request_1: Failed to build request: Resource /tagsmapempty/0001_request.json not found 	1619892428282
USER	TagsMapEmpty	START	1619892428331
ERROR	request_1: Failed to build request: Resource /tagsmapempty/0001_request.json not found 	1619892428346
REQUEST		request_5	1619892428272	1619892428369	OK	 
REQUEST		request_6	1619892428273	1619892428464	KO	status.find.in(200,201,202,203,204,205,206,207,208,209,304), found 403
REQUEST		request_9	1619892428276	1619892428473	OK	 
REQUEST		request_8	1619892428274	1619892428475	OK	 
USER	TagsMapEmpty	END	1619892428484
REQUEST		request_0	1619892428331	1619892428524	OK	 
USER	TagsMapEmpty	START	1619892428597
ERROR	request_1: Failed to build request: Resource /tagsmapempty/0001_request.json not found 	1619892428644
REQUEST		request_4	1619892428454	1619892428671	OK	 
ERROR	request_7: Failed to build request: Resource /tagsmapempty/0007_request.json not found 	1619892428674
REQUEST		request_4	1619892428533	1619892428738	OK	 
ERROR	request_7: Failed to build request: Resource /tagsmapempty/0007_request.json not found 	1619892428739
REQUEST		request_5	1619892428682	1619892428764	OK	 
REQUEST		request_0	1619892428598	1619892428805	OK	 
REQUEST		request_5	1619892428740	1619892428815	OK	 
REQUEST		request_6	1619892428684	1619892428871	KO	status.find.in(200,201,202,203,204,205,206,207,208,209,304), found 403
REQUEST		request_8	1619892428688	1619892428883	OK	 
REQUEST		request_9	1619892428692	1619892428890	OK	 
USER	TagsMapEmpty	END	1619892428892
REQUEST		request_6	1619892428741	1619892428935	KO	status.find.in(200,201,202,203,204,205,206,207,208,209,304), found 403
REQUEST		request_8	1619892428742	1619892428943	OK	 
REQUEST		request_9	1619892428743	1619892428944	OK	 
USER	TagsMapEmpty	END	1619892428950
ERROR	request_1: Failed to build request: Resource /tagsmapempty/0001_request.json not found 	1619892428995
ERROR	request_1: Failed to build request: Resource /tagsmapempty/0001_request.json not found 	1619892429010
USER	TagsMapEmpty	START	1619892429119
ERROR	request_1: Failed to build request: Resource /tagsmapempty/0001_request.json not found 	1619892429121
REQUEST		request_4	1619892428917	1619892429134	OK	 
ERROR	request_7: Failed to build request: Resource /tagsmapempty/0007_request.json not found 	1619892429135
USER	TagsMapEmpty	START	1619892429149
USER	TagsMapEmpty	START	1619892429150
USER	TagsMapEmpty	START	1619892429164
REQUEST		request_5	1619892429135	1619892429224	OK	 
REQUEST		request_0	1619892429120	1619892429310	OK	 
REQUEST		request_6	1619892429136	1619892429320	KO	status.find.in(200,201,202,203,204,205,206,207,208,209,304), found 403
REQUEST		request_9	1619892429138	1619892429324	OK	 
REQUEST		request_8	1619892429137	1619892429325	OK	 
USER	TagsMapEmpty	END	1619892429328
REQUEST		request_0	1619892429150	1619892429350	OK	 
REQUEST		request_0	1619892429150	1619892429353	OK	 
REQUEST		request_0	1619892429165	1619892429356	OK	 
REQUEST		request_4	1619892429290	1619892429490	OK	 
ERROR	request_7: Failed to build request: Resource /tagsmapempty/0007_request.json not found 	1619892429492
ERROR	request_1: Failed to build request: Resource /tagsmapempty/0001_request.json not found 	1619892429537
REQUEST		request_4	1619892429352	1619892429563	OK	 
ERROR	request_7: Failed to build request: Resource /tagsmapempty/0007_request.json not found 	1619892429565
REQUEST		request_5	1619892429495	1619892429585	OK	 
REQUEST		request_5	1619892429567	1619892429670	OK	 
REQUEST		request_6	1619892429498	1619892429689	KO	status.find.in(200,201,202,203,204,205,206,207,208,209,304), found 403
REQUEST		request_8	1619892429501	1619892429698	OK	 
REQUEST		request_9	1619892429503	1619892429715	OK	 
USER	TagsMapEmpty	END	1619892429718
REQUEST		request_6	1619892429568	1619892429755	KO	status.find.in(200,201,202,203,204,205,206,207,208,209,304), found 403
REQUEST		request_8	1619892429570	1619892429763	OK	 
REQUEST		request_9	1619892429571	1619892429767	OK	 
USER	TagsMapEmpty	END	1619892429770
REQUEST		request_4	1619892429662	1619892429856	OK	 
ERROR	request_7: Failed to build request: Resource /tagsmapempty/0007_request.json not found 	1619892429856
USER	TagsMapEmpty	START	1619892429875
USER	TagsMapEmpty	START	1619892429922
REQUEST		request_5	1619892429857	1619892429931	OK	 
REQUEST		request_6	1619892429858	1619892430040	KO	status.find.in(200,201,202,203,204,205,206,207,208,209,304), found 403
REQUEST		request_9	1619892429859	1619892430051	OK	 
REQUEST		request_8	1619892429858	1619892430053	OK	 
USER	TagsMapEmpty	END	1619892430059
REQUEST		request_0	1619892429876	1619892430062	OK	 
REQUEST		request_0	1619892429922	1619892430110	OK	 
REQUEST		request_4	1619892429998	1619892430206	OK	 
ERROR	request_7: Failed to build request: Resource /tagsmapempty/0007_request.json not found 	1619892430207
REQUEST		request_4	1619892430013	1619892430215	OK	 
ERROR	request_7: Failed to build request: Resource /tagsmapempty/0007_request.json not found 	1619892430216
REQUEST		request_5	1619892430208	1619892430291	OK	 
REQUEST		request_5	1619892430217	1619892430305	OK	 
REQUEST		request_4	1619892430135	1619892430340	OK	 
ERROR	request_7: Failed to build request: Resource /tagsmapempty/0007_request.json not found 	1619892430342
ERROR	request_1: Failed to build request: Resource /tagsmapempty/0001_request.json not found 	1619892430384
REQUEST		request_6	1619892430209	1619892430411	KO	status.find.in(200,201,202,203,204,205,206,207,208,209,304), found 403
REQUEST		request_8	1619892430210	1619892430412	OK	 
REQUEST		request_9	1619892430210	1619892430412	OK	 
USER	TagsMapEmpty	END	1619892430415
REQUEST		request_6	1619892430218	1619892430418	KO	status.find.in(200,201,202,203,204,205,206,207,208,209,304), found 403
REQUEST		request_8	1619892430219	1619892430420	OK	 
REQUEST		request_5	1619892430345	1619892430426	OK	 
REQUEST		request_9	1619892430220	1619892430427	OK	 
USER	TagsMapEmpty	END	1619892430429
ERROR	request_1: Failed to build request: Resource /tagsmapempty/0001_request.json not found 	1619892430488
ERROR	request_1: Failed to build request: Resource /tagsmapempty/0001_request.json not found 	1619892430519
REQUEST		request_6	1619892430346	1619892430540	KO	status.find.in(200,201,202,203,204,205,206,207,208,209,304), found 403
REQUEST		request_8	1619892430347	1619892430543	OK	 
REQUEST		request_9	1619892430348	1619892430546	OK	 
USER	TagsMapEmpty	END	1619892430548
USER	TagsMapEmpty	START	1619892430566
ERROR	request_1: Failed to build request: Resource /tagsmapempty/0001_request.json not found 	1619892430692
REQUEST		request_0	1619892430567	1619892430753	OK	 
REQUEST		request_4	1619892430551	1619892430764	OK	 
ERROR	request_7: Failed to build request: Resource /tagsmapempty/0007_request.json not found 	1619892430765
REQUEST		request_5	1619892430768	1619892430864	OK	 
USER	TagsMapEmpty	START	1619892430864
USER	TagsMapEmpty	START	1619892430908
REQUEST		request_6	1619892430770	1619892430960	KO	status.find.in(200,201,202,203,204,205,206,207,208,209,304), found 403
REQUEST		request_9	1619892430776	1619892430969	OK	 
REQUEST		request_8	1619892430773	1619892430974	OK	 
USER	TagsMapEmpty	END	1619892430976
REQUEST		request_0	1619892430865	1619892431072	OK	 
REQUEST		request_0	1619892430908	1619892431114	OK	 
REQUEST		request_4	1619892431394	1619892431599	OK	 
ERROR	request_7: Failed to build request: Resource /tagsmapempty/0007_request.json not found 	1619892431600
USER	TagsMapEmpty	START	1619892431674
REQUEST		request_5	1619892431602	1619892431683	OK	 
REQUEST		request_4	1619892431503	1619892431710	OK	 
ERROR	request_7: Failed to build request: Resource /tagsmapempty/0007_request.json not found 	1619892431712
REQUEST		request_4	1619892431533	1619892431740	OK	 
ERROR	request_7: Failed to build request: Resource /tagsmapempty/0007_request.json not found 	1619892431740
REQUEST		request_6	1619892431604	1619892431801	KO	status.find.in(200,201,202,203,204,205,206,207,208,209,304), found 403
REQUEST		request_5	1619892431715	1619892431804	OK	 
REQUEST		request_8	1619892431606	1619892431809	OK	 
REQUEST		request_5	1619892431741	1619892431816	OK	 
REQUEST		request_9	1619892431608	1619892431828	OK	 
USER	TagsMapEmpty	END	1619892431849
REQUEST		request_0	1619892431675	1619892431870	OK	 
REQUEST		request_4	1619892431702	1619892431904	OK	 
REQUEST		request_6	1619892431716	1619892431905	KO	status.find.in(200,201,202,203,204,205,206,207,208,209,304), found 403
ERROR	request_7: Failed to build request: Resource /tagsmapempty/0007_request.json not found 	1619892431905
REQUEST		request_9	1619892431722	1619892431921	OK	 
REQUEST		request_6	1619892431742	1619892431922	KO	status.find.in(200,201,202,203,204,205,206,207,208,209,304), found 403
REQUEST		request_8	1619892431720	1619892431930	OK	 
REQUEST		request_9	1619892431744	1619892431930	OK	 
USER	TagsMapEmpty	END	1619892431933
REQUEST		request_8	1619892431743	1619892431943	OK	 
USER	TagsMapEmpty	END	1619892431944
REQUEST		request_5	1619892431905	1619892431979	OK	 
REQUEST		request_6	1619892431906	1619892432079	KO	status.find.in(200,201,202,203,204,205,206,207,208,209,304), found 403
REQUEST		request_9	1619892431908	1619892432096	OK	 
REQUEST		request_8	1619892431907	1619892432101	OK	 
USER	TagsMapEmpty	END	1619892432107
USER	TagsMapEmpty	START	1619892432199
REQUEST		request_0	1619892432200	1619892432398	OK	 
USER	TagsMapEmpty	START	1619892432465
USER	TagsMapEmpty	START	1619892432481
ERROR	request_1: Failed to build request: Resource /tagsmapempty/0001_request.json not found 	1619892432527
USER	TagsMapEmpty	START	1619892432636
REQUEST		request_0	1619892432466	1619892432672	OK	 
REQUEST		request_0	1619892432482	1619892432687	OK	 
ERROR	request_1: Failed to build request: Resource /tagsmapempty/0001_request.json not found 	1619892432820
REQUEST		request_0	1619892432636	1619892432831	OK	 
USER	TagsMapEmpty	START	1619892432931
REQUEST		request_0	1619892432932	1619892433139	OK	 
ERROR	request_1: Failed to build request: Resource /tagsmapempty/0001_request.json not found 	1619892433327
ERROR	request_1: Failed to build request: Resource /tagsmapempty/0001_request.json not found 	1619892433357
ERROR	request_1: Failed to build request: Resource /tagsmapempty/0001_request.json not found 	1619892433357
ERROR	request_1: Failed to build request: Resource /tagsmapempty/0001_request.json not found 	1619892433358
USER	TagsMapEmpty	START	1619892433394
REQUEST		request_0	1619892433396	1619892433601	OK	 
USER	TagsMapEmpty	START	1619892433686
REQUEST		request_4	1619892433532	1619892433741	OK	 
ERROR	request_7: Failed to build request: Resource /tagsmapempty/0007_request.json not found 	1619892433744
REQUEST		request_5	1619892433745	1619892433822	OK	 
REQUEST		request_0	1619892433687	1619892433889	OK	 
REQUEST		request_6	1619892433747	1619892433926	KO	status.find.in(200,201,202,203,204,205,206,207,208,209,304), found 403
REQUEST		request_9	1619892433752	1619892433944	OK	 
REQUEST		request_8	1619892433750	1619892433950	OK	 
USER	TagsMapEmpty	END	1619892433954
REQUEST		request_4	1619892433837	1619892434043	OK	 
ERROR	request_7: Failed to build request: Resource /tagsmapempty/0007_request.json not found 	1619892434045
ERROR	request_1: Failed to build request: Resource /tagsmapempty/0001_request.json not found 	1619892434068
ERROR	request_1: Failed to build request: Resource /tagsmapempty/0001_request.json not found 	1619892434114
REQUEST		request_5	1619892434047	1619892434127	OK	 
USER	TagsMapEmpty	START	1619892434144
REQUEST		request_6	1619892434048	1619892434242	KO	status.find.in(200,201,202,203,204,205,206,207,208,209,304), found 403
REQUEST		request_9	1619892434052	1619892434257	OK	 
REQUEST		request_8	1619892434050	1619892434260	OK	 
USER	TagsMapEmpty	END	1619892434262
REQUEST		request_0	1619892434145	1619892434332	OK	 
REQUEST		request_4	1619892434331	1619892434550	OK	 
ERROR	request_7: Failed to build request: Resource /tagsmapempty/0007_request.json not found 	1619892434551
USER	TagsMapEmpty	START	1619892434577
REQUEST		request_4	1619892434373	1619892434585	OK	 
ERROR	request_7: Failed to build request: Resource /tagsmapempty/0007_request.json not found 	1619892434587
REQUEST		request_4	1619892434373	1619892434599	OK	 
ERROR	request_7: Failed to build request: Resource /tagsmapempty/0007_request.json not found 	1619892434601
REQUEST		request_4	1619892434373	1619892434606	OK	 
ERROR	request_7: Failed to build request: Resource /tagsmapempty/0007_request.json not found 	1619892434607
REQUEST		request_5	1619892434553	1619892434633	OK	 
REQUEST		request_5	1619892434589	1619892434669	OK	 
REQUEST		request_5	1619892434608	1619892434682	OK	 
REQUEST		request_5	1619892434604	1619892434685	OK	 
REQUEST		request_6	1619892434554	1619892434745	KO	status.find.in(200,201,202,203,204,205,206,207,208,209,304), found 403
ERROR	request_1: Failed to build request: Resource /tagsmapempty/0001_request.json not found 	1619892434767
USER	TagsMapEmpty	START	1619892434768
REQUEST		request_9	1619892434559	1619892434769	OK	 
REQUEST		request_8	1619892434556	1619892434771	OK	 
USER	TagsMapEmpty	END	1619892434774
REQUEST		request_0	1619892434577	1619892434775	OK	 
REQUEST		request_6	1619892434591	1619892434779	KO	status.find.in(200,201,202,203,204,205,206,207,208,209,304), found 403
USER	TagsMapEmpty	START	1619892434783
REQUEST		request_6	1619892434609	1619892434792	KO	status.find.in(200,201,202,203,204,205,206,207,208,209,304), found 403
REQUEST		request_6	1619892434606	1619892434795	KO	status.find.in(200,201,202,203,204,205,206,207,208,209,304), found 403
REQUEST		request_8	1619892434608	1619892434810	OK	 
REQUEST		request_8	1619892434595	1619892434810	OK	 
REQUEST		request_8	1619892434610	1619892434810	OK	 
REQUEST		request_9	1619892434611	1619892434811	OK	 
REQUEST		request_9	1619892434597	1619892434811	OK	 
REQUEST		request_9	1619892434609	1619892434811	OK	 
USER	TagsMapEmpty	END	1619892434813
USER	TagsMapEmpty	END	1619892434813
USER	TagsMapEmpty	END	1619892434813
REQUEST		request_0	1619892434768	1619892434964	OK	 
USER	TagsMapEmpty	START	1619892434983
REQUEST		request_0	1619892434784	1619892434984	OK	 
ERROR	request_1: Failed to build request: Resource /tagsmapempty/0001_request.json not found 	1619892435074
ERROR	request_1: Failed to build request: Resource /tagsmapempty/0001_request.json not found 	1619892435121
REQUEST		request_0	1619892434984	1619892435181	OK	 
REQUEST		request_4	1619892435075	1619892435271	OK	 
ERROR	request_7: Failed to build request: Resource /tagsmapempty/0007_request.json not found 	1619892435271
REQUEST		request_4	1619892435121	1619892435336	OK	 
ERROR	request_7: Failed to build request: Resource /tagsmapempty/0007_request.json not found 	1619892435337
REQUEST		request_5	1619892435272	1619892435356	OK	 
USER	TagsMapEmpty	START	1619892435359
REQUEST		request_5	1619892435337	1619892435432	OK	 
REQUEST		request_6	1619892435272	1619892435463	KO	status.find.in(200,201,202,203,204,205,206,207,208,209,304), found 403
REQUEST		request_9	1619892435274	1619892435464	OK	 
REQUEST		request_8	1619892435273	1619892435473	OK	 
USER	TagsMapEmpty	END	1619892435476
REQUEST		request_6	1619892435338	1619892435541	KO	status.find.in(200,201,202,203,204,205,206,207,208,209,304), found 403
REQUEST		request_8	1619892435339	1619892435556	OK	 
REQUEST		request_0	1619892435360	1619892435556	OK	 
REQUEST		request_9	1619892435339	1619892435557	OK	 
USER	TagsMapEmpty	END	1619892435559
USER	TagsMapEmpty	START	1619892435813
ERROR	request_1: Failed to build request: Resource /tagsmapempty/0001_request.json not found 	1619892435875
REQUEST		request_4	1619892435782	1619892435975	OK	 
ERROR	request_7: Failed to build request: Resource /tagsmapempty/0007_request.json not found 	1619892435976
REQUEST		request_0	1619892435814	1619892436009	OK	 
REQUEST		request_5	1619892435976	1619892436047	OK	 
REQUEST		request_6	1619892435977	1619892436150	KO	status.find.in(200,201,202,203,204,205,206,207,208,209,304), found 403
REQUEST		request_8	1619892435978	1619892436185	OK	 
REQUEST		request_9	1619892435978	1619892436186	OK	 
USER	TagsMapEmpty	END	1619892436189
REQUEST		request_4	1619892436090	1619892436300	OK	 
ERROR	request_7: Failed to build request: Resource /tagsmapempty/0007_request.json not found 	1619892436300
REQUEST		request_4	1619892436135	1619892436348	OK	 
ERROR	request_7: Failed to build request: Resource /tagsmapempty/0007_request.json not found 	1619892436348
REQUEST		request_5	1619892436301	1619892436373	OK	 
ERROR	request_1: Failed to build request: Resource /tagsmapempty/0001_request.json not found 	1619892436400
REQUEST		request_5	1619892436349	1619892436423	OK	 
REQUEST		request_6	1619892436302	1619892436482	KO	status.find.in(200,201,202,203,204,205,206,207,208,209,304), found 403
REQUEST		request_8	1619892436302	1619892436503	OK	 
REQUEST		request_9	1619892436303	1619892436511	OK	 
USER	TagsMapEmpty	END	1619892436522
REQUEST		request_6	1619892436349	1619892436535	KO	status.find.in(200,201,202,203,204,205,206,207,208,209,304), found 403
REQUEST		request_9	1619892436351	1619892436552	OK	 
REQUEST		request_8	1619892436350	1619892436552	OK	 
USER	TagsMapEmpty	END	1619892436576
ERROR	request_1: Failed to build request: Resource /tagsmapempty/0001_request.json not found 	1619892436679
ERROR	request_1: Failed to build request: Resource /tagsmapempty/0001_request.json not found 	1619892436694
ERROR	request_1: Failed to build request: Resource /tagsmapempty/0001_request.json not found 	1619892436834
REQUEST		request_4	1619892436881	1619892437094	OK	 
ERROR	request_7: Failed to build request: Resource /tagsmapempty/0007_request.json not found 	1619892437095
ERROR	request_1: Failed to build request: Resource /tagsmapempty/0001_request.json not found 	1619892437148
REQUEST		request_5	1619892437097	1619892437186	OK	 
REQUEST		request_8	1619892437100	1619892437288	OK	 
REQUEST		request_6	1619892437098	1619892437301	KO	status.find.in(200,201,202,203,204,205,206,207,208,209,304), found 403
REQUEST		request_9	1619892437101	1619892437308	OK	 
USER	TagsMapEmpty	END	1619892437312
ERROR	request_1: Failed to build request: Resource /tagsmapempty/0001_request.json not found 	1619892437610
REQUEST		request_4	1619892437408	1619892437618	OK	 
ERROR	request_7: Failed to build request: Resource /tagsmapempty/0007_request.json not found 	1619892437619
REQUEST		request_5	1619892437620	1619892437712	OK	 
USER	TagsMapEmpty	START	1619892437722
USER	TagsMapEmpty	START	1619892437805
REQUEST		request_6	1619892437622	1619892437810	KO	status.find.in(200,201,202,203,204,205,206,207,208,209,304), found 403
REQUEST		request_9	1619892437625	1619892437836	OK	 
REQUEST		request_8	1619892437623	1619892437841	OK	 
USER	TagsMapEmpty	END	1619892437843
ERROR	request_1: Failed to build request: Resource /tagsmapempty/0001_request.json not found 	1619892437896
REQUEST		request_4	1619892437686	1619892437899	OK	 
ERROR	request_7: Failed to build request: Resource /tagsmapempty/0007_request.json not found 	1619892437900
REQUEST		request_4	1619892437707	1619892437910	OK	 
ERROR	request_7: Failed to build request: Resource /tagsmapempty/0007_request.json not found 	1619892437911
REQUEST		request_0	1619892437723	1619892437918	OK	 
USER	TagsMapEmpty	START	1619892437927
REQUEST		request_5	1619892437901	1619892437984	OK	 
REQUEST		request_5	1619892437912	1619892437993	OK	 
REQUEST		request_0	1619892437805	1619892438010	OK	 
REQUEST		request_4	1619892437850	1619892438038	OK	 
ERROR	request_7: Failed to build request: Resource /tagsmapempty/0007_request.json not found 	1619892438039
REQUEST		request_6	1619892437902	1619892438083	KO	status.find.in(200,201,202,203,204,205,206,207,208,209,304), found 403
REQUEST		request_9	1619892437904	1619892438093	OK	 
REQUEST		request_8	1619892437903	1619892438094	OK	 
USER	TagsMapEmpty	END	1619892438098
REQUEST		request_6	1619892437913	1619892438101	KO	status.find.in(200,201,202,203,204,205,206,207,208,209,304), found 403
REQUEST		request_8	1619892437914	1619892438112	OK	 
REQUEST		request_0	1619892437928	1619892438124	OK	 
REQUEST		request_9	1619892437924	1619892438128	OK	 
USER	TagsMapEmpty	END	1619892438131
REQUEST		request_5	1619892438039	1619892438135	OK	 
REQUEST		request_6	1619892438040	1619892438226	KO	status.find.in(200,201,202,203,204,205,206,207,208,209,304), found 403
REQUEST		request_8	1619892438040	1619892438243	OK	 
REQUEST		request_9	1619892438041	1619892438245	OK	 
USER	TagsMapEmpty	END	1619892438248
USER	TagsMapEmpty	START	1619892438265
ERROR	request_1: Failed to build request: Resource /tagsmapempty/0001_request.json not found 	1619892438343
REQUEST		request_4	1619892438159	1619892438361	OK	 
ERROR	request_7: Failed to build request: Resource /tagsmapempty/0007_request.json not found 	1619892438361
REQUEST		request_5	1619892438362	1619892438439	OK	 
REQUEST		request_0	1619892438265	1619892438472	OK	 
REQUEST		request_6	1619892438363	1619892438551	KO	status.find.in(200,201,202,203,204,205,206,207,208,209,304), found 403
REQUEST		request_8	1619892438364	1619892438571	OK	 
REQUEST		request_9	1619892438366	1619892438572	OK	 
USER	TagsMapEmpty	END	1619892438574
ERROR	request_1: Failed to build request: Resource /tagsmapempty/0001_request.json not found 	1619892438780
REQUEST		request_4	1619892438626	1619892438824	OK	 
ERROR	request_7: Failed to build request: Resource /tagsmapempty/0007_request.json not found 	1619892438825
REQUEST		request_5	1619892438827	1619892438913	OK	 
ERROR	request_1: Failed to build request: Resource /tagsmapempty/0001_request.json not found 	1619892438970
ERROR	request_1: Failed to build request: Resource /tagsmapempty/0001_request.json not found 	1619892439000
REQUEST		request_6	1619892438828	1619892439004	KO	status.find.in(200,201,202,203,204,205,206,207,208,209,304), found 403
REQUEST		request_8	1619892438829	1619892439028	OK	 
REQUEST		request_9	1619892438829	1619892439028	OK	 
USER	TagsMapEmpty	END	1619892439032
REQUEST		request_4	1619892438908	1619892439102	OK	 
ERROR	request_7: Failed to build request: Resource /tagsmapempty/0007_request.json not found 	1619892439103
USER	TagsMapEmpty	START	1619892439141
REQUEST		request_5	1619892439104	1619892439184	OK	 
ERROR	request_1: Failed to build request: Resource /tagsmapempty/0001_request.json not found 	1619892439186
REQUEST		request_6	1619892439105	1619892439289	KO	status.find.in(200,201,202,203,204,205,206,207,208,209,304), found 403
REQUEST		request_8	1619892439106	1619892439300	OK	 
REQUEST		request_9	1619892439108	1619892439303	OK	 
USER	TagsMapEmpty	END	1619892439314
REQUEST		request_0	1619892439141	1619892439335	OK	 
REQUEST		request_4	1619892439355	1619892439559	OK	 
ERROR	request_7: Failed to build request: Resource /tagsmapempty/0007_request.json not found 	1619892439560
ERROR	request_1: Failed to build request: Resource /tagsmapempty/0001_request.json not found 	1619892439570
REQUEST		request_5	1619892439561	1619892439632	OK	 
USER	TagsMapEmpty	START	1619892439694
REQUEST		request_6	1619892439562	1619892439750	KO	status.find.in(200,201,202,203,204,205,206,207,208,209,304), found 403
REQUEST		request_8	1619892439563	1619892439754	OK	 
REQUEST		request_9	1619892439564	1619892439757	OK	 
USER	TagsMapEmpty	END	1619892439760
REQUEST		request_0	1619892439694	1619892439898	OK	 
ERROR	request_1: Failed to build request: Resource /tagsmapempty/0001_request.json not found 	1619892440025
REQUEST		request_4	1619892439785	1619892440037	OK	 
ERROR	request_7: Failed to build request: Resource /tagsmapempty/0007_request.json not found 	1619892440038
REQUEST		request_5	1619892440039	1619892440110	OK	 
REQUEST		request_4	1619892439976	1619892440183	OK	 
ERROR	request_7: Failed to build request: Resource /tagsmapempty/0007_request.json not found 	1619892440183
REQUEST		request_4	1619892440008	1619892440209	OK	 
ERROR	request_7: Failed to build request: Resource /tagsmapempty/0007_request.json not found 	1619892440210
REQUEST		request_6	1619892440039	1619892440221	KO	status.find.in(200,201,202,203,204,205,206,207,208,209,304), found 403
REQUEST		request_9	1619892440042	1619892440237	OK	 
REQUEST		request_8	1619892440041	1619892440237	OK	 
USER	TagsMapEmpty	END	1619892440239
REQUEST		request_5	1619892440184	1619892440264	OK	 
REQUEST		request_5	1619892440210	1619892440282	OK	 
REQUEST		request_6	1619892440184	1619892440360	KO	status.find.in(200,201,202,203,204,205,206,207,208,209,304), found 403
REQUEST		request_8	1619892440185	1619892440390	OK	 
REQUEST		request_6	1619892440211	1619892440409	KO	status.find.in(200,201,202,203,204,205,206,207,208,209,304), found 403
REQUEST		request_9	1619892440185	1619892440410	OK	 
USER	TagsMapEmpty	END	1619892440413
REQUEST		request_4	1619892440189	1619892440425	OK	 
ERROR	request_7: Failed to build request: Resource /tagsmapempty/0007_request.json not found 	1619892440425
USER	TagsMapEmpty	START	1619892440435
REQUEST		request_8	1619892440211	1619892440468	OK	 
REQUEST		request_9	1619892440211	1619892440468	OK	 
USER	TagsMapEmpty	END	1619892440470
REQUEST		request_5	1619892440426	1619892440536	OK	 
REQUEST		request_6	1619892440426	1619892440695	KO	status.find.in(200,201,202,203,204,205,206,207,208,209,304), found 403
REQUEST		request_9	1619892440428	1619892440723	OK	 
REQUEST		request_0	1619892440435	1619892440728	OK	 
REQUEST		request_8	1619892440427	1619892440736	OK	 
USER	TagsMapEmpty	END	1619892440739
USER	TagsMapEmpty	START	1619892440805
REQUEST		request_4	1619892440574	1619892440867	OK	 
ERROR	request_7: Failed to build request: Resource /tagsmapempty/0007_request.json not found 	1619892440868
REQUEST		request_5	1619892440868	1619892440963	OK	 
REQUEST		request_0	1619892440806	1619892441138	OK	 
REQUEST		request_6	1619892440868	1619892441152	KO	status.find.in(200,201,202,203,204,205,206,207,208,209,304), found 403
REQUEST		request_8	1619892440869	1619892441194	OK	 
REQUEST		request_9	1619892440870	1619892441205	OK	 
USER	TagsMapEmpty	END	1619892441208
REQUEST		request_4	1619892441038	1619892441301	OK	 
ERROR	request_7: Failed to build request: Resource /tagsmapempty/0007_request.json not found 	1619892441301
REQUEST		request_5	1619892441301	1619892441403	OK	 
REQUEST		request_6	1619892441302	1619892441571	KO	status.find.in(200,201,202,203,204,205,206,207,208,209,304), found 403
REQUEST		request_9	1619892441303	1619892441607	OK	 
REQUEST		request_8	1619892441302	1619892441624	OK	 
USER	TagsMapEmpty	END	1619892441626
ERROR	request_1: Failed to build request: Resource /tagsmapempty/0001_request.json not found 	1619892441928
ERROR	request_1: Failed to build request: Resource /tagsmapempty/0001_request.json not found 	1619892442022
USER	TagsMapEmpty	START	1619892442099
ERROR	request_1: Failed to build request: Resource /tagsmapempty/0001_request.json not found 	1619892442129
REQUEST		request_0	1619892442099	1619892442408	OK	 
ERROR	request_1: Failed to build request: Resource /tagsmapempty/0001_request.json not found 	1619892442484
USER	TagsMapEmpty	START	1619892442858
REQUEST		request_0	1619892442859	1619892443056	OK	 
REQUEST		request_4	1619892442935	1619892443143	OK	 
ERROR	request_7: Failed to build request: Resource /tagsmapempty/0007_request.json not found 	1619892443144
REQUEST		request_4	1619892443030	1619892443228	OK	 
ERROR	request_7: Failed to build request: Resource /tagsmapempty/0007_request.json not found 	1619892443228
REQUEST		request_5	1619892443145	1619892443229	OK	 
USER	TagsMapEmpty	START	1619892443294
REQUEST		request_5	1619892443229	1619892443310	OK	 
ERROR	request_1: Failed to build request: Resource /tagsmapempty/0001_request.json not found 	1619892443338
REQUEST		request_6	1619892443146	1619892443350	KO	status.find.in(200,201,202,203,204,205,206,207,208,209,304), found 403
REQUEST		request_4	1619892443139	1619892443350	OK	 
REQUEST		request_9	1619892443148	1619892443350	OK	 
ERROR	request_7: Failed to build request: Resource /tagsmapempty/0007_request.json not found 	1619892443351
REQUEST		request_8	1619892443147	1619892443355	OK	 
USER	TagsMapEmpty	END	1619892443359
REQUEST		request_6	1619892443230	1619892443412	KO	status.find.in(200,201,202,203,204,205,206,207,208,209,304), found 403
REQUEST		request_8	1619892443231	1619892443423	OK	 
REQUEST		request_9	1619892443232	1619892443424	OK	 
USER	TagsMapEmpty	END	1619892443425
REQUEST		request_5	1619892443351	1619892443432	OK	 
USER	TagsMapEmpty	START	1619892443448
USER	TagsMapEmpty	START	1619892443448
REQUEST		request_0	1619892443294	1619892443488	OK	 
REQUEST		request_6	1619892443352	1619892443526	KO	status.find.in(200,201,202,203,204,205,206,207,208,209,304), found 403
REQUEST		request_8	1619892443352	1619892443562	OK	 
REQUEST		request_9	1619892443353	1619892443563	OK	 
USER	TagsMapEmpty	END	1619892443565
REQUEST		request_0	1619892443448	1619892443642	OK	 
REQUEST		request_0	1619892443448	1619892443643	OK	 
REQUEST		request_4	1619892443495	1619892443691	OK	 
ERROR	request_7: Failed to build request: Resource /tagsmapempty/0007_request.json not found 	1619892443691
REQUEST		request_5	1619892443692	1619892443766	OK	 
REQUEST		request_6	1619892443692	1619892443877	KO	status.find.in(200,201,202,203,204,205,206,207,208,209,304), found 403
USER	TagsMapEmpty	START	1619892443882
REQUEST		request_9	1619892443693	1619892443890	OK	 
REQUEST		request_8	1619892443692	1619892443893	OK	 
USER	TagsMapEmpty	END	1619892443897
ERROR	request_1: Failed to build request: Resource /tagsmapempty/0001_request.json not found 	1619892443902
REQUEST		request_0	1619892443882	1619892444070	OK	 
USER	TagsMapEmpty	START	1619892444338
REQUEST		request_0	1619892444339	1619892444538	OK	 
REQUEST		request_4	1619892444353	1619892444566	OK	 
ERROR	request_7: Failed to build request: Resource /tagsmapempty/0007_request.json not found 	1619892444567
USER	TagsMapEmpty	START	1619892444621
REQUEST		request_5	1619892444568	1619892444651	OK	 
ERROR	request_1: Failed to build request: Resource /tagsmapempty/0001_request.json not found 	1619892444742
REQUEST		request_6	1619892444568	1619892444754	KO	status.find.in(200,201,202,203,204,205,206,207,208,209,304), found 403
REQUEST		request_9	1619892444570	1619892444762	OK	 
REQUEST		request_8	1619892444569	1619892444771	OK	 
USER	TagsMapEmpty	END	1619892444777
USER	TagsMapEmpty	START	1619892444805
REQUEST		request_0	1619892444621	1619892444841	OK	 
REQUEST		request_0	1619892444806	1619892445010	OK	 
REQUEST		request_4	1619892444914	1619892445118	OK	 
ERROR	request_7: Failed to build request: Resource /tagsmapempty/0007_request.json not found 	1619892445119
ERROR	request_1: Failed to build request: Resource /tagsmapempty/0001_request.json not found 	1619892445149
REQUEST		request_5	1619892445121	1619892445203	OK	 
REQUEST		request_6	1619892445122	1619892445321	KO	status.find.in(200,201,202,203,204,205,206,207,208,209,304), found 403
REQUEST		request_8	1619892445124	1619892445333	OK	 
REQUEST		request_9	1619892445125	1619892445335	OK	 
USER	TagsMapEmpty	END	1619892445341
USER	TagsMapEmpty	START	1619892445398
REQUEST		request_0	1619892445398	1619892445596	OK	 
USER	TagsMapEmpty	START	1619892445942
REQUEST		request_4	1619892445753	1619892445963	OK	 
ERROR	request_7: Failed to build request: Resource /tagsmapempty/0007_request.json not found 	1619892445964
REQUEST		request_5	1619892445966	1619892446041	OK	 
REQUEST		request_0	1619892445942	1619892446151	OK	 
REQUEST		request_6	1619892445967	1619892446176	KO	status.find.in(200,201,202,203,204,205,206,207,208,209,304), found 403
REQUEST		request_8	1619892445969	1619892446176	OK	 
REQUEST		request_9	1619892445971	1619892446182	OK	 
USER	TagsMapEmpty	END	1619892446184
REQUEST		request_4	1619892446162	1619892446358	OK	 
ERROR	request_7: Failed to build request: Resource /tagsmapempty/0007_request.json not found 	1619892446359
ERROR	request_1: Failed to build request: Resource /tagsmapempty/0001_request.json not found 	1619892446426
REQUEST		request_5	1619892446359	1619892446444	OK	 
USER	TagsMapEmpty	START	1619892446533
REQUEST		request_6	1619892446360	1619892446540	KO	status.find.in(200,201,202,203,204,205,206,207,208,209,304), found 403
REQUEST		request_8	1619892446360	1619892446560	OK	 
REQUEST		request_9	1619892446360	1619892446574	OK	 
USER	TagsMapEmpty	END	1619892446579
REQUEST		request_0	1619892446534	1619892446745	OK	 
ERROR	request_1: Failed to build request: Resource /tagsmapempty/0001_request.json not found 	1619892447059
ERROR	request_1: Failed to build request: Resource /tagsmapempty/0001_request.json not found 	1619892447493
REQUEST		request_4	1619892447431	1619892447639	OK	 
ERROR	request_7: Failed to build request: Resource /tagsmapempty/0007_request.json not found 	1619892447640
ERROR	request_1: Failed to build request: Resource /tagsmapempty/0001_request.json not found 	1619892447647
USER	TagsMapEmpty	START	1619892447649
ERROR	request_1: Failed to build request: Resource /tagsmapempty/0001_request.json not found 	1619892447652
REQUEST		request_5	1619892447642	1619892447714	OK	 
REQUEST		request_6	1619892447643	1619892447820	KO	status.find.in(200,201,202,203,204,205,206,207,208,209,304), found 403
REQUEST		request_9	1619892447645	1619892447842	OK	 
REQUEST		request_8	1619892447644	1619892447844	OK	 
USER	TagsMapEmpty	END	1619892447850
REQUEST		request_0	1619892447649	1619892447872	OK	 
USER	TagsMapEmpty	START	1619892447907
ERROR	request_1: Failed to build request: Resource /tagsmapempty/0001_request.json not found 	1619892448079
REQUEST		request_0	1619892447907	1619892448097	OK	 
USER	TagsMapEmpty	START	1619892448125
REQUEST		request_4	1619892448063	1619892448289	OK	 
ERROR	request_7: Failed to build request: Resource /tagsmapempty/0007_request.json not found 	1619892448290
REQUEST		request_0	1619892448126	1619892448327	OK	 
REQUEST		request_5	1619892448291	1619892448367	OK	 
REQUEST		request_6	1619892448291	1619892448480	KO	status.find.in(200,201,202,203,204,205,206,207,208,209,304), found 403
REQUEST		request_9	1619892448293	1619892448482	OK	 
REQUEST		request_8	1619892448292	1619892448494	OK	 
USER	TagsMapEmpty	END	1619892448499
ERROR	request_1: Failed to build request: Resource /tagsmapempty/0001_request.json not found 	1619892448551
REQUEST		request_4	1619892448505	1619892448713	OK	 
ERROR	request_7: Failed to build request: Resource /tagsmapempty/0007_request.json not found 	1619892448715
REQUEST		request_5	1619892448716	1619892448790	OK	 
ERROR	request_1: Failed to build request: Resource /tagsmapempty/0001_request.json not found 	1619892448849
REQUEST		request_4	1619892448661	1619892448865	OK	 
ERROR	request_7: Failed to build request: Resource /tagsmapempty/0007_request.json not found 	1619892448866
REQUEST		request_4	1619892448661	1619892448875	OK	 
ERROR	request_7: Failed to build request: Resource /tagsmapempty/0007_request.json not found 	1619892448876
REQUEST		request_6	1619892448717	1619892448911	KO	status.find.in(200,201,202,203,204,205,206,207,208,209,304), found 403
REQUEST		request_8	1619892448719	1619892448924	OK	 
USER	TagsMapEmpty	START	1619892448926
REQUEST		request_9	1619892448720	1619892448935	OK	 
USER	TagsMapEmpty	END	1619892448938
REQUEST		request_5	1619892448867	1619892448945	OK	 
REQUEST		request_5	1619892448876	1619892448961	OK	 
ERROR	request_1: Failed to build request: Resource /tagsmapempty/0001_request.json not found 	1619892449017
REQUEST		request_6	1619892448877	1619892449065	KO	status.find.in(200,201,202,203,204,205,206,207,208,209,304), found 403
REQUEST		request_6	1619892448868	1619892449065	KO	status.find.in(200,201,202,203,204,205,206,207,208,209,304), found 403
REQUEST		request_8	1619892448869	1619892449066	OK	 
REQUEST		request_9	1619892448869	1619892449070	OK	 
USER	TagsMapEmpty	END	1619892449073
REQUEST		request_9	1619892448878	1619892449098	OK	 
REQUEST		request_8	1619892448878	1619892449098	OK	 
USER	TagsMapEmpty	END	1619892449101
REQUEST		request_0	1619892448926	1619892449129	OK	 
REQUEST		request_4	1619892449093	1619892449285	OK	 
ERROR	request_7: Failed to build request: Resource /tagsmapempty/0007_request.json not found 	1619892449285
REQUEST		request_5	1619892449285	1619892449364	OK	 
REQUEST		request_6	1619892449286	1619892449462	KO	status.find.in(200,201,202,203,204,205,206,207,208,209,304), found 403
REQUEST		request_9	1619892449287	1619892449495	OK	 
REQUEST		request_8	1619892449286	1619892449498	OK	 
USER	TagsMapEmpty	END	1619892449499
ERROR	request_1: Failed to build request: Resource /tagsmapempty/0001_request.json not found 	1619892449604
USER	TagsMapEmpty	START	1619892449667
USER	TagsMapEmpty	START	1619892449668
REQUEST		request_4	1619892449557	1619892449764	OK	 
ERROR	request_7: Failed to build request: Resource /tagsmapempty/0007_request.json not found 	1619892449765
REQUEST		request_5	1619892449766	1619892449847	OK	 
REQUEST		request_0	1619892449668	1619892449871	OK	 
REQUEST		request_0	1619892449669	1619892449895	OK	 
USER	TagsMapEmpty	START	1619892449948
REQUEST		request_6	1619892449767	1619892449966	KO	status.find.in(200,201,202,203,204,205,206,207,208,209,304), found 403
REQUEST		request_8	1619892449769	1619892449970	OK	 
REQUEST		request_9	1619892449771	1619892449979	OK	 
USER	TagsMapEmpty	END	1619892449983
REQUEST		request_4	1619892449853	1619892450072	OK	 
ERROR	request_7: Failed to build request: Resource /tagsmapempty/0007_request.json not found 	1619892450073
USER	TagsMapEmpty	START	1619892450131
ERROR	request_1: Failed to build request: Resource /tagsmapempty/0001_request.json not found 	1619892450155
REQUEST		request_5	1619892450074	1619892450155	OK	 
REQUEST		request_0	1619892449948	1619892450159	OK	 
REQUEST		request_4	1619892450023	1619892450235	OK	 
ERROR	request_7: Failed to build request: Resource /tagsmapempty/0007_request.json not found 	1619892450236
REQUEST		request_6	1619892450075	1619892450272	KO	status.find.in(200,201,202,203,204,205,206,207,208,209,304), found 403
REQUEST		request_9	1619892450079	1619892450293	OK	 
REQUEST		request_8	1619892450076	1619892450299	OK	 
USER	TagsMapEmpty	END	1619892450302
REQUEST		request_5	1619892450236	1619892450310	OK	 
REQUEST		request_0	1619892450132	1619892450335	OK	 
REQUEST		request_6	1619892450237	1619892450412	KO	status.find.in(200,201,202,203,204,205,206,207,208,209,304), found 403
REQUEST		request_9	1619892450238	1619892450431	OK	 
REQUEST		request_8	1619892450238	1619892450432	OK	 
USER	TagsMapEmpty	END	1619892450440
USER	TagsMapEmpty	START	1619892450517
REQUEST		request_0	1619892450517	1619892450708	OK	 
USER	TagsMapEmpty	START	1619892450719
USER	TagsMapEmpty	START	1619892450719
ERROR	request_1: Failed to build request: Resource /tagsmapempty/0001_request.json not found 	1619892450748
REQUEST		request_4	1619892450610	1619892450811	OK	 
ERROR	request_7: Failed to build request: Resource /tagsmapempty/0007_request.json not found 	1619892450811
REQUEST		request_5	1619892450811	1619892450886	OK	 
REQUEST		request_0	1619892450719	1619892450914	OK	 
REQUEST		request_0	1619892450719	1619892450937	OK	 
REQUEST		request_6	1619892450812	1619892450988	KO	status.find.in(200,201,202,203,204,205,206,207,208,209,304), found 403
USER	TagsMapEmpty	START	1619892450996
REQUEST		request_9	1619892450813	1619892450999	OK	 
REQUEST		request_8	1619892450812	1619892451008	OK	 
USER	TagsMapEmpty	END	1619892451009
REQUEST		request_0	1619892450997	1619892451196	OK	 
REQUEST		request_4	1619892451169	1619892451370	OK	 
ERROR	request_7: Failed to build request: Resource /tagsmapempty/0007_request.json not found 	1619892451371
REQUEST		request_5	1619892451372	1619892451444	OK	 
REQUEST		request_6	1619892451373	1619892451577	KO	status.find.in(200,201,202,203,204,205,206,207,208,209,304), found 403
REQUEST		request_8	1619892451374	1619892451609	OK	 
REQUEST		request_9	1619892451375	1619892451624	OK	 
USER	TagsMapEmpty	START	1619892451624
USER	TagsMapEmpty	END	1619892451627
USER	TagsMapEmpty	START	1619892451688
USER	TagsMapEmpty	START	1619892451735
USER	TagsMapEmpty	START	1619892451765
USER	TagsMapEmpty	START	1619892451780
REQUEST		request_0	1619892451624	1619892451834	OK	 
USER	TagsMapEmpty	START	1619892451843
ERROR	request_1: Failed to build request: Resource /tagsmapempty/0001_request.json not found 	1619892451874
REQUEST		request_0	1619892451688	1619892451892	OK	 
REQUEST		request_0	1619892451735	1619892451938	OK	 
REQUEST		request_0	1619892451765	1619892451966	OK	 
REQUEST		request_4	1619892451766	1619892451976	OK	 
ERROR	request_7: Failed to build request: Resource /tagsmapempty/0007_request.json not found 	1619892451977
REQUEST		request_0	1619892451781	1619892451998	OK	 
REQUEST		request_0	1619892451843	1619892452052	OK	 
REQUEST		request_5	1619892451978	1619892452055	OK	 
ERROR	request_1: Failed to build request: Resource /tagsmapempty/0001_request.json not found 	1619892452105
REQUEST		request_6	1619892451979	1619892452172	KO	status.find.in(200,201,202,203,204,205,206,207,208,209,304), found 403
REQUEST		request_8	1619892451980	1619892452190	OK	 
REQUEST		request_9	1619892451981	1619892452198	OK	 
USER	TagsMapEmpty	END	1619892452202
ERROR	request_1: Failed to build request: Resource /tagsmapempty/0001_request.json not found 	1619892452336
USER	TagsMapEmpty	START	1619892452827
USER	TagsMapEmpty	START	1619892452983
REQUEST		request_0	1619892452827	1619892453039	OK	 
REQUEST		request_4	1619892452887	1619892453133	OK	 
ERROR	request_7: Failed to build request: Resource /tagsmapempty/0007_request.json not found 	1619892453134
ERROR	request_1: Failed to build request: Resource /tagsmapempty/0001_request.json not found 	1619892453144
REQUEST		request_0	1619892452983	1619892453193	OK	 
USER	TagsMapEmpty	START	1619892453208
REQUEST		request_5	1619892453135	1619892453218	OK	 
REQUEST		request_6	1619892453135	1619892453320	KO	status.find.in(200,201,202,203,204,205,206,207,208,209,304), found 403
REQUEST		request_8	1619892453136	1619892453349	OK	 
REQUEST		request_4	1619892453132	1619892453350	OK	 
ERROR	request_7: Failed to build request: Resource /tagsmapempty/0007_request.json not found 	1619892453351
REQUEST		request_9	1619892453137	1619892453351	OK	 
USER	TagsMapEmpty	END	1619892453355
REQUEST		request_0	1619892453208	1619892453409	OK	 
REQUEST		request_5	1619892453352	1619892453435	OK	 
REQUEST		request_6	1619892453353	1619892453550	KO	status.find.in(200,201,202,203,204,205,206,207,208,209,304), found 403
REQUEST		request_4	1619892453347	1619892453552	OK	 
ERROR	request_7: Failed to build request: Resource /tagsmapempty/0007_request.json not found 	1619892453553
REQUEST		request_8	1619892453354	1619892453557	OK	 
REQUEST		request_9	1619892453355	1619892453558	OK	 
USER	TagsMapEmpty	END	1619892453562
REQUEST		request_5	1619892453554	1619892453627	OK	 
REQUEST		request_6	1619892453555	1619892453756	KO	status.find.in(200,201,202,203,204,205,206,207,208,209,304), found 403
REQUEST		request_9	1619892453557	1619892453757	OK	 
REQUEST		request_8	1619892453556	1619892453766	OK	 
USER	TagsMapEmpty	END	1619892453775
ERROR	request_1: Failed to build request: Resource /tagsmapempty/0001_request.json not found 	1619892453887
USER	TagsMapEmpty	START	1619892453888
ERROR	request_1: Failed to build request: Resource /tagsmapempty/0001_request.json not found 	1619892453902
USER	TagsMapEmpty	START	1619892453965
USER	TagsMapEmpty	START	1619892453981
USER	TagsMapEmpty	START	1619892454028
REQUEST		request_0	1619892453888	1619892454090	OK	 
ERROR	request_1: Failed to build request: Resource /tagsmapempty/0001_request.json not found 	1619892454168
REQUEST		request_0	1619892453965	1619892454169	OK	 
REQUEST		request_0	1619892453982	1619892454191	OK	 
REQUEST		request_0	1619892454028	1619892454238	OK	 
ERROR	request_1: Failed to build request: Resource /tagsmapempty/0001_request.json not found 	1619892454338
REQUEST		request_4	1619892454154	1619892454383	OK	 
ERROR	request_7: Failed to build request: Resource /tagsmapempty/0007_request.json not found 	1619892454384
USER	TagsMapEmpty	START	1619892454413
REQUEST		request_5	1619892454385	1619892454460	OK	 
REQUEST		request_6	1619892454385	1619892454575	KO	status.find.in(200,201,202,203,204,205,206,207,208,209,304), found 403
REQUEST		request_9	1619892454388	1619892454592	OK	 
REQUEST		request_8	1619892454387	1619892454607	OK	 
USER	TagsMapEmpty	END	1619892454609
REQUEST		request_0	1619892454413	1619892454616	OK	 
ERROR	request_1: Failed to build request: Resource /tagsmapempty/0001_request.json not found 	1619892454720
ERROR	request_1: Failed to build request: Resource /tagsmapempty/0001_request.json not found 	1619892454921
ERROR	request_1: Failed to build request: Resource /tagsmapempty/0001_request.json not found 	1619892454951
REQUEST		request_4	1619892454890	1619892455100	OK	 
ERROR	request_7: Failed to build request: Resource /tagsmapempty/0007_request.json not found 	1619892455100
REQUEST		request_4	1619892454906	1619892455104	OK	 
ERROR	request_7: Failed to build request: Resource /tagsmapempty/0007_request.json not found 	1619892455105
REQUEST		request_5	1619892455102	1619892455193	OK	 
REQUEST		request_5	1619892455106	1619892455199	OK	 
ERROR	request_1: Failed to build request: Resource /tagsmapempty/0001_request.json not found 	1619892455200
USER	TagsMapEmpty	START	1619892455261
REQUEST		request_6	1619892455103	1619892455299	KO	status.find.in(200,201,202,203,204,205,206,207,208,209,304), found 403
REQUEST		request_6	1619892455107	1619892455310	KO	status.find.in(200,201,202,203,204,205,206,207,208,209,304), found 403
REQUEST		request_8	1619892455109	1619892455317	OK	 
REQUEST		request_8	1619892455104	1619892455323	OK	 
REQUEST		request_9	1619892455110	1619892455328	OK	 
REQUEST		request_9	1619892455106	1619892455328	OK	 
USER	TagsMapEmpty	END	1619892455331
USER	TagsMapEmpty	END	1619892455331
REQUEST		request_4	1619892455171	1619892455395	OK	 
ERROR	request_7: Failed to build request: Resource /tagsmapempty/0007_request.json not found 	1619892455396
REQUEST		request_5	1619892455398	1619892455482	OK	 
REQUEST		request_0	1619892455262	1619892455494	OK	 
REQUEST		request_4	1619892455354	1619892455552	OK	 
ERROR	request_7: Failed to build request: Resource /tagsmapempty/0007_request.json not found 	1619892455554
REQUEST		request_6	1619892455399	1619892455600	KO	status.find.in(200,201,202,203,204,205,206,207,208,209,304), found 403
REQUEST		request_8	1619892455401	1619892455600	OK	 
REQUEST		request_9	1619892455404	1619892455600	OK	 
USER	TagsMapEmpty	END	1619892455602
REQUEST		request_5	1619892455556	1619892455627	OK	 
REQUEST		request_6	1619892455557	1619892455749	KO	status.find.in(200,201,202,203,204,205,206,207,208,209,304), found 403
REQUEST		request_9	1619892455561	1619892455770	OK	 
REQUEST		request_8	1619892455559	1619892455776	OK	 
USER	TagsMapEmpty	END	1619892455781
ERROR	request_1: Failed to build request: Resource /tagsmapempty/0001_request.json not found 	1619892455845
ERROR	request_1: Failed to build request: Resource /tagsmapempty/0001_request.json not found 	1619892455894
ERROR	request_1: Failed to build request: Resource /tagsmapempty/0001_request.json not found 	1619892455940
REQUEST		request_4	1619892455723	1619892455948	OK	 
ERROR	request_7: Failed to build request: Resource /tagsmapempty/0007_request.json not found 	1619892455949
ERROR	request_1: Failed to build request: Resource /tagsmapempty/0001_request.json not found 	1619892455971
ERROR	request_1: Failed to build request: Resource /tagsmapempty/0001_request.json not found 	1619892456000
REQUEST		request_5	1619892455950	1619892456025	OK	 
USER	TagsMapEmpty	START	1619892456032
ERROR	request_1: Failed to build request: Resource /tagsmapempty/0001_request.json not found 	1619892456063
USER	TagsMapEmpty	START	1619892456079
REQUEST		request_6	1619892455951	1619892456135	KO	status.find.in(200,201,202,203,204,205,206,207,208,209,304), found 403
REQUEST		request_4	1619892455925	1619892456136	OK	 
ERROR	request_7: Failed to build request: Resource /tagsmapempty/0007_request.json not found 	1619892456137
REQUEST		request_9	1619892455954	1619892456154	OK	 
REQUEST		request_8	1619892455953	1619892456155	OK	 
USER	TagsMapEmpty	END	1619892456158
REQUEST		request_4	1619892455956	1619892456177	OK	 
ERROR	request_7: Failed to build request: Resource /tagsmapempty/0007_request.json not found 	1619892456178
REQUEST		request_5	1619892456137	1619892456253	OK	 
REQUEST		request_0	1619892456032	1619892456258	OK	 
REQUEST		request_5	1619892456178	1619892456261	OK	 
USER	TagsMapEmpty	START	1619892456315
REQUEST		request_0	1619892456079	1619892456318	OK	 
REQUEST		request_6	1619892456138	1619892456335	KO	status.find.in(200,201,202,203,204,205,206,207,208,209,304), found 403
REQUEST		request_9	1619892456138	1619892456370	OK	 
REQUEST		request_8	1619892456138	1619892456378	OK	 
USER	TagsMapEmpty	END	1619892456380
REQUEST		request_6	1619892456179	1619892456401	KO	status.find.in(200,201,202,203,204,205,206,207,208,209,304), found 403
REQUEST		request_8	1619892456181	1619892456418	OK	 
REQUEST		request_4	1619892456205	1619892456425	OK	 
ERROR	request_7: Failed to build request: Resource /tagsmapempty/0007_request.json not found 	1619892456426
REQUEST		request_9	1619892456181	1619892456429	OK	 
USER	TagsMapEmpty	END	1619892456435
REQUEST		request_5	1619892456427	1619892456520	OK	 
REQUEST		request_0	1619892456315	1619892456534	OK	 
REQUEST		request_6	1619892456428	1619892456621	KO	status.find.in(200,201,202,203,204,205,206,207,208,209,304), found 403
REQUEST		request_8	1619892456429	1619892456632	OK	 
REQUEST		request_9	1619892456431	1619892456640	OK	 
USER	TagsMapEmpty	END	1619892456641
ERROR	request_1: Failed to build request: Resource /tagsmapempty/0001_request.json not found 	1619892457044
REQUEST		request_4	1619892456857	1619892457068	OK	 
ERROR	request_7: Failed to build request: Resource /tagsmapempty/0007_request.json not found 	1619892457070
USER	TagsMapEmpty	START	1619892457090
REQUEST		request_4	1619892456904	1619892457104	OK	 
ERROR	request_7: Failed to build request: Resource /tagsmapempty/0007_request.json not found 	1619892457105
USER	TagsMapEmpty	START	1619892457106
REQUEST		request_5	1619892457071	1619892457161	OK	 
REQUEST		request_4	1619892456950	1619892457168	OK	 
ERROR	request_7: Failed to build request: Resource /tagsmapempty/0007_request.json not found 	1619892457168
REQUEST		request_5	1619892457105	1619892457188	OK	 
REQUEST		request_4	1619892456982	1619892457191	OK	 
ERROR	request_7: Failed to build request: Resource /tagsmapempty/0007_request.json not found 	1619892457191
ERROR	request_1: Failed to build request: Resource /tagsmapempty/0001_request.json not found 	1619892457197
USER	TagsMapEmpty	START	1619892457212
REQUEST		request_4	1619892457013	1619892457221	OK	 
ERROR	request_7: Failed to build request: Resource /tagsmapempty/0007_request.json not found 	1619892457221
REQUEST		request_5	1619892457168	1619892457247	OK	 
REQUEST		request_6	1619892457072	1619892457248	KO	status.find.in(200,201,202,203,204,205,206,207,208,209,304), found 403
REQUEST		request_4	1619892457074	1619892457272	OK	 
ERROR	request_7: Failed to build request: Resource /tagsmapempty/0007_request.json not found 	1619892457272
REQUEST		request_5	1619892457191	1619892457272	OK	 
REQUEST		request_6	1619892457106	1619892457284	KO	status.find.in(200,201,202,203,204,205,206,207,208,209,304), found 403
REQUEST		request_9	1619892457076	1619892457286	OK	 
REQUEST		request_8	1619892457075	1619892457290	OK	 
USER	TagsMapEmpty	END	1619892457291
REQUEST		request_5	1619892457222	1619892457296	OK	 
REQUEST		request_8	1619892457107	1619892457299	OK	 
REQUEST		request_0	1619892457090	1619892457304	OK	 
REQUEST		request_9	1619892457107	1619892457315	OK	 
REQUEST		request_0	1619892457106	1619892457315	OK	 
USER	TagsMapEmpty	END	1619892457317
REQUEST		request_6	1619892457169	1619892457351	KO	status.find.in(200,201,202,203,204,205,206,207,208,209,304), found 403
REQUEST		request_5	1619892457273	1619892457359	OK	 
REQUEST		request_8	1619892457169	1619892457368	OK	 
REQUEST		request_9	1619892457169	1619892457368	OK	 
USER	TagsMapEmpty	END	1619892457369
REQUEST		request_6	1619892457192	1619892457373	KO	status.find.in(200,201,202,203,204,205,206,207,208,209,304), found 403
REQUEST		request_8	1619892457192	1619892457387	OK	 
REQUEST		request_9	1619892457192	1619892457388	OK	 
USER	TagsMapEmpty	END	1619892457389
REQUEST		request_6	1619892457222	1619892457411	KO	status.find.in(200,201,202,203,204,205,206,207,208,209,304), found 403
REQUEST		request_0	1619892457213	1619892457413	OK	 
ERROR	request_1: Failed to build request: Resource /tagsmapempty/0001_request.json not found 	1619892457413
REQUEST		request_9	1619892457223	1619892457422	OK	 
REQUEST		request_8	1619892457222	1619892457441	OK	 
REQUEST		request_6	1619892457273	1619892457441	KO	status.find.in(200,201,202,203,204,205,206,207,208,209,304), found 403
USER	TagsMapEmpty	END	1619892457442
REQUEST		request_9	1619892457274	1619892457467	OK	 
REQUEST		request_8	1619892457274	1619892457471	OK	 
USER	TagsMapEmpty	END	1619892457474
USER	TagsMapEmpty	START	1619892457679
REQUEST		request_0	1619892457680	1619892457900	OK	 
ERROR	request_1: Failed to build request: Resource /tagsmapempty/0001_request.json not found 	1619892458096
USER	TagsMapEmpty	START	1619892458112
ERROR	request_1: Failed to build request: Resource /tagsmapempty/0001_request.json not found 	1619892458186
USER	TagsMapEmpty	START	1619892458187
ERROR	request_1: Failed to build request: Resource /tagsmapempty/0001_request.json not found 	1619892458202
ERROR	request_1: Failed to build request: Resource /tagsmapempty/0001_request.json not found 	1619892458248
REQUEST		request_4	1619892458050	1619892458266	OK	 
ERROR	request_7: Failed to build request: Resource /tagsmapempty/0007_request.json not found 	1619892458266
REQUEST		request_0	1619892458113	1619892458336	OK	 
REQUEST		request_5	1619892458266	1619892458370	OK	 
REQUEST		request_0	1619892458187	1619892458392	OK	 
REQUEST		request_4	1619892458202	1619892458395	OK	 
ERROR	request_7: Failed to build request: Resource /tagsmapempty/0007_request.json not found 	1619892458396
REQUEST		request_6	1619892458267	1619892458456	KO	status.find.in(200,201,202,203,204,205,206,207,208,209,304), found 403
REQUEST		request_5	1619892458397	1619892458470	OK	 
REQUEST		request_9	1619892458268	1619892458475	OK	 
REQUEST		request_8	1619892458267	1619892458481	OK	 
USER	TagsMapEmpty	END	1619892458486
REQUEST		request_6	1619892458397	1619892458577	KO	status.find.in(200,201,202,203,204,205,206,207,208,209,304), found 403
REQUEST		request_8	1619892458398	1619892458599	OK	 
REQUEST		request_9	1619892458398	1619892458601	OK	 
USER	TagsMapEmpty	END	1619892458606
ERROR	request_1: Failed to build request: Resource /tagsmapempty/0001_request.json not found 	1619892458618
REQUEST		request_4	1619892458417	1619892458631	OK	 
ERROR	request_7: Failed to build request: Resource /tagsmapempty/0007_request.json not found 	1619892458632
REQUEST		request_5	1619892458634	1619892458719	OK	 
USER	TagsMapEmpty	START	1619892458783
REQUEST		request_6	1619892458636	1619892458821	KO	status.find.in(200,201,202,203,204,205,206,207,208,209,304), found 403
REQUEST		request_8	1619892458637	1619892458835	OK	 
REQUEST		request_9	1619892458639	1619892458839	OK	 
USER	TagsMapEmpty	END	1619892458843
REQUEST		request_0	1619892458783	1619892458981	OK	 
USER	TagsMapEmpty	START	1619892459253
REQUEST		request_4	1619892459112	1619892459314	OK	 
ERROR	request_7: Failed to build request: Resource /tagsmapempty/0007_request.json not found 	1619892459314
REQUEST		request_5	1619892459315	1619892459393	OK	 
REQUEST		request_4	1619892459204	1619892459406	OK	 
ERROR	request_7: Failed to build request: Resource /tagsmapempty/0007_request.json not found 	1619892459407
REQUEST		request_4	1619892459189	1619892459408	OK	 
ERROR	request_7: Failed to build request: Resource /tagsmapempty/0007_request.json not found 	1619892459408
REQUEST		request_0	1619892459253	1619892459440	OK	 
REQUEST		request_4	1619892459251	1619892459455	OK	 
ERROR	request_7: Failed to build request: Resource /tagsmapempty/0007_request.json not found 	1619892459455
REQUEST		request_5	1619892459409	1619892459488	OK	 
REQUEST		request_5	1619892459407	1619892459491	OK	 
REQUEST		request_6	1619892459316	1619892459496	KO	status.find.in(200,201,202,203,204,205,206,207,208,209,304), found 403
ERROR	request_1: Failed to build request: Resource /tagsmapempty/0001_request.json not found 	1619892459497
REQUEST		request_8	1619892459317	1619892459518	OK	 
REQUEST		request_9	1619892459317	1619892459519	OK	 
USER	TagsMapEmpty	END	1619892459520
REQUEST		request_5	1619892459456	1619892459529	OK	 
REQUEST		request_6	1619892459409	1619892459593	KO	status.find.in(200,201,202,203,204,205,206,207,208,209,304), found 403
REQUEST		request_6	1619892459407	1619892459594	KO	status.find.in(200,201,202,203,204,205,206,207,208,209,304), found 403
REQUEST		request_8	1619892459408	1619892459606	OK	 
REQUEST		request_8	1619892459410	1619892459616	OK	 
REQUEST		request_9	1619892459410	1619892459620	OK	 
REQUEST		request_9	1619892459408	1619892459620	OK	 
USER	TagsMapEmpty	END	1619892459624
USER	TagsMapEmpty	END	1619892459624
REQUEST		request_6	1619892459456	1619892459630	KO	status.find.in(200,201,202,203,204,205,206,207,208,209,304), found 403
REQUEST		request_9	1619892459457	1619892459643	OK	 
REQUEST		request_8	1619892459456	1619892459670	OK	 
USER	TagsMapEmpty	END	1619892459673
REQUEST		request_4	1619892459635	1619892459860	OK	 
ERROR	request_7: Failed to build request: Resource /tagsmapempty/0007_request.json not found 	1619892459861
REQUEST		request_5	1619892459862	1619892459933	OK	 
USER	TagsMapEmpty	START	1619892459994
REQUEST		request_6	1619892459862	1619892460081	KO	status.find.in(200,201,202,203,204,205,206,207,208,209,304), found 403
REQUEST		request_8	1619892459865	1619892460104	OK	 
REQUEST		request_9	1619892459866	1619892460106	OK	 
USER	TagsMapEmpty	END	1619892460111
USER	TagsMapEmpty	START	1619892460193
REQUEST		request_0	1619892459994	1619892460226	OK	 
ERROR	request_1: Failed to build request: Resource /tagsmapempty/0001_request.json not found 	1619892460271
ERROR	request_1: Failed to build request: Resource /tagsmapempty/0001_request.json not found 	1619892460333
REQUEST		request_0	1619892460194	1619892460396	OK	 
ERROR	request_1: Failed to build request: Resource /tagsmapempty/0001_request.json not found 	1619892460550
REQUEST		request_4	1619892460504	1619892460756	OK	 
ERROR	request_7: Failed to build request: Resource /tagsmapempty/0007_request.json not found 	1619892460757
REQUEST		request_5	1619892460758	1619892460830	OK	 
USER	TagsMapEmpty	START	1619892460909
REQUEST		request_6	1619892460759	1619892460947	KO	status.find.in(200,201,202,203,204,205,206,207,208,209,304), found 403
REQUEST		request_8	1619892460760	1619892460971	OK	 
REQUEST		request_9	1619892460761	1619892460986	OK	 
USER	TagsMapEmpty	END	1619892460987
REQUEST		request_0	1619892460909	1619892461102	OK	 
ERROR	request_1: Failed to build request: Resource /tagsmapempty/0001_request.json not found 	1619892461310
ERROR	request_1: Failed to build request: Resource /tagsmapempty/0001_request.json not found 	1619892461325
ERROR	request_1: Failed to build request: Resource /tagsmapempty/0001_request.json not found 	1619892461419
REQUEST		request_4	1619892461279	1619892461484	OK	 
ERROR	request_7: Failed to build request: Resource /tagsmapempty/0007_request.json not found 	1619892461485
REQUEST		request_4	1619892461341	1619892461552	OK	 
ERROR	request_7: Failed to build request: Resource /tagsmapempty/0007_request.json not found 	1619892461552
REQUEST		request_5	1619892461486	1619892461570	OK	 
USER	TagsMapEmpty	START	1619892461615
REQUEST		request_5	1619892461553	1619892461627	OK	 
REQUEST		request_6	1619892461486	1619892461672	KO	status.find.in(200,201,202,203,204,205,206,207,208,209,304), found 403
REQUEST		request_9	1619892461488	1619892461694	OK	 
REQUEST		request_8	1619892461487	1619892461697	OK	 
USER	TagsMapEmpty	END	1619892461702
REQUEST		request_6	1619892461553	1619892461729	KO	status.find.in(200,201,202,203,204,205,206,207,208,209,304), found 403
REQUEST		request_4	1619892461554	1619892461756	OK	 
ERROR	request_7: Failed to build request: Resource /tagsmapempty/0007_request.json not found 	1619892461756
REQUEST		request_8	1619892461554	1619892461773	OK	 
REQUEST		request_9	1619892461554	1619892461773	OK	 
USER	TagsMapEmpty	END	1619892461775
REQUEST		request_0	1619892461615	1619892461831	OK	 
USER	TagsMapEmpty	START	1619892461844
REQUEST		request_5	1619892461757	1619892461853	OK	 
ERROR	request_1: Failed to build request: Resource /tagsmapempty/0001_request.json not found 	1619892461905
REQUEST		request_6	1619892461757	1619892461950	KO	status.find.in(200,201,202,203,204,205,206,207,208,209,304), found 403
REQUEST		request_9	1619892461759	1619892461965	OK	 
REQUEST		request_8	1619892461758	1619892461965	OK	 
USER	TagsMapEmpty	END	1619892461968
REQUEST		request_0	1619892461845	1619892462067	OK	 
ERROR	request_1: Failed to build request: Resource /tagsmapempty/0001_request.json not found 	1619892462339
ERROR	request_1: Failed to build request: Resource /tagsmapempty/0001_request.json not found 	1619892462401
REQUEST		request_4	1619892462324	1619892462524	OK	 
ERROR	request_7: Failed to build request: Resource /tagsmapempty/0007_request.json not found 	1619892462525
REQUEST		request_4	1619892462339	1619892462570	OK	 
ERROR	request_7: Failed to build request: Resource /tagsmapempty/0007_request.json not found 	1619892462571
REQUEST		request_5	1619892462526	1619892462601	OK	 
USER	TagsMapEmpty	START	1619892462602
REQUEST		request_4	1619892462433	1619892462633	OK	 
ERROR	request_7: Failed to build request: Resource /tagsmapempty/0007_request.json not found 	1619892462633
REQUEST		request_5	1619892462572	1619892462671	OK	 
USER	TagsMapEmpty	START	1619892462710
REQUEST		request_5	1619892462634	1619892462717	OK	 
REQUEST		request_6	1619892462527	1619892462724	KO	status.find.in(200,201,202,203,204,205,206,207,208,209,304), found 403
REQUEST		request_8	1619892462529	1619892462747	OK	 
REQUEST		request_9	1619892462530	1619892462749	OK	 
USER	TagsMapEmpty	END	1619892462750
REQUEST		request_6	1619892462572	1619892462761	KO	status.find.in(200,201,202,203,204,205,206,207,208,209,304), found 403
REQUEST		request_8	1619892462573	1619892462773	OK	 
REQUEST		request_9	1619892462574	1619892462784	OK	 
USER	TagsMapEmpty	END	1619892462786
REQUEST		request_0	1619892462602	1619892462802	OK	 
REQUEST		request_6	1619892462634	1619892462808	KO	status.find.in(200,201,202,203,204,205,206,207,208,209,304), found 403
REQUEST		request_8	1619892462635	1619892462827	OK	 
REQUEST		request_9	1619892462635	1619892462843	OK	 
USER	TagsMapEmpty	END	1619892462846
REQUEST		request_0	1619892462710	1619892462910	OK	 
ERROR	request_1: Failed to build request: Resource /tagsmapempty/0001_request.json not found 	1619892462988
REQUEST		request_4	1619892462911	1619892463109	OK	 
ERROR	request_7: Failed to build request: Resource /tagsmapempty/0007_request.json not found 	1619892463110
USER	TagsMapEmpty	START	1619892463177
REQUEST		request_5	1619892463111	1619892463185	OK	 
REQUEST		request_6	1619892463111	1619892463294	KO	status.find.in(200,201,202,203,204,205,206,207,208,209,304), found 403
REQUEST		request_8	1619892463113	1619892463304	OK	 
REQUEST		request_9	1619892463114	1619892463311	OK	 
USER	TagsMapEmpty	END	1619892463314
REQUEST		request_0	1619892463177	1619892463394	OK	 
ERROR	request_1: Failed to build request: Resource /tagsmapempty/0001_request.json not found 	1619892463454
REQUEST		request_4	1619892463347	1619892463556	OK	 
ERROR	request_7: Failed to build request: Resource /tagsmapempty/0007_request.json not found 	1619892463556
REQUEST		request_4	1619892463407	1619892463605	OK	 
ERROR	request_7: Failed to build request: Resource /tagsmapempty/0007_request.json not found 	1619892463606
REQUEST		request_5	1619892463557	1619892463631	OK	 
REQUEST		request_5	1619892463607	1619892463698	OK	 
REQUEST		request_6	1619892463558	1619892463753	KO	status.find.in(200,201,202,203,204,205,206,207,208,209,304), found 403
REQUEST		request_9	1619892463560	1619892463778	OK	 
REQUEST		request_8	1619892463559	1619892463785	OK	 
USER	TagsMapEmpty	END	1619892463786
REQUEST		request_6	1619892463608	1619892463796	KO	status.find.in(200,201,202,203,204,205,206,207,208,209,304), found 403
REQUEST		request_8	1619892463609	1619892463814	OK	 
REQUEST		request_9	1619892463610	1619892463814	OK	 
USER	TagsMapEmpty	END	1619892463815
USER	TagsMapEmpty	START	1619892463886
USER	TagsMapEmpty	START	1619892464025
REQUEST		request_0	1619892463886	1619892464099	OK	 
USER	TagsMapEmpty	START	1619892464118
REQUEST		request_4	1619892463994	1619892464203	OK	 
ERROR	request_7: Failed to build request: Resource /tagsmapempty/0007_request.json not found 	1619892464204
REQUEST		request_0	1619892464025	1619892464216	OK	 
ERROR	request_1: Failed to build request: Resource /tagsmapempty/0001_request.json not found 	1619892464239
REQUEST		request_5	1619892464205	1619892464281	OK	 
REQUEST		request_0	1619892464119	1619892464311	OK	 
REQUEST		request_6	1619892464206	1619892464405	KO	status.find.in(200,201,202,203,204,205,206,207,208,209,304), found 403
ERROR	request_1: Failed to build request: Resource /tagsmapempty/0001_request.json not found 	1619892464408
REQUEST		request_8	1619892464208	1619892464411	OK	 
REQUEST		request_9	1619892464209	1619892464412	OK	 
USER	TagsMapEmpty	END	1619892464418
REQUEST		request_4	1619892464469	1619892464675	OK	 
ERROR	request_7: Failed to build request: Resource /tagsmapempty/0007_request.json not found 	1619892464676
USER	TagsMapEmpty	START	1619892464732
REQUEST		request_5	1619892464677	1619892464754	OK	 
REQUEST		request_6	1619892464678	1619892464865	KO	status.find.in(200,201,202,203,204,205,206,207,208,209,304), found 403
REQUEST		request_8	1619892464679	1619892464883	OK	 
REQUEST		request_9	1619892464680	1619892464885	OK	 
USER	TagsMapEmpty	END	1619892464886
REQUEST		request_0	1619892464733	1619892464945	OK	 
ERROR	request_1: Failed to build request: Resource /tagsmapempty/0001_request.json not found 	1619892465118
USER	TagsMapEmpty	START	1619892465298
USER	TagsMapEmpty	START	1619892465320
USER	TagsMapEmpty	START	1619892465367
REQUEST		request_4	1619892465242	1619892465449	OK	 
ERROR	request_7: Failed to build request: Resource /tagsmapempty/0007_request.json not found 	1619892465449
REQUEST		request_0	1619892465298	1619892465492	OK	 
REQUEST		request_5	1619892465450	1619892465533	OK	 
REQUEST		request_0	1619892465320	1619892465538	OK	 
REQUEST		request_0	1619892465367	1619892465562	OK	 
REQUEST		request_4	1619892465413	1619892465620	OK	 
ERROR	request_7: Failed to build request: Resource /tagsmapempty/0007_request.json not found 	1619892465621
REQUEST		request_6	1619892465450	1619892465636	KO	status.find.in(200,201,202,203,204,205,206,207,208,209,304), found 403
REQUEST		request_9	1619892465452	1619892465648	OK	 
REQUEST		request_8	1619892465451	1619892465653	OK	 
USER	TagsMapEmpty	END	1619892465658
REQUEST		request_5	1619892465622	1619892465698	OK	 
USER	TagsMapEmpty	START	1619892465708
REQUEST		request_6	1619892465623	1619892465822	KO	status.find.in(200,201,202,203,204,205,206,207,208,209,304), found 403
REQUEST		request_8	1619892465624	1619892465823	OK	 
REQUEST		request_9	1619892465625	1619892465837	OK	 
USER	TagsMapEmpty	END	1619892465839
ERROR	request_1: Failed to build request: Resource /tagsmapempty/0001_request.json not found 	1619892465846
REQUEST		request_0	1619892465709	1619892465904	OK	 
USER	TagsMapEmpty	START	1619892465939
ERROR	request_1: Failed to build request: Resource /tagsmapempty/0001_request.json not found 	1619892466078
REQUEST		request_0	1619892465939	1619892466147	OK	 
USER	TagsMapEmpty	START	1619892466251
REQUEST		request_4	1619892466125	1619892466325	OK	 
ERROR	request_7: Failed to build request: Resource /tagsmapempty/0007_request.json not found 	1619892466326
REQUEST		request_5	1619892466327	1619892466406	OK	 
REQUEST		request_0	1619892466251	1619892466452	OK	 
REQUEST		request_6	1619892466328	1619892466509	KO	status.find.in(200,201,202,203,204,205,206,207,208,209,304), found 403
REQUEST		request_8	1619892466329	1619892466532	OK	 
REQUEST		request_9	1619892466330	1619892466533	OK	 
USER	TagsMapEmpty	END	1619892466537
ERROR	request_1: Failed to build request: Resource /tagsmapempty/0001_request.json not found 	1619892466812
USER	TagsMapEmpty	START	1619892466874
ERROR	request_1: Failed to build request: Resource /tagsmapempty/0001_request.json not found 	1619892466918
USER	TagsMapEmpty	START	1619892466935
REQUEST		request_4	1619892466857	1619892467068	OK	 
ERROR	request_7: Failed to build request: Resource /tagsmapempty/0007_request.json not found 	1619892467069
REQUEST		request_0	1619892466874	1619892467076	OK	 
USER	TagsMapEmpty	START	1619892467118
REQUEST		request_0	1619892466935	1619892467134	OK	 
REQUEST		request_5	1619892467069	1619892467145	OK	 
REQUEST		request_6	1619892467069	1619892467278	KO	status.find.in(200,201,202,203,204,205,206,207,208,209,304), found 403
REQUEST		request_9	1619892467070	1619892467279	OK	 
REQUEST		request_8	1619892467069	1619892467281	OK	 
USER	TagsMapEmpty	END	1619892467283
REQUEST		request_4	1619892467086	1619892467306	OK	 
ERROR	request_7: Failed to build request: Resource /tagsmapempty/0007_request.json not found 	1619892467306
REQUEST		request_0	1619892467119	1619892467327	OK	 
REQUEST		request_5	1619892467307	1619892467393	OK	 
ERROR	request_1: Failed to build request: Resource /tagsmapempty/0001_request.json not found 	1619892467395
USER	TagsMapEmpty	START	1619892467457
REQUEST		request_6	1619892467308	1619892467488	KO	status.find.in(200,201,202,203,204,205,206,207,208,209,304), found 403
REQUEST		request_8	1619892467309	1619892467508	OK	 
REQUEST		request_9	1619892467309	1619892467508	OK	 
USER	TagsMapEmpty	END	1619892467510
REQUEST		request_0	1619892467457	1619892467645	OK	 
USER	TagsMapEmpty	START	1619892467720
USER	TagsMapEmpty	START	1619892467768
REQUEST		request_0	1619892467720	1619892467950	OK	 
REQUEST		request_0	1619892467768	1619892467957	OK	 
USER	TagsMapEmpty	START	1619892468043
REQUEST		request_4	1619892467827	1619892468080	OK	 
ERROR	request_7: Failed to build request: Resource /tagsmapempty/0007_request.json not found 	1619892468080
ERROR	request_1: Failed to build request: Resource /tagsmapempty/0001_request.json not found 	1619892468103
REQUEST		request_4	1619892467935	1619892468127	OK	 
ERROR	request_7: Failed to build request: Resource /tagsmapempty/0007_request.json not found 	1619892468128
REQUEST		request_5	1619892468080	1619892468163	OK	 
REQUEST		request_5	1619892468128	1619892468217	OK	 
ERROR	request_1: Failed to build request: Resource /tagsmapempty/0001_request.json not found 	1619892468226
REQUEST		request_0	1619892468043	1619892468238	OK	 
REQUEST		request_6	1619892468081	1619892468270	KO	status.find.in(200,201,202,203,204,205,206,207,208,209,304), found 403
REQUEST		request_9	1619892468083	1619892468283	OK	 
REQUEST		request_8	1619892468082	1619892468284	OK	 
USER	TagsMapEmpty	END	1619892468286
REQUEST		request_6	1619892468128	1619892468302	KO	status.find.in(200,201,202,203,204,205,206,207,208,209,304), found 403
REQUEST		request_8	1619892468129	1619892468314	OK	 
REQUEST		request_9	1619892468129	1619892468315	OK	 
ERROR	request_1: Failed to build request: Resource /tagsmapempty/0001_request.json not found 	1619892468318
USER	TagsMapEmpty	END	1619892468319
USER	TagsMapEmpty	START	1619892468549
REQUEST		request_4	1619892468410	1619892468619	OK	 
ERROR	request_7: Failed to build request: Resource /tagsmapempty/0007_request.json not found 	1619892468620
USER	TagsMapEmpty	START	1619892468626
REQUEST		request_5	1619892468621	1619892468707	OK	 
USER	TagsMapEmpty	START	1619892468750
REQUEST		request_0	1619892468550	1619892468759	OK	 
REQUEST		request_6	1619892468622	1619892468813	KO	status.find.in(200,201,202,203,204,205,206,207,208,209,304), found 403
REQUEST		request_8	1619892468623	1619892468821	OK	 
REQUEST		request_0	1619892468627	1619892468822	OK	 
REQUEST		request_9	1619892468624	1619892468826	OK	 
USER	TagsMapEmpty	END	1619892468831
REQUEST		request_0	1619892468751	1619892468942	OK	 
ERROR	request_1: Failed to build request: Resource /tagsmapempty/0001_request.json not found 	1619892468951
REQUEST		request_4	1619892469106	1619892469310	OK	 
ERROR	request_7: Failed to build request: Resource /tagsmapempty/0007_request.json not found 	1619892469311
REQUEST		request_5	1619892469312	1619892469385	OK	 
REQUEST		request_4	1619892469228	1619892469436	OK	 
ERROR	request_7: Failed to build request: Resource /tagsmapempty/0007_request.json not found 	1619892469436
REQUEST		request_6	1619892469313	1619892469502	KO	status.find.in(200,201,202,203,204,205,206,207,208,209,304), found 403
REQUEST		request_8	1619892469314	1619892469503	OK	 
ERROR	request_1: Failed to build request: Resource /tagsmapempty/0001_request.json not found 	1619892469505
REQUEST		request_9	1619892469315	1619892469518	OK	 
REQUEST		request_5	1619892469437	1619892469519	OK	 
USER	TagsMapEmpty	END	1619892469521
REQUEST		request_4	1619892469321	1619892469534	OK	 
ERROR	request_7: Failed to build request: Resource /tagsmapempty/0007_request.json not found 	1619892469535
ERROR	request_1: Failed to build request: Resource /tagsmapempty/0001_request.json not found 	1619892469550
ERROR	request_1: Failed to build request: Resource /tagsmapempty/0001_request.json not found 	1619892469566
REQUEST		request_5	1619892469536	1619892469611	OK	 
REQUEST		request_6	1619892469437	1619892469626	KO	status.find.in(200,201,202,203,204,205,206,207,208,209,304), found 403
REQUEST		request_8	1619892469438	1619892469635	OK	 
REQUEST		request_9	1619892469439	1619892469637	OK	 
USER	TagsMapEmpty	END	1619892469640
REQUEST		request_6	1619892469536	1619892469720	KO	status.find.in(200,201,202,203,204,205,206,207,208,209,304), found 403
REQUEST		request_9	1619892469538	1619892469730	OK	 
REQUEST		request_8	1619892469537	1619892469750	OK	 
USER	TagsMapEmpty	END	1619892469753
ERROR	request_1: Failed to build request: Resource /tagsmapempty/0001_request.json not found 	1619892469920
USER	TagsMapEmpty	START	1619892470110
ERROR	request_1: Failed to build request: Resource /tagsmapempty/0001_request.json not found 	1619892470156
REQUEST		request_4	1619892469968	1619892470159	OK	 
ERROR	request_7: Failed to build request: Resource /tagsmapempty/0007_request.json not found 	1619892470160
USER	TagsMapEmpty	START	1619892470187
REQUEST		request_5	1619892470160	1619892470244	OK	 
REQUEST		request_0	1619892470110	1619892470312	OK	 
REQUEST		request_6	1619892470160	1619892470345	KO	status.find.in(200,201,202,203,204,205,206,207,208,209,304), found 403
REQUEST		request_8	1619892470161	1619892470369	OK	 
REQUEST		request_9	1619892470161	1619892470370	OK	 
USER	TagsMapEmpty	END	1619892470373
REQUEST		request_0	1619892470187	1619892470396	OK	 
ERROR	request_1: Failed to build request: Resource /tagsmapempty/0001_request.json not found 	1619892470468
USER	TagsMapEmpty	START	1619892470468
USER	TagsMapEmpty	START	1619892470607
REQUEST		request_0	1619892470468	1619892470678	OK	 
REQUEST		request_4	1619892470513	1619892470713	OK	 
ERROR	request_7: Failed to build request: Resource /tagsmapempty/0007_request.json not found 	1619892470714
REQUEST		request_4	1619892470568	1619892470765	OK	 
ERROR	request_7: Failed to build request: Resource /tagsmapempty/0007_request.json not found 	1619892470766
REQUEST		request_4	1619892470559	1619892470777	OK	 
ERROR	request_7: Failed to build request: Resource /tagsmapempty/0007_request.json not found 	1619892470777
REQUEST		request_5	1619892470714	1619892470789	OK	 
REQUEST		request_0	1619892470607	1619892470805	OK	 
REQUEST		request_5	1619892470766	1619892470849	OK	 
REQUEST		request_5	1619892470778	1619892470850	OK	 
REQUEST		request_9	1619892470716	1619892470901	OK	 
REQUEST		request_6	1619892470715	1619892470907	KO	status.find.in(200,201,202,203,204,205,206,207,208,209,304), found 403
REQUEST		request_8	1619892470715	1619892470929	OK	 
USER	TagsMapEmpty	END	1619892470930
REQUEST		request_6	1619892470766	1619892470949	KO	status.find.in(200,201,202,203,204,205,206,207,208,209,304), found 403
REQUEST		request_8	1619892470767	1619892470956	OK	 
REQUEST		request_6	1619892470778	1619892470964	KO	status.find.in(200,201,202,203,204,205,206,207,208,209,304), found 403
REQUEST		request_9	1619892470779	1619892470982	OK	 
REQUEST		request_9	1619892470767	1619892470982	OK	 
USER	TagsMapEmpty	END	1619892470983
REQUEST		request_8	1619892470779	1619892470984	OK	 
USER	TagsMapEmpty	END	1619892470986
ERROR	request_1: Failed to build request: Resource /tagsmapempty/0001_request.json not found 	1619892471081
REQUEST		request_4	1619892470925	1619892471122	OK	 
ERROR	request_7: Failed to build request: Resource /tagsmapempty/0007_request.json not found 	1619892471122
ERROR	request_1: Failed to build request: Resource /tagsmapempty/0001_request.json not found 	1619892471145
REQUEST		request_5	1619892471123	1619892471202	OK	 
REQUEST		request_6	1619892471123	1619892471292	KO	status.find.in(200,201,202,203,204,205,206,207,208,209,304), found 403
REQUEST		request_9	1619892471124	1619892471311	OK	 
REQUEST		request_8	1619892471123	1619892471322	OK	 
USER	TagsMapEmpty	END	1619892471325
ERROR	request_1: Failed to build request: Resource /tagsmapempty/0001_request.json not found 	1619892471329
REQUEST		request_4	1619892471160	1619892471373	OK	 
ERROR	request_7: Failed to build request: Resource /tagsmapempty/0007_request.json not found 	1619892471374
REQUEST		request_5	1619892471374	1619892471455	OK	 
REQUEST		request_6	1619892471374	1619892471555	KO	status.find.in(200,201,202,203,204,205,206,207,208,209,304), found 403
REQUEST		request_9	1619892471376	1619892471571	OK	 
REQUEST		request_8	1619892471375	1619892471572	OK	 
USER	TagsMapEmpty	END	1619892471576
ERROR	request_1: Failed to build request: Resource /tagsmapempty/0001_request.json not found 	1619892471654
REQUEST		request_4	1619892471484	1619892471691	OK	 
ERROR	request_7: Failed to build request: Resource /tagsmapempty/0007_request.json not found 	1619892471691
REQUEST		request_5	1619892471693	1619892471784	OK	 
REQUEST		request_6	1619892471693	1619892471880	KO	status.find.in(200,201,202,203,204,205,206,207,208,209,304), found 403
REQUEST		request_9	1619892471696	1619892471888	OK	 
REQUEST		request_8	1619892471695	1619892471894	OK	 
USER	TagsMapEmpty	END	1619892471899
ERROR	request_1: Failed to build request: Resource /tagsmapempty/0001_request.json not found 	1619892471962
ERROR	request_1: Failed to build request: Resource /tagsmapempty/0001_request.json not found 	1619892471962
USER	TagsMapEmpty	START	1619892472106
ERROR	request_1: Failed to build request: Resource /tagsmapempty/0001_request.json not found 	1619892472241
REQUEST		request_4	1619892472086	1619892472280	OK	 
ERROR	request_7: Failed to build request: Resource /tagsmapempty/0007_request.json not found 	1619892472281
REQUEST		request_0	1619892472106	1619892472318	OK	 
REQUEST		request_5	1619892472282	1619892472356	OK	 
REQUEST		request_4	1619892472148	1619892472356	OK	 
ERROR	request_7: Failed to build request: Resource /tagsmapempty/0007_request.json not found 	1619892472356
REQUEST		request_5	1619892472356	1619892472428	OK	 
REQUEST		request_6	1619892472283	1619892472480	KO	status.find.in(200,201,202,203,204,205,206,207,208,209,304), found 403
REQUEST		request_9	1619892472286	1619892472501	OK	 
REQUEST		request_8	1619892472285	1619892472501	OK	 
USER	TagsMapEmpty	END	1619892472503
REQUEST		request_6	1619892472357	1619892472530	KO	status.find.in(200,201,202,203,204,205,206,207,208,209,304), found 403
REQUEST		request_4	1619892472338	1619892472559	OK	 
REQUEST		request_9	1619892472357	1619892472559	OK	 
ERROR	request_7: Failed to build request: Resource /tagsmapempty/0007_request.json not found 	1619892472560
REQUEST		request_8	1619892472357	1619892472565	OK	 
USER	TagsMapEmpty	END	1619892472568
USER	TagsMapEmpty	START	1619892472600
REQUEST		request_5	1619892472560	1619892472639	OK	 
ERROR	request_1: Failed to build request: Resource /tagsmapempty/0001_request.json not found 	1619892472761
REQUEST		request_6	1619892472561	1619892472775	KO	status.find.in(200,201,202,203,204,205,206,207,208,209,304), found 403
REQUEST		request_8	1619892472561	1619892472777	OK	 
REQUEST		request_9	1619892472562	1619892472778	OK	 
USER	TagsMapEmpty	END	1619892472782
REQUEST		request_0	1619892472600	1619892472811	OK	 
ERROR	request_1: Failed to build request: Resource /tagsmapempty/0001_request.json not found 	1619892472837
REQUEST		request_4	1619892472661	1619892472890	OK	 
ERROR	request_7: Failed to build request: Resource /tagsmapempty/0007_request.json not found 	1619892472891
ERROR	request_1: Failed to build request: Resource /tagsmapempty/0001_request.json not found 	1619892472947
REQUEST		request_5	1619892472892	1619892472975	OK	 
USER	TagsMapEmpty	START	1619892473058
REQUEST		request_6	1619892472893	1619892473083	KO	status.find.in(200,201,202,203,204,205,206,207,208,209,304), found 403
REQUEST		request_8	1619892472894	1619892473084	OK	 
REQUEST		request_9	1619892472895	1619892473092	OK	 
USER	TagsMapEmpty	END	1619892473096
REQUEST		request_4	1619892472966	1619892473171	OK	 
ERROR	request_7: Failed to build request: Resource /tagsmapempty/0007_request.json not found 	1619892473171
REQUEST		request_4	1619892472980	1619892473183	OK	 
ERROR	request_7: Failed to build request: Resource /tagsmapempty/0007_request.json not found 	1619892473184
REQUEST		request_5	1619892473172	1619892473245	OK	 
REQUEST		request_5	1619892473185	1619892473266	OK	 
REQUEST		request_0	1619892473059	1619892473275	OK	 
REQUEST		request_6	1619892473173	1619892473360	KO	status.find.in(200,201,202,203,204,205,206,207,208,209,304), found 403
REQUEST		request_6	1619892473185	1619892473368	KO	status.find.in(200,201,202,203,204,205,206,207,208,209,304), found 403
REQUEST		request_9	1619892473174	1619892473377	OK	 
REQUEST		request_8	1619892473173	1619892473378	OK	 
USER	TagsMapEmpty	END	1619892473383
REQUEST		request_8	1619892473186	1619892473393	OK	 
REQUEST		request_9	1619892473187	1619892473394	OK	 
USER	TagsMapEmpty	END	1619892473397
REQUEST		request_4	1619892473244	1619892473458	OK	 
ERROR	request_7: Failed to build request: Resource /tagsmapempty/0007_request.json not found 	1619892473458
REQUEST		request_5	1619892473459	1619892473542	OK	 
REQUEST		request_6	1619892473460	1619892473638	KO	status.find.in(200,201,202,203,204,205,206,207,208,209,304), found 403
REQUEST		request_9	1619892473462	1619892473656	OK	 
REQUEST		request_8	1619892473461	1619892473657	OK	 
USER	TagsMapEmpty	END	1619892473659
REQUEST		request_4	1619892473765	1619892473976	OK	 
ERROR	request_7: Failed to build request: Resource /tagsmapempty/0007_request.json not found 	1619892473977
REQUEST		request_4	1619892473843	1619892474051	OK	 
ERROR	request_7: Failed to build request: Resource /tagsmapempty/0007_request.json not found 	1619892474051
REQUEST		request_5	1619892473978	1619892474066	OK	 
REQUEST		request_5	1619892474052	1619892474133	OK	 
REQUEST		request_4	1619892473951	1619892474162	OK	 
ERROR	request_7: Failed to build request: Resource /tagsmapempty/0007_request.json not found 	1619892474163
REQUEST		request_6	1619892473978	1619892474182	KO	status.find.in(200,201,202,203,204,205,206,207,208,209,304), found 403
REQUEST		request_8	1619892473980	1619892474182	OK	 
REQUEST		request_9	1619892473980	1619892474206	OK	 
USER	TagsMapEmpty	END	1619892474208
REQUEST		request_6	1619892474053	1619892474243	KO	status.find.in(200,201,202,203,204,205,206,207,208,209,304), found 403
REQUEST		request_5	1619892474163	1619892474243	OK	 
REQUEST		request_9	1619892474055	1619892474249	OK	 
REQUEST		request_8	1619892474054	1619892474252	OK	 
USER	TagsMapEmpty	END	1619892474254
ERROR	request_1: Failed to build request: Resource /tagsmapempty/0001_request.json not found 	1619892474318
REQUEST		request_6	1619892474163	1619892474348	KO	status.find.in(200,201,202,203,204,205,206,207,208,209,304), found 403
REQUEST		request_9	1619892474164	1619892474355	OK	 
REQUEST		request_8	1619892474164	1619892474368	OK	 
USER	TagsMapEmpty	END	1619892474369
ERROR	request_1: Failed to build request: Resource /tagsmapempty/0001_request.json not found 	1619892474412
ERROR	request_1: Failed to build request: Resource /tagsmapempty/0001_request.json not found 	1619892474695
ERROR	request_1: Failed to build request: Resource /tagsmapempty/0001_request.json not found 	1619892474817
REQUEST		request_4	1619892475320	1619892475520	OK	 
ERROR	request_7: Failed to build request: Resource /tagsmapempty/0007_request.json not found 	1619892475520
REQUEST		request_5	1619892475521	1619892475608	OK	 
REQUEST		request_4	1619892475427	1619892475640	OK	 
ERROR	request_7: Failed to build request: Resource /tagsmapempty/0007_request.json not found 	1619892475640
REQUEST		request_6	1619892475522	1619892475702	KO	status.find.in(200,201,202,203,204,205,206,207,208,209,304), found 403
REQUEST		request_5	1619892475641	1619892475713	OK	 
REQUEST		request_8	1619892475523	1619892475717	OK	 
REQUEST		request_9	1619892475524	1619892475718	OK	 
USER	TagsMapEmpty	END	1619892475719
REQUEST		request_8	1619892475643	1619892475833	OK	 
REQUEST		request_6	1619892475642	1619892475835	KO	status.find.in(200,201,202,203,204,205,206,207,208,209,304), found 403
REQUEST		request_9	1619892475643	1619892475836	OK	 
USER	TagsMapEmpty	END	1619892475840
REQUEST		request_4	1619892475706	1619892475908	OK	 
ERROR	request_7: Failed to build request: Resource /tagsmapempty/0007_request.json not found 	1619892475909
REQUEST		request_5	1619892475909	1619892475989	OK	 
REQUEST		request_4	1619892475832	1619892476041	OK	 
ERROR	request_7: Failed to build request: Resource /tagsmapempty/0007_request.json not found 	1619892476041
REQUEST		request_6	1619892475909	1619892476091	KO	status.find.in(200,201,202,203,204,205,206,207,208,209,304), found 403
REQUEST		request_8	1619892475910	1619892476106	OK	 
REQUEST		request_9	1619892475910	1619892476107	OK	 
USER	TagsMapEmpty	END	1619892476110
REQUEST		request_5	1619892476042	1619892476113	OK	 
REQUEST		request_6	1619892476043	1619892476224	KO	status.find.in(200,201,202,203,204,205,206,207,208,209,304), found 403
REQUEST		request_8	1619892476044	1619892476244	OK	 
REQUEST		request_9	1619892476045	1619892476255	OK	 
USER	TagsMapEmpty	END	1619892476259
ERROR	request_1: Failed to build request: Resource /tagsmapempty/0001_request.json not found 	1619892476320
ERROR	request_1: Failed to build request: Resource /tagsmapempty/0001_request.json not found 	1619892476823
ERROR	request_1: Failed to build request: Resource /tagsmapempty/0001_request.json not found 	1619892477291
REQUEST		request_4	1619892477323	1619892477526	OK	 
ERROR	request_7: Failed to build request: Resource /tagsmapempty/0007_request.json not found 	1619892477527
REQUEST		request_5	1619892477528	1619892477599	OK	 
REQUEST		request_6	1619892477528	1619892477716	KO	status.find.in(200,201,202,203,204,205,206,207,208,209,304), found 403
REQUEST		request_8	1619892477530	1619892477722	OK	 
REQUEST		request_9	1619892477531	1619892477734	OK	 
USER	TagsMapEmpty	END	1619892477735
REQUEST		request_4	1619892477838	1619892478036	OK	 
ERROR	request_7: Failed to build request: Resource /tagsmapempty/0007_request.json not found 	1619892478037
REQUEST		request_5	1619892478038	1619892478129	OK	 
REQUEST		request_6	1619892478038	1619892478229	KO	status.find.in(200,201,202,203,204,205,206,207,208,209,304), found 403
REQUEST		request_9	1619892478041	1619892478240	OK	 
REQUEST		request_8	1619892478040	1619892478241	OK	 
USER	TagsMapEmpty	END	1619892478245
REQUEST		request_4	1619892478304	1619892478520	OK	 
ERROR	request_7: Failed to build request: Resource /tagsmapempty/0007_request.json not found 	1619892478520
REQUEST		request_5	1619892478521	1619892478598	OK	 
REQUEST		request_6	1619892478522	1619892478713	KO	status.find.in(200,201,202,203,204,205,206,207,208,209,304), found 403
REQUEST		request_8	1619892478524	1619892478714	OK	 
REQUEST		request_9	1619892478525	1619892478718	OK	 
USER	TagsMapEmpty	END	1619892478721
