RUN	MyTagsCreate	mytagscreate	1619891527529	 	3.5.1
ERROR	request_0: Failed to build request: Resource /mytagscreate/0000_request.json not found 	1619891529261
USER	MyTagsCreate	START	1619891529232
ERROR	request_0: Failed to build request: Resource /mytagscreate/0000_request.json not found 	1619891529546
USER	MyTagsCreate	START	1619891529546
ERROR	request_0: Failed to build request: Resource /mytagscreate/0000_request.json not found 	1619891529868
USER	MyTagsCreate	START	1619891529868
REQUEST		request_1	1619891530320	1619891530589	OK	 
ERROR	request_0: Failed to build request: Resource /mytagscreate/0000_request.json not found 	1619891530717
USER	MyTagsCreate	START	1619891530717
REQUEST		request_1	1619891530550	1619891530771	OK	 
REQUEST		request_1	1619891530885	1619891531086	OK	 
ERROR	request_0: Failed to build request: Resource /mytagscreate/0000_request.json not found 	1619891531637
USER	MyTagsCreate	START	1619891531636
ERROR	request_0: Failed to build request: Resource /mytagscreate/0000_request.json not found 	1619891531866
USER	MyTagsCreate	START	1619891531865
REQUEST		request_1	1619891531726	1619891531951	OK	 
ERROR	request_0: Failed to build request: Resource /mytagscreate/0000_request.json not found 	1619891532246
USER	MyTagsCreate	START	1619891532246
ERROR	request_0: Failed to build request: Resource /mytagscreate/0000_request.json not found 	1619891532605
USER	MyTagsCreate	START	1619891532605
REQUEST		request_1	1619891532652	1619891532872	OK	 
ERROR	request_0: Failed to build request: Resource /mytagscreate/0000_request.json not found 	1619891532917
USER	MyTagsCreate	START	1619891532916
REQUEST		request_1	1619891532897	1619891533099	OK	 
ERROR	request_0: Failed to build request: Resource /mytagscreate/0000_request.json not found 	1619891533454
USER	MyTagsCreate	START	1619891533454
REQUEST		request_1	1619891533263	1619891533466	OK	 
ERROR	request_0: Failed to build request: Resource /mytagscreate/0000_request.json not found 	1619891533609
USER	MyTagsCreate	START	1619891533609
REQUEST		request_1	1619891533624	1619891533821	OK	 
ERROR	request_0: Failed to build request: Resource /mytagscreate/0000_request.json not found 	1619891533991
USER	MyTagsCreate	START	1619891533991
REQUEST		request_1	1619891533927	1619891534128	OK	 
ERROR	request_0: Failed to build request: Resource /mytagscreate/0000_request.json not found 	1619891534381
USER	MyTagsCreate	START	1619891534381
REQUEST		request_1	1619891534469	1619891534682	OK	 
ERROR	request_0: Failed to build request: Resource /mytagscreate/0000_request.json not found 	1619891534732
USER	MyTagsCreate	START	1619891534732
REQUEST		request_2	1619891534686	1619891534741	OK	 
ERROR	request_0: Failed to build request: Resource /mytagscreate/0000_request.json not found 	1619891534810
USER	MyTagsCreate	START	1619891534809
REQUEST		request_1	1619891534624	1619891534828	OK	 
REQUEST		request_2	1619891534779	1619891534833	OK	 
REQUEST		request_2	1619891535101	1619891535163	OK	 
REQUEST		request_1	1619891534995	1619891535203	OK	 
REQUEST		request_1	1619891535395	1619891535591	OK	 
ERROR	request_0: Failed to build request: Resource /mytagscreate/0000_request.json not found 	1619891535715
USER	MyTagsCreate	START	1619891535715
REQUEST		request_1	1619891535745	1619891535953	OK	 
REQUEST		request_2	1619891535961	1619891536012	OK	 
REQUEST		request_1	1619891535823	1619891536013	OK	 
ERROR	request_0: Failed to build request: Resource /mytagscreate/0000_request.json not found 	1619891536794
USER	MyTagsCreate	START	1619891536794
REQUEST		request_1	1619891536717	1619891536922	OK	 
REQUEST		request_2	1619891536876	1619891536925	OK	 
ERROR	request_0: Failed to build request: Resource /mytagscreate/0000_request.json not found 	1619891536972
USER	MyTagsCreate	START	1619891536972
ERROR	request_0: Failed to build request: Resource /mytagscreate/0000_request.json not found 	1619891537128
ERROR	request_0: Failed to build request: Resource /mytagscreate/0000_request.json not found 	1619891537128
USER	MyTagsCreate	START	1619891537128
USER	MyTagsCreate	START	1619891537128
REQUEST		request_2	1619891537112	1619891537163	OK	 
REQUEST		request_2	1619891537477	1619891537536	OK	 
ERROR	request_0: Failed to build request: Resource /mytagscreate/0000_request.json not found 	1619891537635
USER	MyTagsCreate	START	1619891537635
REQUEST		request_2	1619891537828	1619891537899	OK	 
REQUEST		request_1	1619891537797	1619891538006	OK	 
REQUEST		request_2	1619891538132	1619891538183	OK	 
REQUEST		request_1	1619891537981	1619891538184	OK	 
REQUEST		request_1	1619891538132	1619891538329	OK	 
ERROR	request_0: Failed to build request: Resource /mytagscreate/0000_request.json not found 	1619891538349
USER	MyTagsCreate	START	1619891538348
REQUEST		request_1	1619891538147	1619891538356	OK	 
ERROR	request_0: Failed to build request: Resource /mytagscreate/0000_request.json not found 	1619891538676
USER	MyTagsCreate	START	1619891538675
REQUEST		request_2	1619891538697	1619891538751	OK	 
REQUEST		request_1	1619891538643	1619891538830	OK	 
REQUEST		request_2	1619891538831	1619891538887	OK	 
ERROR	request_0: Failed to build request: Resource /mytagscreate/0000_request.json not found 	1619891539067
USER	MyTagsCreate	START	1619891539067
REQUEST		request_2	1619891539207	1619891539269	OK	 
REQUEST		request_1	1619891539355	1619891539543	OK	 
REQUEST		request_2	1619891539604	1619891539656	OK	 
ERROR	request_3: Failed to build request: Resource /mytagscreate/0003_request.json not found 	1619891539751
ERROR	request_3: Failed to build request: Resource /mytagscreate/0003_request.json not found 	1619891539848
REQUEST		request_1	1619891539686	1619891539891	OK	 
REQUEST		request_2	1619891539956	1619891540006	OK	 
REQUEST		request_2	1619891540016	1619891540069	OK	 
ERROR	request_3: Failed to build request: Resource /mytagscreate/0003_request.json not found 	1619891540169
REQUEST		request_1	1619891540074	1619891540287	OK	 
REQUEST		request_2	1619891540935	1619891540987	OK	 
ERROR	request_3: Failed to build request: Resource /mytagscreate/0003_request.json not found 	1619891541028
ERROR	request_0: Failed to build request: Resource /mytagscreate/0000_request.json not found 	1619891541321
USER	MyTagsCreate	START	1619891541321
ERROR	request_3: Failed to build request: Resource /mytagscreate/0003_request.json not found 	1619891541933
REQUEST		request_2	1619891542012	1619891542067	OK	 
ERROR	request_0: Failed to build request: Resource /mytagscreate/0000_request.json not found 	1619891542153
USER	MyTagsCreate	START	1619891542152
ERROR	request_3: Failed to build request: Resource /mytagscreate/0003_request.json not found 	1619891542167
REQUEST		request_2	1619891542199	1619891542247	OK	 
ERROR	request_0: Failed to build request: Resource /mytagscreate/0000_request.json not found 	1619891542326
USER	MyTagsCreate	START	1619891542325
REQUEST		request_2	1619891542333	1619891542385	OK	 
REQUEST		request_2	1619891542362	1619891542417	OK	 
REQUEST		request_1	1619891542325	1619891542527	OK	 
ERROR	request_3: Failed to build request: Resource /mytagscreate/0003_request.json not found 	1619891542549
ERROR	request_0: Failed to build request: Resource /mytagscreate/0000_request.json not found 	1619891542865
USER	MyTagsCreate	START	1619891542865
REQUEST		request_2	1619891542835	1619891542886	OK	 
ERROR	request_3: Failed to build request: Resource /mytagscreate/0003_request.json not found 	1619891542910
ERROR	request_3: Failed to build request: Resource /mytagscreate/0003_request.json not found 	1619891543190
ERROR	request_0: Failed to build request: Resource /mytagscreate/0000_request.json not found 	1619891543327
USER	MyTagsCreate	START	1619891543327
REQUEST		request_1	1619891543158	1619891543379	OK	 
ERROR	request_0: Failed to build request: Resource /mytagscreate/0000_request.json not found 	1619891543404
USER	MyTagsCreate	START	1619891543404
REQUEST		request_1	1619891543343	1619891543536	OK	 
ERROR	request_0: Failed to build request: Resource /mytagscreate/0000_request.json not found 	1619891543592
USER	MyTagsCreate	START	1619891543591
REQUEST		request_2	1619891543560	1619891543619	OK	 
ERROR	request_3: Failed to build request: Resource /mytagscreate/0003_request.json not found 	1619891543755
ERROR	request_3: Failed to build request: Resource /mytagscreate/0003_request.json not found 	1619891543893
REQUEST		request_2	1619891543909	1619891543958	OK	 
REQUEST		request_1	1619891543877	1619891544074	OK	 
ERROR	request_0: Failed to build request: Resource /mytagscreate/0000_request.json not found 	1619891544158
USER	MyTagsCreate	START	1619891544158
ERROR	request_3: Failed to build request: Resource /mytagscreate/0003_request.json not found 	1619891544283
REQUEST		request_2	1619891544296	1619891544347	OK	 
ERROR	request_0: Failed to build request: Resource /mytagscreate/0000_request.json not found 	1619891544475
USER	MyTagsCreate	START	1619891544475
REQUEST		request_1	1619891544342	1619891544535	OK	 
REQUEST		request_1	1619891544413	1619891544608	OK	 
ERROR	request_3: Failed to build request: Resource /mytagscreate/0003_request.json not found 	1619891544661
REQUEST		request_1	1619891544614	1619891544806	OK	 
ERROR	request_3: Failed to build request: Resource /mytagscreate/0003_request.json not found 	1619891545018
ERROR	request_3: Failed to build request: Resource /mytagscreate/0003_request.json not found 	1619891545076
REQUEST		request_1	1619891545170	1619891545366	OK	 
ERROR	request_0: Failed to build request: Resource /mytagscreate/0000_request.json not found 	1619891545480
USER	MyTagsCreate	START	1619891545480
ERROR	request_0: Failed to build request: Resource /mytagscreate/0000_request.json not found 	1619891545543
USER	MyTagsCreate	START	1619891545543
ERROR	request_0: Failed to build request: Resource /mytagscreate/0000_request.json not found 	1619891545573
USER	MyTagsCreate	START	1619891545573
REQUEST		request_1	1619891545480	1619891545689	OK	 
ERROR	request_0: Failed to build request: Resource /mytagscreate/0000_request.json not found 	1619891545977
USER	MyTagsCreate	START	1619891545977
ERROR	request_3: Failed to build request: Resource /mytagscreate/0003_request.json not found 	1619891545991
REQUEST		request_10	1619891545760	1619891546008	OK	 
ERROR	request_11: Failed to build request: Resource /mytagscreate/0011_request.json not found 	1619891546014
USER	MyTagsCreate	END	1619891546027
REQUEST		request_10	1619891545853	1619891546059	OK	 
ERROR	request_11: Failed to build request: Resource /mytagscreate/0011_request.json not found 	1619891546060
USER	MyTagsCreate	END	1619891546063
REQUEST		request_10	1619891546187	1619891546387	OK	 
ERROR	request_11: Failed to build request: Resource /mytagscreate/0011_request.json not found 	1619891546388
USER	MyTagsCreate	END	1619891546393
ERROR	request_0: Failed to build request: Resource /mytagscreate/0000_request.json not found 	1619891546516
USER	MyTagsCreate	START	1619891546516
REQUEST		request_2	1619891546537	1619891546593	OK	 
REQUEST		request_1	1619891546485	1619891546695	OK	 
REQUEST		request_1	1619891546552	1619891546746	OK	 
REQUEST		request_1	1619891546584	1619891546798	OK	 
ERROR	request_3: Failed to build request: Resource /mytagscreate/0003_request.json not found 	1619891547079
REQUEST		request_1	1619891546987	1619891547189	OK	 
REQUEST		request_10	1619891547033	1619891547239	OK	 
ERROR	request_11: Failed to build request: Resource /mytagscreate/0011_request.json not found 	1619891547239
USER	MyTagsCreate	END	1619891547241
ERROR	request_3: Failed to build request: Resource /mytagscreate/0003_request.json not found 	1619891547253
ERROR	request_0: Failed to build request: Resource /mytagscreate/0000_request.json not found 	1619891547349
USER	MyTagsCreate	START	1619891547349
ERROR	request_3: Failed to build request: Resource /mytagscreate/0003_request.json not found 	1619891547397
ERROR	request_3: Failed to build request: Resource /mytagscreate/0003_request.json not found 	1619891547420
REQUEST		request_2	1619891547398	1619891547450	OK	 
REQUEST		request_2	1619891547546	1619891547598	OK	 
ERROR	request_0: Failed to build request: Resource /mytagscreate/0000_request.json not found 	1619891547713
USER	MyTagsCreate	START	1619891547713
REQUEST		request_1	1619891547530	1619891547731	OK	 
ERROR	request_0: Failed to build request: Resource /mytagscreate/0000_request.json not found 	1619891547807
USER	MyTagsCreate	START	1619891547807
ERROR	request_3: Failed to build request: Resource /mytagscreate/0003_request.json not found 	1619891547900
ERROR	request_0: Failed to build request: Resource /mytagscreate/0000_request.json not found 	1619891547947
USER	MyTagsCreate	START	1619891547946
REQUEST		request_10	1619891547946	1619891548141	OK	 
ERROR	request_11: Failed to build request: Resource /mytagscreate/0011_request.json not found 	1619891548142
USER	MyTagsCreate	END	1619891548145
REQUEST		request_2	1619891548090	1619891548152	OK	 
REQUEST		request_10	1619891548181	1619891548390	OK	 
ERROR	request_11: Failed to build request: Resource /mytagscreate/0011_request.json not found 	1619891548391
USER	MyTagsCreate	END	1619891548395
REQUEST		request_1	1619891548365	1619891548572	OK	 
REQUEST		request_2	1619891548552	1619891548604	OK	 
ERROR	request_3: Failed to build request: Resource /mytagscreate/0003_request.json not found 	1619891548628
REQUEST		request_2	1619891548612	1619891548671	OK	 
REQUEST		request_10	1619891548567	1619891548770	OK	 
ERROR	request_11: Failed to build request: Resource /mytagscreate/0011_request.json not found 	1619891548771
USER	MyTagsCreate	END	1619891548772
REQUEST		request_2	1619891548816	1619891548873	OK	 
REQUEST		request_1	1619891548723	1619891548913	OK	 
ERROR	request_3: Failed to build request: Resource /mytagscreate/0003_request.json not found 	1619891548971
REQUEST		request_1	1619891548816	1619891549041	OK	 
REQUEST		request_10	1619891548916	1619891549119	OK	 
ERROR	request_11: Failed to build request: Resource /mytagscreate/0011_request.json not found 	1619891549120
USER	MyTagsCreate	END	1619891549124
REQUEST		request_1	1619891548955	1619891549157	OK	 
ERROR	request_0: Failed to build request: Resource /mytagscreate/0000_request.json not found 	1619891549265
USER	MyTagsCreate	START	1619891549264
ERROR	request_3: Failed to build request: Resource /mytagscreate/0003_request.json not found 	1619891549358
REQUEST		request_10	1619891549202	1619891549396	OK	 
ERROR	request_11: Failed to build request: Resource /mytagscreate/0011_request.json not found 	1619891549397
USER	MyTagsCreate	END	1619891549400
REQUEST		request_2	1619891549377	1619891549427	OK	 
REQUEST		request_2	1619891549702	1619891549756	OK	 
REQUEST		request_10	1619891549761	1619891549947	OK	 
ERROR	request_11: Failed to build request: Resource /mytagscreate/0011_request.json not found 	1619891549948
USER	MyTagsCreate	END	1619891549952
REQUEST		request_10	1619891549907	1619891550116	OK	 
ERROR	request_11: Failed to build request: Resource /mytagscreate/0011_request.json not found 	1619891550118
USER	MyTagsCreate	END	1619891550121
REQUEST		request_1	1619891550282	1619891550485	OK	 
REQUEST		request_10	1619891550297	1619891550500	OK	 
ERROR	request_11: Failed to build request: Resource /mytagscreate/0011_request.json not found 	1619891550501
USER	MyTagsCreate	END	1619891550505
REQUEST		request_2	1619891550702	1619891550758	OK	 
ERROR	request_0: Failed to build request: Resource /mytagscreate/0000_request.json not found 	1619891550778
USER	MyTagsCreate	START	1619891550777
REQUEST		request_2	1619891550762	1619891550815	OK	 
ERROR	request_0: Failed to build request: Resource /mytagscreate/0000_request.json not found 	1619891550838
USER	MyTagsCreate	START	1619891550838
REQUEST		request_2	1619891550808	1619891550860	OK	 
REQUEST		request_10	1619891550669	1619891550864	OK	 
ERROR	request_11: Failed to build request: Resource /mytagscreate/0011_request.json not found 	1619891550864
USER	MyTagsCreate	END	1619891550867
ERROR	request_0: Failed to build request: Resource /mytagscreate/0000_request.json not found 	1619891550918
USER	MyTagsCreate	START	1619891550918
REQUEST		request_10	1619891551027	1619891551218	OK	 
ERROR	request_11: Failed to build request: Resource /mytagscreate/0011_request.json not found 	1619891551219
USER	MyTagsCreate	END	1619891551224
REQUEST		request_2	1619891551199	1619891551252	OK	 
REQUEST		request_10	1619891551090	1619891551304	OK	 
ERROR	request_11: Failed to build request: Resource /mytagscreate/0011_request.json not found 	1619891551305
USER	MyTagsCreate	END	1619891551311
ERROR	request_0: Failed to build request: Resource /mytagscreate/0000_request.json not found 	1619891551557
USER	MyTagsCreate	START	1619891551556
ERROR	request_3: Failed to build request: Resource /mytagscreate/0003_request.json not found 	1619891551607
REQUEST		request_2	1619891551748	1619891551800	OK	 
REQUEST		request_1	1619891551794	1619891552007	OK	 
REQUEST		request_1	1619891551841	1619891552043	OK	 
REQUEST		request_1	1619891551928	1619891552122	OK	 
REQUEST		request_10	1619891552007	1619891552196	OK	 
ERROR	request_11: Failed to build request: Resource /mytagscreate/0011_request.json not found 	1619891552196
USER	MyTagsCreate	END	1619891552197
ERROR	request_3: Failed to build request: Resource /mytagscreate/0003_request.json not found 	1619891552456
ERROR	request_3: Failed to build request: Resource /mytagscreate/0003_request.json not found 	1619891552611
REQUEST		request_2	1619891552581	1619891552634	OK	 
ERROR	request_0: Failed to build request: Resource /mytagscreate/0000_request.json not found 	1619891552750
USER	MyTagsCreate	START	1619891552750
REQUEST		request_1	1619891552565	1619891552763	OK	 
ERROR	request_0: Failed to build request: Resource /mytagscreate/0000_request.json not found 	1619891552828
USER	MyTagsCreate	START	1619891552828
ERROR	request_0: Failed to build request: Resource /mytagscreate/0000_request.json not found 	1619891552952
USER	MyTagsCreate	START	1619891552952
REQUEST		request_2	1619891552922	1619891552973	OK	 
ERROR	request_0: Failed to build request: Resource /mytagscreate/0000_request.json not found 	1619891553042
USER	MyTagsCreate	START	1619891553042
REQUEST		request_2	1619891553057	1619891553108	OK	 
ERROR	request_3: Failed to build request: Resource /mytagscreate/0003_request.json not found 	1619891553163
REQUEST		request_2	1619891553163	1619891553215	OK	 
REQUEST		request_10	1619891553097	1619891553299	OK	 
ERROR	request_11: Failed to build request: Resource /mytagscreate/0011_request.json not found 	1619891553299
USER	MyTagsCreate	END	1619891553302
REQUEST		request_10	1619891553255	1619891553457	OK	 
ERROR	request_11: Failed to build request: Resource /mytagscreate/0011_request.json not found 	1619891553458
USER	MyTagsCreate	END	1619891553461
REQUEST		request_10	1619891553410	1619891553606	OK	 
ERROR	request_11: Failed to build request: Resource /mytagscreate/0011_request.json not found 	1619891553607
ERROR	request_3: Failed to build request: Resource /mytagscreate/0003_request.json not found 	1619891553609
USER	MyTagsCreate	END	1619891553612
REQUEST		request_10	1619891553425	1619891553625	OK	 
ERROR	request_11: Failed to build request: Resource /mytagscreate/0011_request.json not found 	1619891553626
USER	MyTagsCreate	END	1619891553630
ERROR	request_3: Failed to build request: Resource /mytagscreate/0003_request.json not found 	1619891553684
ERROR	request_3: Failed to build request: Resource /mytagscreate/0003_request.json not found 	1619891553886
REQUEST		request_1	1619891553763	1619891553968	OK	 
REQUEST		request_1	1619891553840	1619891554038	OK	 
REQUEST		request_10	1619891553918	1619891554128	OK	 
ERROR	request_11: Failed to build request: Resource /mytagscreate/0011_request.json not found 	1619891554129
USER	MyTagsCreate	END	1619891554130
REQUEST		request_1	1619891553964	1619891554171	OK	 
REQUEST		request_1	1619891554057	1619891554261	OK	 
ERROR	request_0: Failed to build request: Resource /mytagscreate/0000_request.json not found 	1619891554291
USER	MyTagsCreate	START	1619891554291
ERROR	request_3: Failed to build request: Resource /mytagscreate/0003_request.json not found 	1619891554444
REQUEST		request_2	1619891554491	1619891554539	OK	 
ERROR	request_3: Failed to build request: Resource /mytagscreate/0003_request.json not found 	1619891554766
REQUEST		request_10	1619891554644	1619891554840	OK	 
ERROR	request_11: Failed to build request: Resource /mytagscreate/0011_request.json not found 	1619891554840
USER	MyTagsCreate	END	1619891554841
ERROR	request_0: Failed to build request: Resource /mytagscreate/0000_request.json not found 	1619891555109
USER	MyTagsCreate	START	1619891555108
ERROR	request_0: Failed to build request: Resource /mytagscreate/0000_request.json not found 	1619891555171
USER	MyTagsCreate	START	1619891555170
REQUEST		request_10	1619891554983	1619891555187	OK	 
ERROR	request_11: Failed to build request: Resource /mytagscreate/0011_request.json not found 	1619891555189
USER	MyTagsCreate	END	1619891555193
REQUEST		request_1	1619891555294	1619891555504	OK	 
REQUEST		request_10	1619891555371	1619891555575	OK	 
ERROR	request_11: Failed to build request: Resource /mytagscreate/0011_request.json not found 	1619891555576
USER	MyTagsCreate	END	1619891555579
ERROR	request_3: Failed to build request: Resource /mytagscreate/0003_request.json not found 	1619891555772
ERROR	request_3: Failed to build request: Resource /mytagscreate/0003_request.json not found 	1619891555819
ERROR	request_3: Failed to build request: Resource /mytagscreate/0003_request.json not found 	1619891555866
ERROR	request_0: Failed to build request: Resource /mytagscreate/0000_request.json not found 	1619891555883
USER	MyTagsCreate	START	1619891555882
REQUEST		request_2	1619891556021	1619891556075	OK	 
REQUEST		request_2	1619891556052	1619891556106	OK	 
REQUEST		request_2	1619891556129	1619891556179	OK	 
ERROR	request_3: Failed to build request: Resource /mytagscreate/0003_request.json not found 	1619891556254
REQUEST		request_1	1619891556114	1619891556325	OK	 
REQUEST		request_1	1619891556175	1619891556378	OK	 
ERROR	request_3: Failed to build request: Resource /mytagscreate/0003_request.json not found 	1619891556812
REQUEST		request_2	1619891556767	1619891556819	OK	 
REQUEST		request_1	1619891556892	1619891557087	OK	 
ERROR	request_0: Failed to build request: Resource /mytagscreate/0000_request.json not found 	1619891557422
USER	MyTagsCreate	START	1619891557422
ERROR	request_0: Failed to build request: Resource /mytagscreate/0000_request.json not found 	1619891557501
USER	MyTagsCreate	START	1619891557501
ERROR	request_3: Failed to build request: Resource /mytagscreate/0003_request.json not found 	1619891557641
REQUEST		request_10	1619891557610	1619891557805	OK	 
ERROR	request_11: Failed to build request: Resource /mytagscreate/0011_request.json not found 	1619891557806
USER	MyTagsCreate	END	1619891557810
ERROR	request_3: Failed to build request: Resource /mytagscreate/0003_request.json not found 	1619891557978
REQUEST		request_2	1619891557978	1619891558033	OK	 
REQUEST		request_2	1619891558054	1619891558107	OK	 
ERROR	request_3: Failed to build request: Resource /mytagscreate/0003_request.json not found 	1619891558117
ERROR	request_3: Failed to build request: Resource /mytagscreate/0003_request.json not found 	1619891558225
REQUEST		request_2	1619891558181	1619891558231	OK	 
REQUEST		request_2	1619891558271	1619891558326	OK	 
REQUEST		request_1	1619891558425	1619891558645	OK	 
REQUEST		request_10	1619891558470	1619891558683	OK	 
ERROR	request_11: Failed to build request: Resource /mytagscreate/0011_request.json not found 	1619891558684
USER	MyTagsCreate	END	1619891558685
REQUEST		request_1	1619891558516	1619891558731	OK	 
REQUEST		request_10	1619891558622	1619891558825	OK	 
ERROR	request_11: Failed to build request: Resource /mytagscreate/0011_request.json not found 	1619891558825
USER	MyTagsCreate	END	1619891558827
REQUEST		request_10	1619891559178	1619891559421	OK	 
ERROR	request_11: Failed to build request: Resource /mytagscreate/0011_request.json not found 	1619891559422
USER	MyTagsCreate	END	1619891559426
ERROR	request_3: Failed to build request: Resource /mytagscreate/0003_request.json not found 	1619891559548
REQUEST		request_2	1619891559519	1619891559575	OK	 
ERROR	request_0: Failed to build request: Resource /mytagscreate/0000_request.json not found 	1619891559752
USER	MyTagsCreate	START	1619891559752
REQUEST		request_10	1619891559612	1619891559808	OK	 
ERROR	request_11: Failed to build request: Resource /mytagscreate/0011_request.json not found 	1619891559808
USER	MyTagsCreate	END	1619891559811
REQUEST		request_10	1619891559689	1619891559894	OK	 
ERROR	request_11: Failed to build request: Resource /mytagscreate/0011_request.json not found 	1619891559895
USER	MyTagsCreate	END	1619891559898
ERROR	request_0: Failed to build request: Resource /mytagscreate/0000_request.json not found 	1619891560046
USER	MyTagsCreate	START	1619891560046
REQUEST		request_10	1619891559890	1619891560087	OK	 
ERROR	request_11: Failed to build request: Resource /mytagscreate/0011_request.json not found 	1619891560088
USER	MyTagsCreate	END	1619891560092
REQUEST		request_2	1619891560340	1619891560396	OK	 
REQUEST		request_2	1619891560385	1619891560445	OK	 
REQUEST		request_10	1619891560449	1619891560645	OK	 
ERROR	request_11: Failed to build request: Resource /mytagscreate/0011_request.json not found 	1619891560646
USER	MyTagsCreate	END	1619891560650
ERROR	request_0: Failed to build request: Resource /mytagscreate/0000_request.json not found 	1619891560929
USER	MyTagsCreate	START	1619891560929
REQUEST		request_1	1619891560758	1619891560956	OK	 
ERROR	request_0: Failed to build request: Resource /mytagscreate/0000_request.json not found 	1619891560977
USER	MyTagsCreate	START	1619891560976
REQUEST		request_10	1619891560773	1619891560977	OK	 
ERROR	request_11: Failed to build request: Resource /mytagscreate/0011_request.json not found 	1619891560978
USER	MyTagsCreate	END	1619891560981
ERROR	request_3: Failed to build request: Resource /mytagscreate/0003_request.json not found 	1619891561087
ERROR	request_3: Failed to build request: Resource /mytagscreate/0003_request.json not found 	1619891561117
REQUEST		request_2	1619891561103	1619891561161	OK	 
ERROR	request_3: Failed to build request: Resource /mytagscreate/0003_request.json not found 	1619891561195
REQUEST		request_1	1619891561054	1619891561250	OK	 
ERROR	request_0: Failed to build request: Resource /mytagscreate/0000_request.json not found 	1619891561548
USER	MyTagsCreate	START	1619891561548
ERROR	request_3: Failed to build request: Resource /mytagscreate/0003_request.json not found 	1619891561827
REQUEST		request_10	1619891561782	1619891561997	OK	 
ERROR	request_11: Failed to build request: Resource /mytagscreate/0011_request.json not found 	1619891561998
USER	MyTagsCreate	END	1619891562001
REQUEST		request_10	1619891561828	1619891562029	OK	 
ERROR	request_11: Failed to build request: Resource /mytagscreate/0011_request.json not found 	1619891562029
USER	MyTagsCreate	END	1619891562033
REQUEST		request_10	1619891561873	1619891562078	OK	 
ERROR	request_11: Failed to build request: Resource /mytagscreate/0011_request.json not found 	1619891562078
USER	MyTagsCreate	END	1619891562081
REQUEST		request_1	1619891561936	1619891562142	OK	 
REQUEST		request_1	1619891561981	1619891562181	OK	 
REQUEST		request_10	1619891562262	1619891562478	OK	 
ERROR	request_11: Failed to build request: Resource /mytagscreate/0011_request.json not found 	1619891562479
USER	MyTagsCreate	END	1619891562483
ERROR	request_0: Failed to build request: Resource /mytagscreate/0000_request.json not found 	1619891562663
USER	MyTagsCreate	START	1619891562663
REQUEST		request_2	1619891562662	1619891562752	OK	 
REQUEST		request_1	1619891562555	1619891562772	OK	 
REQUEST		request_2	1619891562738	1619891562796	OK	 
ERROR	request_0: Failed to build request: Resource /mytagscreate/0000_request.json not found 	1619891562801
USER	MyTagsCreate	START	1619891562801
REQUEST		request_10	1619891562816	1619891563004	OK	 
ERROR	request_11: Failed to build request: Resource /mytagscreate/0011_request.json not found 	1619891563004
USER	MyTagsCreate	END	1619891563005
ERROR	request_3: Failed to build request: Resource /mytagscreate/0003_request.json not found 	1619891563047
ERROR	request_0: Failed to build request: Resource /mytagscreate/0000_request.json not found 	1619891563080
USER	MyTagsCreate	START	1619891563079
ERROR	request_3: Failed to build request: Resource /mytagscreate/0003_request.json not found 	1619891563110
ERROR	request_3: Failed to build request: Resource /mytagscreate/0003_request.json not found 	1619891563233
ERROR	request_3: Failed to build request: Resource /mytagscreate/0003_request.json not found 	1619891563327
ERROR	request_0: Failed to build request: Resource /mytagscreate/0000_request.json not found 	1619891563655
USER	MyTagsCreate	START	1619891563654
ERROR	request_0: Failed to build request: Resource /mytagscreate/0000_request.json not found 	1619891563671
USER	MyTagsCreate	START	1619891563670
REQUEST		request_10	1619891563654	1619891563850	OK	 
ERROR	request_11: Failed to build request: Resource /mytagscreate/0011_request.json not found 	1619891563851
USER	MyTagsCreate	END	1619891563853
REQUEST		request_1	1619891563670	1619891563885	OK	 
REQUEST		request_1	1619891563809	1619891564016	OK	 
REQUEST		request_10	1619891563994	1619891564179	OK	 
ERROR	request_11: Failed to build request: Resource /mytagscreate/0011_request.json not found 	1619891564180
USER	MyTagsCreate	END	1619891564184
REQUEST		request_1	1619891564086	1619891564286	OK	 
REQUEST		request_10	1619891564137	1619891564331	OK	 
ERROR	request_11: Failed to build request: Resource /mytagscreate/0011_request.json not found 	1619891564332
USER	MyTagsCreate	END	1619891564335
REQUEST		request_10	1619891564241	1619891564438	OK	 
ERROR	request_11: Failed to build request: Resource /mytagscreate/0011_request.json not found 	1619891564439
USER	MyTagsCreate	END	1619891564441
ERROR	request_0: Failed to build request: Resource /mytagscreate/0000_request.json not found 	1619891564491
ERROR	request_0: Failed to build request: Resource /mytagscreate/0000_request.json not found 	1619891564491
USER	MyTagsCreate	START	1619891564491
USER	MyTagsCreate	START	1619891564491
ERROR	request_3: Failed to build request: Resource /mytagscreate/0003_request.json not found 	1619891564583
ERROR	request_0: Failed to build request: Resource /mytagscreate/0000_request.json not found 	1619891564799
USER	MyTagsCreate	START	1619891564799
REQUEST		request_1	1619891564660	1619891564864	OK	 
REQUEST		request_1	1619891564676	1619891564869	OK	 
REQUEST		request_2	1619891564969	1619891565025	OK	 
REQUEST		request_2	1619891565263	1619891565314	OK	 
ERROR	request_3: Failed to build request: Resource /mytagscreate/0003_request.json not found 	1619891565404
ERROR	request_0: Failed to build request: Resource /mytagscreate/0000_request.json not found 	1619891565437
USER	MyTagsCreate	START	1619891565437
ERROR	request_3: Failed to build request: Resource /mytagscreate/0003_request.json not found 	1619891565452
ERROR	request_0: Failed to build request: Resource /mytagscreate/0000_request.json not found 	1619891565625
USER	MyTagsCreate	START	1619891565625
REQUEST		request_1	1619891565498	1619891565694	OK	 
REQUEST		request_1	1619891565514	1619891565710	OK	 
REQUEST		request_10	1619891565562	1619891565769	OK	 
ERROR	request_11: Failed to build request: Resource /mytagscreate/0011_request.json not found 	1619891565770
USER	MyTagsCreate	END	1619891565773
REQUEST		request_1	1619891565810	1619891566018	OK	 
ERROR	request_3: Failed to build request: Resource /mytagscreate/0003_request.json not found 	1619891566168
REQUEST		request_2	1619891566153	1619891566203	OK	 
REQUEST		request_2	1619891566183	1619891566238	OK	 
ERROR	request_0: Failed to build request: Resource /mytagscreate/0000_request.json not found 	1619891566418
USER	MyTagsCreate	START	1619891566417
REQUEST		request_1	1619891566446	1619891566638	OK	 
ERROR	request_0: Failed to build request: Resource /mytagscreate/0000_request.json not found 	1619891566728
USER	MyTagsCreate	START	1619891566728
REQUEST		request_2	1619891566775	1619891566824	OK	 
REQUEST		request_1	1619891566633	1619891566839	OK	 
REQUEST		request_10	1619891567101	1619891567292	OK	 
ERROR	request_11: Failed to build request: Resource /mytagscreate/0011_request.json not found 	1619891567292
USER	MyTagsCreate	END	1619891567294
REQUEST		request_10	1619891567133	1619891567334	OK	 
ERROR	request_11: Failed to build request: Resource /mytagscreate/0011_request.json not found 	1619891567335
USER	MyTagsCreate	END	1619891567336
REQUEST		request_10	1619891567211	1619891567423	OK	 
ERROR	request_11: Failed to build request: Resource /mytagscreate/0011_request.json not found 	1619891567424
USER	MyTagsCreate	END	1619891567426
REQUEST		request_1	1619891567426	1619891567635	OK	 
ERROR	request_3: Failed to build request: Resource /mytagscreate/0003_request.json not found 	1619891567769
ERROR	request_3: Failed to build request: Resource /mytagscreate/0003_request.json not found 	1619891567800
REQUEST		request_1	1619891567739	1619891567942	OK	 
REQUEST		request_2	1619891567894	1619891567949	OK	 
REQUEST		request_10	1619891567832	1619891568033	OK	 
ERROR	request_11: Failed to build request: Resource /mytagscreate/0011_request.json not found 	1619891568034
USER	MyTagsCreate	END	1619891568035
REQUEST		request_2	1619891568033	1619891568087	OK	 
REQUEST		request_2	1619891568297	1619891568359	OK	 
ERROR	request_0: Failed to build request: Resource /mytagscreate/0000_request.json not found 	1619891568482
USER	MyTagsCreate	START	1619891568482
ERROR	request_0: Failed to build request: Resource /mytagscreate/0000_request.json not found 	1619891568528
USER	MyTagsCreate	START	1619891568528
REQUEST		request_2	1619891568870	1619891568922	OK	 
REQUEST		request_2	1619891568885	1619891568944	OK	 
ERROR	request_0: Failed to build request: Resource /mytagscreate/0000_request.json not found 	1619891569132
USER	MyTagsCreate	START	1619891569132
REQUEST		request_10	1619891569053	1619891569251	OK	 
ERROR	request_11: Failed to build request: Resource /mytagscreate/0011_request.json not found 	1619891569252
USER	MyTagsCreate	END	1619891569256
REQUEST		request_10	1619891569115	1619891569315	OK	 
ERROR	request_11: Failed to build request: Resource /mytagscreate/0011_request.json not found 	1619891569316
USER	MyTagsCreate	END	1619891569320
REQUEST		request_10	1619891569242	1619891569439	OK	 
ERROR	request_11: Failed to build request: Resource /mytagscreate/0011_request.json not found 	1619891569440
USER	MyTagsCreate	END	1619891569444
REQUEST		request_10	1619891569332	1619891569531	OK	 
ERROR	request_11: Failed to build request: Resource /mytagscreate/0011_request.json not found 	1619891569531
USER	MyTagsCreate	END	1619891569533
ERROR	request_0: Failed to build request: Resource /mytagscreate/0000_request.json not found 	1619891569657
USER	MyTagsCreate	START	1619891569656
REQUEST		request_1	1619891569485	1619891569668	OK	 
REQUEST		request_1	1619891569531	1619891569721	OK	 
REQUEST		request_2	1619891569702	1619891569752	OK	 
REQUEST		request_2	1619891569718	1619891569778	OK	 
ERROR	request_3: Failed to build request: Resource /mytagscreate/0003_request.json not found 	1619891570029
REQUEST		request_2	1619891570029	1619891570083	OK	 
ERROR	request_0: Failed to build request: Resource /mytagscreate/0000_request.json not found 	1619891570231
USER	MyTagsCreate	START	1619891570231
ERROR	request_3: Failed to build request: Resource /mytagscreate/0003_request.json not found 	1619891570323
REQUEST		request_1	1619891570138	1619891570351	OK	 
REQUEST		request_2	1619891570644	1619891570705	OK	 
REQUEST		request_10	1619891570599	1619891570810	OK	 
ERROR	request_11: Failed to build request: Resource /mytagscreate/0011_request.json not found 	1619891570811
USER	MyTagsCreate	END	1619891570815
REQUEST		request_1	1619891570659	1619891570866	OK	 
REQUEST		request_2	1619891570845	1619891570899	OK	 
ERROR	request_3: Failed to build request: Resource /mytagscreate/0003_request.json not found 	1619891571217
ERROR	request_3: Failed to build request: Resource /mytagscreate/0003_request.json not found 	1619891571249
ERROR	request_0: Failed to build request: Resource /mytagscreate/0000_request.json not found 	1619891571404
USER	MyTagsCreate	START	1619891571403
REQUEST		request_1	1619891571249	1619891571444	OK	 
ERROR	request_0: Failed to build request: Resource /mytagscreate/0000_request.json not found 	1619891571619
ERROR	request_0: Failed to build request: Resource /mytagscreate/0000_request.json not found 	1619891571619
USER	MyTagsCreate	START	1619891571619
USER	MyTagsCreate	START	1619891571619
REQUEST		request_10	1619891571419	1619891571627	OK	 
ERROR	request_11: Failed to build request: Resource /mytagscreate/0011_request.json not found 	1619891571629
USER	MyTagsCreate	END	1619891571632
REQUEST		request_10	1619891571465	1619891571657	OK	 
ERROR	request_11: Failed to build request: Resource /mytagscreate/0011_request.json not found 	1619891571658
USER	MyTagsCreate	END	1619891571660
REQUEST		request_2	1619891571650	1619891571704	OK	 
ERROR	request_0: Failed to build request: Resource /mytagscreate/0000_request.json not found 	1619891571772
USER	MyTagsCreate	START	1619891571772
ERROR	request_3: Failed to build request: Resource /mytagscreate/0003_request.json not found 	1619891571834
ERROR	request_0: Failed to build request: Resource /mytagscreate/0000_request.json not found 	1619891571974
USER	MyTagsCreate	START	1619891571974
ERROR	request_0: Failed to build request: Resource /mytagscreate/0000_request.json not found 	1619891571990
USER	MyTagsCreate	START	1619891571990
REQUEST		request_2	1619891571958	1619891572009	OK	 
ERROR	request_0: Failed to build request: Resource /mytagscreate/0000_request.json not found 	1619891572099
USER	MyTagsCreate	START	1619891572098
REQUEST		request_10	1619891572176	1619891572368	OK	 
ERROR	request_11: Failed to build request: Resource /mytagscreate/0011_request.json not found 	1619891572369
USER	MyTagsCreate	END	1619891572372
ERROR	request_0: Failed to build request: Resource /mytagscreate/0000_request.json not found 	1619891572455
USER	MyTagsCreate	START	1619891572455
ERROR	request_0: Failed to build request: Resource /mytagscreate/0000_request.json not found 	1619891572504
USER	MyTagsCreate	START	1619891572504
REQUEST		request_1	1619891572408	1619891572612	OK	 
ERROR	request_0: Failed to build request: Resource /mytagscreate/0000_request.json not found 	1619891572641
USER	MyTagsCreate	START	1619891572640
REQUEST		request_1	1619891572624	1619891572820	OK	 
REQUEST		request_1	1619891572643	1619891572843	OK	 
ERROR	request_0: Failed to build request: Resource /mytagscreate/0000_request.json not found 	1619891572946
USER	MyTagsCreate	START	1619891572946
ERROR	request_3: Failed to build request: Resource /mytagscreate/0003_request.json not found 	1619891572961
REQUEST		request_1	1619891572776	1619891572970	OK	 
ERROR	request_3: Failed to build request: Resource /mytagscreate/0003_request.json not found 	1619891573100
REQUEST		request_1	1619891572977	1619891573163	OK	 
REQUEST		request_1	1619891572992	1619891573183	OK	 
ERROR	request_0: Failed to build request: Resource /mytagscreate/0000_request.json not found 	1619891573287
USER	MyTagsCreate	START	1619891573287
REQUEST		request_1	1619891573116	1619891573320	OK	 
ERROR	request_3: Failed to build request: Resource /mytagscreate/0003_request.json not found 	1619891573364
REQUEST		request_1	1619891573459	1619891573656	OK	 
REQUEST		request_1	1619891573519	1619891573714	OK	 
REQUEST		request_2	1619891573675	1619891573730	OK	 
REQUEST		request_2	1619891573736	1619891573789	OK	 
REQUEST		request_1	1619891573644	1619891573845	OK	 
ERROR	request_3: Failed to build request: Resource /mytagscreate/0003_request.json not found 	1619891573935
ERROR	request_3: Failed to build request: Resource /mytagscreate/0003_request.json not found 	1619891573951
REQUEST		request_10	1619891573784	1619891573980	OK	 
ERROR	request_11: Failed to build request: Resource /mytagscreate/0011_request.json not found 	1619891573981
USER	MyTagsCreate	END	1619891573986
REQUEST		request_10	1619891573813	1619891573996	OK	 
ERROR	request_11: Failed to build request: Resource /mytagscreate/0011_request.json not found 	1619891573998
USER	MyTagsCreate	END	1619891574002
REQUEST		request_1	1619891573951	1619891574148	OK	 
ERROR	request_0: Failed to build request: Resource /mytagscreate/0000_request.json not found 	1619891574340
USER	MyTagsCreate	START	1619891574340
REQUEST		request_2	1619891574371	1619891574421	OK	 
REQUEST		request_1	1619891574294	1619891574502	OK	 
ERROR	request_0: Failed to build request: Resource /mytagscreate/0000_request.json not found 	1619891574525
USER	MyTagsCreate	START	1619891574525
ERROR	request_3: Failed to build request: Resource /mytagscreate/0003_request.json not found 	1619891574756
ERROR	request_3: Failed to build request: Resource /mytagscreate/0003_request.json not found 	1619891574787
REQUEST		request_2	1619891574878	1619891574931	OK	 
ERROR	request_3: Failed to build request: Resource /mytagscreate/0003_request.json not found 	1619891575099
ERROR	request_0: Failed to build request: Resource /mytagscreate/0000_request.json not found 	1619891575238
USER	MyTagsCreate	START	1619891575238
ERROR	request_0: Failed to build request: Resource /mytagscreate/0000_request.json not found 	1619891575468
USER	MyTagsCreate	START	1619891575468
REQUEST		request_2	1619891575452	1619891575503	OK	 
REQUEST		request_1	1619891575344	1619891575544	OK	 
ERROR	request_3: Failed to build request: Resource /mytagscreate/0003_request.json not found 	1619891575714
REQUEST		request_1	1619891575529	1619891575722	OK	 
ERROR	request_3: Failed to build request: Resource /mytagscreate/0003_request.json not found 	1619891575916
ERROR	request_0: Failed to build request: Resource /mytagscreate/0000_request.json not found 	1619891575932
USER	MyTagsCreate	START	1619891575931
ERROR	request_0: Failed to build request: Resource /mytagscreate/0000_request.json not found 	1619891575979
USER	MyTagsCreate	START	1619891575978
ERROR	request_0: Failed to build request: Resource /mytagscreate/0000_request.json not found 	1619891576164
USER	MyTagsCreate	START	1619891576164
REQUEST		request_10	1619891576039	1619891576234	OK	 
ERROR	request_11: Failed to build request: Resource /mytagscreate/0011_request.json not found 	1619891576234
USER	MyTagsCreate	END	1619891576236
ERROR	request_0: Failed to build request: Resource /mytagscreate/0000_request.json not found 	1619891576384
USER	MyTagsCreate	START	1619891576383
REQUEST		request_1	1619891576241	1619891576449	OK	 
REQUEST		request_10	1619891576335	1619891576543	OK	 
ERROR	request_11: Failed to build request: Resource /mytagscreate/0011_request.json not found 	1619891576544
USER	MyTagsCreate	END	1619891576546
ERROR	request_0: Failed to build request: Resource /mytagscreate/0000_request.json not found 	1619891576646
USER	MyTagsCreate	START	1619891576645
REQUEST		request_2	1619891576629	1619891576686	OK	 
ERROR	request_3: Failed to build request: Resource /mytagscreate/0003_request.json not found 	1619891576707
REQUEST		request_1	1619891576474	1619891576706	OK	 
REQUEST		request_2	1619891576831	1619891576880	OK	 
REQUEST		request_2	1619891576846	1619891576907	OK	 
ERROR	request_0: Failed to build request: Resource /mytagscreate/0000_request.json not found 	1619891576908
USER	MyTagsCreate	START	1619891576908
ERROR	request_0: Failed to build request: Resource /mytagscreate/0000_request.json not found 	1619891576954
USER	MyTagsCreate	START	1619891576954
ERROR	request_3: Failed to build request: Resource /mytagscreate/0003_request.json not found 	1619891577013
REQUEST		request_2	1619891576984	1619891577035	OK	 
REQUEST		request_1	1619891576937	1619891577145	OK	 
ERROR	request_0: Failed to build request: Resource /mytagscreate/0000_request.json not found 	1619891577169
USER	MyTagsCreate	START	1619891577169
REQUEST		request_1	1619891576986	1619891577193	OK	 
REQUEST		request_2	1619891577169	1619891577219	OK	 
REQUEST		request_2	1619891577200	1619891577265	OK	 
REQUEST		request_1	1619891577170	1619891577362	OK	 
REQUEST		request_2	1619891577322	1619891577372	OK	 
REQUEST		request_10	1619891577219	1619891577423	OK	 
ERROR	request_11: Failed to build request: Resource /mytagscreate/0011_request.json not found 	1619891577423
USER	MyTagsCreate	END	1619891577424
REQUEST		request_10	1619891577262	1619891577461	OK	 
ERROR	request_11: Failed to build request: Resource /mytagscreate/0011_request.json not found 	1619891577462
USER	MyTagsCreate	END	1619891577463
REQUEST		request_1	1619891577399	1619891577591	OK	 
REQUEST		request_2	1619891577660	1619891577724	OK	 
ERROR	request_0: Failed to build request: Resource /mytagscreate/0000_request.json not found 	1619891577726
USER	MyTagsCreate	START	1619891577726
REQUEST		request_2	1619891577723	1619891577778	OK	 
REQUEST		request_1	1619891577660	1619891577854	OK	 
REQUEST		request_2	1619891577861	1619891577909	OK	 
REQUEST		request_10	1619891577846	1619891578038	OK	 
ERROR	request_11: Failed to build request: Resource /mytagscreate/0011_request.json not found 	1619891578039
USER	MyTagsCreate	END	1619891578041
ERROR	request_0: Failed to build request: Resource /mytagscreate/0000_request.json not found 	1619891578047
USER	MyTagsCreate	START	1619891578047
ERROR	request_0: Failed to build request: Resource /mytagscreate/0000_request.json not found 	1619891578078
USER	MyTagsCreate	START	1619891578078
REQUEST		request_1	1619891577922	1619891578141	OK	 
REQUEST		request_1	1619891577969	1619891578170	OK	 
REQUEST		request_2	1619891578155	1619891578205	OK	 
REQUEST		request_1	1619891578171	1619891578367	OK	 
REQUEST		request_2	1619891578508	1619891578565	OK	 
ERROR	request_3: Failed to build request: Resource /mytagscreate/0003_request.json not found 	1619891578738
ERROR	request_3: Failed to build request: Resource /mytagscreate/0003_request.json not found 	1619891578801
REQUEST		request_1	1619891578739	1619891578935	OK	 
REQUEST		request_10	1619891578972	1619891579167	OK	 
ERROR	request_11: Failed to build request: Resource /mytagscreate/0011_request.json not found 	1619891579167
USER	MyTagsCreate	END	1619891579171
ERROR	request_0: Failed to build request: Resource /mytagscreate/0000_request.json not found 	1619891579220
USER	MyTagsCreate	START	1619891579220
REQUEST		request_1	1619891579065	1619891579269	OK	 
REQUEST		request_1	1619891579081	1619891579283	OK	 
REQUEST		request_10	1619891579111	1619891579314	OK	 
ERROR	request_11: Failed to build request: Resource /mytagscreate/0011_request.json not found 	1619891579314
USER	MyTagsCreate	END	1619891579348
ERROR	request_3: Failed to build request: Resource /mytagscreate/0003_request.json not found 	1619891579433
REQUEST		request_10	1619891579372	1619891579565	OK	 
ERROR	request_11: Failed to build request: Resource /mytagscreate/0011_request.json not found 	1619891579566
USER	MyTagsCreate	END	1619891579568
ERROR	request_0: Failed to build request: Resource /mytagscreate/0000_request.json not found 	1619891579606
USER	MyTagsCreate	START	1619891579606
REQUEST		request_2	1619891579557	1619891579615	OK	 
REQUEST		request_2	1619891579732	1619891579794	OK	 
ERROR	request_3: Failed to build request: Resource /mytagscreate/0003_request.json not found 	1619891579949
ERROR	request_0: Failed to build request: Resource /mytagscreate/0000_request.json not found 	1619891580042
USER	MyTagsCreate	START	1619891580042
ERROR	request_0: Failed to build request: Resource /mytagscreate/0000_request.json not found 	1619891580137
USER	MyTagsCreate	START	1619891580136
REQUEST		request_10	1619891579949	1619891580147	OK	 
ERROR	request_11: Failed to build request: Resource /mytagscreate/0011_request.json not found 	1619891580148
USER	MyTagsCreate	END	1619891580150
REQUEST		request_10	1619891579964	1619891580180	OK	 
ERROR	request_11: Failed to build request: Resource /mytagscreate/0011_request.json not found 	1619891580181
USER	MyTagsCreate	END	1619891580183
REQUEST		request_1	1619891580230	1619891580441	OK	 
ERROR	request_3: Failed to build request: Resource /mytagscreate/0003_request.json not found 	1619891580509
ERROR	request_0: Failed to build request: Resource /mytagscreate/0000_request.json not found 	1619891580525
USER	MyTagsCreate	START	1619891580524
REQUEST		request_2	1619891580463	1619891580534	OK	 
ERROR	request_0: Failed to build request: Resource /mytagscreate/0000_request.json not found 	1619891580650
USER	MyTagsCreate	START	1619891580649
ERROR	request_0: Failed to build request: Resource /mytagscreate/0000_request.json not found 	1619891580773
USER	MyTagsCreate	START	1619891580773
REQUEST		request_2	1619891580711	1619891580779	OK	 
REQUEST		request_1	1619891580617	1619891580818	OK	 
REQUEST		request_10	1619891580773	1619891580976	OK	 
ERROR	request_11: Failed to build request: Resource /mytagscreate/0011_request.json not found 	1619891580977
USER	MyTagsCreate	END	1619891580978
REQUEST		request_10	1619891580802	1619891581005	OK	 
ERROR	request_11: Failed to build request: Resource /mytagscreate/0011_request.json not found 	1619891581005
USER	MyTagsCreate	END	1619891581008
REQUEST		request_2	1619891581159	1619891581214	OK	 
REQUEST		request_1	1619891581050	1619891581255	OK	 
REQUEST		request_2	1619891581205	1619891581265	OK	 
REQUEST		request_10	1619891581111	1619891581316	OK	 
ERROR	request_11: Failed to build request: Resource /mytagscreate/0011_request.json not found 	1619891581317
USER	MyTagsCreate	END	1619891581318
REQUEST		request_1	1619891581143	1619891581363	OK	 
ERROR	request_0: Failed to build request: Resource /mytagscreate/0000_request.json not found 	1619891581420
USER	MyTagsCreate	START	1619891581420
REQUEST		request_2	1619891581374	1619891581436	OK	 
REQUEST		request_2	1619891581593	1619891581658	OK	 
ERROR	request_3: Failed to build request: Resource /mytagscreate/0003_request.json not found 	1619891581701
REQUEST		request_1	1619891581531	1619891581725	OK	 
ERROR	request_0: Failed to build request: Resource /mytagscreate/0000_request.json not found 	1619891581763
USER	MyTagsCreate	START	1619891581763
REQUEST		request_1	1619891581655	1619891581857	OK	 
ERROR	request_3: Failed to build request: Resource /mytagscreate/0003_request.json not found 	1619891581886
ERROR	request_3: Failed to build request: Resource /mytagscreate/0003_request.json not found 	1619891581917
REQUEST		request_10	1619891581722	1619891581921	OK	 
ERROR	request_11: Failed to build request: Resource /mytagscreate/0011_request.json not found 	1619891581922
USER	MyTagsCreate	END	1619891581923
REQUEST		request_2	1619891581871	1619891581931	OK	 
REQUEST		request_1	1619891581778	1619891581978	OK	 
ERROR	request_3: Failed to build request: Resource /mytagscreate/0003_request.json not found 	1619891582042
REQUEST		request_10	1619891581932	1619891582154	OK	 
ERROR	request_11: Failed to build request: Resource /mytagscreate/0011_request.json not found 	1619891582155
USER	MyTagsCreate	END	1619891582158
REQUEST		request_2	1619891582154	1619891582228	OK	 
ERROR	request_3: Failed to build request: Resource /mytagscreate/0003_request.json not found 	1619891582231
REQUEST		request_2	1619891582185	1619891582234	OK	 
ERROR	request_3: Failed to build request: Resource /mytagscreate/0003_request.json not found 	1619891582277
ERROR	request_3: Failed to build request: Resource /mytagscreate/0003_request.json not found 	1619891582385
REQUEST		request_2	1619891582369	1619891582433	OK	 
REQUEST		request_1	1619891582433	1619891582654	OK	 
ERROR	request_3: Failed to build request: Resource /mytagscreate/0003_request.json not found 	1619891582730
ERROR	request_3: Failed to build request: Resource /mytagscreate/0003_request.json not found 	1619891582792
ERROR	request_0: Failed to build request: Resource /mytagscreate/0000_request.json not found 	1619891582809
USER	MyTagsCreate	START	1619891582809
REQUEST		request_10	1619891582715	1619891582915	OK	 
ERROR	request_11: Failed to build request: Resource /mytagscreate/0011_request.json not found 	1619891582916
USER	MyTagsCreate	END	1619891582916
ERROR	request_3: Failed to build request: Resource /mytagscreate/0003_request.json not found 	1619891582917
REQUEST		request_1	1619891582777	1619891582984	OK	 
REQUEST		request_2	1619891582947	1619891583014	OK	 
ERROR	request_3: Failed to build request: Resource /mytagscreate/0003_request.json not found 	1619891583211
REQUEST		request_10	1619891583026	1619891583222	OK	 
ERROR	request_11: Failed to build request: Resource /mytagscreate/0011_request.json not found 	1619891583224
USER	MyTagsCreate	END	1619891583227
REQUEST		request_2	1619891583273	1619891583323	OK	 
REQUEST		request_2	1619891583289	1619891583343	OK	 
ERROR	request_0: Failed to build request: Resource /mytagscreate/0000_request.json not found 	1619891583475
USER	MyTagsCreate	START	1619891583475
ERROR	request_3: Failed to build request: Resource /mytagscreate/0003_request.json not found 	1619891583568
REQUEST		request_1	1619891583816	1619891584018	OK	 
ERROR	request_0: Failed to build request: Resource /mytagscreate/0000_request.json not found 	1619891584080
USER	MyTagsCreate	START	1619891584080
ERROR	request_0: Failed to build request: Resource /mytagscreate/0000_request.json not found 	1619891584468
USER	MyTagsCreate	START	1619891584468
REQUEST		request_2	1619891584452	1619891584514	OK	 
ERROR	request_3: Failed to build request: Resource /mytagscreate/0003_request.json not found 	1619891584620
REQUEST		request_1	1619891584483	1619891584689	OK	 
ERROR	request_3: Failed to build request: Resource /mytagscreate/0003_request.json not found 	1619891584806
REQUEST		request_2	1619891584823	1619891584880	OK	 
REQUEST		request_10	1619891584745	1619891584944	OK	 
ERROR	request_11: Failed to build request: Resource /mytagscreate/0011_request.json not found 	1619891584945
USER	MyTagsCreate	END	1619891584945
REQUEST		request_10	1619891584821	1619891585015	OK	 
ERROR	request_11: Failed to build request: Resource /mytagscreate/0011_request.json not found 	1619891585015
USER	MyTagsCreate	END	1619891585016
ERROR	request_0: Failed to build request: Resource /mytagscreate/0000_request.json not found 	1619891585222
USER	MyTagsCreate	START	1619891585222
REQUEST		request_1	1619891585098	1619891585303	OK	 
REQUEST		request_2	1619891585268	1619891585320	OK	 
REQUEST		request_2	1619891585376	1619891585430	OK	 
ERROR	request_3: Failed to build request: Resource /mytagscreate/0003_request.json not found 	1619891585545
ERROR	request_0: Failed to build request: Resource /mytagscreate/0000_request.json not found 	1619891585576
USER	MyTagsCreate	START	1619891585576
ERROR	request_0: Failed to build request: Resource /mytagscreate/0000_request.json not found 	1619891585622
USER	MyTagsCreate	START	1619891585622
REQUEST		request_10	1619891585438	1619891585650	OK	 
ERROR	request_11: Failed to build request: Resource /mytagscreate/0011_request.json not found 	1619891585651
USER	MyTagsCreate	END	1619891585653
REQUEST		request_1	1619891585485	1619891585712	OK	 
ERROR	request_3: Failed to build request: Resource /mytagscreate/0003_request.json not found 	1619891585784
REQUEST		request_2	1619891585731	1619891585786	OK	 
REQUEST		request_2	1619891585870	1619891585916	OK	 
ERROR	request_0: Failed to build request: Resource /mytagscreate/0000_request.json not found 	1619891586027
USER	MyTagsCreate	START	1619891586027
ERROR	request_0: Failed to build request: Resource /mytagscreate/0000_request.json not found 	1619891586043
REQUEST		request_2	1619891585980	1619891586043	OK	 
USER	MyTagsCreate	START	1619891586043
REQUEST		request_10	1619891585964	1619891586162	OK	 
ERROR	request_11: Failed to build request: Resource /mytagscreate/0011_request.json not found 	1619891586163
USER	MyTagsCreate	END	1619891586163
ERROR	request_3: Failed to build request: Resource /mytagscreate/0003_request.json not found 	1619891586228
ERROR	request_3: Failed to build request: Resource /mytagscreate/0003_request.json not found 	1619891586275
REQUEST		request_1	1619891586231	1619891586428	OK	 
ERROR	request_3: Failed to build request: Resource /mytagscreate/0003_request.json not found 	1619891586447
ERROR	request_0: Failed to build request: Resource /mytagscreate/0000_request.json not found 	1619891586619
USER	MyTagsCreate	START	1619891586619
ERROR	request_3: Failed to build request: Resource /mytagscreate/0003_request.json not found 	1619891586665
ERROR	request_0: Failed to build request: Resource /mytagscreate/0000_request.json not found 	1619891586714
USER	MyTagsCreate	START	1619891586714
REQUEST		request_2	1619891586665	1619891586720	OK	 
REQUEST		request_10	1619891586525	1619891586734	OK	 
ERROR	request_11: Failed to build request: Resource /mytagscreate/0011_request.json not found 	1619891586735
USER	MyTagsCreate	END	1619891586739
REQUEST		request_1	1619891586587	1619891586790	OK	 
REQUEST		request_1	1619891586634	1619891586838	OK	 
ERROR	request_3: Failed to build request: Resource /mytagscreate/0003_request.json not found 	1619891586942
REQUEST		request_2	1619891586988	1619891587039	OK	 
REQUEST		request_1	1619891587034	1619891587230	OK	 
ERROR	request_3: Failed to build request: Resource /mytagscreate/0003_request.json not found 	1619891587236
ERROR	request_3: Failed to build request: Resource /mytagscreate/0003_request.json not found 	1619891587236
REQUEST		request_1	1619891587050	1619891587248	OK	 
ERROR	request_0: Failed to build request: Resource /mytagscreate/0000_request.json not found 	1619891587256
USER	MyTagsCreate	START	1619891587256
ERROR	request_0: Failed to build request: Resource /mytagscreate/0000_request.json not found 	1619891587360
USER	MyTagsCreate	START	1619891587360
ERROR	request_3: Failed to build request: Resource /mytagscreate/0003_request.json not found 	1619891587436
REQUEST		request_1	1619891587623	1619891587891	OK	 
REQUEST		request_10	1619891587715	1619891587986	OK	 
ERROR	request_11: Failed to build request: Resource /mytagscreate/0011_request.json not found 	1619891587986
USER	MyTagsCreate	END	1619891587989
REQUEST		request_1	1619891587731	1619891587992	OK	 
ERROR	request_3: Failed to build request: Resource /mytagscreate/0003_request.json not found 	1619891588022
REQUEST		request_2	1619891588022	1619891588073	OK	 
REQUEST		request_10	1619891587901	1619891588126	OK	 
ERROR	request_11: Failed to build request: Resource /mytagscreate/0011_request.json not found 	1619891588126
USER	MyTagsCreate	END	1619891588127
REQUEST		request_10	1619891587932	1619891588142	OK	 
ERROR	request_11: Failed to build request: Resource /mytagscreate/0011_request.json not found 	1619891588142
USER	MyTagsCreate	END	1619891588143
REQUEST		request_10	1619891588052	1619891588243	OK	 
ERROR	request_11: Failed to build request: Resource /mytagscreate/0011_request.json not found 	1619891588244
USER	MyTagsCreate	END	1619891588247
ERROR	request_3: Failed to build request: Resource /mytagscreate/0003_request.json not found 	1619891588329
ERROR	request_3: Failed to build request: Resource /mytagscreate/0003_request.json not found 	1619891588345
REQUEST		request_10	1619891588236	1619891588436	OK	 
ERROR	request_11: Failed to build request: Resource /mytagscreate/0011_request.json not found 	1619891588437
USER	MyTagsCreate	END	1619891588439
ERROR	request_0: Failed to build request: Resource /mytagscreate/0000_request.json not found 	1619891588453
USER	MyTagsCreate	START	1619891588452
REQUEST		request_1	1619891588268	1619891588476	OK	 
REQUEST		request_10	1619891588284	1619891588483	OK	 
ERROR	request_11: Failed to build request: Resource /mytagscreate/0011_request.json not found 	1619891588484
USER	MyTagsCreate	END	1619891588487
REQUEST		request_1	1619891588375	1619891588577	OK	 
REQUEST		request_10	1619891588391	1619891588599	OK	 
ERROR	request_11: Failed to build request: Resource /mytagscreate/0011_request.json not found 	1619891588600
USER	MyTagsCreate	END	1619891588602
REQUEST		request_2	1619891588698	1619891588749	OK	 
REQUEST		request_10	1619891588744	1619891588931	OK	 
ERROR	request_11: Failed to build request: Resource /mytagscreate/0011_request.json not found 	1619891588931
USER	MyTagsCreate	END	1619891588934
REQUEST		request_10	1619891588806	1619891589000	OK	 
ERROR	request_11: Failed to build request: Resource /mytagscreate/0011_request.json not found 	1619891589001
USER	MyTagsCreate	END	1619891589003
REQUEST		request_10	1619891588929	1619891589125	OK	 
ERROR	request_11: Failed to build request: Resource /mytagscreate/0011_request.json not found 	1619891589126
USER	MyTagsCreate	END	1619891589127
REQUEST		request_2	1619891589314	1619891589373	OK	 
REQUEST		request_10	1619891589221	1619891589418	OK	 
ERROR	request_11: Failed to build request: Resource /mytagscreate/0011_request.json not found 	1619891589419
USER	MyTagsCreate	END	1619891589422
ERROR	request_3: Failed to build request: Resource /mytagscreate/0003_request.json not found 	1619891589529
REQUEST		request_1	1619891589467	1619891589680	OK	 
REQUEST		request_10	1619891589575	1619891589763	OK	 
ERROR	request_11: Failed to build request: Resource /mytagscreate/0011_request.json not found 	1619891589764
USER	MyTagsCreate	END	1619891589765
REQUEST		request_2	1619891589730	1619891589794	OK	 
ERROR	request_3: Failed to build request: Resource /mytagscreate/0003_request.json not found 	1619891589883
ERROR	request_3: Failed to build request: Resource /mytagscreate/0003_request.json not found 	1619891590333
ERROR	request_3: Failed to build request: Resource /mytagscreate/0003_request.json not found 	1619891590442
REQUEST		request_2	1619891590443	1619891590493	OK	 
ERROR	request_3: Failed to build request: Resource /mytagscreate/0003_request.json not found 	1619891590799
REQUEST		request_10	1619891590629	1619891590829	OK	 
ERROR	request_11: Failed to build request: Resource /mytagscreate/0011_request.json not found 	1619891590830
USER	MyTagsCreate	END	1619891590833
REQUEST		request_2	1619891590800	1619891590856	OK	 
REQUEST		request_2	1619891590846	1619891590899	OK	 
ERROR	request_3: Failed to build request: Resource /mytagscreate/0003_request.json not found 	1619891590923
REQUEST		request_10	1619891590815	1619891591034	OK	 
ERROR	request_11: Failed to build request: Resource /mytagscreate/0011_request.json not found 	1619891591035
USER	MyTagsCreate	END	1619891591038
ERROR	request_3: Failed to build request: Resource /mytagscreate/0003_request.json not found 	1619891591047
REQUEST		request_2	1619891591232	1619891591284	OK	 
REQUEST		request_2	1619891591263	1619891591318	OK	 
ERROR	request_3: Failed to build request: Resource /mytagscreate/0003_request.json not found 	1619891591728
REQUEST		request_10	1619891591557	1619891591751	OK	 
ERROR	request_11: Failed to build request: Resource /mytagscreate/0011_request.json not found 	1619891591752
USER	MyTagsCreate	END	1619891591754
REQUEST		request_2	1619891591899	1619891591956	OK	 
REQUEST		request_10	1619891591791	1619891592007	OK	 
ERROR	request_11: Failed to build request: Resource /mytagscreate/0011_request.json not found 	1619891592008
USER	MyTagsCreate	END	1619891592011
ERROR	request_3: Failed to build request: Resource /mytagscreate/0003_request.json not found 	1619891592054
REQUEST		request_2	1619891592008	1619891592062	OK	 
REQUEST		request_10	1619891592242	1619891592437	OK	 
ERROR	request_11: Failed to build request: Resource /mytagscreate/0011_request.json not found 	1619891592437
USER	MyTagsCreate	END	1619891592439
REQUEST		request_10	1619891592287	1619891592485	OK	 
ERROR	request_11: Failed to build request: Resource /mytagscreate/0011_request.json not found 	1619891592486
USER	MyTagsCreate	END	1619891592487
REQUEST		request_2	1619891592490	1619891592541	OK	 
REQUEST		request_2	1619891592582	1619891592633	OK	 
REQUEST		request_10	1619891592460	1619891592648	OK	 
ERROR	request_11: Failed to build request: Resource /mytagscreate/0011_request.json not found 	1619891592649
USER	MyTagsCreate	END	1619891592651
REQUEST		request_10	1619891592675	1619891592882	OK	 
ERROR	request_11: Failed to build request: Resource /mytagscreate/0011_request.json not found 	1619891592883
USER	MyTagsCreate	END	1619891592885
ERROR	request_3: Failed to build request: Resource /mytagscreate/0003_request.json not found 	1619891593076
REQUEST		request_10	1619891592953	1619891593142	OK	 
ERROR	request_11: Failed to build request: Resource /mytagscreate/0011_request.json not found 	1619891593142
USER	MyTagsCreate	END	1619891593144
REQUEST		request_10	1619891593249	1619891593445	OK	 
ERROR	request_11: Failed to build request: Resource /mytagscreate/0011_request.json not found 	1619891593446
USER	MyTagsCreate	END	1619891593449
REQUEST		request_10	1619891593249	1619891593449	OK	 
ERROR	request_11: Failed to build request: Resource /mytagscreate/0011_request.json not found 	1619891593450
USER	MyTagsCreate	END	1619891593454
REQUEST		request_10	1619891593451	1619891593663	OK	 
ERROR	request_11: Failed to build request: Resource /mytagscreate/0011_request.json not found 	1619891593663
USER	MyTagsCreate	END	1619891593666
REQUEST		request_2	1619891593683	1619891593732	OK	 
ERROR	request_3: Failed to build request: Resource /mytagscreate/0003_request.json not found 	1619891593759
REQUEST		request_10	1619891594026	1619891594212	OK	 
ERROR	request_11: Failed to build request: Resource /mytagscreate/0011_request.json not found 	1619891594212
USER	MyTagsCreate	END	1619891594215
ERROR	request_3: Failed to build request: Resource /mytagscreate/0003_request.json not found 	1619891594376
REQUEST		request_10	1619891594345	1619891594539	OK	 
ERROR	request_11: Failed to build request: Resource /mytagscreate/0011_request.json not found 	1619891594540
USER	MyTagsCreate	END	1619891594542
REQUEST		request_10	1619891594360	1619891594565	OK	 
ERROR	request_11: Failed to build request: Resource /mytagscreate/0011_request.json not found 	1619891594565
USER	MyTagsCreate	END	1619891594569
ERROR	request_3: Failed to build request: Resource /mytagscreate/0003_request.json not found 	1619891594804
ERROR	request_3: Failed to build request: Resource /mytagscreate/0003_request.json not found 	1619891595500
REQUEST		request_10	1619891595532	1619891595744	OK	 
ERROR	request_11: Failed to build request: Resource /mytagscreate/0011_request.json not found 	1619891595744
USER	MyTagsCreate	END	1619891595745
ERROR	request_3: Failed to build request: Resource /mytagscreate/0003_request.json not found 	1619891595871
ERROR	request_3: Failed to build request: Resource /mytagscreate/0003_request.json not found 	1619891595902
REQUEST		request_10	1619891595887	1619891596083	OK	 
ERROR	request_11: Failed to build request: Resource /mytagscreate/0011_request.json not found 	1619891596084
USER	MyTagsCreate	END	1619891596086
ERROR	request_3: Failed to build request: Resource /mytagscreate/0003_request.json not found 	1619891596290
ERROR	request_3: Failed to build request: Resource /mytagscreate/0003_request.json not found 	1619891596322
REQUEST		request_10	1619891596337	1619891596531	OK	 
ERROR	request_11: Failed to build request: Resource /mytagscreate/0011_request.json not found 	1619891596532
USER	MyTagsCreate	END	1619891596534
REQUEST		request_10	1619891596452	1619891596665	OK	 
ERROR	request_11: Failed to build request: Resource /mytagscreate/0011_request.json not found 	1619891596666
USER	MyTagsCreate	END	1619891596668
ERROR	request_3: Failed to build request: Resource /mytagscreate/0003_request.json not found 	1619891596966
REQUEST		request_10	1619891596812	1619891597000	OK	 
ERROR	request_11: Failed to build request: Resource /mytagscreate/0011_request.json not found 	1619891597000
USER	MyTagsCreate	END	1619891597002
ERROR	request_3: Failed to build request: Resource /mytagscreate/0003_request.json not found 	1619891597075
REQUEST		request_10	1619891596936	1619891597123	OK	 
ERROR	request_11: Failed to build request: Resource /mytagscreate/0011_request.json not found 	1619891597124
USER	MyTagsCreate	END	1619891597127
REQUEST		request_10	1619891597060	1619891597257	OK	 
ERROR	request_11: Failed to build request: Resource /mytagscreate/0011_request.json not found 	1619891597258
USER	MyTagsCreate	END	1619891597261
ERROR	request_3: Failed to build request: Resource /mytagscreate/0003_request.json not found 	1619891597544
ERROR	request_3: Failed to build request: Resource /mytagscreate/0003_request.json not found 	1619891597644
REQUEST		request_10	1619891597736	1619891597952	OK	 
ERROR	request_11: Failed to build request: Resource /mytagscreate/0011_request.json not found 	1619891597953
USER	MyTagsCreate	END	1619891597954
REQUEST		request_10	1619891598061	1619891598258	OK	 
ERROR	request_11: Failed to build request: Resource /mytagscreate/0011_request.json not found 	1619891598259
USER	MyTagsCreate	END	1619891598262
ERROR	request_3: Failed to build request: Resource /mytagscreate/0003_request.json not found 	1619891598742
REQUEST		request_10	1619891599083	1619891599273	OK	 
ERROR	request_11: Failed to build request: Resource /mytagscreate/0011_request.json not found 	1619891599273
USER	MyTagsCreate	END	1619891599275
REQUEST		request_10	1619891599766	1619891599967	OK	 
ERROR	request_11: Failed to build request: Resource /mytagscreate/0011_request.json not found 	1619891599968
USER	MyTagsCreate	END	1619891599970
REQUEST		request_10	1619891600390	1619891600590	OK	 
ERROR	request_11: Failed to build request: Resource /mytagscreate/0011_request.json not found 	1619891600591
USER	MyTagsCreate	END	1619891600593
REQUEST		request_10	1619891600810	1619891601014	OK	 
ERROR	request_11: Failed to build request: Resource /mytagscreate/0011_request.json not found 	1619891601015
USER	MyTagsCreate	END	1619891601017
REQUEST		request_10	1619891601510	1619891601712	OK	 
ERROR	request_11: Failed to build request: Resource /mytagscreate/0011_request.json not found 	1619891601712
USER	MyTagsCreate	END	1619891601716
REQUEST		request_10	1619891601885	1619891602082	OK	 
ERROR	request_11: Failed to build request: Resource /mytagscreate/0011_request.json not found 	1619891602083
USER	MyTagsCreate	END	1619891602086
REQUEST		request_10	1619891601917	1619891602112	OK	 
ERROR	request_11: Failed to build request: Resource /mytagscreate/0011_request.json not found 	1619891602112
USER	MyTagsCreate	END	1619891602115
REQUEST		request_10	1619891602293	1619891602474	OK	 
ERROR	request_11: Failed to build request: Resource /mytagscreate/0011_request.json not found 	1619891602475
USER	MyTagsCreate	END	1619891602479
REQUEST		request_10	1619891602339	1619891602541	OK	 
ERROR	request_11: Failed to build request: Resource /mytagscreate/0011_request.json not found 	1619891602542
USER	MyTagsCreate	END	1619891602546
REQUEST		request_10	1619891602976	1619891603221	OK	 
ERROR	request_11: Failed to build request: Resource /mytagscreate/0011_request.json not found 	1619891603222
USER	MyTagsCreate	END	1619891603226
REQUEST		request_10	1619891603084	1619891603289	OK	 
ERROR	request_11: Failed to build request: Resource /mytagscreate/0011_request.json not found 	1619891603290
USER	MyTagsCreate	END	1619891603293
REQUEST		request_10	1619891603550	1619891603750	OK	 
ERROR	request_11: Failed to build request: Resource /mytagscreate/0011_request.json not found 	1619891603751
USER	MyTagsCreate	END	1619891603755
REQUEST		request_10	1619891603659	1619891603857	OK	 
ERROR	request_11: Failed to build request: Resource /mytagscreate/0011_request.json not found 	1619891603857
USER	MyTagsCreate	END	1619891603860
REQUEST		request_10	1619891604750	1619891604941	OK	 
ERROR	request_11: Failed to build request: Resource /mytagscreate/0011_request.json not found 	1619891604942
USER	MyTagsCreate	END	1619891604945
