RUN	MyTagsSearchOK	mytagssearchok	1619892004561	 	3.5.1
ERROR	request_0: Failed to build request: Resource /mytagssearchok/0000_request.json not found 	1619892006572
USER	MyTagsSearchOK	START	1619892006551
ERROR	request_0: Failed to build request: Resource /mytagssearchok/0000_request.json not found 	1619892007163
USER	MyTagsSearchOK	START	1619892007163
ERROR	request_0: Failed to build request: Resource /mytagssearchok/0000_request.json not found 	1619892007822
USER	MyTagsSearchOK	START	1619892007821
ERROR	request_0: Failed to build request: Resource /mytagssearchok/0000_request.json not found 	1619892007992
USER	MyTagsSearchOK	START	1619892007991
ERROR	request_0: Failed to build request: Resource /mytagssearchok/0000_request.json not found 	1619892008208
USER	MyTagsSearchOK	START	1619892008208
ERROR	request_0: Failed to build request: Resource /mytagssearchok/0000_request.json not found 	1619892008796
USER	MyTagsSearchOK	START	1619892008796
ERROR	request_0: Failed to build request: Resource /mytagssearchok/0000_request.json not found 	1619892008905
USER	MyTagsSearchOK	START	1619892008905
ERROR	request_0: Failed to build request: Resource /mytagssearchok/0000_request.json not found 	1619892009062
USER	MyTagsSearchOK	START	1619892009062
ERROR	request_2: Failed to build request: Resource /mytagssearchok/0002_request.json not found 	1619892009585
ERROR	request_2: Failed to build request: Resource /mytagssearchok/0002_request.json not found 	1619892010174
ERROR	request_2: Failed to build request: Resource /mytagssearchok/0002_request.json not found 	1619892010830
ERROR	request_0: Failed to build request: Resource /mytagssearchok/0000_request.json not found 	1619892010877
USER	MyTagsSearchOK	START	1619892010876
ERROR	request_2: Failed to build request: Resource /mytagssearchok/0002_request.json not found 	1619892010998
ERROR	request_0: Failed to build request: Resource /mytagssearchok/0000_request.json not found 	1619892011215
USER	MyTagsSearchOK	START	1619892011214
ERROR	request_2: Failed to build request: Resource /mytagssearchok/0002_request.json not found 	1619892011252
ERROR	request_2: Failed to build request: Resource /mytagssearchok/0002_request.json not found 	1619892011799
ERROR	request_0: Failed to build request: Resource /mytagssearchok/0000_request.json not found 	1619892011863
USER	MyTagsSearchOK	START	1619892011862
ERROR	request_2: Failed to build request: Resource /mytagssearchok/0002_request.json not found 	1619892011908
ERROR	request_0: Failed to build request: Resource /mytagssearchok/0000_request.json not found 	1619892011908
USER	MyTagsSearchOK	START	1619892011908
REQUEST		request_3	1619892011628	1619892011975	OK	 
ERROR	request_2: Failed to build request: Resource /mytagssearchok/0002_request.json not found 	1619892012070
ERROR	request_0: Failed to build request: Resource /mytagssearchok/0000_request.json not found 	1619892012134
USER	MyTagsSearchOK	START	1619892012134
REQUEST		request_3	1619892012182	1619892012371	OK	 
REQUEST		request_3	1619892012848	1619892013059	OK	 
REQUEST		request_3	1619892013017	1619892013221	OK	 
REQUEST		request_3	1619892013266	1619892013455	OK	 
ERROR	request_0: Failed to build request: Resource /mytagssearchok/0000_request.json not found 	1619892013467
USER	MyTagsSearchOK	START	1619892013466
ERROR	request_2: Failed to build request: Resource /mytagssearchok/0002_request.json not found 	1619892013901
REQUEST		request_3	1619892013807	1619892014008	OK	 
REQUEST		request_3	1619892013913	1619892014112	OK	 
ERROR	request_2: Failed to build request: Resource /mytagssearchok/0002_request.json not found 	1619892014227
REQUEST		request_3	1619892014072	1619892014281	OK	 
ERROR	request_2: Failed to build request: Resource /mytagssearchok/0002_request.json not found 	1619892014871
ERROR	request_2: Failed to build request: Resource /mytagssearchok/0002_request.json not found 	1619892014916
ERROR	request_2: Failed to build request: Resource /mytagssearchok/0002_request.json not found 	1619892015147
ERROR	request_0: Failed to build request: Resource /mytagssearchok/0000_request.json not found 	1619892015938
USER	MyTagsSearchOK	START	1619892015937
ERROR	request_0: Failed to build request: Resource /mytagssearchok/0000_request.json not found 	1619892016135
USER	MyTagsSearchOK	START	1619892016135
REQUEST		request_3	1619892015919	1619892016178	OK	 
REQUEST		request_4	1619892016012	1619892016264	OK	 
ERROR	request_5: Failed to build request: Resource /mytagssearchok/0005_request.json not found 	1619892016265
ERROR	request_7: Failed to build request: Resource /mytagssearchok/0007_request.json not found 	1619892016266
ERROR	request_9: Failed to build request: Resource /mytagssearchok/0009_request.json not found 	1619892016267
REQUEST		request_6	1619892016281	1619892016338	OK	 
ERROR	request_0: Failed to build request: Resource /mytagssearchok/0000_request.json not found 	1619892016419
USER	MyTagsSearchOK	START	1619892016418
REQUEST		request_3	1619892016234	1619892016431	OK	 
ERROR	request_2: Failed to build request: Resource /mytagssearchok/0002_request.json not found 	1619892016479
REQUEST		request_8	1619892016282	1619892016484	OK	 
USER	MyTagsSearchOK	END	1619892016499
REQUEST		request_4	1619892016373	1619892016579	OK	 
ERROR	request_5: Failed to build request: Resource /mytagssearchok/0005_request.json not found 	1619892016579
ERROR	request_7: Failed to build request: Resource /mytagssearchok/0007_request.json not found 	1619892016580
ERROR	request_9: Failed to build request: Resource /mytagssearchok/0009_request.json not found 	1619892016580
REQUEST		request_6	1619892016581	1619892016635	OK	 
ERROR	request_0: Failed to build request: Resource /mytagssearchok/0000_request.json not found 	1619892016668
USER	MyTagsSearchOK	START	1619892016668
REQUEST		request_8	1619892016582	1619892016797	OK	 
USER	MyTagsSearchOK	END	1619892016806
ERROR	request_0: Failed to build request: Resource /mytagssearchok/0000_request.json not found 	1619892016857
USER	MyTagsSearchOK	START	1619892016856
REQUEST		request_3	1619892016879	1619892017103	OK	 
REQUEST		request_3	1619892016925	1619892017164	OK	 
REQUEST		request_4	1619892017062	1619892017278	OK	 
ERROR	request_5: Failed to build request: Resource /mytagssearchok/0005_request.json not found 	1619892017279
ERROR	request_7: Failed to build request: Resource /mytagssearchok/0007_request.json not found 	1619892017279
ERROR	request_9: Failed to build request: Resource /mytagssearchok/0009_request.json not found 	1619892017280
REQUEST		request_6	1619892017280	1619892017329	OK	 
REQUEST		request_3	1619892017163	1619892017367	OK	 
REQUEST		request_4	1619892017230	1619892017437	OK	 
ERROR	request_5: Failed to build request: Resource /mytagssearchok/0005_request.json not found 	1619892017438
ERROR	request_7: Failed to build request: Resource /mytagssearchok/0007_request.json not found 	1619892017438
ERROR	request_9: Failed to build request: Resource /mytagssearchok/0009_request.json not found 	1619892017439
REQUEST		request_8	1619892017281	1619892017470	OK	 
USER	MyTagsSearchOK	END	1619892017473
REQUEST		request_6	1619892017440	1619892017492	OK	 
ERROR	request_0: Failed to build request: Resource /mytagssearchok/0000_request.json not found 	1619892017493
USER	MyTagsSearchOK	START	1619892017493
ERROR	request_0: Failed to build request: Resource /mytagssearchok/0000_request.json not found 	1619892017537
USER	MyTagsSearchOK	START	1619892017536
REQUEST		request_8	1619892017441	1619892017673	OK	 
USER	MyTagsSearchOK	END	1619892017675
REQUEST		request_4	1619892017461	1619892017695	OK	 
ERROR	request_5: Failed to build request: Resource /mytagssearchok/0005_request.json not found 	1619892017696
ERROR	request_7: Failed to build request: Resource /mytagssearchok/0007_request.json not found 	1619892017696
ERROR	request_9: Failed to build request: Resource /mytagssearchok/0009_request.json not found 	1619892017697
REQUEST		request_6	1619892017698	1619892017745	OK	 
REQUEST		request_8	1619892017699	1619892017893	OK	 
USER	MyTagsSearchOK	END	1619892017896
ERROR	request_0: Failed to build request: Resource /mytagssearchok/0000_request.json not found 	1619892017969
USER	MyTagsSearchOK	START	1619892017969
REQUEST		request_4	1619892018015	1619892018230	OK	 
ERROR	request_5: Failed to build request: Resource /mytagssearchok/0005_request.json not found 	1619892018230
ERROR	request_7: Failed to build request: Resource /mytagssearchok/0007_request.json not found 	1619892018231
ERROR	request_9: Failed to build request: Resource /mytagssearchok/0009_request.json not found 	1619892018231
REQUEST		request_6	1619892018232	1619892018295	OK	 
REQUEST		request_4	1619892018123	1619892018319	OK	 
ERROR	request_5: Failed to build request: Resource /mytagssearchok/0005_request.json not found 	1619892018319
ERROR	request_7: Failed to build request: Resource /mytagssearchok/0007_request.json not found 	1619892018319
ERROR	request_9: Failed to build request: Resource /mytagssearchok/0009_request.json not found 	1619892018320
REQUEST		request_6	1619892018320	1619892018371	OK	 
REQUEST		request_8	1619892018233	1619892018460	OK	 
USER	MyTagsSearchOK	END	1619892018462
REQUEST		request_4	1619892018288	1619892018495	OK	 
ERROR	request_5: Failed to build request: Resource /mytagssearchok/0005_request.json not found 	1619892018496
ERROR	request_7: Failed to build request: Resource /mytagssearchok/0007_request.json not found 	1619892018496
ERROR	request_9: Failed to build request: Resource /mytagssearchok/0009_request.json not found 	1619892018497
REQUEST		request_8	1619892018321	1619892018521	OK	 
USER	MyTagsSearchOK	END	1619892018524
REQUEST		request_6	1619892018497	1619892018548	OK	 
REQUEST		request_3	1619892018490	1619892018678	OK	 
REQUEST		request_8	1619892018498	1619892018701	OK	 
USER	MyTagsSearchOK	END	1619892018704
ERROR	request_0: Failed to build request: Resource /mytagssearchok/0000_request.json not found 	1619892018909
USER	MyTagsSearchOK	START	1619892018908
ERROR	request_2: Failed to build request: Resource /mytagssearchok/0002_request.json not found 	1619892018956
ERROR	request_0: Failed to build request: Resource /mytagssearchok/0000_request.json not found 	1619892019145
USER	MyTagsSearchOK	START	1619892019145
ERROR	request_2: Failed to build request: Resource /mytagssearchok/0002_request.json not found 	1619892019146
ERROR	request_0: Failed to build request: Resource /mytagssearchok/0000_request.json not found 	1619892019302
USER	MyTagsSearchOK	START	1619892019302
ERROR	request_2: Failed to build request: Resource /mytagssearchok/0002_request.json not found 	1619892019428
ERROR	request_2: Failed to build request: Resource /mytagssearchok/0002_request.json not found 	1619892019677
ERROR	request_2: Failed to build request: Resource /mytagssearchok/0002_request.json not found 	1619892019865
ERROR	request_0: Failed to build request: Resource /mytagssearchok/0000_request.json not found 	1619892020006
USER	MyTagsSearchOK	START	1619892020006
REQUEST		request_4	1619892020193	1619892020403	OK	 
ERROR	request_5: Failed to build request: Resource /mytagssearchok/0005_request.json not found 	1619892020404
ERROR	request_7: Failed to build request: Resource /mytagssearchok/0007_request.json not found 	1619892020404
ERROR	request_9: Failed to build request: Resource /mytagssearchok/0009_request.json not found 	1619892020405
REQUEST		request_6	1619892020405	1619892020455	OK	 
ERROR	request_2: Failed to build request: Resource /mytagssearchok/0002_request.json not found 	1619892020503
ERROR	request_2: Failed to build request: Resource /mytagssearchok/0002_request.json not found 	1619892020549
REQUEST		request_8	1619892020406	1619892020591	OK	 
USER	MyTagsSearchOK	END	1619892020593
REQUEST		request_4	1619892020442	1619892020645	OK	 
ERROR	request_5: Failed to build request: Resource /mytagssearchok/0005_request.json not found 	1619892020646
ERROR	request_7: Failed to build request: Resource /mytagssearchok/0007_request.json not found 	1619892020647
ERROR	request_9: Failed to build request: Resource /mytagssearchok/0009_request.json not found 	1619892020648
ERROR	request_0: Failed to build request: Resource /mytagssearchok/0000_request.json not found 	1619892020673
USER	MyTagsSearchOK	START	1619892020672
REQUEST		request_6	1619892020650	1619892020707	OK	 
ERROR	request_0: Failed to build request: Resource /mytagssearchok/0000_request.json not found 	1619892020797
USER	MyTagsSearchOK	START	1619892020797
REQUEST		request_8	1619892020653	1619892020855	OK	 
USER	MyTagsSearchOK	END	1619892020861
ERROR	request_0: Failed to build request: Resource /mytagssearchok/0000_request.json not found 	1619892020968
USER	MyTagsSearchOK	START	1619892020967
ERROR	request_2: Failed to build request: Resource /mytagssearchok/0002_request.json not found 	1619892020981
ERROR	request_0: Failed to build request: Resource /mytagssearchok/0000_request.json not found 	1619892021014
USER	MyTagsSearchOK	START	1619892021013
ERROR	request_0: Failed to build request: Resource /mytagssearchok/0000_request.json not found 	1619892021077
USER	MyTagsSearchOK	START	1619892021077
REQUEST		request_3	1619892020967	1619892021193	OK	 
REQUEST		request_4	1619892021110	1619892021309	OK	 
ERROR	request_5: Failed to build request: Resource /mytagssearchok/0005_request.json not found 	1619892021310
ERROR	request_7: Failed to build request: Resource /mytagssearchok/0007_request.json not found 	1619892021311
ERROR	request_9: Failed to build request: Resource /mytagssearchok/0009_request.json not found 	1619892021312
REQUEST		request_3	1619892021157	1619892021362	OK	 
REQUEST		request_6	1619892021315	1619892021363	OK	 
REQUEST		request_4	1619892021173	1619892021385	OK	 
ERROR	request_5: Failed to build request: Resource /mytagssearchok/0005_request.json not found 	1619892021386
ERROR	request_7: Failed to build request: Resource /mytagssearchok/0007_request.json not found 	1619892021386
ERROR	request_9: Failed to build request: Resource /mytagssearchok/0009_request.json not found 	1619892021387
REQUEST		request_6	1619892021387	1619892021434	OK	 
REQUEST		request_8	1619892021318	1619892021537	OK	 
USER	MyTagsSearchOK	END	1619892021539
REQUEST		request_4	1619892021375	1619892021581	OK	 
ERROR	request_5: Failed to build request: Resource /mytagssearchok/0005_request.json not found 	1619892021582
ERROR	request_7: Failed to build request: Resource /mytagssearchok/0007_request.json not found 	1619892021583
ERROR	request_9: Failed to build request: Resource /mytagssearchok/0009_request.json not found 	1619892021583
REQUEST		request_8	1619892021388	1619892021588	OK	 
USER	MyTagsSearchOK	END	1619892021590
REQUEST		request_3	1619892021435	1619892021629	OK	 
REQUEST		request_6	1619892021584	1619892021638	OK	 
REQUEST		request_8	1619892021584	1619892021771	OK	 
USER	MyTagsSearchOK	END	1619892021773
REQUEST		request_3	1619892021687	1619892021884	OK	 
ERROR	request_2: Failed to build request: Resource /mytagssearchok/0002_request.json not found 	1619892021916
REQUEST		request_3	1619892021871	1619892022079	OK	 
ERROR	request_0: Failed to build request: Resource /mytagssearchok/0000_request.json not found 	1619892022119
USER	MyTagsSearchOK	START	1619892022118
ERROR	request_2: Failed to build request: Resource /mytagssearchok/0002_request.json not found 	1619892022150
ERROR	request_0: Failed to build request: Resource /mytagssearchok/0000_request.json not found 	1619892022195
USER	MyTagsSearchOK	START	1619892022195
ERROR	request_2: Failed to build request: Resource /mytagssearchok/0002_request.json not found 	1619892022319
ERROR	request_0: Failed to build request: Resource /mytagssearchok/0000_request.json not found 	1619892022413
USER	MyTagsSearchOK	START	1619892022412
REQUEST		request_3	1619892022507	1619892022699	OK	 
REQUEST		request_3	1619892022555	1619892022754	OK	 
REQUEST		request_4	1619892022680	1619892022867	OK	 
ERROR	request_5: Failed to build request: Resource /mytagssearchok/0005_request.json not found 	1619892022869
ERROR	request_7: Failed to build request: Resource /mytagssearchok/0007_request.json not found 	1619892022869
ERROR	request_9: Failed to build request: Resource /mytagssearchok/0009_request.json not found 	1619892022870
REQUEST		request_6	1619892022871	1619892022921	OK	 
ERROR	request_0: Failed to build request: Resource /mytagssearchok/0000_request.json not found 	1619892023006
USER	MyTagsSearchOK	START	1619892023006
ERROR	request_2: Failed to build request: Resource /mytagssearchok/0002_request.json not found 	1619892023020
REQUEST		request_8	1619892022873	1619892023072	OK	 
USER	MyTagsSearchOK	END	1619892023077
REQUEST		request_3	1619892022989	1619892023183	OK	 
ERROR	request_0: Failed to build request: Resource /mytagssearchok/0000_request.json not found 	1619892023283
USER	MyTagsSearchOK	START	1619892023283
ERROR	request_0: Failed to build request: Resource /mytagssearchok/0000_request.json not found 	1619892023501
USER	MyTagsSearchOK	START	1619892023501
ERROR	request_2: Failed to build request: Resource /mytagssearchok/0002_request.json not found 	1619892023684
ERROR	request_2: Failed to build request: Resource /mytagssearchok/0002_request.json not found 	1619892023807
ERROR	request_2: Failed to build request: Resource /mytagssearchok/0002_request.json not found 	1619892023975
ERROR	request_2: Failed to build request: Resource /mytagssearchok/0002_request.json not found 	1619892024021
ERROR	request_2: Failed to build request: Resource /mytagssearchok/0002_request.json not found 	1619892024083
REQUEST		request_3	1619892023929	1619892024124	OK	 
REQUEST		request_3	1619892024162	1619892024398	OK	 
REQUEST		request_3	1619892024330	1619892024540	OK	 
ERROR	request_0: Failed to build request: Resource /mytagssearchok/0000_request.json not found 	1619892024919
USER	MyTagsSearchOK	START	1619892024919
ERROR	request_2: Failed to build request: Resource /mytagssearchok/0002_request.json not found 	1619892025135
ERROR	request_2: Failed to build request: Resource /mytagssearchok/0002_request.json not found 	1619892025197
REQUEST		request_3	1619892025028	1619892025227	OK	 
ERROR	request_0: Failed to build request: Resource /mytagssearchok/0000_request.json not found 	1619892025372
USER	MyTagsSearchOK	START	1619892025372
REQUEST		request_4	1619892025198	1619892025394	OK	 
ERROR	request_5: Failed to build request: Resource /mytagssearchok/0005_request.json not found 	1619892025395
ERROR	request_7: Failed to build request: Resource /mytagssearchok/0007_request.json not found 	1619892025396
ERROR	request_9: Failed to build request: Resource /mytagssearchok/0009_request.json not found 	1619892025398
ERROR	request_2: Failed to build request: Resource /mytagssearchok/0002_request.json not found 	1619892025422
REQUEST		request_6	1619892025403	1619892025456	OK	 
ERROR	request_0: Failed to build request: Resource /mytagssearchok/0000_request.json not found 	1619892025500
USER	MyTagsSearchOK	START	1619892025500
ERROR	request_0: Failed to build request: Resource /mytagssearchok/0000_request.json not found 	1619892025563
USER	MyTagsSearchOK	START	1619892025563
REQUEST		request_4	1619892025372	1619892025576	OK	 
ERROR	request_5: Failed to build request: Resource /mytagssearchok/0005_request.json not found 	1619892025577
ERROR	request_7: Failed to build request: Resource /mytagssearchok/0007_request.json not found 	1619892025578
ERROR	request_9: Failed to build request: Resource /mytagssearchok/0009_request.json not found 	1619892025579
ERROR	request_0: Failed to build request: Resource /mytagssearchok/0000_request.json not found 	1619892025593
USER	MyTagsSearchOK	START	1619892025593
REQUEST		request_8	1619892025405	1619892025603	OK	 
USER	MyTagsSearchOK	END	1619892025608
REQUEST		request_6	1619892025582	1619892025631	OK	 
REQUEST		request_8	1619892025585	1619892025781	OK	 
ERROR	request_0: Failed to build request: Resource /mytagssearchok/0000_request.json not found 	1619892025786
USER	MyTagsSearchOK	START	1619892025785
USER	MyTagsSearchOK	END	1619892025788
REQUEST		request_4	1619892025632	1619892025837	OK	 
ERROR	request_5: Failed to build request: Resource /mytagssearchok/0005_request.json not found 	1619892025837
ERROR	request_7: Failed to build request: Resource /mytagssearchok/0007_request.json not found 	1619892025837
ERROR	request_9: Failed to build request: Resource /mytagssearchok/0009_request.json not found 	1619892025838
REQUEST		request_6	1619892025839	1619892025902	OK	 
REQUEST		request_3	1619892025693	1619892025920	OK	 
ERROR	request_2: Failed to build request: Resource /mytagssearchok/0002_request.json not found 	1619892026010
REQUEST		request_3	1619892025822	1619892026029	OK	 
REQUEST		request_8	1619892025840	1619892026049	OK	 
USER	MyTagsSearchOK	END	1619892026051
REQUEST		request_4	1619892025896	1619892026088	OK	 
ERROR	request_5: Failed to build request: Resource /mytagssearchok/0005_request.json not found 	1619892026088
ERROR	request_7: Failed to build request: Resource /mytagssearchok/0007_request.json not found 	1619892026088
ERROR	request_9: Failed to build request: Resource /mytagssearchok/0009_request.json not found 	1619892026089
ERROR	request_0: Failed to build request: Resource /mytagssearchok/0000_request.json not found 	1619892026118
USER	MyTagsSearchOK	START	1619892026117
REQUEST		request_6	1619892026089	1619892026141	OK	 
ERROR	request_0: Failed to build request: Resource /mytagssearchok/0000_request.json not found 	1619892026176
USER	MyTagsSearchOK	START	1619892026176
REQUEST		request_3	1619892025980	1619892026178	OK	 
REQUEST		request_3	1619892026026	1619892026215	OK	 
REQUEST		request_4	1619892026086	1619892026275	OK	 
ERROR	request_5: Failed to build request: Resource /mytagssearchok/0005_request.json not found 	1619892026276
ERROR	request_7: Failed to build request: Resource /mytagssearchok/0007_request.json not found 	1619892026276
ERROR	request_9: Failed to build request: Resource /mytagssearchok/0009_request.json not found 	1619892026276
REQUEST		request_8	1619892026090	1619892026285	OK	 
USER	MyTagsSearchOK	END	1619892026286
ERROR	request_2: Failed to build request: Resource /mytagssearchok/0002_request.json not found 	1619892026287
REQUEST		request_3	1619892026086	1619892026287	OK	 
REQUEST		request_6	1619892026277	1619892026339	OK	 
REQUEST		request_8	1619892026277	1619892026464	OK	 
USER	MyTagsSearchOK	END	1619892026467
ERROR	request_2: Failed to build request: Resource /mytagssearchok/0002_request.json not found 	1619892026517
ERROR	request_0: Failed to build request: Resource /mytagssearchok/0000_request.json not found 	1619892026799
USER	MyTagsSearchOK	START	1619892026799
ERROR	request_0: Failed to build request: Resource /mytagssearchok/0000_request.json not found 	1619892026848
USER	MyTagsSearchOK	START	1619892026847
REQUEST		request_4	1619892026703	1619892026900	OK	 
ERROR	request_5: Failed to build request: Resource /mytagssearchok/0005_request.json not found 	1619892026900
ERROR	request_7: Failed to build request: Resource /mytagssearchok/0007_request.json not found 	1619892026901
ERROR	request_9: Failed to build request: Resource /mytagssearchok/0009_request.json not found 	1619892026901
REQUEST		request_6	1619892026902	1619892026954	OK	 
REQUEST		request_4	1619892026767	1619892026961	OK	 
ERROR	request_5: Failed to build request: Resource /mytagssearchok/0005_request.json not found 	1619892026961
ERROR	request_7: Failed to build request: Resource /mytagssearchok/0007_request.json not found 	1619892026961
ERROR	request_9: Failed to build request: Resource /mytagssearchok/0009_request.json not found 	1619892026961
REQUEST		request_6	1619892026962	1619892027015	OK	 
REQUEST		request_8	1619892026904	1619892027101	OK	 
USER	MyTagsSearchOK	END	1619892027104
REQUEST		request_8	1619892026963	1619892027157	OK	 
USER	MyTagsSearchOK	END	1619892027161
REQUEST		request_3	1619892027145	1619892027344	OK	 
REQUEST		request_4	1619892027192	1619892027403	OK	 
ERROR	request_5: Failed to build request: Resource /mytagssearchok/0005_request.json not found 	1619892027404
ERROR	request_7: Failed to build request: Resource /mytagssearchok/0007_request.json not found 	1619892027404
REQUEST		request_3	1619892027206	1619892027404	OK	 
ERROR	request_9: Failed to build request: Resource /mytagssearchok/0009_request.json not found 	1619892027405
REQUEST		request_6	1619892027405	1619892027453	OK	 
REQUEST		request_8	1619892027407	1619892027619	OK	 
USER	MyTagsSearchOK	END	1619892027624
REQUEST		request_3	1619892027439	1619892027632	OK	 
ERROR	request_2: Failed to build request: Resource /mytagssearchok/0002_request.json not found 	1619892027926
REQUEST		request_3	1619892028020	1619892028210	OK	 
REQUEST		request_4	1619892028129	1619892028326	OK	 
ERROR	request_5: Failed to build request: Resource /mytagssearchok/0005_request.json not found 	1619892028326
ERROR	request_7: Failed to build request: Resource /mytagssearchok/0007_request.json not found 	1619892028326
ERROR	request_9: Failed to build request: Resource /mytagssearchok/0009_request.json not found 	1619892028327
REQUEST		request_6	1619892028327	1619892028375	OK	 
ERROR	request_2: Failed to build request: Resource /mytagssearchok/0002_request.json not found 	1619892028376
REQUEST		request_3	1619892028300	1619892028487	OK	 
ERROR	request_2: Failed to build request: Resource /mytagssearchok/0002_request.json not found 	1619892028514
REQUEST		request_8	1619892028328	1619892028516	OK	 
USER	MyTagsSearchOK	END	1619892028521
ERROR	request_2: Failed to build request: Resource /mytagssearchok/0002_request.json not found 	1619892028574
ERROR	request_0: Failed to build request: Resource /mytagssearchok/0000_request.json not found 	1619892028590
USER	MyTagsSearchOK	START	1619892028590
ERROR	request_2: Failed to build request: Resource /mytagssearchok/0002_request.json not found 	1619892028604
REQUEST		request_4	1619892028408	1619892028606	OK	 
ERROR	request_5: Failed to build request: Resource /mytagssearchok/0005_request.json not found 	1619892028606
ERROR	request_7: Failed to build request: Resource /mytagssearchok/0007_request.json not found 	1619892028607
ERROR	request_9: Failed to build request: Resource /mytagssearchok/0009_request.json not found 	1619892028607
REQUEST		request_6	1619892028608	1619892028674	OK	 
REQUEST		request_3	1619892028529	1619892028728	OK	 
REQUEST		request_4	1619892028544	1619892028743	OK	 
ERROR	request_5: Failed to build request: Resource /mytagssearchok/0005_request.json not found 	1619892028744
ERROR	request_7: Failed to build request: Resource /mytagssearchok/0007_request.json not found 	1619892028745
ERROR	request_9: Failed to build request: Resource /mytagssearchok/0009_request.json not found 	1619892028745
ERROR	request_2: Failed to build request: Resource /mytagssearchok/0002_request.json not found 	1619892028790
REQUEST		request_6	1619892028747	1619892028798	OK	 
REQUEST		request_8	1619892028608	1619892028802	OK	 
USER	MyTagsSearchOK	END	1619892028806
REQUEST		request_8	1619892028748	1619892028950	OK	 
USER	MyTagsSearchOK	END	1619892028954
ERROR	request_0: Failed to build request: Resource /mytagssearchok/0000_request.json not found 	1619892028999
USER	MyTagsSearchOK	START	1619892028998
ERROR	request_2: Failed to build request: Resource /mytagssearchok/0002_request.json not found 	1619892029131
ERROR	request_2: Failed to build request: Resource /mytagssearchok/0002_request.json not found 	1619892029178
ERROR	request_0: Failed to build request: Resource /mytagssearchok/0000_request.json not found 	1619892029194
USER	MyTagsSearchOK	START	1619892029193
ERROR	request_0: Failed to build request: Resource /mytagssearchok/0000_request.json not found 	1619892029288
USER	MyTagsSearchOK	START	1619892029288
REQUEST		request_4	1619892029240	1619892029461	OK	 
ERROR	request_5: Failed to build request: Resource /mytagssearchok/0005_request.json not found 	1619892029461
ERROR	request_7: Failed to build request: Resource /mytagssearchok/0007_request.json not found 	1619892029462
ERROR	request_9: Failed to build request: Resource /mytagssearchok/0009_request.json not found 	1619892029462
REQUEST		request_6	1619892029463	1619892029511	OK	 
REQUEST		request_8	1619892029465	1619892029676	OK	 
USER	MyTagsSearchOK	END	1619892029691
ERROR	request_2: Failed to build request: Resource /mytagssearchok/0002_request.json not found 	1619892029814
ERROR	request_2: Failed to build request: Resource /mytagssearchok/0002_request.json not found 	1619892029861
ERROR	request_0: Failed to build request: Resource /mytagssearchok/0000_request.json not found 	1619892030018
USER	MyTagsSearchOK	START	1619892030018
REQUEST		request_4	1619892029923	1619892030128	OK	 
ERROR	request_5: Failed to build request: Resource /mytagssearchok/0005_request.json not found 	1619892030129
ERROR	request_7: Failed to build request: Resource /mytagssearchok/0007_request.json not found 	1619892030130
ERROR	request_9: Failed to build request: Resource /mytagssearchok/0009_request.json not found 	1619892030131
REQUEST		request_3	1619892029939	1619892030153	OK	 
REQUEST		request_6	1619892030133	1619892030188	OK	 
REQUEST		request_4	1619892030032	1619892030227	OK	 
ERROR	request_5: Failed to build request: Resource /mytagssearchok/0005_request.json not found 	1619892030227
ERROR	request_7: Failed to build request: Resource /mytagssearchok/0007_request.json not found 	1619892030228
ERROR	request_9: Failed to build request: Resource /mytagssearchok/0009_request.json not found 	1619892030228
REQUEST		request_6	1619892030228	1619892030276	OK	 
REQUEST		request_8	1619892030135	1619892030358	OK	 
USER	MyTagsSearchOK	END	1619892030362
REQUEST		request_4	1619892030191	1619892030376	OK	 
ERROR	request_5: Failed to build request: Resource /mytagssearchok/0005_request.json not found 	1619892030377
ERROR	request_7: Failed to build request: Resource /mytagssearchok/0007_request.json not found 	1619892030378
ERROR	request_9: Failed to build request: Resource /mytagssearchok/0009_request.json not found 	1619892030378
REQUEST		request_8	1619892030229	1619892030423	OK	 
REQUEST		request_4	1619892030221	1619892030423	OK	 
ERROR	request_5: Failed to build request: Resource /mytagssearchok/0005_request.json not found 	1619892030424
ERROR	request_7: Failed to build request: Resource /mytagssearchok/0007_request.json not found 	1619892030427
ERROR	request_9: Failed to build request: Resource /mytagssearchok/0009_request.json not found 	1619892030428
ERROR	request_0: Failed to build request: Resource /mytagssearchok/0000_request.json not found 	1619892030429
USER	MyTagsSearchOK	END	1619892030430
USER	MyTagsSearchOK	START	1619892030428
REQUEST		request_6	1619892030380	1619892030440	OK	 
REQUEST		request_6	1619892030430	1619892030484	OK	 
REQUEST		request_4	1619892030300	1619892030503	OK	 
ERROR	request_5: Failed to build request: Resource /mytagssearchok/0005_request.json not found 	1619892030503
ERROR	request_7: Failed to build request: Resource /mytagssearchok/0007_request.json not found 	1619892030504
ERROR	request_9: Failed to build request: Resource /mytagssearchok/0009_request.json not found 	1619892030504
REQUEST		request_6	1619892030504	1619892030556	OK	 
REQUEST		request_3	1619892030377	1619892030581	OK	 
REQUEST		request_8	1619892030382	1619892030598	OK	 
USER	MyTagsSearchOK	END	1619892030603
REQUEST		request_8	1619892030432	1619892030644	OK	 
USER	MyTagsSearchOK	END	1619892030649
REQUEST		request_8	1619892030505	1619892030701	OK	 
USER	MyTagsSearchOK	END	1619892030704
REQUEST		request_3	1619892030522	1619892030721	OK	 
REQUEST		request_3	1619892030584	1619892030789	OK	 
REQUEST		request_3	1619892030615	1619892030809	OK	 
REQUEST		request_3	1619892030803	1619892030997	OK	 
ERROR	request_0: Failed to build request: Resource /mytagssearchok/0000_request.json not found 	1619892031195
USER	MyTagsSearchOK	START	1619892031194
REQUEST		request_3	1619892031148	1619892031354	OK	 
REQUEST		request_3	1619892031194	1619892031403	OK	 
ERROR	request_0: Failed to build request: Resource /mytagssearchok/0000_request.json not found 	1619892031546
USER	MyTagsSearchOK	START	1619892031545
REQUEST		request_4	1619892031357	1619892031572	OK	 
ERROR	request_5: Failed to build request: Resource /mytagssearchok/0005_request.json not found 	1619892031573
ERROR	request_7: Failed to build request: Resource /mytagssearchok/0007_request.json not found 	1619892031574
ERROR	request_9: Failed to build request: Resource /mytagssearchok/0009_request.json not found 	1619892031574
ERROR	request_2: Failed to build request: Resource /mytagssearchok/0002_request.json not found 	1619892031607
REQUEST		request_4	1619892031420	1619892031628	OK	 
ERROR	request_5: Failed to build request: Resource /mytagssearchok/0005_request.json not found 	1619892031630
ERROR	request_7: Failed to build request: Resource /mytagssearchok/0007_request.json not found 	1619892031631
ERROR	request_9: Failed to build request: Resource /mytagssearchok/0009_request.json not found 	1619892031632
REQUEST		request_6	1619892031576	1619892031635	OK	 
REQUEST		request_6	1619892031633	1619892031689	OK	 
REQUEST		request_8	1619892031578	1619892031779	OK	 
USER	MyTagsSearchOK	END	1619892031786
REQUEST		request_8	1619892031635	1619892031832	OK	 
USER	MyTagsSearchOK	END	1619892031838
REQUEST		request_4	1619892031641	1619892031841	OK	 
ERROR	request_5: Failed to build request: Resource /mytagssearchok/0005_request.json not found 	1619892031841
ERROR	request_7: Failed to build request: Resource /mytagssearchok/0007_request.json not found 	1619892031842
ERROR	request_9: Failed to build request: Resource /mytagssearchok/0009_request.json not found 	1619892031843
ERROR	request_0: Failed to build request: Resource /mytagssearchok/0000_request.json not found 	1619892031883
USER	MyTagsSearchOK	START	1619892031883
REQUEST		request_6	1619892031844	1619892031901	OK	 
ERROR	request_2: Failed to build request: Resource /mytagssearchok/0002_request.json not found 	1619892032011
REQUEST		request_3	1619892031822	1619892032030	OK	 
REQUEST		request_8	1619892031846	1619892032057	OK	 
USER	MyTagsSearchOK	END	1619892032059
REQUEST		request_3	1619892031868	1619892032081	OK	 
ERROR	request_0: Failed to build request: Resource /mytagssearchok/0000_request.json not found 	1619892032111
USER	MyTagsSearchOK	START	1619892032111
ERROR	request_2: Failed to build request: Resource /mytagssearchok/0002_request.json not found 	1619892032206
ERROR	request_2: Failed to build request: Resource /mytagssearchok/0002_request.json not found 	1619892032301
REQUEST		request_4	1619892032222	1619892032425	OK	 
ERROR	request_5: Failed to build request: Resource /mytagssearchok/0005_request.json not found 	1619892032426
ERROR	request_7: Failed to build request: Resource /mytagssearchok/0007_request.json not found 	1619892032426
ERROR	request_9: Failed to build request: Resource /mytagssearchok/0009_request.json not found 	1619892032427
REQUEST		request_6	1619892032428	1619892032498	OK	 
REQUEST		request_8	1619892032429	1619892032648	OK	 
USER	MyTagsSearchOK	END	1619892032650
REQUEST		request_4	1619892032503	1619892032717	OK	 
ERROR	request_5: Failed to build request: Resource /mytagssearchok/0005_request.json not found 	1619892032718
ERROR	request_7: Failed to build request: Resource /mytagssearchok/0007_request.json not found 	1619892032718
ERROR	request_9: Failed to build request: Resource /mytagssearchok/0009_request.json not found 	1619892032718
REQUEST		request_6	1619892032718	1619892032774	OK	 
REQUEST		request_8	1619892032719	1619892032904	OK	 
USER	MyTagsSearchOK	END	1619892032906
REQUEST		request_4	1619892032739	1619892032933	OK	 
ERROR	request_5: Failed to build request: Resource /mytagssearchok/0005_request.json not found 	1619892032934
ERROR	request_7: Failed to build request: Resource /mytagssearchok/0007_request.json not found 	1619892032934
ERROR	request_9: Failed to build request: Resource /mytagssearchok/0009_request.json not found 	1619892032934
REQUEST		request_6	1619892032934	1619892032991	OK	 
ERROR	request_2: Failed to build request: Resource /mytagssearchok/0002_request.json not found 	1619892033032
ERROR	request_0: Failed to build request: Resource /mytagssearchok/0000_request.json not found 	1619892033108
USER	MyTagsSearchOK	START	1619892033108
REQUEST		request_8	1619892032935	1619892033136	OK	 
USER	MyTagsSearchOK	END	1619892033139
ERROR	request_0: Failed to build request: Resource /mytagssearchok/0000_request.json not found 	1619892033278
USER	MyTagsSearchOK	START	1619892033278
ERROR	request_2: Failed to build request: Resource /mytagssearchok/0002_request.json not found 	1619892033448
REQUEST		request_3	1619892033618	1619892033821	OK	 
ERROR	request_2: Failed to build request: Resource /mytagssearchok/0002_request.json not found 	1619892034208
REQUEST		request_3	1619892034021	1619892034225	OK	 
REQUEST		request_4	1619892034162	1619892034371	OK	 
ERROR	request_5: Failed to build request: Resource /mytagssearchok/0005_request.json not found 	1619892034372
ERROR	request_7: Failed to build request: Resource /mytagssearchok/0007_request.json not found 	1619892034372
ERROR	request_9: Failed to build request: Resource /mytagssearchok/0009_request.json not found 	1619892034373
REQUEST		request_6	1619892034373	1619892034431	OK	 
REQUEST		request_3	1619892034222	1619892034431	OK	 
REQUEST		request_3	1619892034315	1619892034507	OK	 
ERROR	request_2: Failed to build request: Resource /mytagssearchok/0002_request.json not found 	1619892034562
REQUEST		request_8	1619892034374	1619892034576	OK	 
USER	MyTagsSearchOK	END	1619892034577
REQUEST		request_4	1619892034593	1619892034783	OK	 
ERROR	request_5: Failed to build request: Resource /mytagssearchok/0005_request.json not found 	1619892034784
ERROR	request_7: Failed to build request: Resource /mytagssearchok/0007_request.json not found 	1619892034785
ERROR	request_9: Failed to build request: Resource /mytagssearchok/0009_request.json not found 	1619892034785
REQUEST		request_6	1619892034787	1619892034843	OK	 
ERROR	request_2: Failed to build request: Resource /mytagssearchok/0002_request.json not found 	1619892034889
REQUEST		request_4	1619892034731	1619892034940	OK	 
ERROR	request_5: Failed to build request: Resource /mytagssearchok/0005_request.json not found 	1619892034941
ERROR	request_7: Failed to build request: Resource /mytagssearchok/0007_request.json not found 	1619892034941
ERROR	request_9: Failed to build request: Resource /mytagssearchok/0009_request.json not found 	1619892034941
ERROR	request_0: Failed to build request: Resource /mytagssearchok/0000_request.json not found 	1619892034966
USER	MyTagsSearchOK	START	1619892034966
REQUEST		request_6	1619892034942	1619892034990	OK	 
REQUEST		request_8	1619892034788	1619892035006	OK	 
REQUEST		request_4	1619892034794	1619892035008	OK	 
ERROR	request_5: Failed to build request: Resource /mytagssearchok/0005_request.json not found 	1619892035009
ERROR	request_7: Failed to build request: Resource /mytagssearchok/0007_request.json not found 	1619892035009
ERROR	request_9: Failed to build request: Resource /mytagssearchok/0009_request.json not found 	1619892035010
USER	MyTagsSearchOK	END	1619892035013
REQUEST		request_4	1619892034826	1619892035028	OK	 
ERROR	request_5: Failed to build request: Resource /mytagssearchok/0005_request.json not found 	1619892035029
ERROR	request_7: Failed to build request: Resource /mytagssearchok/0007_request.json not found 	1619892035030
ERROR	request_9: Failed to build request: Resource /mytagssearchok/0009_request.json not found 	1619892035030
REQUEST		request_6	1619892035013	1619892035067	OK	 
REQUEST		request_6	1619892035031	1619892035080	OK	 
ERROR	request_2: Failed to build request: Resource /mytagssearchok/0002_request.json not found 	1619892035117
REQUEST		request_8	1619892034944	1619892035147	OK	 
USER	MyTagsSearchOK	END	1619892035151
REQUEST		request_4	1619892035014	1619892035213	OK	 
ERROR	request_5: Failed to build request: Resource /mytagssearchok/0005_request.json not found 	1619892035213
ERROR	request_7: Failed to build request: Resource /mytagssearchok/0007_request.json not found 	1619892035213
ERROR	request_9: Failed to build request: Resource /mytagssearchok/0009_request.json not found 	1619892035214
REQUEST		request_8	1619892035015	1619892035218	OK	 
USER	MyTagsSearchOK	END	1619892035221
REQUEST		request_8	1619892035033	1619892035243	OK	 
USER	MyTagsSearchOK	END	1619892035246
REQUEST		request_3	1619892035041	1619892035246	OK	 
REQUEST		request_6	1619892035215	1619892035261	OK	 
ERROR	request_0: Failed to build request: Resource /mytagssearchok/0000_request.json not found 	1619892035414
USER	MyTagsSearchOK	START	1619892035414
REQUEST		request_8	1619892035216	1619892035429	OK	 
USER	MyTagsSearchOK	END	1619892035435
ERROR	request_0: Failed to build request: Resource /mytagssearchok/0000_request.json not found 	1619892035474
USER	MyTagsSearchOK	START	1619892035474
REQUEST		request_4	1619892035365	1619892035579	OK	 
ERROR	request_5: Failed to build request: Resource /mytagssearchok/0005_request.json not found 	1619892035580
ERROR	request_7: Failed to build request: Resource /mytagssearchok/0007_request.json not found 	1619892035580
ERROR	request_9: Failed to build request: Resource /mytagssearchok/0009_request.json not found 	1619892035580
REQUEST		request_4	1619892035417	1619892035617	OK	 
ERROR	request_5: Failed to build request: Resource /mytagssearchok/0005_request.json not found 	1619892035617
ERROR	request_7: Failed to build request: Resource /mytagssearchok/0007_request.json not found 	1619892035617
ERROR	request_9: Failed to build request: Resource /mytagssearchok/0009_request.json not found 	1619892035618
REQUEST		request_6	1619892035581	1619892035630	OK	 
REQUEST		request_3	1619892035459	1619892035664	OK	 
REQUEST		request_6	1619892035618	1619892035664	OK	 
REQUEST		request_8	1619892035582	1619892035784	OK	 
USER	MyTagsSearchOK	END	1619892035789
REQUEST		request_8	1619892035619	1619892035834	OK	 
USER	MyTagsSearchOK	END	1619892035839
ERROR	request_2: Failed to build request: Resource /mytagssearchok/0002_request.json not found 	1619892036124
REQUEST		request_4	1619892036047	1619892036246	OK	 
ERROR	request_5: Failed to build request: Resource /mytagssearchok/0005_request.json not found 	1619892036247
ERROR	request_7: Failed to build request: Resource /mytagssearchok/0007_request.json not found 	1619892036248
ERROR	request_9: Failed to build request: Resource /mytagssearchok/0009_request.json not found 	1619892036249
REQUEST		request_4	1619892036095	1619892036290	OK	 
ERROR	request_5: Failed to build request: Resource /mytagssearchok/0005_request.json not found 	1619892036291
ERROR	request_7: Failed to build request: Resource /mytagssearchok/0007_request.json not found 	1619892036291
ERROR	request_9: Failed to build request: Resource /mytagssearchok/0009_request.json not found 	1619892036291
ERROR	request_2: Failed to build request: Resource /mytagssearchok/0002_request.json not found 	1619892036295
REQUEST		request_6	1619892036251	1619892036303	OK	 
REQUEST		request_6	1619892036292	1619892036343	OK	 
REQUEST		request_3	1619892036218	1619892036436	OK	 
REQUEST		request_8	1619892036252	1619892036453	OK	 
USER	MyTagsSearchOK	END	1619892036457
ERROR	request_0: Failed to build request: Resource /mytagssearchok/0000_request.json not found 	1619892036482
USER	MyTagsSearchOK	START	1619892036482
REQUEST		request_8	1619892036293	1619892036488	OK	 
USER	MyTagsSearchOK	END	1619892036493
REQUEST		request_3	1619892036573	1619892036763	OK	 
ERROR	request_0: Failed to build request: Resource /mytagssearchok/0000_request.json not found 	1619892036807
USER	MyTagsSearchOK	START	1619892036807
ERROR	request_0: Failed to build request: Resource /mytagssearchok/0000_request.json not found 	1619892036854
USER	MyTagsSearchOK	START	1619892036853
ERROR	request_0: Failed to build request: Resource /mytagssearchok/0000_request.json not found 	1619892037057
USER	MyTagsSearchOK	START	1619892037056
REQUEST		request_3	1619892036900	1619892037107	OK	 
ERROR	request_0: Failed to build request: Resource /mytagssearchok/0000_request.json not found 	1619892037151
USER	MyTagsSearchOK	START	1619892037151
REQUEST		request_3	1619892037135	1619892037337	OK	 
ERROR	request_2: Failed to build request: Resource /mytagssearchok/0002_request.json not found 	1619892037974
REQUEST		request_4	1619892037833	1619892038032	OK	 
ERROR	request_5: Failed to build request: Resource /mytagssearchok/0005_request.json not found 	1619892038032
ERROR	request_7: Failed to build request: Resource /mytagssearchok/0007_request.json not found 	1619892038033
ERROR	request_9: Failed to build request: Resource /mytagssearchok/0009_request.json not found 	1619892038033
REQUEST		request_6	1619892038034	1619892038081	OK	 
REQUEST		request_8	1619892038035	1619892038229	OK	 
USER	MyTagsSearchOK	END	1619892038234
REQUEST		request_3	1619892038130	1619892038331	OK	 
ERROR	request_2: Failed to build request: Resource /mytagssearchok/0002_request.json not found 	1619892038423
REQUEST		request_4	1619892038239	1619892038432	OK	 
ERROR	request_5: Failed to build request: Resource /mytagssearchok/0005_request.json not found 	1619892038433
ERROR	request_7: Failed to build request: Resource /mytagssearchok/0007_request.json not found 	1619892038433
ERROR	request_9: Failed to build request: Resource /mytagssearchok/0009_request.json not found 	1619892038434
ERROR	request_2: Failed to build request: Resource /mytagssearchok/0002_request.json not found 	1619892038484
REQUEST		request_6	1619892038435	1619892038486	OK	 
REQUEST		request_3	1619892038300	1619892038501	OK	 
REQUEST		request_4	1619892038441	1619892038631	OK	 
REQUEST		request_8	1619892038437	1619892038631	OK	 
ERROR	request_5: Failed to build request: Resource /mytagssearchok/0005_request.json not found 	1619892038632
ERROR	request_7: Failed to build request: Resource /mytagssearchok/0007_request.json not found 	1619892038633
ERROR	request_9: Failed to build request: Resource /mytagssearchok/0009_request.json not found 	1619892038633
USER	MyTagsSearchOK	END	1619892038636
REQUEST		request_6	1619892038634	1619892038688	OK	 
REQUEST		request_4	1619892038515	1619892038707	OK	 
ERROR	request_5: Failed to build request: Resource /mytagssearchok/0005_request.json not found 	1619892038707
ERROR	request_7: Failed to build request: Resource /mytagssearchok/0007_request.json not found 	1619892038708
ERROR	request_9: Failed to build request: Resource /mytagssearchok/0009_request.json not found 	1619892038708
REQUEST		request_6	1619892038709	1619892038770	OK	 
REQUEST		request_8	1619892038635	1619892038842	OK	 
USER	MyTagsSearchOK	END	1619892038847
REQUEST		request_8	1619892038710	1619892038907	OK	 
USER	MyTagsSearchOK	END	1619892038909
REQUEST		request_4	1619892039257	1619892039455	OK	 
ERROR	request_5: Failed to build request: Resource /mytagssearchok/0005_request.json not found 	1619892039456
ERROR	request_7: Failed to build request: Resource /mytagssearchok/0007_request.json not found 	1619892039456
ERROR	request_9: Failed to build request: Resource /mytagssearchok/0009_request.json not found 	1619892039457
ERROR	request_2: Failed to build request: Resource /mytagssearchok/0002_request.json not found 	1619892039490
REQUEST		request_6	1619892039458	1619892039511	OK	 
REQUEST		request_8	1619892039460	1619892039662	OK	 
USER	MyTagsSearchOK	END	1619892039666
ERROR	request_2: Failed to build request: Resource /mytagssearchok/0002_request.json not found 	1619892039817
ERROR	request_2: Failed to build request: Resource /mytagssearchok/0002_request.json not found 	1619892039863
REQUEST		request_4	1619892039677	1619892039874	OK	 
ERROR	request_5: Failed to build request: Resource /mytagssearchok/0005_request.json not found 	1619892039875
ERROR	request_7: Failed to build request: Resource /mytagssearchok/0007_request.json not found 	1619892039876
ERROR	request_9: Failed to build request: Resource /mytagssearchok/0009_request.json not found 	1619892039876
REQUEST		request_6	1619892039879	1619892039926	OK	 
ERROR	request_2: Failed to build request: Resource /mytagssearchok/0002_request.json not found 	1619892040065
REQUEST		request_8	1619892039880	1619892040084	OK	 
USER	MyTagsSearchOK	END	1619892040088
ERROR	request_2: Failed to build request: Resource /mytagssearchok/0002_request.json not found 	1619892040159
REQUEST		request_3	1619892039988	1619892040219	OK	 
ERROR	request_0: Failed to build request: Resource /mytagssearchok/0000_request.json not found 	1619892040253
USER	MyTagsSearchOK	START	1619892040252
ERROR	request_0: Failed to build request: Resource /mytagssearchok/0000_request.json not found 	1619892040424
USER	MyTagsSearchOK	START	1619892040423
REQUEST		request_3	1619892040426	1619892040630	OK	 
REQUEST		request_4	1619892040438	1619892040649	OK	 
ERROR	request_5: Failed to build request: Resource /mytagssearchok/0005_request.json not found 	1619892040650
ERROR	request_7: Failed to build request: Resource /mytagssearchok/0007_request.json not found 	1619892040651
ERROR	request_9: Failed to build request: Resource /mytagssearchok/0009_request.json not found 	1619892040651
REQUEST		request_3	1619892040492	1619892040686	OK	 
REQUEST		request_6	1619892040652	1619892040702	OK	 
ERROR	request_0: Failed to build request: Resource /mytagssearchok/0000_request.json not found 	1619892040797
USER	MyTagsSearchOK	START	1619892040796
REQUEST		request_8	1619892040654	1619892040848	OK	 
USER	MyTagsSearchOK	END	1619892040852
REQUEST		request_4	1619892040780	1619892040979	OK	 
ERROR	request_5: Failed to build request: Resource /mytagssearchok/0005_request.json not found 	1619892040980
ERROR	request_7: Failed to build request: Resource /mytagssearchok/0007_request.json not found 	1619892040980
ERROR	request_9: Failed to build request: Resource /mytagssearchok/0009_request.json not found 	1619892040980
REQUEST		request_6	1619892040982	1619892041030	OK	 
REQUEST		request_8	1619892040983	1619892041202	OK	 
USER	MyTagsSearchOK	END	1619892041208
REQUEST		request_4	1619892041110	1619892041316	OK	 
ERROR	request_5: Failed to build request: Resource /mytagssearchok/0005_request.json not found 	1619892041317
ERROR	request_7: Failed to build request: Resource /mytagssearchok/0007_request.json not found 	1619892041317
ERROR	request_9: Failed to build request: Resource /mytagssearchok/0009_request.json not found 	1619892041318
REQUEST		request_6	1619892041319	1619892041371	OK	 
REQUEST		request_8	1619892041320	1619892041519	OK	 
USER	MyTagsSearchOK	END	1619892041524
REQUEST		request_4	1619892041346	1619892041542	OK	 
ERROR	request_5: Failed to build request: Resource /mytagssearchok/0005_request.json not found 	1619892041543
ERROR	request_7: Failed to build request: Resource /mytagssearchok/0007_request.json not found 	1619892041544
ERROR	request_9: Failed to build request: Resource /mytagssearchok/0009_request.json not found 	1619892041544
REQUEST		request_6	1619892041545	1619892041604	OK	 
REQUEST		request_3	1619892041506	1619892041719	OK	 
REQUEST		request_8	1619892041547	1619892041752	OK	 
USER	MyTagsSearchOK	END	1619892041757
REQUEST		request_3	1619892041821	1619892042032	OK	 
REQUEST		request_3	1619892041867	1619892042063	OK	 
ERROR	request_0: Failed to build request: Resource /mytagssearchok/0000_request.json not found 	1619892042068
ERROR	request_0: Failed to build request: Resource /mytagssearchok/0000_request.json not found 	1619892042068
USER	MyTagsSearchOK	START	1619892042068
USER	MyTagsSearchOK	START	1619892042067
ERROR	request_0: Failed to build request: Resource /mytagssearchok/0000_request.json not found 	1619892042243
USER	MyTagsSearchOK	START	1619892042243
REQUEST		request_3	1619892042082	1619892042289	OK	 
REQUEST		request_3	1619892042164	1619892042361	OK	 
ERROR	request_0: Failed to build request: Resource /mytagssearchok/0000_request.json not found 	1619892042412
USER	MyTagsSearchOK	START	1619892042412
REQUEST		request_4	1619892042334	1619892042522	OK	 
ERROR	request_5: Failed to build request: Resource /mytagssearchok/0005_request.json not found 	1619892042523
ERROR	request_7: Failed to build request: Resource /mytagssearchok/0007_request.json not found 	1619892042523
ERROR	request_9: Failed to build request: Resource /mytagssearchok/0009_request.json not found 	1619892042524
REQUEST		request_6	1619892042525	1619892042571	OK	 
REQUEST		request_4	1619892042505	1619892042705	OK	 
ERROR	request_5: Failed to build request: Resource /mytagssearchok/0005_request.json not found 	1619892042706
ERROR	request_7: Failed to build request: Resource /mytagssearchok/0007_request.json not found 	1619892042706
ERROR	request_9: Failed to build request: Resource /mytagssearchok/0009_request.json not found 	1619892042707
REQUEST		request_8	1619892042526	1619892042728	OK	 
USER	MyTagsSearchOK	END	1619892042732
REQUEST		request_6	1619892042708	1619892042768	OK	 
REQUEST		request_8	1619892042710	1619892042912	OK	 
USER	MyTagsSearchOK	END	1619892042916
ERROR	request_0: Failed to build request: Resource /mytagssearchok/0000_request.json not found 	1619892043195
ERROR	request_0: Failed to build request: Resource /mytagssearchok/0000_request.json not found 	1619892043196
USER	MyTagsSearchOK	START	1619892043195
USER	MyTagsSearchOK	START	1619892043196
ERROR	request_2: Failed to build request: Resource /mytagssearchok/0002_request.json not found 	1619892043256
ERROR	request_2: Failed to build request: Resource /mytagssearchok/0002_request.json not found 	1619892043427
ERROR	request_0: Failed to build request: Resource /mytagssearchok/0000_request.json not found 	1619892043570
USER	MyTagsSearchOK	START	1619892043570
ERROR	request_0: Failed to build request: Resource /mytagssearchok/0000_request.json not found 	1619892043601
USER	MyTagsSearchOK	START	1619892043601
ERROR	request_2: Failed to build request: Resource /mytagssearchok/0002_request.json not found 	1619892043802
ERROR	request_0: Failed to build request: Resource /mytagssearchok/0000_request.json not found 	1619892044171
USER	MyTagsSearchOK	START	1619892044171
REQUEST		request_4	1619892044233	1619892044437	OK	 
ERROR	request_5: Failed to build request: Resource /mytagssearchok/0005_request.json not found 	1619892044438
ERROR	request_7: Failed to build request: Resource /mytagssearchok/0007_request.json not found 	1619892044438
ERROR	request_9: Failed to build request: Resource /mytagssearchok/0009_request.json not found 	1619892044438
ERROR	request_0: Failed to build request: Resource /mytagssearchok/0000_request.json not found 	1619892044469
USER	MyTagsSearchOK	START	1619892044468
REQUEST		request_6	1619892044438	1619892044492	OK	 
ERROR	request_0: Failed to build request: Resource /mytagssearchok/0000_request.json not found 	1619892044564
USER	MyTagsSearchOK	START	1619892044563
REQUEST		request_8	1619892044439	1619892044639	OK	 
USER	MyTagsSearchOK	END	1619892044645
REQUEST		request_4	1619892044641	1619892044850	OK	 
ERROR	request_5: Failed to build request: Resource /mytagssearchok/0005_request.json not found 	1619892044851
ERROR	request_7: Failed to build request: Resource /mytagssearchok/0007_request.json not found 	1619892044851
ERROR	request_9: Failed to build request: Resource /mytagssearchok/0009_request.json not found 	1619892044852
REQUEST		request_4	1619892044687	1619892044889	OK	 
ERROR	request_5: Failed to build request: Resource /mytagssearchok/0005_request.json not found 	1619892044889
ERROR	request_7: Failed to build request: Resource /mytagssearchok/0007_request.json not found 	1619892044890
ERROR	request_9: Failed to build request: Resource /mytagssearchok/0009_request.json not found 	1619892044890
REQUEST		request_6	1619892044853	1619892044914	OK	 
REQUEST		request_6	1619892044892	1619892044949	OK	 
REQUEST		request_8	1619892044854	1619892045049	OK	 
USER	MyTagsSearchOK	END	1619892045053
ERROR	request_2: Failed to build request: Resource /mytagssearchok/0002_request.json not found 	1619892045078
ERROR	request_2: Failed to build request: Resource /mytagssearchok/0002_request.json not found 	1619892045078
REQUEST		request_8	1619892044893	1619892045088	OK	 
USER	MyTagsSearchOK	END	1619892045093
ERROR	request_0: Failed to build request: Resource /mytagssearchok/0000_request.json not found 	1619892045211
USER	MyTagsSearchOK	START	1619892045210
ERROR	request_2: Failed to build request: Resource /mytagssearchok/0002_request.json not found 	1619892045255
ERROR	request_2: Failed to build request: Resource /mytagssearchok/0002_request.json not found 	1619892045420
REQUEST		request_3	1619892045272	1619892045485	OK	 
ERROR	request_0: Failed to build request: Resource /mytagssearchok/0000_request.json not found 	1619892045595
USER	MyTagsSearchOK	START	1619892045594
ERROR	request_0: Failed to build request: Resource /mytagssearchok/0000_request.json not found 	1619892045626
USER	MyTagsSearchOK	START	1619892045625
REQUEST		request_3	1619892045437	1619892045635	OK	 
REQUEST		request_4	1619892045723	1619892045925	OK	 
ERROR	request_5: Failed to build request: Resource /mytagssearchok/0005_request.json not found 	1619892045927
ERROR	request_7: Failed to build request: Resource /mytagssearchok/0007_request.json not found 	1619892045927
ERROR	request_9: Failed to build request: Resource /mytagssearchok/0009_request.json not found 	1619892045928
REQUEST		request_6	1619892045929	1619892045986	OK	 
REQUEST		request_3	1619892045815	1619892046016	OK	 
REQUEST		request_8	1619892045930	1619892046126	OK	 
USER	MyTagsSearchOK	END	1619892046129
ERROR	request_2: Failed to build request: Resource /mytagssearchok/0002_request.json not found 	1619892046200
ERROR	request_2: Failed to build request: Resource /mytagssearchok/0002_request.json not found 	1619892046215
REQUEST		request_4	1619892046045	1619892046255	OK	 
ERROR	request_5: Failed to build request: Resource /mytagssearchok/0005_request.json not found 	1619892046255
ERROR	request_7: Failed to build request: Resource /mytagssearchok/0007_request.json not found 	1619892046256
ERROR	request_9: Failed to build request: Resource /mytagssearchok/0009_request.json not found 	1619892046256
REQUEST		request_4	1619892046077	1619892046286	OK	 
ERROR	request_5: Failed to build request: Resource /mytagssearchok/0005_request.json not found 	1619892046287
ERROR	request_7: Failed to build request: Resource /mytagssearchok/0007_request.json not found 	1619892046287
ERROR	request_9: Failed to build request: Resource /mytagssearchok/0009_request.json not found 	1619892046288
REQUEST		request_6	1619892046257	1619892046312	OK	 
REQUEST		request_6	1619892046289	1619892046344	OK	 
REQUEST		request_8	1619892046259	1619892046468	OK	 
REQUEST		request_8	1619892046291	1619892046485	OK	 
REQUEST		request_4	1619892046297	1619892046514	OK	 
ERROR	request_5: Failed to build request: Resource /mytagssearchok/0005_request.json not found 	1619892046515
ERROR	request_7: Failed to build request: Resource /mytagssearchok/0007_request.json not found 	1619892046515
ERROR	request_9: Failed to build request: Resource /mytagssearchok/0009_request.json not found 	1619892046516
USER	MyTagsSearchOK	END	1619892046510
USER	MyTagsSearchOK	END	1619892046523
REQUEST		request_6	1619892046517	1619892046569	OK	 
REQUEST		request_4	1619892046375	1619892046580	OK	 
ERROR	request_5: Failed to build request: Resource /mytagssearchok/0005_request.json not found 	1619892046581
ERROR	request_7: Failed to build request: Resource /mytagssearchok/0007_request.json not found 	1619892046581
ERROR	request_9: Failed to build request: Resource /mytagssearchok/0009_request.json not found 	1619892046581
ERROR	request_2: Failed to build request: Resource /mytagssearchok/0002_request.json not found 	1619892046583
ERROR	request_2: Failed to build request: Resource /mytagssearchok/0002_request.json not found 	1619892046614
REQUEST		request_6	1619892046581	1619892046637	OK	 
REQUEST		request_8	1619892046518	1619892046713	OK	 
USER	MyTagsSearchOK	END	1619892046715
REQUEST		request_8	1619892046582	1619892046775	OK	 
USER	MyTagsSearchOK	END	1619892046776
ERROR	request_0: Failed to build request: Resource /mytagssearchok/0000_request.json not found 	1619892046859
USER	MyTagsSearchOK	START	1619892046859
ERROR	request_2: Failed to build request: Resource /mytagssearchok/0002_request.json not found 	1619892047174
REQUEST		request_3	1619892047097	1619892047290	OK	 
REQUEST		request_3	1619892047097	1619892047291	OK	 
REQUEST		request_3	1619892047266	1619892047466	OK	 
ERROR	request_2: Failed to build request: Resource /mytagssearchok/0002_request.json not found 	1619892047481
ERROR	request_2: Failed to build request: Resource /mytagssearchok/0002_request.json not found 	1619892047573
REQUEST		request_3	1619892047436	1619892047636	OK	 
ERROR	request_2: Failed to build request: Resource /mytagssearchok/0002_request.json not found 	1619892048227
REQUEST		request_3	1619892048212	1619892048411	OK	 
REQUEST		request_3	1619892048228	1619892048432	OK	 
ERROR	request_2: Failed to build request: Resource /mytagssearchok/0002_request.json not found 	1619892048600
ERROR	request_2: Failed to build request: Resource /mytagssearchok/0002_request.json not found 	1619892048630
REQUEST		request_3	1619892048600	1619892048805	OK	 
REQUEST		request_3	1619892048631	1619892048825	OK	 
ERROR	request_0: Failed to build request: Resource /mytagssearchok/0000_request.json not found 	1619892049118
USER	MyTagsSearchOK	START	1619892049117
REQUEST		request_3	1619892049177	1619892049378	OK	 
ERROR	request_0: Failed to build request: Resource /mytagssearchok/0000_request.json not found 	1619892049445
USER	MyTagsSearchOK	START	1619892049444
REQUEST		request_3	1619892049491	1619892049693	OK	 
REQUEST		request_4	1619892049491	1619892049698	OK	 
ERROR	request_5: Failed to build request: Resource /mytagssearchok/0005_request.json not found 	1619892049698
ERROR	request_7: Failed to build request: Resource /mytagssearchok/0007_request.json not found 	1619892049699
ERROR	request_9: Failed to build request: Resource /mytagssearchok/0009_request.json not found 	1619892049699
REQUEST		request_6	1619892049701	1619892049750	OK	 
REQUEST		request_3	1619892049583	1619892049786	OK	 
REQUEST		request_4	1619892049644	1619892049844	OK	 
ERROR	request_5: Failed to build request: Resource /mytagssearchok/0005_request.json not found 	1619892049844
ERROR	request_7: Failed to build request: Resource /mytagssearchok/0007_request.json not found 	1619892049844
ERROR	request_9: Failed to build request: Resource /mytagssearchok/0009_request.json not found 	1619892049844
ERROR	request_2: Failed to build request: Resource /mytagssearchok/0002_request.json not found 	1619892049874
REQUEST		request_6	1619892049845	1619892049891	OK	 
REQUEST		request_8	1619892049702	1619892049908	OK	 
USER	MyTagsSearchOK	END	1619892049910
REQUEST		request_8	1619892049845	1619892050038	OK	 
USER	MyTagsSearchOK	END	1619892050043
ERROR	request_0: Failed to build request: Resource /mytagssearchok/0000_request.json not found 	1619892050108
USER	MyTagsSearchOK	START	1619892050107
REQUEST		request_4	1619892050030	1619892050223	OK	 
ERROR	request_5: Failed to build request: Resource /mytagssearchok/0005_request.json not found 	1619892050223
ERROR	request_7: Failed to build request: Resource /mytagssearchok/0007_request.json not found 	1619892050224
ERROR	request_9: Failed to build request: Resource /mytagssearchok/0009_request.json not found 	1619892050224
REQUEST		request_6	1619892050225	1619892050276	OK	 
REQUEST		request_8	1619892050227	1619892050412	OK	 
USER	MyTagsSearchOK	END	1619892050413
REQUEST		request_3	1619892050232	1619892050427	OK	 
REQUEST		request_3	1619892050605	1619892050812	OK	 
REQUEST		request_3	1619892050636	1619892050860	OK	 
REQUEST		request_4	1619892051301	1619892051496	OK	 
REQUEST		request_4	1619892051301	1619892051496	OK	 
ERROR	request_5: Failed to build request: Resource /mytagssearchok/0005_request.json not found 	1619892051497
ERROR	request_5: Failed to build request: Resource /mytagssearchok/0005_request.json not found 	1619892051497
ERROR	request_7: Failed to build request: Resource /mytagssearchok/0007_request.json not found 	1619892051497
ERROR	request_7: Failed to build request: Resource /mytagssearchok/0007_request.json not found 	1619892051497
ERROR	request_9: Failed to build request: Resource /mytagssearchok/0009_request.json not found 	1619892051498
ERROR	request_9: Failed to build request: Resource /mytagssearchok/0009_request.json not found 	1619892051498
REQUEST		request_6	1619892051499	1619892051549	OK	 
REQUEST		request_6	1619892051499	1619892051549	OK	 
REQUEST		request_4	1619892051473	1619892051673	OK	 
ERROR	request_5: Failed to build request: Resource /mytagssearchok/0005_request.json not found 	1619892051674
ERROR	request_7: Failed to build request: Resource /mytagssearchok/0007_request.json not found 	1619892051675
ERROR	request_9: Failed to build request: Resource /mytagssearchok/0009_request.json not found 	1619892051675
REQUEST		request_8	1619892051500	1619892051707	OK	 
REQUEST		request_8	1619892051500	1619892051708	OK	 
USER	MyTagsSearchOK	END	1619892051712
USER	MyTagsSearchOK	END	1619892051712
REQUEST		request_6	1619892051676	1619892051733	OK	 
REQUEST		request_4	1619892051646	1619892051859	OK	 
ERROR	request_5: Failed to build request: Resource /mytagssearchok/0005_request.json not found 	1619892051860
ERROR	request_7: Failed to build request: Resource /mytagssearchok/0007_request.json not found 	1619892051860
ERROR	request_9: Failed to build request: Resource /mytagssearchok/0009_request.json not found 	1619892051861
REQUEST		request_8	1619892051678	1619892051886	OK	 
USER	MyTagsSearchOK	END	1619892051889
REQUEST		request_6	1619892051862	1619892051913	OK	 
REQUEST		request_8	1619892051863	1619892052068	OK	 
USER	MyTagsSearchOK	END	1619892052070
REQUEST		request_3	1619892051882	1619892052089	OK	 
ERROR	request_2: Failed to build request: Resource /mytagssearchok/0002_request.json not found 	1619892052131
ERROR	request_2: Failed to build request: Resource /mytagssearchok/0002_request.json not found 	1619892052455
REQUEST		request_4	1619892052440	1619892052641	OK	 
ERROR	request_5: Failed to build request: Resource /mytagssearchok/0005_request.json not found 	1619892052641
ERROR	request_7: Failed to build request: Resource /mytagssearchok/0007_request.json not found 	1619892052642
ERROR	request_9: Failed to build request: Resource /mytagssearchok/0009_request.json not found 	1619892052642
REQUEST		request_4	1619892052424	1619892052658	OK	 
ERROR	request_5: Failed to build request: Resource /mytagssearchok/0005_request.json not found 	1619892052659
ERROR	request_7: Failed to build request: Resource /mytagssearchok/0007_request.json not found 	1619892052659
ERROR	request_9: Failed to build request: Resource /mytagssearchok/0009_request.json not found 	1619892052659
REQUEST		request_6	1619892052643	1619892052702	OK	 
REQUEST		request_6	1619892052660	1619892052712	OK	 
REQUEST		request_8	1619892052645	1619892052842	OK	 
USER	MyTagsSearchOK	END	1619892052846
REQUEST		request_8	1619892052661	1619892052858	OK	 
USER	MyTagsSearchOK	END	1619892052862
REQUEST		request_4	1619892052809	1619892053021	OK	 
ERROR	request_5: Failed to build request: Resource /mytagssearchok/0005_request.json not found 	1619892053022
ERROR	request_7: Failed to build request: Resource /mytagssearchok/0007_request.json not found 	1619892053022
ERROR	request_9: Failed to build request: Resource /mytagssearchok/0009_request.json not found 	1619892053022
REQUEST		request_4	1619892052841	1619892053032	OK	 
ERROR	request_5: Failed to build request: Resource /mytagssearchok/0005_request.json not found 	1619892053032
ERROR	request_7: Failed to build request: Resource /mytagssearchok/0007_request.json not found 	1619892053032
ERROR	request_9: Failed to build request: Resource /mytagssearchok/0009_request.json not found 	1619892053032
REQUEST		request_6	1619892053023	1619892053088	OK	 
REQUEST		request_6	1619892053033	1619892053091	OK	 
ERROR	request_2: Failed to build request: Resource /mytagssearchok/0002_request.json not found 	1619892053109
REQUEST		request_8	1619892053024	1619892053213	OK	 
USER	MyTagsSearchOK	END	1619892053214
REQUEST		request_8	1619892053034	1619892053224	OK	 
USER	MyTagsSearchOK	END	1619892053229
ERROR	request_0: Failed to build request: Resource /mytagssearchok/0000_request.json not found 	1619892053312
USER	MyTagsSearchOK	START	1619892053312
ERROR	request_0: Failed to build request: Resource /mytagssearchok/0000_request.json not found 	1619892053466
USER	MyTagsSearchOK	START	1619892053466
REQUEST		request_4	1619892053388	1619892053582	OK	 
ERROR	request_5: Failed to build request: Resource /mytagssearchok/0005_request.json not found 	1619892053582
ERROR	request_7: Failed to build request: Resource /mytagssearchok/0007_request.json not found 	1619892053583
ERROR	request_9: Failed to build request: Resource /mytagssearchok/0009_request.json not found 	1619892053583
ERROR	request_0: Failed to build request: Resource /mytagssearchok/0000_request.json not found 	1619892053620
USER	MyTagsSearchOK	START	1619892053619
REQUEST		request_6	1619892053584	1619892053630	OK	 
ERROR	request_0: Failed to build request: Resource /mytagssearchok/0000_request.json not found 	1619892053651
USER	MyTagsSearchOK	START	1619892053650
ERROR	request_0: Failed to build request: Resource /mytagssearchok/0000_request.json not found 	1619892053743
USER	MyTagsSearchOK	START	1619892053743
REQUEST		request_8	1619892053585	1619892053792	OK	 
USER	MyTagsSearchOK	END	1619892053797
REQUEST		request_4	1619892053697	1619892053901	OK	 
ERROR	request_5: Failed to build request: Resource /mytagssearchok/0005_request.json not found 	1619892053901
ERROR	request_7: Failed to build request: Resource /mytagssearchok/0007_request.json not found 	1619892053902
ERROR	request_9: Failed to build request: Resource /mytagssearchok/0009_request.json not found 	1619892053902
REQUEST		request_6	1619892053903	1619892053954	OK	 
REQUEST		request_4	1619892053789	1619892054000	OK	 
ERROR	request_5: Failed to build request: Resource /mytagssearchok/0005_request.json not found 	1619892054001
ERROR	request_7: Failed to build request: Resource /mytagssearchok/0007_request.json not found 	1619892054001
ERROR	request_9: Failed to build request: Resource /mytagssearchok/0009_request.json not found 	1619892054001
REQUEST		request_6	1619892054002	1619892054050	OK	 
REQUEST		request_8	1619892053905	1619892054109	OK	 
USER	MyTagsSearchOK	END	1619892054114
REQUEST		request_8	1619892054003	1619892054196	OK	 
USER	MyTagsSearchOK	END	1619892054197
ERROR	request_0: Failed to build request: Resource /mytagssearchok/0000_request.json not found 	1619892054239
USER	MyTagsSearchOK	START	1619892054239
ERROR	request_0: Failed to build request: Resource /mytagssearchok/0000_request.json not found 	1619892054255
USER	MyTagsSearchOK	START	1619892054255
REQUEST		request_3	1619892054146	1619892054343	OK	 
REQUEST		request_4	1619892054441	1619892054647	OK	 
ERROR	request_5: Failed to build request: Resource /mytagssearchok/0005_request.json not found 	1619892054648
ERROR	request_7: Failed to build request: Resource /mytagssearchok/0007_request.json not found 	1619892054648
ERROR	request_9: Failed to build request: Resource /mytagssearchok/0009_request.json not found 	1619892054649
REQUEST		request_3	1619892054472	1619892054672	OK	 
REQUEST		request_6	1619892054649	1619892054702	OK	 
REQUEST		request_8	1619892054651	1619892054869	OK	 
USER	MyTagsSearchOK	END	1619892054874
REQUEST		request_4	1619892054816	1619892055025	OK	 
ERROR	request_5: Failed to build request: Resource /mytagssearchok/0005_request.json not found 	1619892055025
ERROR	request_7: Failed to build request: Resource /mytagssearchok/0007_request.json not found 	1619892055026
ERROR	request_9: Failed to build request: Resource /mytagssearchok/0009_request.json not found 	1619892055026
REQUEST		request_4	1619892054863	1619892055066	OK	 
ERROR	request_5: Failed to build request: Resource /mytagssearchok/0005_request.json not found 	1619892055067
ERROR	request_7: Failed to build request: Resource /mytagssearchok/0007_request.json not found 	1619892055067
ERROR	request_9: Failed to build request: Resource /mytagssearchok/0009_request.json not found 	1619892055067
REQUEST		request_6	1619892055027	1619892055084	OK	 
ERROR	request_0: Failed to build request: Resource /mytagssearchok/0000_request.json not found 	1619892055096
USER	MyTagsSearchOK	START	1619892055096
REQUEST		request_6	1619892055068	1619892055136	OK	 
REQUEST		request_8	1619892055029	1619892055234	OK	 
USER	MyTagsSearchOK	END	1619892055237
REQUEST		request_8	1619892055069	1619892055272	OK	 
USER	MyTagsSearchOK	END	1619892055274
REQUEST		request_3	1619892055125	1619892055329	OK	 
ERROR	request_0: Failed to build request: Resource /mytagssearchok/0000_request.json not found 	1619892056190
USER	MyTagsSearchOK	START	1619892056190
REQUEST		request_4	1619892056097	1619892056297	OK	 
ERROR	request_5: Failed to build request: Resource /mytagssearchok/0005_request.json not found 	1619892056298
ERROR	request_7: Failed to build request: Resource /mytagssearchok/0007_request.json not found 	1619892056298
ERROR	request_9: Failed to build request: Resource /mytagssearchok/0009_request.json not found 	1619892056298
ERROR	request_2: Failed to build request: Resource /mytagssearchok/0002_request.json not found 	1619892056327
REQUEST		request_6	1619892056300	1619892056351	OK	 
ERROR	request_2: Failed to build request: Resource /mytagssearchok/0002_request.json not found 	1619892056469
REQUEST		request_8	1619892056301	1619892056502	OK	 
USER	MyTagsSearchOK	END	1619892056505
ERROR	request_2: Failed to build request: Resource /mytagssearchok/0002_request.json not found 	1619892056623
ERROR	request_2: Failed to build request: Resource /mytagssearchok/0002_request.json not found 	1619892056654
ERROR	request_2: Failed to build request: Resource /mytagssearchok/0002_request.json not found 	1619892056749
ERROR	request_0: Failed to build request: Resource /mytagssearchok/0000_request.json not found 	1619892057147
USER	MyTagsSearchOK	START	1619892057146
ERROR	request_2: Failed to build request: Resource /mytagssearchok/0002_request.json not found 	1619892057254
ERROR	request_2: Failed to build request: Resource /mytagssearchok/0002_request.json not found 	1619892057270
ERROR	request_0: Failed to build request: Resource /mytagssearchok/0000_request.json not found 	1619892057286
USER	MyTagsSearchOK	START	1619892057286
ERROR	request_0: Failed to build request: Resource /mytagssearchok/0000_request.json not found 	1619892057517
USER	MyTagsSearchOK	START	1619892057517
ERROR	request_2: Failed to build request: Resource /mytagssearchok/0002_request.json not found 	1619892058107
ERROR	request_0: Failed to build request: Resource /mytagssearchok/0000_request.json not found 	1619892058496
USER	MyTagsSearchOK	START	1619892058496
ERROR	request_0: Failed to build request: Resource /mytagssearchok/0000_request.json not found 	1619892058509
USER	MyTagsSearchOK	START	1619892058509
REQUEST		request_3	1619892058340	1619892058542	OK	 
REQUEST		request_4	1619892058356	1619892058549	OK	 
ERROR	request_5: Failed to build request: Resource /mytagssearchok/0005_request.json not found 	1619892058549
ERROR	request_7: Failed to build request: Resource /mytagssearchok/0007_request.json not found 	1619892058549
ERROR	request_9: Failed to build request: Resource /mytagssearchok/0009_request.json not found 	1619892058549
REQUEST		request_6	1619892058550	1619892058612	OK	 
REQUEST		request_3	1619892058481	1619892058665	OK	 
REQUEST		request_8	1619892058551	1619892058757	OK	 
USER	MyTagsSearchOK	END	1619892058761
REQUEST		request_3	1619892058635	1619892058864	OK	 
REQUEST		request_3	1619892058666	1619892058869	OK	 
REQUEST		request_4	1619892058682	1619892058881	OK	 
ERROR	request_5: Failed to build request: Resource /mytagssearchok/0005_request.json not found 	1619892058882
ERROR	request_7: Failed to build request: Resource /mytagssearchok/0007_request.json not found 	1619892058882
ERROR	request_9: Failed to build request: Resource /mytagssearchok/0009_request.json not found 	1619892058882
REQUEST		request_6	1619892058884	1619892058937	OK	 
REQUEST		request_3	1619892058752	1619892058965	OK	 
REQUEST		request_8	1619892058885	1619892059109	OK	 
USER	MyTagsSearchOK	END	1619892059112
ERROR	request_2: Failed to build request: Resource /mytagssearchok/0002_request.json not found 	1619892059203
REQUEST		request_3	1619892059266	1619892059465	OK	 
REQUEST		request_3	1619892059281	1619892059480	OK	 
REQUEST		request_4	1619892059342	1619892059541	OK	 
ERROR	request_5: Failed to build request: Resource /mytagssearchok/0005_request.json not found 	1619892059542
ERROR	request_7: Failed to build request: Resource /mytagssearchok/0007_request.json not found 	1619892059542
ERROR	request_9: Failed to build request: Resource /mytagssearchok/0009_request.json not found 	1619892059542
REQUEST		request_6	1619892059543	1619892059599	OK	 
REQUEST		request_8	1619892059545	1619892059739	OK	 
USER	MyTagsSearchOK	END	1619892059742
ERROR	request_2: Failed to build request: Resource /mytagssearchok/0002_request.json not found 	1619892060151
ERROR	request_2: Failed to build request: Resource /mytagssearchok/0002_request.json not found 	1619892060297
REQUEST		request_3	1619892060120	1619892060312	OK	 
ERROR	request_2: Failed to build request: Resource /mytagssearchok/0002_request.json not found 	1619892060531
ERROR	request_0: Failed to build request: Resource /mytagssearchok/0000_request.json not found 	1619892060855
USER	MyTagsSearchOK	START	1619892060855
ERROR	request_0: Failed to build request: Resource /mytagssearchok/0000_request.json not found 	1619892061010
USER	MyTagsSearchOK	START	1619892061010
REQUEST		request_3	1619892061212	1619892061411	OK	 
ERROR	request_2: Failed to build request: Resource /mytagssearchok/0002_request.json not found 	1619892061506
ERROR	request_2: Failed to build request: Resource /mytagssearchok/0002_request.json not found 	1619892061522
ERROR	request_0: Failed to build request: Resource /mytagssearchok/0000_request.json not found 	1619892061617
USER	MyTagsSearchOK	START	1619892061617
REQUEST		request_3	1619892062159	1619892062397	OK	 
REQUEST		request_3	1619892062313	1619892062529	OK	 
REQUEST		request_3	1619892062540	1619892062743	OK	 
REQUEST		request_4	1619892062556	1619892062751	OK	 
ERROR	request_5: Failed to build request: Resource /mytagssearchok/0005_request.json not found 	1619892062752
ERROR	request_7: Failed to build request: Resource /mytagssearchok/0007_request.json not found 	1619892062752
ERROR	request_9: Failed to build request: Resource /mytagssearchok/0009_request.json not found 	1619892062752
REQUEST		request_6	1619892062753	1619892062801	OK	 
REQUEST		request_4	1619892062680	1619892062881	OK	 
ERROR	request_5: Failed to build request: Resource /mytagssearchok/0005_request.json not found 	1619892062881
ERROR	request_7: Failed to build request: Resource /mytagssearchok/0007_request.json not found 	1619892062881
ERROR	request_9: Failed to build request: Resource /mytagssearchok/0009_request.json not found 	1619892062881
REQUEST		request_8	1619892062754	1619892062952	OK	 
REQUEST		request_6	1619892062882	1619892062952	OK	 
USER	MyTagsSearchOK	END	1619892062953
REQUEST		request_4	1619892062865	1619892063065	OK	 
ERROR	request_5: Failed to build request: Resource /mytagssearchok/0005_request.json not found 	1619892063065
ERROR	request_7: Failed to build request: Resource /mytagssearchok/0007_request.json not found 	1619892063065
ERROR	request_9: Failed to build request: Resource /mytagssearchok/0009_request.json not found 	1619892063066
REQUEST		request_4	1619892062880	1619892063072	OK	 
ERROR	request_5: Failed to build request: Resource /mytagssearchok/0005_request.json not found 	1619892063073
ERROR	request_7: Failed to build request: Resource /mytagssearchok/0007_request.json not found 	1619892063073
ERROR	request_9: Failed to build request: Resource /mytagssearchok/0009_request.json not found 	1619892063073
REQUEST		request_8	1619892062883	1619892063079	OK	 
USER	MyTagsSearchOK	END	1619892063082
REQUEST		request_6	1619892063067	1619892063124	OK	 
REQUEST		request_6	1619892063074	1619892063129	OK	 
REQUEST		request_4	1619892062972	1619892063178	OK	 
ERROR	request_5: Failed to build request: Resource /mytagssearchok/0005_request.json not found 	1619892063179
ERROR	request_7: Failed to build request: Resource /mytagssearchok/0007_request.json not found 	1619892063179
ERROR	request_9: Failed to build request: Resource /mytagssearchok/0009_request.json not found 	1619892063180
REQUEST		request_6	1619892063182	1619892063237	OK	 
REQUEST		request_8	1619892063068	1619892063259	OK	 
USER	MyTagsSearchOK	END	1619892063263
REQUEST		request_8	1619892063075	1619892063279	OK	 
USER	MyTagsSearchOK	END	1619892063284
REQUEST		request_8	1619892063183	1619892063382	OK	 
USER	MyTagsSearchOK	END	1619892063384
REQUEST		request_4	1619892063472	1619892063676	OK	 
ERROR	request_5: Failed to build request: Resource /mytagssearchok/0005_request.json not found 	1619892063677
ERROR	request_7: Failed to build request: Resource /mytagssearchok/0007_request.json not found 	1619892063677
ERROR	request_9: Failed to build request: Resource /mytagssearchok/0009_request.json not found 	1619892063678
REQUEST		request_4	1619892063487	1619892063691	OK	 
ERROR	request_5: Failed to build request: Resource /mytagssearchok/0005_request.json not found 	1619892063692
ERROR	request_7: Failed to build request: Resource /mytagssearchok/0007_request.json not found 	1619892063692
ERROR	request_9: Failed to build request: Resource /mytagssearchok/0009_request.json not found 	1619892063692
ERROR	request_0: Failed to build request: Resource /mytagssearchok/0000_request.json not found 	1619892063696
USER	MyTagsSearchOK	START	1619892063696
REQUEST		request_3	1619892063518	1619892063725	OK	 
REQUEST		request_6	1619892063679	1619892063733	OK	 
REQUEST		request_3	1619892063533	1619892063742	OK	 
REQUEST		request_6	1619892063694	1619892063746	OK	 
ERROR	request_0: Failed to build request: Resource /mytagssearchok/0000_request.json not found 	1619892063794
USER	MyTagsSearchOK	START	1619892063794
REQUEST		request_8	1619892063681	1619892063868	OK	 
ERROR	request_2: Failed to build request: Resource /mytagssearchok/0002_request.json not found 	1619892063871
USER	MyTagsSearchOK	END	1619892063871
REQUEST		request_8	1619892063696	1619892063888	OK	 
USER	MyTagsSearchOK	END	1619892063891
ERROR	request_2: Failed to build request: Resource /mytagssearchok/0002_request.json not found 	1619892064025
ERROR	request_0: Failed to build request: Resource /mytagssearchok/0000_request.json not found 	1619892064040
USER	MyTagsSearchOK	START	1619892064040
ERROR	request_0: Failed to build request: Resource /mytagssearchok/0000_request.json not found 	1619892064306
USER	MyTagsSearchOK	START	1619892064306
REQUEST		request_4	1619892064321	1619892064523	OK	 
ERROR	request_5: Failed to build request: Resource /mytagssearchok/0005_request.json not found 	1619892064524
ERROR	request_7: Failed to build request: Resource /mytagssearchok/0007_request.json not found 	1619892064524
ERROR	request_9: Failed to build request: Resource /mytagssearchok/0009_request.json not found 	1619892064525
REQUEST		request_6	1619892064526	1619892064576	OK	 
ERROR	request_2: Failed to build request: Resource /mytagssearchok/0002_request.json not found 	1619892064631
REQUEST		request_8	1619892064527	1619892064713	OK	 
USER	MyTagsSearchOK	END	1619892064716
ERROR	request_0: Failed to build request: Resource /mytagssearchok/0000_request.json not found 	1619892064726
USER	MyTagsSearchOK	START	1619892064726
ERROR	request_0: Failed to build request: Resource /mytagssearchok/0000_request.json not found 	1619892064980
ERROR	request_0: Failed to build request: Resource /mytagssearchok/0000_request.json not found 	1619892064980
USER	MyTagsSearchOK	START	1619892064980
USER	MyTagsSearchOK	START	1619892064980
REQUEST		request_4	1619892065426	1619892065629	OK	 
ERROR	request_5: Failed to build request: Resource /mytagssearchok/0005_request.json not found 	1619892065629
ERROR	request_7: Failed to build request: Resource /mytagssearchok/0007_request.json not found 	1619892065630
ERROR	request_9: Failed to build request: Resource /mytagssearchok/0009_request.json not found 	1619892065630
REQUEST		request_6	1619892065631	1619892065683	OK	 
REQUEST		request_8	1619892065632	1619892065823	OK	 
USER	MyTagsSearchOK	END	1619892065827
REQUEST		request_3	1619892065874	1619892066067	OK	 
REQUEST		request_3	1619892066038	1619892066234	OK	 
REQUEST		request_4	1619892066411	1619892066605	OK	 
ERROR	request_5: Failed to build request: Resource /mytagssearchok/0005_request.json not found 	1619892066606
ERROR	request_7: Failed to build request: Resource /mytagssearchok/0007_request.json not found 	1619892066606
ERROR	request_9: Failed to build request: Resource /mytagssearchok/0009_request.json not found 	1619892066606
REQUEST		request_6	1619892066607	1619892066658	OK	 
ERROR	request_2: Failed to build request: Resource /mytagssearchok/0002_request.json not found 	1619892066706
REQUEST		request_4	1619892066537	1619892066730	OK	 
ERROR	request_5: Failed to build request: Resource /mytagssearchok/0005_request.json not found 	1619892066730
ERROR	request_7: Failed to build request: Resource /mytagssearchok/0007_request.json not found 	1619892066730
ERROR	request_9: Failed to build request: Resource /mytagssearchok/0009_request.json not found 	1619892066731
REQUEST		request_6	1619892066731	1619892066784	OK	 
ERROR	request_2: Failed to build request: Resource /mytagssearchok/0002_request.json not found 	1619892066799
REQUEST		request_8	1619892066609	1619892066811	OK	 
USER	MyTagsSearchOK	END	1619892066813
REQUEST		request_3	1619892066645	1619892066838	OK	 
REQUEST		request_8	1619892066732	1619892066934	OK	 
USER	MyTagsSearchOK	END	1619892066936
REQUEST		request_4	1619892066752	1619892066945	OK	 
ERROR	request_5: Failed to build request: Resource /mytagssearchok/0005_request.json not found 	1619892066946
ERROR	request_7: Failed to build request: Resource /mytagssearchok/0007_request.json not found 	1619892066946
ERROR	request_9: Failed to build request: Resource /mytagssearchok/0009_request.json not found 	1619892066946
REQUEST		request_6	1619892066947	1619892066998	OK	 
ERROR	request_2: Failed to build request: Resource /mytagssearchok/0002_request.json not found 	1619892067042
REQUEST		request_8	1619892066948	1619892067142	OK	 
USER	MyTagsSearchOK	END	1619892067146
ERROR	request_2: Failed to build request: Resource /mytagssearchok/0002_request.json not found 	1619892067309
ERROR	request_2: Failed to build request: Resource /mytagssearchok/0002_request.json not found 	1619892067731
REQUEST		request_4	1619892067732	1619892067928	OK	 
ERROR	request_5: Failed to build request: Resource /mytagssearchok/0005_request.json not found 	1619892067928
ERROR	request_7: Failed to build request: Resource /mytagssearchok/0007_request.json not found 	1619892067929
ERROR	request_9: Failed to build request: Resource /mytagssearchok/0009_request.json not found 	1619892067929
REQUEST		request_4	1619892067747	1619892067944	OK	 
ERROR	request_5: Failed to build request: Resource /mytagssearchok/0005_request.json not found 	1619892067944
ERROR	request_7: Failed to build request: Resource /mytagssearchok/0007_request.json not found 	1619892067945
ERROR	request_9: Failed to build request: Resource /mytagssearchok/0009_request.json not found 	1619892067945
REQUEST		request_6	1619892067930	1619892067986	OK	 
ERROR	request_2: Failed to build request: Resource /mytagssearchok/0002_request.json not found 	1619892067995
ERROR	request_2: Failed to build request: Resource /mytagssearchok/0002_request.json not found 	1619892067995
REQUEST		request_6	1619892067946	1619892067996	OK	 
REQUEST		request_8	1619892067931	1619892068128	OK	 
USER	MyTagsSearchOK	END	1619892068132
REQUEST		request_8	1619892067947	1619892068141	OK	 
USER	MyTagsSearchOK	END	1619892068146
REQUEST		request_3	1619892068719	1619892068923	OK	 
REQUEST		request_3	1619892068813	1619892069011	OK	 
REQUEST		request_3	1619892069052	1619892069243	OK	 
REQUEST		request_3	1619892069325	1619892069515	OK	 
REQUEST		request_3	1619892069743	1619892069939	OK	 
REQUEST		request_3	1619892070009	1619892070214	OK	 
REQUEST		request_3	1619892070009	1619892070217	OK	 
REQUEST		request_4	1619892070070	1619892070274	OK	 
ERROR	request_5: Failed to build request: Resource /mytagssearchok/0005_request.json not found 	1619892070275
ERROR	request_7: Failed to build request: Resource /mytagssearchok/0007_request.json not found 	1619892070275
ERROR	request_9: Failed to build request: Resource /mytagssearchok/0009_request.json not found 	1619892070275
REQUEST		request_6	1619892070276	1619892070324	OK	 
REQUEST		request_4	1619892070242	1619892070453	OK	 
ERROR	request_5: Failed to build request: Resource /mytagssearchok/0005_request.json not found 	1619892070453
ERROR	request_7: Failed to build request: Resource /mytagssearchok/0007_request.json not found 	1619892070453
ERROR	request_9: Failed to build request: Resource /mytagssearchok/0009_request.json not found 	1619892070453
REQUEST		request_8	1619892070276	1619892070477	OK	 
USER	MyTagsSearchOK	END	1619892070479
REQUEST		request_6	1619892070454	1619892070507	OK	 
REQUEST		request_8	1619892070454	1619892070651	OK	 
USER	MyTagsSearchOK	END	1619892070656
REQUEST		request_4	1619892070853	1619892071047	OK	 
ERROR	request_5: Failed to build request: Resource /mytagssearchok/0005_request.json not found 	1619892071047
ERROR	request_7: Failed to build request: Resource /mytagssearchok/0007_request.json not found 	1619892071047
ERROR	request_9: Failed to build request: Resource /mytagssearchok/0009_request.json not found 	1619892071048
REQUEST		request_6	1619892071048	1619892071097	OK	 
REQUEST		request_8	1619892071049	1619892071241	OK	 
USER	MyTagsSearchOK	END	1619892071246
REQUEST		request_4	1619892072928	1619892073134	OK	 
ERROR	request_5: Failed to build request: Resource /mytagssearchok/0005_request.json not found 	1619892073134
ERROR	request_7: Failed to build request: Resource /mytagssearchok/0007_request.json not found 	1619892073135
ERROR	request_9: Failed to build request: Resource /mytagssearchok/0009_request.json not found 	1619892073135
REQUEST		request_6	1619892073136	1619892073193	OK	 
REQUEST		request_4	1619892073022	1619892073206	OK	 
ERROR	request_5: Failed to build request: Resource /mytagssearchok/0005_request.json not found 	1619892073207
ERROR	request_7: Failed to build request: Resource /mytagssearchok/0007_request.json not found 	1619892073207
ERROR	request_9: Failed to build request: Resource /mytagssearchok/0009_request.json not found 	1619892073208
REQUEST		request_6	1619892073209	1619892073264	OK	 
REQUEST		request_8	1619892073137	1619892073335	OK	 
USER	MyTagsSearchOK	END	1619892073339
REQUEST		request_8	1619892073210	1619892073414	OK	 
REQUEST		request_4	1619892073253	1619892073443	OK	 
ERROR	request_5: Failed to build request: Resource /mytagssearchok/0005_request.json not found 	1619892073443
ERROR	request_7: Failed to build request: Resource /mytagssearchok/0007_request.json not found 	1619892073443
ERROR	request_9: Failed to build request: Resource /mytagssearchok/0009_request.json not found 	1619892073443
USER	MyTagsSearchOK	END	1619892073446
REQUEST		request_6	1619892073444	1619892073494	OK	 
REQUEST		request_8	1619892073445	1619892073653	OK	 
USER	MyTagsSearchOK	END	1619892073656
REQUEST		request_4	1619892073530	1619892073721	OK	 
ERROR	request_5: Failed to build request: Resource /mytagssearchok/0005_request.json not found 	1619892073721
ERROR	request_7: Failed to build request: Resource /mytagssearchok/0007_request.json not found 	1619892073722
ERROR	request_9: Failed to build request: Resource /mytagssearchok/0009_request.json not found 	1619892073722
REQUEST		request_6	1619892073723	1619892073775	OK	 
REQUEST		request_8	1619892073724	1619892073914	OK	 
USER	MyTagsSearchOK	END	1619892073915
REQUEST		request_4	1619892073947	1619892074144	OK	 
ERROR	request_5: Failed to build request: Resource /mytagssearchok/0005_request.json not found 	1619892074144
ERROR	request_7: Failed to build request: Resource /mytagssearchok/0007_request.json not found 	1619892074145
ERROR	request_9: Failed to build request: Resource /mytagssearchok/0009_request.json not found 	1619892074145
REQUEST		request_6	1619892074146	1619892074209	OK	 
REQUEST		request_8	1619892074148	1619892074350	OK	 
USER	MyTagsSearchOK	END	1619892074354
REQUEST		request_4	1619892074224	1619892074416	OK	 
ERROR	request_5: Failed to build request: Resource /mytagssearchok/0005_request.json not found 	1619892074417
ERROR	request_7: Failed to build request: Resource /mytagssearchok/0007_request.json not found 	1619892074417
ERROR	request_9: Failed to build request: Resource /mytagssearchok/0009_request.json not found 	1619892074417
REQUEST		request_4	1619892074224	1619892074421	OK	 
ERROR	request_5: Failed to build request: Resource /mytagssearchok/0005_request.json not found 	1619892074422
ERROR	request_7: Failed to build request: Resource /mytagssearchok/0007_request.json not found 	1619892074422
ERROR	request_9: Failed to build request: Resource /mytagssearchok/0009_request.json not found 	1619892074423
REQUEST		request_6	1619892074418	1619892074466	OK	 
REQUEST		request_6	1619892074424	1619892074473	OK	 
REQUEST		request_8	1619892074425	1619892074617	OK	 
USER	MyTagsSearchOK	END	1619892074621
REQUEST		request_8	1619892074419	1619892074626	OK	 
USER	MyTagsSearchOK	END	1619892074630
