RUN	NormalUsersList	normaluserslist	1619892224772	 	3.5.1
USER	NormalUsersList	START	1619892226284
USER	NormalUsersList	START	1619892226454
USER	NormalUsersList	START	1619892226514
REQUEST		request_0	1619892226315	1619892226544	OK	 
REQUEST		request_0	1619892226454	1619892226652	OK	 
REQUEST		request_0	1619892226515	1619892226714	OK	 
USER	NormalUsersList	START	1619892226777
REQUEST		request_0	1619892226778	1619892227001	OK	 
USER	NormalUsersList	START	1619892227577
REQUEST		request_0	1619892227579	1619892227797	OK	 
USER	NormalUsersList	START	1619892227913
REQUEST		request_0	1619892227914	1619892228150	OK	 
USER	NormalUsersList	START	1619892229198
USER	NormalUsersList	START	1619892229352
REQUEST		request_0	1619892229200	1619892229460	OK	 
REQUEST		request_0	1619892229353	1619892229543	OK	 
USER	NormalUsersList	START	1619892229679
REQUEST		request_0	1619892229681	1619892229882	OK	 
ERROR	request_1: Failed to build request: Resource /normaluserslist/0001_request.json not found 	1619892230655
ERROR	request_1: Failed to build request: Resource /normaluserslist/0001_request.json not found 	1619892230660
ERROR	request_1: Failed to build request: Resource /normaluserslist/0001_request.json not found 	1619892230723
USER	NormalUsersList	START	1619892230756
USER	NormalUsersList	START	1619892230757
USER	NormalUsersList	START	1619892230757
REQUEST		request_0	1619892230757	1619892230961	OK	 
REQUEST		request_0	1619892230758	1619892230967	OK	 
REQUEST		request_0	1619892230758	1619892231001	OK	 
ERROR	request_1: Failed to build request: Resource /normaluserslist/0001_request.json not found 	1619892231005
USER	NormalUsersList	START	1619892231265
REQUEST		request_0	1619892231266	1619892231524	OK	 
ERROR	request_1: Failed to build request: Resource /normaluserslist/0001_request.json not found 	1619892231810
ERROR	request_1: Failed to build request: Resource /normaluserslist/0001_request.json not found 	1619892232168
REQUEST		request_2	1619892232691	1619892232740	OK	 
REQUEST		request_2	1619892232691	1619892232754	OK	 
REQUEST		request_2	1619892232737	1619892232786	OK	 
REQUEST		request_2	1619892233023	1619892233078	OK	 
ERROR	request_1: Failed to build request: Resource /normaluserslist/0001_request.json not found 	1619892233471
ERROR	request_1: Failed to build request: Resource /normaluserslist/0001_request.json not found 	1619892233549
REQUEST		request_2	1619892233815	1619892233876	OK	 
ERROR	request_1: Failed to build request: Resource /normaluserslist/0001_request.json not found 	1619892233892
REQUEST		request_2	1619892234174	1619892234239	OK	 
USER	NormalUsersList	START	1619892234549
REQUEST		request_0	1619892234550	1619892234750	OK	 
USER	NormalUsersList	START	1619892234812
ERROR	request_1: Failed to build request: Resource /normaluserslist/0001_request.json not found 	1619892234967
ERROR	request_1: Failed to build request: Resource /normaluserslist/0001_request.json not found 	1619892234983
USER	NormalUsersList	START	1619892234983
REQUEST		request_0	1619892234812	1619892235002	OK	 
ERROR	request_1: Failed to build request: Resource /normaluserslist/0001_request.json not found 	1619892235017
REQUEST		request_0	1619892234983	1619892235183	OK	 
ERROR	request_1: Failed to build request: Resource /normaluserslist/0001_request.json not found 	1619892235532
REQUEST		request_2	1619892235484	1619892235539	OK	 
REQUEST		request_2	1619892235563	1619892235611	OK	 
REQUEST		request_2	1619892235900	1619892235956	OK	 
USER	NormalUsersList	START	1619892236117
REQUEST		request_0	1619892236117	1619892236318	OK	 
REQUEST		request_3	1619892236751	1619892236949	OK	 
ERROR	request_4: Failed to build request: Resource /normaluserslist/0004_request.json not found 	1619892236951
ERROR	request_7: Failed to build request: Resource /normaluserslist/0007_request.json not found 	1619892236951
ERROR	request_8: Failed to build request: Resource /normaluserslist/0008_request.json not found 	1619892236951
REQUEST		request_3	1619892236766	1619892236966	OK	 
ERROR	request_4: Failed to build request: Resource /normaluserslist/0004_request.json not found 	1619892236966
ERROR	request_7: Failed to build request: Resource /normaluserslist/0007_request.json not found 	1619892236967
ERROR	request_8: Failed to build request: Resource /normaluserslist/0008_request.json not found 	1619892236968
REQUEST		request_3	1619892236797	1619892236993	OK	 
ERROR	request_4: Failed to build request: Resource /normaluserslist/0004_request.json not found 	1619892236994
ERROR	request_7: Failed to build request: Resource /normaluserslist/0007_request.json not found 	1619892236995
ERROR	request_8: Failed to build request: Resource /normaluserslist/0008_request.json not found 	1619892236995
REQUEST		request_5	1619892236965	1619892237034	OK	 
REQUEST		request_5	1619892236969	1619892237039	OK	 
REQUEST		request_2	1619892236982	1619892237039	OK	 
REQUEST		request_2	1619892236989	1619892237049	OK	 
REQUEST		request_5	1619892236995	1619892237051	OK	 
REQUEST		request_2	1619892237019	1619892237082	OK	 
REQUEST		request_6	1619892236967	1619892237180	OK	 
REQUEST		request_6	1619892236970	1619892237180	OK	 
REQUEST		request_6	1619892236997	1619892237204	OK	 
REQUEST		request_3	1619892237079	1619892237285	OK	 
ERROR	request_4: Failed to build request: Resource /normaluserslist/0004_request.json not found 	1619892237286
ERROR	request_7: Failed to build request: Resource /normaluserslist/0007_request.json not found 	1619892237286
ERROR	request_8: Failed to build request: Resource /normaluserslist/0008_request.json not found 	1619892237286
REQUEST		request_5	1619892237287	1619892237335	OK	 
USER	NormalUsersList	START	1619892237405
USER	NormalUsersList	START	1619892237421
REQUEST		request_6	1619892237288	1619892237492	OK	 
REQUEST		request_2	1619892237544	1619892237599	OK	 
REQUEST		request_0	1619892237405	1619892237599	OK	 
REQUEST		request_0	1619892237421	1619892237614	OK	 
USER	NormalUsersList	START	1619892237709
USER	NormalUsersList	START	1619892237724
USER	NormalUsersList	START	1619892237835
REQUEST		request_0	1619892237710	1619892237904	OK	 
REQUEST		request_0	1619892237725	1619892237924	OK	 
REQUEST		request_0	1619892237835	1619892238030	OK	 
REQUEST		request_3	1619892237881	1619892238078	OK	 
ERROR	request_4: Failed to build request: Resource /normaluserslist/0004_request.json not found 	1619892238078
ERROR	request_7: Failed to build request: Resource /normaluserslist/0007_request.json not found 	1619892238079
ERROR	request_8: Failed to build request: Resource /normaluserslist/0008_request.json not found 	1619892238079
REQUEST		request_5	1619892238080	1619892238126	OK	 
REQUEST		request_9	1619892238192	1619892238277	OK	 
REQUEST		request_9	1619892238192	1619892238283	OK	 
USER	NormalUsersList	END	1619892238288
USER	NormalUsersList	END	1619892238288
REQUEST		request_9	1619892238208	1619892238306	OK	 
REQUEST		request_6	1619892238081	1619892238312	OK	 
USER	NormalUsersList	END	1619892238312
REQUEST		request_3	1619892238255	1619892238467	OK	 
ERROR	request_4: Failed to build request: Resource /normaluserslist/0004_request.json not found 	1619892238467
ERROR	request_7: Failed to build request: Resource /normaluserslist/0007_request.json not found 	1619892238468
ERROR	request_8: Failed to build request: Resource /normaluserslist/0008_request.json not found 	1619892238468
REQUEST		request_5	1619892238469	1619892238529	OK	 
REQUEST		request_9	1619892238506	1619892238590	OK	 
USER	NormalUsersList	END	1619892238592
REQUEST		request_6	1619892238469	1619892238662	OK	 
ERROR	request_1: Failed to build request: Resource /normaluserslist/0001_request.json not found 	1619892238754
ERROR	request_1: Failed to build request: Resource /normaluserslist/0001_request.json not found 	1619892239019
ERROR	request_1: Failed to build request: Resource /normaluserslist/0001_request.json not found 	1619892239188
REQUEST		request_9	1619892239328	1619892239410	OK	 
USER	NormalUsersList	END	1619892239412
REQUEST		request_3	1619892239549	1619892239749	OK	 
REQUEST		request_9	1619892239665	1619892239749	OK	 
ERROR	request_4: Failed to build request: Resource /normaluserslist/0004_request.json not found 	1619892239749
ERROR	request_7: Failed to build request: Resource /normaluserslist/0007_request.json not found 	1619892239750
ERROR	request_8: Failed to build request: Resource /normaluserslist/0008_request.json not found 	1619892239750
USER	NormalUsersList	END	1619892239751
REQUEST		request_5	1619892239750	1619892239799	OK	 
REQUEST		request_3	1619892239628	1619892239830	OK	 
ERROR	request_4: Failed to build request: Resource /normaluserslist/0004_request.json not found 	1619892239830
ERROR	request_7: Failed to build request: Resource /normaluserslist/0007_request.json not found 	1619892239831
ERROR	request_8: Failed to build request: Resource /normaluserslist/0008_request.json not found 	1619892239831
REQUEST		request_5	1619892239832	1619892239883	OK	 
REQUEST		request_6	1619892239751	1619892239949	OK	 
REQUEST		request_6	1619892239832	1619892240018	OK	 
REQUEST		request_3	1619892239973	1619892240173	OK	 
ERROR	request_4: Failed to build request: Resource /normaluserslist/0004_request.json not found 	1619892240174
ERROR	request_7: Failed to build request: Resource /normaluserslist/0007_request.json not found 	1619892240174
ERROR	request_8: Failed to build request: Resource /normaluserslist/0008_request.json not found 	1619892240175
USER	NormalUsersList	START	1619892240227
REQUEST		request_5	1619892240176	1619892240231	OK	 
ERROR	request_1: Failed to build request: Resource /normaluserslist/0001_request.json not found 	1619892240323
USER	NormalUsersList	START	1619892240355
REQUEST		request_6	1619892240178	1619892240366	OK	 
REQUEST		request_0	1619892240228	1619892240428	OK	 
REQUEST		request_0	1619892240356	1619892240559	OK	 
USER	NormalUsersList	START	1619892240593
USER	NormalUsersList	START	1619892240593
REQUEST		request_0	1619892240594	1619892240791	OK	 
REQUEST		request_0	1619892240594	1619892240796	OK	 
REQUEST		request_2	1619892240767	1619892240817	OK	 
USER	NormalUsersList	START	1619892240986
REQUEST		request_9	1619892240956	1619892241039	OK	 
USER	NormalUsersList	END	1619892241043
REQUEST		request_2	1619892241021	1619892241082	OK	 
REQUEST		request_9	1619892241021	1619892241125	OK	 
USER	NormalUsersList	END	1619892241128
REQUEST		request_0	1619892240987	1619892241182	OK	 
USER	NormalUsersList	START	1619892241198
REQUEST		request_3	1619892241046	1619892241246	OK	 
ERROR	request_4: Failed to build request: Resource /normaluserslist/0004_request.json not found 	1619892241247
ERROR	request_7: Failed to build request: Resource /normaluserslist/0007_request.json not found 	1619892241249
ERROR	request_8: Failed to build request: Resource /normaluserslist/0008_request.json not found 	1619892241249
REQUEST		request_2	1619892241199	1619892241249	OK	 
REQUEST		request_3	1619892241061	1619892241258	OK	 
ERROR	request_4: Failed to build request: Resource /normaluserslist/0004_request.json not found 	1619892241258
ERROR	request_7: Failed to build request: Resource /normaluserslist/0007_request.json not found 	1619892241259
ERROR	request_8: Failed to build request: Resource /normaluserslist/0008_request.json not found 	1619892241259
REQUEST		request_3	1619892241091	1619892241284	OK	 
ERROR	request_4: Failed to build request: Resource /normaluserslist/0004_request.json not found 	1619892241285
ERROR	request_7: Failed to build request: Resource /normaluserslist/0007_request.json not found 	1619892241286
ERROR	request_8: Failed to build request: Resource /normaluserslist/0008_request.json not found 	1619892241286
REQUEST		request_5	1619892241250	1619892241304	OK	 
REQUEST		request_5	1619892241260	1619892241309	OK	 
REQUEST		request_5	1619892241286	1619892241337	OK	 
REQUEST		request_0	1619892241199	1619892241385	OK	 
REQUEST		request_6	1619892241251	1619892241445	OK	 
REQUEST		request_6	1619892241261	1619892241446	OK	 
REQUEST		request_9	1619892241373	1619892241457	OK	 
USER	NormalUsersList	END	1619892241459
REQUEST		request_6	1619892241287	1619892241491	OK	 
ERROR	request_1: Failed to build request: Resource /normaluserslist/0001_request.json not found 	1619892241613
ERROR	request_1: Failed to build request: Resource /normaluserslist/0001_request.json not found 	1619892241628
REQUEST		request_3	1619892241613	1619892241798	OK	 
ERROR	request_4: Failed to build request: Resource /normaluserslist/0004_request.json not found 	1619892241799
ERROR	request_7: Failed to build request: Resource /normaluserslist/0007_request.json not found 	1619892241799
ERROR	request_8: Failed to build request: Resource /normaluserslist/0008_request.json not found 	1619892241800
REQUEST		request_5	1619892241800	1619892241864	OK	 
ERROR	request_1: Failed to build request: Resource /normaluserslist/0001_request.json not found 	1619892241905
ERROR	request_1: Failed to build request: Resource /normaluserslist/0001_request.json not found 	1619892241936
REQUEST		request_6	1619892241801	1619892242003	OK	 
ERROR	request_1: Failed to build request: Resource /normaluserslist/0001_request.json not found 	1619892242042
REQUEST		request_2	1619892242338	1619892242397	OK	 
REQUEST		request_9	1619892242447	1619892242523	OK	 
USER	NormalUsersList	END	1619892242535
REQUEST		request_9	1619892242462	1619892242539	OK	 
USER	NormalUsersList	END	1619892242541
REQUEST		request_9	1619892242509	1619892242593	OK	 
USER	NormalUsersList	END	1619892242598
REQUEST		request_9	1619892243009	1619892243096	OK	 
USER	NormalUsersList	END	1619892243101
REQUEST		request_2	1619892243629	1619892243679	OK	 
REQUEST		request_2	1619892243644	1619892243695	OK	 
USER	NormalUsersList	START	1619892243850
USER	NormalUsersList	START	1619892243866
REQUEST		request_2	1619892243912	1619892243968	OK	 
REQUEST		request_2	1619892243943	1619892243998	OK	 
REQUEST		request_0	1619892243851	1619892244055	OK	 
REQUEST		request_0	1619892243867	1619892244066	OK	 
REQUEST		request_2	1619892244053	1619892244101	OK	 
ERROR	request_1: Failed to build request: Resource /normaluserslist/0001_request.json not found 	1619892244438
ERROR	request_1: Failed to build request: Resource /normaluserslist/0001_request.json not found 	1619892244568
USER	NormalUsersList	START	1619892244759
ERROR	request_1: Failed to build request: Resource /normaluserslist/0001_request.json not found 	1619892244804
ERROR	request_1: Failed to build request: Resource /normaluserslist/0001_request.json not found 	1619892244804
REQUEST		request_0	1619892244760	1619892244963	OK	 
REQUEST		request_3	1619892244827	1619892245040	OK	 
ERROR	request_4: Failed to build request: Resource /normaluserslist/0004_request.json not found 	1619892245041
ERROR	request_7: Failed to build request: Resource /normaluserslist/0007_request.json not found 	1619892245043
ERROR	request_8: Failed to build request: Resource /normaluserslist/0008_request.json not found 	1619892245043
REQUEST		request_5	1619892245045	1619892245101	OK	 
ERROR	request_1: Failed to build request: Resource /normaluserslist/0001_request.json not found 	1619892245197
REQUEST		request_6	1619892245048	1619892245243	OK	 
REQUEST		request_3	1619892245089	1619892245295	OK	 
ERROR	request_4: Failed to build request: Resource /normaluserslist/0004_request.json not found 	1619892245296
ERROR	request_7: Failed to build request: Resource /normaluserslist/0007_request.json not found 	1619892245297
ERROR	request_8: Failed to build request: Resource /normaluserslist/0008_request.json not found 	1619892245297
REQUEST		request_5	1619892245298	1619892245352	OK	 
ERROR	request_1: Failed to build request: Resource /normaluserslist/0001_request.json not found 	1619892245393
USER	NormalUsersList	START	1619892245409
REQUEST		request_3	1619892245252	1619892245445	OK	 
ERROR	request_4: Failed to build request: Resource /normaluserslist/0004_request.json not found 	1619892245446
ERROR	request_7: Failed to build request: Resource /normaluserslist/0007_request.json not found 	1619892245448
ERROR	request_8: Failed to build request: Resource /normaluserslist/0008_request.json not found 	1619892245448
REQUEST		request_6	1619892245300	1619892245485	OK	 
REQUEST		request_5	1619892245450	1619892245500	OK	 
REQUEST		request_0	1619892245409	1619892245604	OK	 
REQUEST		request_6	1619892245452	1619892245653	OK	 
USER	NormalUsersList	START	1619892245666
REQUEST		request_0	1619892245667	1619892245866	OK	 
REQUEST		request_9	1619892246249	1619892246329	OK	 
USER	NormalUsersList	END	1619892246335
REQUEST		request_2	1619892246451	1619892246507	OK	 
USER	NormalUsersList	START	1619892246514
USER	NormalUsersList	START	1619892246561
REQUEST		request_9	1619892246498	1619892246588	OK	 
USER	NormalUsersList	END	1619892246594
REQUEST		request_3	1619892246405	1619892246610	OK	 
ERROR	request_4: Failed to build request: Resource /normaluserslist/0004_request.json not found 	1619892246611
ERROR	request_7: Failed to build request: Resource /normaluserslist/0007_request.json not found 	1619892246612
ERROR	request_8: Failed to build request: Resource /normaluserslist/0008_request.json not found 	1619892246612
REQUEST		request_2	1619892246576	1619892246631	OK	 
REQUEST		request_5	1619892246614	1619892246663	OK	 
REQUEST		request_0	1619892246515	1619892246735	OK	 
REQUEST		request_9	1619892246668	1619892246752	OK	 
USER	NormalUsersList	END	1619892246756
REQUEST		request_0	1619892246562	1619892246760	OK	 
USER	NormalUsersList	START	1619892246823
REQUEST		request_6	1619892246615	1619892246834	OK	 
REQUEST		request_2	1619892246807	1619892246864	OK	 
REQUEST		request_2	1619892246823	1619892246885	OK	 
REQUEST		request_0	1619892246824	1619892247019	OK	 
USER	NormalUsersList	START	1619892247246
REQUEST		request_2	1619892247216	1619892247266	OK	 
USER	NormalUsersList	START	1619892247322
REQUEST		request_0	1619892247246	1619892247440	OK	 
REQUEST		request_2	1619892247400	1619892247450	OK	 
REQUEST		request_0	1619892247323	1619892247526	OK	 
REQUEST		request_3	1619892247691	1619892247897	OK	 
ERROR	request_4: Failed to build request: Resource /normaluserslist/0004_request.json not found 	1619892247898
ERROR	request_7: Failed to build request: Resource /normaluserslist/0007_request.json not found 	1619892247898
ERROR	request_8: Failed to build request: Resource /normaluserslist/0008_request.json not found 	1619892247898
REQUEST		request_3	1619892247706	1619892247925	OK	 
ERROR	request_4: Failed to build request: Resource /normaluserslist/0004_request.json not found 	1619892247927
ERROR	request_7: Failed to build request: Resource /normaluserslist/0007_request.json not found 	1619892247927
ERROR	request_8: Failed to build request: Resource /normaluserslist/0008_request.json not found 	1619892247927
REQUEST		request_9	1619892247846	1619892247933	OK	 
USER	NormalUsersList	END	1619892247935
REQUEST		request_5	1619892247898	1619892247952	OK	 
REQUEST		request_5	1619892247928	1619892247984	OK	 
ERROR	request_1: Failed to build request: Resource /normaluserslist/0001_request.json not found 	1619892248060
ERROR	request_1: Failed to build request: Resource /normaluserslist/0001_request.json not found 	1619892248074
REQUEST		request_6	1619892247899	1619892248105	OK	 
REQUEST		request_6	1619892247928	1619892248143	OK	 
REQUEST		request_3	1619892247982	1619892248187	OK	 
ERROR	request_4: Failed to build request: Resource /normaluserslist/0004_request.json not found 	1619892248187
ERROR	request_7: Failed to build request: Resource /normaluserslist/0007_request.json not found 	1619892248187
ERROR	request_8: Failed to build request: Resource /normaluserslist/0008_request.json not found 	1619892248187
REQUEST		request_3	1619892248012	1619892248198	OK	 
ERROR	request_4: Failed to build request: Resource /normaluserslist/0004_request.json not found 	1619892248199
ERROR	request_7: Failed to build request: Resource /normaluserslist/0007_request.json not found 	1619892248200
ERROR	request_8: Failed to build request: Resource /normaluserslist/0008_request.json not found 	1619892248200
REQUEST		request_5	1619892248188	1619892248245	OK	 
REQUEST		request_5	1619892248200	1619892248250	OK	 
REQUEST		request_3	1619892248104	1619892248300	OK	 
ERROR	request_4: Failed to build request: Resource /normaluserslist/0004_request.json not found 	1619892248300
ERROR	request_7: Failed to build request: Resource /normaluserslist/0007_request.json not found 	1619892248300
ERROR	request_8: Failed to build request: Resource /normaluserslist/0008_request.json not found 	1619892248300
REQUEST		request_5	1619892248301	1619892248352	OK	 
REQUEST		request_6	1619892248189	1619892248375	OK	 
REQUEST		request_6	1619892248201	1619892248396	OK	 
USER	NormalUsersList	START	1619892248459
REQUEST		request_6	1619892248302	1619892248491	OK	 
REQUEST		request_0	1619892248459	1619892248656	OK	 
USER	NormalUsersList	START	1619892248690
REQUEST		request_0	1619892248691	1619892248906	OK	 
ERROR	request_1: Failed to build request: Resource /normaluserslist/0001_request.json not found 	1619892248971
REQUEST		request_9	1619892249110	1619892249193	OK	 
USER	NormalUsersList	END	1619892249195
REQUEST		request_9	1619892249155	1619892249232	OK	 
USER	NormalUsersList	END	1619892249234
REQUEST		request_9	1619892249385	1619892249465	OK	 
USER	NormalUsersList	END	1619892249467
REQUEST		request_9	1619892249400	1619892249486	OK	 
USER	NormalUsersList	END	1619892249487
USER	NormalUsersList	START	1619892249571
REQUEST		request_9	1619892249493	1619892249573	OK	 
USER	NormalUsersList	END	1619892249575
ERROR	request_1: Failed to build request: Resource /normaluserslist/0001_request.json not found 	1619892249617
REQUEST		request_0	1619892249572	1619892249781	OK	 
ERROR	request_1: Failed to build request: Resource /normaluserslist/0001_request.json not found 	1619892249880
REQUEST		request_2	1619892250068	1619892250130	OK	 
REQUEST		request_2	1619892250083	1619892250131	OK	 
USER	NormalUsersList	START	1619892250144
REQUEST		request_0	1619892250144	1619892250339	OK	 
REQUEST		request_3	1619892250516	1619892250709	OK	 
ERROR	request_4: Failed to build request: Resource /normaluserslist/0004_request.json not found 	1619892250710
ERROR	request_7: Failed to build request: Resource /normaluserslist/0007_request.json not found 	1619892250711
ERROR	request_8: Failed to build request: Resource /normaluserslist/0008_request.json not found 	1619892250711
ERROR	request_1: Failed to build request: Resource /normaluserslist/0001_request.json not found 	1619892250747
REQUEST		request_5	1619892250712	1619892250759	OK	 
ERROR	request_1: Failed to build request: Resource /normaluserslist/0001_request.json not found 	1619892250762
REQUEST		request_3	1619892250639	1619892250832	OK	 
ERROR	request_4: Failed to build request: Resource /normaluserslist/0004_request.json not found 	1619892250833
ERROR	request_7: Failed to build request: Resource /normaluserslist/0007_request.json not found 	1619892250833
ERROR	request_8: Failed to build request: Resource /normaluserslist/0008_request.json not found 	1619892250834
USER	NormalUsersList	START	1619892250873
REQUEST		request_5	1619892250835	1619892250904	OK	 
REQUEST		request_6	1619892250714	1619892250909	OK	 
ERROR	request_1: Failed to build request: Resource /normaluserslist/0001_request.json not found 	1619892251026
REQUEST		request_2	1619892250980	1619892251030	OK	 
REQUEST		request_6	1619892250836	1619892251051	OK	 
REQUEST		request_3	1619892250873	1619892251071	OK	 
ERROR	request_4: Failed to build request: Resource /normaluserslist/0004_request.json not found 	1619892251075
REQUEST		request_0	1619892250874	1619892251074	OK	 
ERROR	request_7: Failed to build request: Resource /normaluserslist/0007_request.json not found 	1619892251076
ERROR	request_8: Failed to build request: Resource /normaluserslist/0008_request.json not found 	1619892251076
REQUEST		request_3	1619892250888	1619892251092	OK	 
ERROR	request_4: Failed to build request: Resource /normaluserslist/0004_request.json not found 	1619892251093
ERROR	request_7: Failed to build request: Resource /normaluserslist/0007_request.json not found 	1619892251093
ERROR	request_8: Failed to build request: Resource /normaluserslist/0008_request.json not found 	1619892251093
REQUEST		request_5	1619892251077	1619892251132	OK	 
REQUEST		request_5	1619892251094	1619892251164	OK	 
REQUEST		request_6	1619892251079	1619892251277	OK	 
USER	NormalUsersList	START	1619892251301
REQUEST		request_6	1619892251095	1619892251309	OK	 
USER	NormalUsersList	START	1619892251455
ERROR	request_1: Failed to build request: Resource /normaluserslist/0001_request.json not found 	1619892251457
REQUEST		request_3	1619892251270	1619892251461	OK	 
ERROR	request_4: Failed to build request: Resource /normaluserslist/0004_request.json not found 	1619892251462
ERROR	request_7: Failed to build request: Resource /normaluserslist/0007_request.json not found 	1619892251462
ERROR	request_8: Failed to build request: Resource /normaluserslist/0008_request.json not found 	1619892251462
REQUEST		request_0	1619892251301	1619892251504	OK	 
REQUEST		request_5	1619892251463	1619892251517	OK	 
ERROR	request_1: Failed to build request: Resource /normaluserslist/0001_request.json not found 	1619892251531
REQUEST		request_3	1619892251454	1619892251652	OK	 
ERROR	request_4: Failed to build request: Resource /normaluserslist/0004_request.json not found 	1619892251653
ERROR	request_7: Failed to build request: Resource /normaluserslist/0007_request.json not found 	1619892251655
ERROR	request_8: Failed to build request: Resource /normaluserslist/0008_request.json not found 	1619892251655
REQUEST		request_0	1619892251455	1619892251656	OK	 
REQUEST		request_6	1619892251464	1619892251678	OK	 
REQUEST		request_2	1619892251624	1619892251678	OK	 
REQUEST		request_5	1619892251657	1619892251707	OK	 
USER	NormalUsersList	START	1619892251764
REQUEST		request_6	1619892251659	1619892251866	OK	 
REQUEST		request_2	1619892251889	1619892251945	OK	 
REQUEST		request_0	1619892251765	1619892251967	OK	 
REQUEST		request_9	1619892251919	1619892252005	OK	 
USER	NormalUsersList	END	1619892252010
REQUEST		request_9	1619892252058	1619892252140	OK	 
USER	NormalUsersList	END	1619892252143
REQUEST		request_9	1619892252289	1619892252368	OK	 
USER	NormalUsersList	END	1619892252370
REQUEST		request_9	1619892252319	1619892252400	OK	 
USER	NormalUsersList	END	1619892252402
ERROR	request_1: Failed to build request: Resource /normaluserslist/0001_request.json not found 	1619892252661
REQUEST		request_9	1619892252693	1619892252777	OK	 
USER	NormalUsersList	END	1619892252780
REQUEST		request_2	1619892252755	1619892252810	OK	 
REQUEST		request_2	1619892252771	1619892252828	OK	 
ERROR	request_1: Failed to build request: Resource /normaluserslist/0001_request.json not found 	1619892252910
REQUEST		request_9	1619892252879	1619892252962	OK	 
USER	NormalUsersList	END	1619892252967
REQUEST		request_2	1619892253034	1619892253086	OK	 
REQUEST		request_2	1619892253473	1619892253527	OK	 
REQUEST		request_2	1619892253535	1619892253589	OK	 
ERROR	request_1: Failed to build request: Resource /normaluserslist/0001_request.json not found 	1619892253784
USER	NormalUsersList	START	1619892253831
USER	NormalUsersList	START	1619892253956
REQUEST		request_0	1619892253832	1619892254033	OK	 
REQUEST		request_0	1619892253957	1619892254153	OK	 
USER	NormalUsersList	START	1619892254171
USER	NormalUsersList	START	1619892254232
REQUEST		request_3	1619892254140	1619892254335	OK	 
ERROR	request_4: Failed to build request: Resource /normaluserslist/0004_request.json not found 	1619892254336
ERROR	request_7: Failed to build request: Resource /normaluserslist/0007_request.json not found 	1619892254336
ERROR	request_8: Failed to build request: Resource /normaluserslist/0008_request.json not found 	1619892254336
REQUEST		request_3	1619892254140	1619892254339	OK	 
ERROR	request_4: Failed to build request: Resource /normaluserslist/0004_request.json not found 	1619892254339
ERROR	request_7: Failed to build request: Resource /normaluserslist/0007_request.json not found 	1619892254340
ERROR	request_8: Failed to build request: Resource /normaluserslist/0008_request.json not found 	1619892254340
ERROR	request_1: Failed to build request: Resource /normaluserslist/0001_request.json not found 	1619892254355
REQUEST		request_0	1619892254171	1619892254359	OK	 
REQUEST		request_5	1619892254337	1619892254383	OK	 
REQUEST		request_5	1619892254340	1619892254390	OK	 
REQUEST		request_0	1619892254233	1619892254431	OK	 
REQUEST		request_6	1619892254341	1619892254529	OK	 
REQUEST		request_6	1619892254337	1619892254535	OK	 
REQUEST		request_2	1619892254668	1619892254716	OK	 
USER	NormalUsersList	START	1619892254729
REQUEST		request_0	1619892254729	1619892254934	OK	 
REQUEST		request_2	1619892254928	1619892254984	OK	 
ERROR	request_1: Failed to build request: Resource /normaluserslist/0001_request.json not found 	1619892255081
REQUEST		request_3	1619892255035	1619892255222	OK	 
ERROR	request_4: Failed to build request: Resource /normaluserslist/0004_request.json not found 	1619892255223
ERROR	request_7: Failed to build request: Resource /normaluserslist/0007_request.json not found 	1619892255224
ERROR	request_8: Failed to build request: Resource /normaluserslist/0008_request.json not found 	1619892255224
REQUEST		request_5	1619892255225	1619892255278	OK	 
REQUEST		request_6	1619892255226	1619892255412	OK	 
ERROR	request_1: Failed to build request: Resource /normaluserslist/0001_request.json not found 	1619892255515
REQUEST		request_9	1619892255530	1619892255620	OK	 
REQUEST		request_9	1619892255546	1619892255625	OK	 
USER	NormalUsersList	END	1619892255626
USER	NormalUsersList	END	1619892255627
ERROR	request_1: Failed to build request: Resource /normaluserslist/0001_request.json not found 	1619892255670
REQUEST		request_2	1619892255793	1619892255843	OK	 
REQUEST		request_3	1619892255687	1619892255886	OK	 
ERROR	request_4: Failed to build request: Resource /normaluserslist/0004_request.json not found 	1619892255886
ERROR	request_7: Failed to build request: Resource /normaluserslist/0007_request.json not found 	1619892255887
ERROR	request_8: Failed to build request: Resource /normaluserslist/0008_request.json not found 	1619892255887
REQUEST		request_5	1619892255888	1619892255942	OK	 
USER	NormalUsersList	START	1619892255951
ERROR	request_1: Failed to build request: Resource /normaluserslist/0001_request.json not found 	1619892255981
REQUEST		request_6	1619892255889	1619892256080	OK	 
REQUEST		request_0	1619892255952	1619892256149	OK	 
REQUEST		request_3	1619892255950	1619892256154	OK	 
ERROR	request_4: Failed to build request: Resource /normaluserslist/0004_request.json not found 	1619892256155
ERROR	request_7: Failed to build request: Resource /normaluserslist/0007_request.json not found 	1619892256155
ERROR	request_8: Failed to build request: Resource /normaluserslist/0008_request.json not found 	1619892256155
REQUEST		request_5	1619892256156	1619892256210	OK	 
USER	NormalUsersList	START	1619892256256
REQUEST		request_6	1619892256157	1619892256347	OK	 
REQUEST		request_2	1619892256363	1619892256418	OK	 
REQUEST		request_0	1619892256257	1619892256451	OK	 
REQUEST		request_9	1619892256424	1619892256503	OK	 
USER	NormalUsersList	END	1619892256508
USER	NormalUsersList	START	1619892256627
USER	NormalUsersList	START	1619892256766
USER	NormalUsersList	START	1619892256782
REQUEST		request_0	1619892256628	1619892256828	OK	 
REQUEST		request_0	1619892256767	1619892256970	OK	 
REQUEST		request_0	1619892256782	1619892256987	OK	 
REQUEST		request_3	1619892256814	1619892257008	OK	 
ERROR	request_4: Failed to build request: Resource /normaluserslist/0004_request.json not found 	1619892257008
ERROR	request_7: Failed to build request: Resource /normaluserslist/0007_request.json not found 	1619892257009
ERROR	request_8: Failed to build request: Resource /normaluserslist/0008_request.json not found 	1619892257010
REQUEST		request_3	1619892256845	1619892257040	OK	 
ERROR	request_4: Failed to build request: Resource /normaluserslist/0004_request.json not found 	1619892257040
ERROR	request_7: Failed to build request: Resource /normaluserslist/0007_request.json not found 	1619892257041
ERROR	request_8: Failed to build request: Resource /normaluserslist/0008_request.json not found 	1619892257041
REQUEST		request_5	1619892257011	1619892257058	OK	 
REQUEST		request_5	1619892257042	1619892257097	OK	 
REQUEST		request_2	1619892257089	1619892257147	OK	 
REQUEST		request_9	1619892257092	1619892257178	OK	 
USER	NormalUsersList	END	1619892257182
REQUEST		request_6	1619892257012	1619892257200	OK	 
USER	NormalUsersList	START	1619892257230
REQUEST		request_6	1619892257043	1619892257236	OK	 
REQUEST		request_3	1619892257092	1619892257297	OK	 
ERROR	request_4: Failed to build request: Resource /normaluserslist/0004_request.json not found 	1619892257298
ERROR	request_7: Failed to build request: Resource /normaluserslist/0007_request.json not found 	1619892257298
ERROR	request_8: Failed to build request: Resource /normaluserslist/0008_request.json not found 	1619892257299
REQUEST		request_5	1619892257299	1619892257352	OK	 
REQUEST		request_0	1619892257231	1619892257425	OK	 
REQUEST		request_9	1619892257354	1619892257433	OK	 
USER	NormalUsersList	END	1619892257445
REQUEST		request_6	1619892257300	1619892257492	OK	 
USER	NormalUsersList	START	1619892257540
REQUEST		request_2	1619892257524	1619892257576	OK	 
USER	NormalUsersList	START	1619892257697
REQUEST		request_3	1619892257540	1619892257729	OK	 
ERROR	request_4: Failed to build request: Resource /normaluserslist/0004_request.json not found 	1619892257730
ERROR	request_7: Failed to build request: Resource /normaluserslist/0007_request.json not found 	1619892257730
ERROR	request_8: Failed to build request: Resource /normaluserslist/0008_request.json not found 	1619892257730
REQUEST		request_2	1619892257679	1619892257741	OK	 
REQUEST		request_0	1619892257540	1619892257742	OK	 
REQUEST		request_5	1619892257731	1619892257782	OK	 
REQUEST		request_3	1619892257601	1619892257805	OK	 
ERROR	request_4: Failed to build request: Resource /normaluserslist/0004_request.json not found 	1619892257805
ERROR	request_7: Failed to build request: Resource /normaluserslist/0007_request.json not found 	1619892257806
ERROR	request_8: Failed to build request: Resource /normaluserslist/0008_request.json not found 	1619892257806
REQUEST		request_5	1619892257806	1619892257853	OK	 
REQUEST		request_0	1619892257697	1619892257902	OK	 
REQUEST		request_6	1619892257732	1619892257923	OK	 
REQUEST		request_6	1619892257807	1619892257991	OK	 
REQUEST		request_2	1619892257992	1619892258040	OK	 
ERROR	request_1: Failed to build request: Resource /normaluserslist/0001_request.json not found 	1619892258051
ERROR	request_1: Failed to build request: Resource /normaluserslist/0001_request.json not found 	1619892258163
REQUEST		request_9	1619892258207	1619892258281	OK	 
USER	NormalUsersList	END	1619892258283
REQUEST		request_9	1619892258253	1619892258344	OK	 
USER	NormalUsersList	END	1619892258346
ERROR	request_1: Failed to build request: Resource /normaluserslist/0001_request.json not found 	1619892258375
ERROR	request_1: Failed to build request: Resource /normaluserslist/0001_request.json not found 	1619892258437
REQUEST		request_9	1619892258499	1619892258581	OK	 
USER	NormalUsersList	END	1619892258585
REQUEST		request_3	1619892258731	1619892258926	OK	 
ERROR	request_4: Failed to build request: Resource /normaluserslist/0004_request.json not found 	1619892258926
ERROR	request_7: Failed to build request: Resource /normaluserslist/0007_request.json not found 	1619892258927
ERROR	request_8: Failed to build request: Resource /normaluserslist/0008_request.json not found 	1619892258927
ERROR	request_1: Failed to build request: Resource /normaluserslist/0001_request.json not found 	1619892258949
REQUEST		request_5	1619892258927	1619892258980	OK	 
REQUEST		request_9	1619892258933	1619892259006	OK	 
USER	NormalUsersList	END	1619892259008
USER	NormalUsersList	START	1619892259029
REQUEST		request_9	1619892258996	1619892259074	OK	 
USER	NormalUsersList	END	1619892259076
REQUEST		request_6	1619892258928	1619892259104	OK	 
REQUEST		request_3	1619892258996	1619892259196	OK	 
ERROR	request_4: Failed to build request: Resource /normaluserslist/0004_request.json not found 	1619892259197
ERROR	request_7: Failed to build request: Resource /normaluserslist/0007_request.json not found 	1619892259197
ERROR	request_8: Failed to build request: Resource /normaluserslist/0008_request.json not found 	1619892259198
REQUEST		request_0	1619892259029	1619892259229	OK	 
REQUEST		request_5	1619892259198	1619892259249	OK	 
REQUEST		request_6	1619892259199	1619892259390	OK	 
USER	NormalUsersList	START	1619892259868
REQUEST		request_3	1619892259853	1619892260059	OK	 
ERROR	request_4: Failed to build request: Resource /normaluserslist/0004_request.json not found 	1619892260059
ERROR	request_7: Failed to build request: Resource /normaluserslist/0007_request.json not found 	1619892260060
ERROR	request_8: Failed to build request: Resource /normaluserslist/0008_request.json not found 	1619892260060
REQUEST		request_0	1619892259869	1619892260066	OK	 
REQUEST		request_2	1619892260054	1619892260104	OK	 
REQUEST		request_5	1619892260060	1619892260115	OK	 
ERROR	request_1: Failed to build request: Resource /normaluserslist/0001_request.json not found 	1619892260164
REQUEST		request_9	1619892260116	1619892260196	OK	 
USER	NormalUsersList	END	1619892260198
REQUEST		request_2	1619892260179	1619892260233	OK	 
REQUEST		request_6	1619892260060	1619892260268	OK	 
USER	NormalUsersList	START	1619892260412
REQUEST		request_2	1619892260381	1619892260434	OK	 
ERROR	request_1: Failed to build request: Resource /normaluserslist/0001_request.json not found 	1619892260459
REQUEST		request_9	1619892260397	1619892260489	OK	 
USER	NormalUsersList	END	1619892260494
REQUEST		request_2	1619892260443	1619892260495	OK	 
REQUEST		request_0	1619892260413	1619892260627	OK	 
REQUEST		request_3	1619892260428	1619892260629	OK	 
ERROR	request_4: Failed to build request: Resource /normaluserslist/0004_request.json not found 	1619892260629
ERROR	request_7: Failed to build request: Resource /normaluserslist/0007_request.json not found 	1619892260630
ERROR	request_8: Failed to build request: Resource /normaluserslist/0008_request.json not found 	1619892260630
REQUEST		request_5	1619892260631	1619892260688	OK	 
ERROR	request_1: Failed to build request: Resource /normaluserslist/0001_request.json not found 	1619892260831
REQUEST		request_6	1619892260633	1619892260839	OK	 
ERROR	request_1: Failed to build request: Resource /normaluserslist/0001_request.json not found 	1619892260986
ERROR	request_1: Failed to build request: Resource /normaluserslist/0001_request.json not found 	1619892261001
REQUEST		request_2	1619892260955	1619892261009	OK	 
USER	NormalUsersList	START	1619892261018
REQUEST		request_0	1619892261019	1619892261204	OK	 
USER	NormalUsersList	START	1619892261245
REQUEST		request_3	1619892261152	1619892261354	OK	 
ERROR	request_4: Failed to build request: Resource /normaluserslist/0004_request.json not found 	1619892261354
ERROR	request_7: Failed to build request: Resource /normaluserslist/0007_request.json not found 	1619892261355
ERROR	request_8: Failed to build request: Resource /normaluserslist/0008_request.json not found 	1619892261355
REQUEST		request_9	1619892261274	1619892261357	OK	 
USER	NormalUsersList	END	1619892261359
REQUEST		request_5	1619892261355	1619892261412	OK	 
ERROR	request_1: Failed to build request: Resource /normaluserslist/0001_request.json not found 	1619892261429
REQUEST		request_0	1619892261245	1619892261448	OK	 
REQUEST		request_6	1619892261356	1619892261549	OK	 
ERROR	request_1: Failed to build request: Resource /normaluserslist/0001_request.json not found 	1619892261757
REQUEST		request_3	1619892261586	1619892261808	OK	 
ERROR	request_4: Failed to build request: Resource /normaluserslist/0004_request.json not found 	1619892261809
ERROR	request_7: Failed to build request: Resource /normaluserslist/0007_request.json not found 	1619892261810
ERROR	request_8: Failed to build request: Resource /normaluserslist/0008_request.json not found 	1619892261810
REQUEST		request_5	1619892261812	1619892261864	OK	 
ERROR	request_1: Failed to build request: Resource /normaluserslist/0001_request.json not found 	1619892261912
REQUEST		request_9	1619892261851	1619892261939	OK	 
USER	NormalUsersList	END	1619892261944
REQUEST		request_3	1619892261758	1619892261960	OK	 
ERROR	request_4: Failed to build request: Resource /normaluserslist/0004_request.json not found 	1619892261960
ERROR	request_7: Failed to build request: Resource /normaluserslist/0007_request.json not found 	1619892261961
ERROR	request_8: Failed to build request: Resource /normaluserslist/0008_request.json not found 	1619892261961
REQUEST		request_6	1619892261813	1619892262009	OK	 
REQUEST		request_5	1619892261962	1619892262011	OK	 
USER	NormalUsersList	START	1619892262052
REQUEST		request_6	1619892261964	1619892262164	OK	 
REQUEST		request_2	1619892262174	1619892262229	OK	 
REQUEST		request_3	1619892262052	1619892262245	OK	 
ERROR	request_4: Failed to build request: Resource /normaluserslist/0004_request.json not found 	1619892262245
ERROR	request_7: Failed to build request: Resource /normaluserslist/0007_request.json not found 	1619892262245
ERROR	request_8: Failed to build request: Resource /normaluserslist/0008_request.json not found 	1619892262245
REQUEST		request_0	1619892262053	1619892262266	OK	 
REQUEST		request_5	1619892262246	1619892262298	OK	 
REQUEST		request_6	1619892262247	1619892262444	OK	 
REQUEST		request_2	1619892262468	1619892262517	OK	 
REQUEST		request_9	1619892262560	1619892262643	OK	 
USER	NormalUsersList	END	1619892262718
REQUEST		request_2	1619892262842	1619892262891	OK	 
USER	NormalUsersList	START	1619892263030
REQUEST		request_2	1619892262997	1619892263048	OK	 
REQUEST		request_2	1619892263013	1619892263065	OK	 
REQUEST		request_9	1619892263013	1619892263089	OK	 
USER	NormalUsersList	END	1619892263094
USER	NormalUsersList	START	1619892263121
REQUEST		request_0	1619892263030	1619892263239	OK	 
ERROR	request_1: Failed to build request: Resource /normaluserslist/0001_request.json not found 	1619892263243
REQUEST		request_9	1619892263166	1619892263252	OK	 
USER	NormalUsersList	END	1619892263254
REQUEST		request_0	1619892263122	1619892263370	OK	 
USER	NormalUsersList	START	1619892263445
REQUEST		request_2	1619892263444	1619892263498	OK	 
REQUEST		request_9	1619892263459	1619892263538	OK	 
USER	NormalUsersList	END	1619892263541
REQUEST		request_0	1619892263445	1619892263648	OK	 
REQUEST		request_2	1619892263767	1619892263823	OK	 
USER	NormalUsersList	START	1619892263829
REQUEST		request_2	1619892263922	1619892263972	OK	 
REQUEST		request_0	1619892263830	1619892264028	OK	 
ERROR	request_1: Failed to build request: Resource /normaluserslist/0001_request.json not found 	1619892264078
REQUEST		request_3	1619892264110	1619892264317	OK	 
ERROR	request_4: Failed to build request: Resource /normaluserslist/0004_request.json not found 	1619892264318
ERROR	request_7: Failed to build request: Resource /normaluserslist/0007_request.json not found 	1619892264321
ERROR	request_8: Failed to build request: Resource /normaluserslist/0008_request.json not found 	1619892264321
REQUEST		request_5	1619892264322	1619892264375	OK	 
REQUEST		request_3	1619892264250	1619892264447	OK	 
ERROR	request_4: Failed to build request: Resource /normaluserslist/0004_request.json not found 	1619892264447
ERROR	request_7: Failed to build request: Resource /normaluserslist/0007_request.json not found 	1619892264447
ERROR	request_8: Failed to build request: Resource /normaluserslist/0008_request.json not found 	1619892264447
REQUEST		request_5	1619892264448	1619892264498	OK	 
REQUEST		request_6	1619892264324	1619892264518	OK	 
REQUEST		request_6	1619892264448	1619892264633	OK	 
ERROR	request_1: Failed to build request: Resource /normaluserslist/0001_request.json not found 	1619892264637
REQUEST		request_3	1619892264449	1619892264643	OK	 
ERROR	request_4: Failed to build request: Resource /normaluserslist/0004_request.json not found 	1619892264643
ERROR	request_7: Failed to build request: Resource /normaluserslist/0007_request.json not found 	1619892264644
ERROR	request_8: Failed to build request: Resource /normaluserslist/0008_request.json not found 	1619892264644
REQUEST		request_5	1619892264645	1619892264695	OK	 
REQUEST		request_3	1619892264511	1619892264725	OK	 
ERROR	request_4: Failed to build request: Resource /normaluserslist/0004_request.json not found 	1619892264725
ERROR	request_7: Failed to build request: Resource /normaluserslist/0007_request.json not found 	1619892264726
ERROR	request_8: Failed to build request: Resource /normaluserslist/0008_request.json not found 	1619892264726
REQUEST		request_5	1619892264727	1619892264780	OK	 
REQUEST		request_6	1619892264646	1619892264835	OK	 
REQUEST		request_6	1619892264729	1619892264926	OK	 
ERROR	request_1: Failed to build request: Resource /normaluserslist/0001_request.json not found 	1619892265207
REQUEST		request_3	1619892265022	1619892265223	OK	 
ERROR	request_4: Failed to build request: Resource /normaluserslist/0004_request.json not found 	1619892265224
ERROR	request_7: Failed to build request: Resource /normaluserslist/0007_request.json not found 	1619892265225
ERROR	request_8: Failed to build request: Resource /normaluserslist/0008_request.json not found 	1619892265225
REQUEST		request_5	1619892265227	1619892265281	OK	 
REQUEST		request_2	1619892265253	1619892265301	OK	 
REQUEST		request_6	1619892265228	1619892265441	OK	 
ERROR	request_1: Failed to build request: Resource /normaluserslist/0001_request.json not found 	1619892265452
USER	NormalUsersList	START	1619892265577
REQUEST		request_9	1619892265529	1619892265609	OK	 
USER	NormalUsersList	END	1619892265613
REQUEST		request_9	1619892265638	1619892265718	OK	 
USER	NormalUsersList	END	1619892265723
REQUEST		request_0	1619892265578	1619892265798	OK	 
REQUEST		request_9	1619892265840	1619892265920	OK	 
USER	NormalUsersList	START	1619892265920
USER	NormalUsersList	END	1619892265924
REQUEST		request_9	1619892265934	1619892266015	OK	 
USER	NormalUsersList	END	1619892266020
USER	NormalUsersList	START	1619892266028
REQUEST		request_0	1619892265920	1619892266128	OK	 
REQUEST		request_2	1619892266088	1619892266138	OK	 
REQUEST		request_0	1619892266029	1619892266231	OK	 
USER	NormalUsersList	START	1619892266261
ERROR	request_1: Failed to build request: Resource /normaluserslist/0001_request.json not found 	1619892266275
REQUEST		request_3	1619892266245	1619892266455	OK	 
ERROR	request_4: Failed to build request: Resource /normaluserslist/0004_request.json not found 	1619892266456
ERROR	request_7: Failed to build request: Resource /normaluserslist/0007_request.json not found 	1619892266457
ERROR	request_8: Failed to build request: Resource /normaluserslist/0008_request.json not found 	1619892266457
REQUEST		request_0	1619892266261	1619892266465	OK	 
REQUEST		request_5	1619892266459	1619892266510	OK	 
REQUEST		request_9	1619892266446	1619892266546	OK	 
USER	NormalUsersList	END	1619892266548
REQUEST		request_6	1619892266460	1619892266675	OK	 
REQUEST		request_2	1619892266648	1619892266703	OK	 
REQUEST		request_3	1619892266524	1619892266727	OK	 
ERROR	request_4: Failed to build request: Resource /normaluserslist/0004_request.json not found 	1619892266728
ERROR	request_7: Failed to build request: Resource /normaluserslist/0007_request.json not found 	1619892266729
ERROR	request_8: Failed to build request: Resource /normaluserslist/0008_request.json not found 	1619892266729
REQUEST		request_5	1619892266730	1619892266786	OK	 
REQUEST		request_6	1619892266731	1619892266928	OK	 
REQUEST		request_3	1619892266897	1619892267093	OK	 
ERROR	request_4: Failed to build request: Resource /normaluserslist/0004_request.json not found 	1619892267093
ERROR	request_7: Failed to build request: Resource /normaluserslist/0007_request.json not found 	1619892267094
ERROR	request_8: Failed to build request: Resource /normaluserslist/0008_request.json not found 	1619892267094
REQUEST		request_5	1619892267095	1619892267144	OK	 
ERROR	request_1: Failed to build request: Resource /normaluserslist/0001_request.json not found 	1619892267251
REQUEST		request_3	1619892267050	1619892267267	OK	 
ERROR	request_4: Failed to build request: Resource /normaluserslist/0004_request.json not found 	1619892267267
ERROR	request_7: Failed to build request: Resource /normaluserslist/0007_request.json not found 	1619892267269
ERROR	request_8: Failed to build request: Resource /normaluserslist/0008_request.json not found 	1619892267269
REQUEST		request_2	1619892267220	1619892267276	OK	 
REQUEST		request_3	1619892267082	1619892267284	OK	 
ERROR	request_4: Failed to build request: Resource /normaluserslist/0004_request.json not found 	1619892267285
ERROR	request_7: Failed to build request: Resource /normaluserslist/0007_request.json not found 	1619892267286
ERROR	request_8: Failed to build request: Resource /normaluserslist/0008_request.json not found 	1619892267286
REQUEST		request_6	1619892267096	1619892267296	OK	 
REQUEST		request_5	1619892267270	1619892267327	OK	 
REQUEST		request_5	1619892267287	1619892267335	OK	 
ERROR	request_1: Failed to build request: Resource /normaluserslist/0001_request.json not found 	1619892267375
REQUEST		request_6	1619892267272	1619892267467	OK	 
REQUEST		request_6	1619892267290	1619892267488	OK	 
REQUEST		request_2	1619892267467	1619892267515	OK	 
ERROR	request_1: Failed to build request: Resource /normaluserslist/0001_request.json not found 	1619892267650
REQUEST		request_3	1619892267512	1619892267720	OK	 
ERROR	request_4: Failed to build request: Resource /normaluserslist/0004_request.json not found 	1619892267720
ERROR	request_7: Failed to build request: Resource /normaluserslist/0007_request.json not found 	1619892267720
ERROR	request_8: Failed to build request: Resource /normaluserslist/0008_request.json not found 	1619892267720
REQUEST		request_9	1619892267682	1619892267764	OK	 
USER	NormalUsersList	END	1619892267765
REQUEST		request_5	1619892267720	1619892267766	OK	 
REQUEST		request_6	1619892267721	1619892267906	OK	 
REQUEST		request_9	1619892267931	1619892268010	OK	 
USER	NormalUsersList	END	1619892268014
ERROR	request_1: Failed to build request: Resource /normaluserslist/0001_request.json not found 	1619892268039
REQUEST		request_3	1619892267838	1619892268041	OK	 
ERROR	request_4: Failed to build request: Resource /normaluserslist/0004_request.json not found 	1619892268042
ERROR	request_7: Failed to build request: Resource /normaluserslist/0007_request.json not found 	1619892268043
ERROR	request_8: Failed to build request: Resource /normaluserslist/0008_request.json not found 	1619892268043
REQUEST		request_5	1619892268044	1619892268095	OK	 
REQUEST		request_3	1619892267977	1619892268177	OK	 
ERROR	request_4: Failed to build request: Resource /normaluserslist/0004_request.json not found 	1619892268178
ERROR	request_7: Failed to build request: Resource /normaluserslist/0007_request.json not found 	1619892268179
ERROR	request_8: Failed to build request: Resource /normaluserslist/0008_request.json not found 	1619892268179
REQUEST		request_5	1619892268180	1619892268231	OK	 
REQUEST		request_6	1619892268045	1619892268233	OK	 
REQUEST		request_2	1619892268286	1619892268335	OK	 
REQUEST		request_6	1619892268181	1619892268372	OK	 
REQUEST		request_9	1619892268301	1619892268386	OK	 
USER	NormalUsersList	END	1619892268390
USER	NormalUsersList	START	1619892268521
REQUEST		request_9	1619892268474	1619892268549	OK	 
USER	NormalUsersList	END	1619892268554
REQUEST		request_9	1619892268505	1619892268587	OK	 
USER	NormalUsersList	END	1619892268591
REQUEST		request_0	1619892268521	1619892268723	OK	 
USER	NormalUsersList	START	1619892268937
REQUEST		request_9	1619892268921	1619892269001	OK	 
USER	NormalUsersList	END	1619892269003
REQUEST		request_0	1619892268937	1619892269130	OK	 
REQUEST		request_2	1619892269263	1619892269313	OK	 
REQUEST		request_9	1619892269248	1619892269334	OK	 
USER	NormalUsersList	END	1619892269338
REQUEST		request_2	1619892269390	1619892269439	OK	 
REQUEST		request_9	1619892269388	1619892269469	OK	 
USER	NormalUsersList	END	1619892269475
REQUEST		request_3	1619892269311	1619892269508	OK	 
ERROR	request_4: Failed to build request: Resource /normaluserslist/0004_request.json not found 	1619892269509
ERROR	request_7: Failed to build request: Resource /normaluserslist/0007_request.json not found 	1619892269509
ERROR	request_8: Failed to build request: Resource /normaluserslist/0008_request.json not found 	1619892269510
REQUEST		request_5	1619892269510	1619892269558	OK	 
REQUEST		request_6	1619892269511	1619892269694	OK	 
REQUEST		request_2	1619892269661	1619892269712	OK	 
ERROR	request_1: Failed to build request: Resource /normaluserslist/0001_request.json not found 	1619892269815
REQUEST		request_2	1619892270048	1619892270100	OK	 
ERROR	request_1: Failed to build request: Resource /normaluserslist/0001_request.json not found 	1619892270140
ERROR	request_1: Failed to build request: Resource /normaluserslist/0001_request.json not found 	1619892270235
REQUEST		request_3	1619892270140	1619892270338	OK	 
ERROR	request_4: Failed to build request: Resource /normaluserslist/0004_request.json not found 	1619892270339
ERROR	request_7: Failed to build request: Resource /normaluserslist/0007_request.json not found 	1619892270340
ERROR	request_8: Failed to build request: Resource /normaluserslist/0008_request.json not found 	1619892270340
USER	NormalUsersList	START	1619892270374
REQUEST		request_5	1619892270341	1619892270400	OK	 
ERROR	request_1: Failed to build request: Resource /normaluserslist/0001_request.json not found 	1619892270483
REQUEST		request_6	1619892270343	1619892270533	OK	 
REQUEST		request_0	1619892270374	1619892270575	OK	 
REQUEST		request_9	1619892270702	1619892270782	OK	 
USER	NormalUsersList	END	1619892270786
REQUEST		request_3	1619892270717	1619892270920	OK	 
ERROR	request_4: Failed to build request: Resource /normaluserslist/0004_request.json not found 	1619892270921
ERROR	request_7: Failed to build request: Resource /normaluserslist/0007_request.json not found 	1619892270922
ERROR	request_8: Failed to build request: Resource /normaluserslist/0008_request.json not found 	1619892270922
USER	NormalUsersList	START	1619892270935
REQUEST		request_5	1619892270923	1619892270980	OK	 
REQUEST		request_6	1619892270925	1619892271133	OK	 
REQUEST		request_0	1619892270936	1619892271135	OK	 
USER	NormalUsersList	START	1619892271168
REQUEST		request_0	1619892271169	1619892271365	OK	 
REQUEST		request_3	1619892271290	1619892271479	OK	 
ERROR	request_4: Failed to build request: Resource /normaluserslist/0004_request.json not found 	1619892271480
ERROR	request_7: Failed to build request: Resource /normaluserslist/0007_request.json not found 	1619892271480
ERROR	request_8: Failed to build request: Resource /normaluserslist/0008_request.json not found 	1619892271480
REQUEST		request_5	1619892271481	1619892271535	OK	 
REQUEST		request_9	1619892271539	1619892271621	OK	 
USER	NormalUsersList	END	1619892271626
REQUEST		request_6	1619892271482	1619892271687	OK	 
REQUEST		request_3	1619892271523	1619892271718	OK	 
ERROR	request_4: Failed to build request: Resource /normaluserslist/0004_request.json not found 	1619892271718
ERROR	request_7: Failed to build request: Resource /normaluserslist/0007_request.json not found 	1619892271719
ERROR	request_8: Failed to build request: Resource /normaluserslist/0008_request.json not found 	1619892271719
REQUEST		request_5	1619892271719	1619892271768	OK	 
REQUEST		request_2	1619892271818	1619892271896	OK	 
REQUEST		request_6	1619892271720	1619892271920	OK	 
REQUEST		request_2	1619892272145	1619892272199	OK	 
REQUEST		request_9	1619892272145	1619892272226	OK	 
USER	NormalUsersList	END	1619892272230
REQUEST		request_2	1619892272252	1619892272310	OK	 
REQUEST		request_2	1619892272487	1619892272537	OK	 
REQUEST		request_3	1619892272345	1619892272549	OK	 
ERROR	request_4: Failed to build request: Resource /normaluserslist/0004_request.json not found 	1619892272550
ERROR	request_7: Failed to build request: Resource /normaluserslist/0007_request.json not found 	1619892272551
ERROR	request_8: Failed to build request: Resource /normaluserslist/0008_request.json not found 	1619892272551
REQUEST		request_5	1619892272552	1619892272612	OK	 
ERROR	request_1: Failed to build request: Resource /normaluserslist/0001_request.json not found 	1619892272737
REQUEST		request_6	1619892272554	1619892272739	OK	 
REQUEST		request_9	1619892272689	1619892272774	OK	 
USER	NormalUsersList	END	1619892272778
REQUEST		request_9	1619892272923	1619892273010	OK	 
USER	NormalUsersList	END	1619892273015
USER	NormalUsersList	START	1619892273066
ERROR	request_1: Failed to build request: Resource /normaluserslist/0001_request.json not found 	1619892273144
REQUEST		request_0	1619892273066	1619892273283	OK	 
REQUEST		request_3	1619892273315	1619892273501	OK	 
ERROR	request_4: Failed to build request: Resource /normaluserslist/0004_request.json not found 	1619892273502
ERROR	request_7: Failed to build request: Resource /normaluserslist/0007_request.json not found 	1619892273502
ERROR	request_8: Failed to build request: Resource /normaluserslist/0008_request.json not found 	1619892273503
REQUEST		request_5	1619892273504	1619892273557	OK	 
USER	NormalUsersList	START	1619892273642
REQUEST		request_3	1619892273456	1619892273652	OK	 
ERROR	request_4: Failed to build request: Resource /normaluserslist/0004_request.json not found 	1619892273653
ERROR	request_7: Failed to build request: Resource /normaluserslist/0007_request.json not found 	1619892273654
ERROR	request_8: Failed to build request: Resource /normaluserslist/0008_request.json not found 	1619892273654
REQUEST		request_6	1619892273505	1619892273699	OK	 
REQUEST		request_5	1619892273655	1619892273706	OK	 
REQUEST		request_9	1619892273751	1619892273840	OK	 
USER	NormalUsersList	END	1619892273846
REQUEST		request_6	1619892273656	1619892273849	OK	 
REQUEST		request_0	1619892273642	1619892273849	OK	 
REQUEST		request_3	1619892273719	1619892273915	OK	 
ERROR	request_4: Failed to build request: Resource /normaluserslist/0004_request.json not found 	1619892273916
ERROR	request_7: Failed to build request: Resource /normaluserslist/0007_request.json not found 	1619892273916
ERROR	request_8: Failed to build request: Resource /normaluserslist/0008_request.json not found 	1619892273917
REQUEST		request_5	1619892273918	1619892273966	OK	 
REQUEST		request_6	1619892273920	1619892274123	OK	 
REQUEST		request_3	1619892274106	1619892274319	OK	 
ERROR	request_4: Failed to build request: Resource /normaluserslist/0004_request.json not found 	1619892274319
ERROR	request_7: Failed to build request: Resource /normaluserslist/0007_request.json not found 	1619892274319
ERROR	request_8: Failed to build request: Resource /normaluserslist/0008_request.json not found 	1619892274320
REQUEST		request_5	1619892274320	1619892274369	OK	 
REQUEST		request_6	1619892274321	1619892274532	OK	 
ERROR	request_1: Failed to build request: Resource /normaluserslist/0001_request.json not found 	1619892274583
REQUEST		request_9	1619892274707	1619892274786	OK	 
USER	NormalUsersList	END	1619892274791
REQUEST		request_2	1619892274754	1619892274811	OK	 
REQUEST		request_9	1619892274862	1619892274939	OK	 
USER	NormalUsersList	END	1619892274941
ERROR	request_1: Failed to build request: Resource /normaluserslist/0001_request.json not found 	1619892275145
USER	NormalUsersList	START	1619892275191
REQUEST		request_9	1619892275129	1619892275212	OK	 
USER	NormalUsersList	END	1619892275214
REQUEST		request_2	1619892275160	1619892275219	OK	 
USER	NormalUsersList	START	1619892275329
ERROR	request_1: Failed to build request: Resource /normaluserslist/0001_request.json not found 	1619892275374
REQUEST		request_0	1619892275191	1619892275393	OK	 
REQUEST		request_0	1619892275329	1619892275528	OK	 
REQUEST		request_9	1619892275545	1619892275622	OK	 
USER	NormalUsersList	END	1619892275624
REQUEST		request_3	1619892275900	1619892276090	OK	 
ERROR	request_4: Failed to build request: Resource /normaluserslist/0004_request.json not found 	1619892276090
ERROR	request_7: Failed to build request: Resource /normaluserslist/0007_request.json not found 	1619892276090
ERROR	request_8: Failed to build request: Resource /normaluserslist/0008_request.json not found 	1619892276090
REQUEST		request_5	1619892276091	1619892276149	OK	 
USER	NormalUsersList	START	1619892276255
REQUEST		request_6	1619892276091	1619892276296	OK	 
USER	NormalUsersList	START	1619892276379
REQUEST		request_3	1619892276210	1619892276409	OK	 
ERROR	request_4: Failed to build request: Resource /normaluserslist/0004_request.json not found 	1619892276409
ERROR	request_7: Failed to build request: Resource /normaluserslist/0007_request.json not found 	1619892276409
ERROR	request_8: Failed to build request: Resource /normaluserslist/0008_request.json not found 	1619892276409
USER	NormalUsersList	START	1619892276439
REQUEST		request_5	1619892276410	1619892276461	OK	 
REQUEST		request_0	1619892276255	1619892276461	OK	 
REQUEST		request_3	1619892276317	1619892276529	OK	 
ERROR	request_4: Failed to build request: Resource /normaluserslist/0004_request.json not found 	1619892276529
ERROR	request_7: Failed to build request: Resource /normaluserslist/0007_request.json not found 	1619892276530
ERROR	request_8: Failed to build request: Resource /normaluserslist/0008_request.json not found 	1619892276530
REQUEST		request_0	1619892276379	1619892276573	OK	 
REQUEST		request_5	1619892276530	1619892276581	OK	 
REQUEST		request_6	1619892276411	1619892276613	OK	 
REQUEST		request_0	1619892276439	1619892276640	OK	 
REQUEST		request_2	1619892276592	1619892276645	OK	 
USER	NormalUsersList	START	1619892276652
REQUEST		request_6	1619892276531	1619892276714	OK	 
REQUEST		request_3	1619892276544	1619892276736	OK	 
ERROR	request_4: Failed to build request: Resource /normaluserslist/0004_request.json not found 	1619892276736
ERROR	request_7: Failed to build request: Resource /normaluserslist/0007_request.json not found 	1619892276736
ERROR	request_8: Failed to build request: Resource /normaluserslist/0008_request.json not found 	1619892276736
REQUEST		request_5	1619892276737	1619892276787	OK	 
REQUEST		request_0	1619892276653	1619892276836	OK	 
REQUEST		request_6	1619892276737	1619892276929	OK	 
USER	NormalUsersList	START	1619892277022
USER	NormalUsersList	START	1619892277067
USER	NormalUsersList	START	1619892277189
REQUEST		request_2	1619892277158	1619892277207	OK	 
REQUEST		request_0	1619892277022	1619892277223	OK	 
REQUEST		request_0	1619892277068	1619892277270	OK	 
ERROR	request_1: Failed to build request: Resource /normaluserslist/0001_request.json not found 	1619892277299
REQUEST		request_9	1619892277299	1619892277378	OK	 
USER	NormalUsersList	END	1619892277379
REQUEST		request_0	1619892277189	1619892277396	OK	 
REQUEST		request_2	1619892277377	1619892277433	OK	 
REQUEST		request_9	1619892277623	1619892277707	OK	 
USER	NormalUsersList	END	1619892277710
REQUEST		request_9	1619892277718	1619892277811	OK	 
USER	NormalUsersList	END	1619892277813
ERROR	request_1: Failed to build request: Resource /normaluserslist/0001_request.json not found 	1619892277858
REQUEST		request_9	1619892277936	1619892278045	OK	 
USER	NormalUsersList	END	1619892278047
USER	NormalUsersList	START	1619892278291
REQUEST		request_0	1619892278291	1619892278495	OK	 
USER	NormalUsersList	START	1619892278614
REQUEST		request_0	1619892278614	1619892278801	OK	 
REQUEST		request_3	1619892278816	1619892279006	OK	 
ERROR	request_4: Failed to build request: Resource /normaluserslist/0004_request.json not found 	1619892279007
ERROR	request_7: Failed to build request: Resource /normaluserslist/0007_request.json not found 	1619892279008
ERROR	request_8: Failed to build request: Resource /normaluserslist/0008_request.json not found 	1619892279008
REQUEST		request_5	1619892279009	1619892279060	OK	 
REQUEST		request_6	1619892279010	1619892279210	OK	 
REQUEST		request_2	1619892279311	1619892279367	OK	 
ERROR	request_1: Failed to build request: Resource /normaluserslist/0001_request.json not found 	1619892279403
REQUEST		request_3	1619892279233	1619892279427	OK	 
ERROR	request_4: Failed to build request: Resource /normaluserslist/0004_request.json not found 	1619892279427
ERROR	request_7: Failed to build request: Resource /normaluserslist/0007_request.json not found 	1619892279428
ERROR	request_8: Failed to build request: Resource /normaluserslist/0008_request.json not found 	1619892279428
REQUEST		request_5	1619892279429	1619892279479	OK	 
ERROR	request_1: Failed to build request: Resource /normaluserslist/0001_request.json not found 	1619892279545
REQUEST		request_6	1619892279429	1619892279618	OK	 
USER	NormalUsersList	START	1619892279903
REQUEST		request_2	1619892279871	1619892279919	OK	 
REQUEST		request_0	1619892279903	1619892280095	OK	 
REQUEST		request_9	1619892280212	1619892280291	OK	 
USER	NormalUsersList	END	1619892280293
ERROR	request_1: Failed to build request: Resource /normaluserslist/0001_request.json not found 	1619892280477
ERROR	request_1: Failed to build request: Resource /normaluserslist/0001_request.json not found 	1619892280588
ERROR	request_1: Failed to build request: Resource /normaluserslist/0001_request.json not found 	1619892280652
REQUEST		request_9	1619892280620	1619892280702	OK	 
USER	NormalUsersList	END	1619892280703
REQUEST		request_3	1619892280652	1619892280852	OK	 
ERROR	request_4: Failed to build request: Resource /normaluserslist/0004_request.json not found 	1619892280852
ERROR	request_1: Failed to build request: Resource /normaluserslist/0001_request.json not found 	1619892280852
ERROR	request_7: Failed to build request: Resource /normaluserslist/0007_request.json not found 	1619892280852
ERROR	request_8: Failed to build request: Resource /normaluserslist/0008_request.json not found 	1619892280853
REQUEST		request_5	1619892280853	1619892280906	OK	 
REQUEST		request_6	1619892280854	1619892281055	OK	 
USER	NormalUsersList	START	1619892281190
ERROR	request_1: Failed to build request: Resource /normaluserslist/0001_request.json not found 	1619892281237
ERROR	request_1: Failed to build request: Resource /normaluserslist/0001_request.json not found 	1619892281284
REQUEST		request_0	1619892281190	1619892281397	OK	 
ERROR	request_1: Failed to build request: Resource /normaluserslist/0001_request.json not found 	1619892281407
REQUEST		request_3	1619892281221	1619892281414	OK	 
ERROR	request_4: Failed to build request: Resource /normaluserslist/0004_request.json not found 	1619892281415
ERROR	request_7: Failed to build request: Resource /normaluserslist/0007_request.json not found 	1619892281415
ERROR	request_8: Failed to build request: Resource /normaluserslist/0008_request.json not found 	1619892281415
REQUEST		request_5	1619892281416	1619892281464	OK	 
REQUEST		request_2	1619892281408	1619892281467	OK	 
REQUEST		request_2	1619892281548	1619892281610	OK	 
REQUEST		request_6	1619892281417	1619892281639	OK	 
REQUEST		request_3	1619892281437	1619892281639	OK	 
ERROR	request_4: Failed to build request: Resource /normaluserslist/0004_request.json not found 	1619892281639
ERROR	request_7: Failed to build request: Resource /normaluserslist/0007_request.json not found 	1619892281639
ERROR	request_8: Failed to build request: Resource /normaluserslist/0008_request.json not found 	1619892281639
USER	NormalUsersList	START	1619892281642
REQUEST		request_5	1619892281640	1619892281693	OK	 
USER	NormalUsersList	START	1619892281826
REQUEST		request_6	1619892281640	1619892281834	OK	 
REQUEST		request_0	1619892281642	1619892281847	OK	 
USER	NormalUsersList	START	1619892281853
REQUEST		request_0	1619892281826	1619892282032	OK	 
REQUEST		request_0	1619892281853	1619892282042	OK	 
REQUEST		request_9	1619892282069	1619892282152	OK	 
USER	NormalUsersList	END	1619892282156
USER	NormalUsersList	START	1619892282200
REQUEST		request_0	1619892282200	1619892282390	OK	 
USER	NormalUsersList	START	1619892282401
ERROR	request_1: Failed to build request: Resource /normaluserslist/0001_request.json not found 	1619892282498
REQUEST		request_2	1619892282486	1619892282556	OK	 
REQUEST		request_0	1619892282402	1619892282615	OK	 
REQUEST		request_2	1619892282593	1619892282646	OK	 
REQUEST		request_9	1619892282641	1619892282723	OK	 
USER	NormalUsersList	END	1619892282727
REQUEST		request_2	1619892282656	1619892282729	OK	 
ERROR	request_1: Failed to build request: Resource /normaluserslist/0001_request.json not found 	1619892282812
REQUEST		request_2	1619892282858	1619892282912	OK	 
REQUEST		request_9	1619892282843	1619892282926	OK	 
USER	NormalUsersList	START	1619892282923
USER	NormalUsersList	END	1619892282932
USER	NormalUsersList	START	1619892283058
USER	NormalUsersList	START	1619892283119
REQUEST		request_0	1619892282924	1619892283133	OK	 
REQUEST		request_2	1619892283242	1619892283293	OK	 
REQUEST		request_0	1619892283058	1619892283301	OK	 
REQUEST		request_2	1619892283289	1619892283337	OK	 
REQUEST		request_0	1619892283119	1619892283349	OK	 
REQUEST		request_2	1619892283412	1619892283463	OK	 
REQUEST		request_3	1619892283382	1619892283598	OK	 
ERROR	request_4: Failed to build request: Resource /normaluserslist/0004_request.json not found 	1619892283598
ERROR	request_7: Failed to build request: Resource /normaluserslist/0007_request.json not found 	1619892283598
ERROR	request_8: Failed to build request: Resource /normaluserslist/0008_request.json not found 	1619892283598
USER	NormalUsersList	START	1619892283627
REQUEST		request_5	1619892283599	1619892283648	OK	 
REQUEST		request_6	1619892283600	1619892283785	OK	 
REQUEST		request_0	1619892283627	1619892283823	OK	 
REQUEST		request_3	1619892283920	1619892284107	OK	 
ERROR	request_4: Failed to build request: Resource /normaluserslist/0004_request.json not found 	1619892284107
ERROR	request_7: Failed to build request: Resource /normaluserslist/0007_request.json not found 	1619892284107
ERROR	request_8: Failed to build request: Resource /normaluserslist/0008_request.json not found 	1619892284107
ERROR	request_1: Failed to build request: Resource /normaluserslist/0001_request.json not found 	1619892284108
REQUEST		request_5	1619892284108	1619892284156	OK	 
USER	NormalUsersList	START	1619892284201
REQUEST		request_6	1619892284108	1619892284296	OK	 
USER	NormalUsersList	START	1619892284389
REQUEST		request_0	1619892284201	1619892284394	OK	 
REQUEST		request_2	1619892284514	1619892284567	OK	 
REQUEST		request_0	1619892284389	1619892284590	OK	 
REQUEST		request_9	1619892284791	1619892284867	OK	 
USER	NormalUsersList	END	1619892284871
REQUEST		request_2	1619892284822	1619892284876	OK	 
USER	NormalUsersList	START	1619892285016
REQUEST		request_0	1619892285018	1619892285216	OK	 
REQUEST		request_9	1619892285310	1619892285393	OK	 
USER	NormalUsersList	END	1619892285396
ERROR	request_1: Failed to build request: Resource /normaluserslist/0001_request.json not found 	1619892285402
USER	NormalUsersList	START	1619892285526
USER	NormalUsersList	START	1619892285648
REQUEST		request_3	1619892285479	1619892285686	OK	 
ERROR	request_4: Failed to build request: Resource /normaluserslist/0004_request.json not found 	1619892285687
ERROR	request_7: Failed to build request: Resource /normaluserslist/0007_request.json not found 	1619892285687
ERROR	request_8: Failed to build request: Resource /normaluserslist/0008_request.json not found 	1619892285687
REQUEST		request_0	1619892285527	1619892285717	OK	 
REQUEST		request_5	1619892285687	1619892285735	OK	 
USER	NormalUsersList	START	1619892285757
REQUEST		request_3	1619892285617	1619892285819	OK	 
ERROR	request_4: Failed to build request: Resource /normaluserslist/0004_request.json not found 	1619892285819
ERROR	request_7: Failed to build request: Resource /normaluserslist/0007_request.json not found 	1619892285819
ERROR	request_8: Failed to build request: Resource /normaluserslist/0008_request.json not found 	1619892285819
ERROR	request_1: Failed to build request: Resource /normaluserslist/0001_request.json not found 	1619892285848
REQUEST		request_0	1619892285649	1619892285851	OK	 
REQUEST		request_6	1619892285688	1619892285870	OK	 
REQUEST		request_5	1619892285820	1619892285870	OK	 
REQUEST		request_0	1619892285757	1619892285942	OK	 
REQUEST		request_6	1619892285820	1619892286025	OK	 
ERROR	request_1: Failed to build request: Resource /normaluserslist/0001_request.json not found 	1619892286034
ERROR	request_1: Failed to build request: Resource /normaluserslist/0001_request.json not found 	1619892286050
REQUEST		request_2	1619892286113	1619892286175	OK	 
ERROR	request_1: Failed to build request: Resource /normaluserslist/0001_request.json not found 	1619892286396
ERROR	request_1: Failed to build request: Resource /normaluserslist/0001_request.json not found 	1619892286631
REQUEST		request_3	1619892286569	1619892286802	OK	 
ERROR	request_4: Failed to build request: Resource /normaluserslist/0004_request.json not found 	1619892286802
ERROR	request_7: Failed to build request: Resource /normaluserslist/0007_request.json not found 	1619892286803
ERROR	request_8: Failed to build request: Resource /normaluserslist/0008_request.json not found 	1619892286803
REQUEST		request_3	1619892286661	1619892286850	OK	 
REQUEST		request_5	1619892286803	1619892286850	OK	 
ERROR	request_4: Failed to build request: Resource /normaluserslist/0004_request.json not found 	1619892286851
ERROR	request_7: Failed to build request: Resource /normaluserslist/0007_request.json not found 	1619892286851
ERROR	request_8: Failed to build request: Resource /normaluserslist/0008_request.json not found 	1619892286851
REQUEST		request_5	1619892286852	1619892286904	OK	 
REQUEST		request_3	1619892286738	1619892286947	OK	 
ERROR	request_4: Failed to build request: Resource /normaluserslist/0004_request.json not found 	1619892286947
ERROR	request_7: Failed to build request: Resource /normaluserslist/0007_request.json not found 	1619892286948
ERROR	request_8: Failed to build request: Resource /normaluserslist/0008_request.json not found 	1619892286948
REQUEST		request_9	1619892286879	1619892286965	OK	 
USER	NormalUsersList	END	1619892286970
REQUEST		request_5	1619892286949	1619892286998	OK	 
REQUEST		request_6	1619892286804	1619892286998	OK	 
REQUEST		request_6	1619892286852	1619892287057	OK	 
REQUEST		request_9	1619892287032	1619892287110	OK	 
USER	NormalUsersList	END	1619892287111
REQUEST		request_3	1619892286927	1619892287119	OK	 
ERROR	request_4: Failed to build request: Resource /normaluserslist/0004_request.json not found 	1619892287120
ERROR	request_7: Failed to build request: Resource /normaluserslist/0007_request.json not found 	1619892287120
ERROR	request_8: Failed to build request: Resource /normaluserslist/0008_request.json not found 	1619892287120
ERROR	request_1: Failed to build request: Resource /normaluserslist/0001_request.json not found 	1619892287138
REQUEST		request_6	1619892286950	1619892287150	OK	 
REQUEST		request_5	1619892287120	1619892287177	OK	 
ERROR	request_1: Failed to build request: Resource /normaluserslist/0001_request.json not found 	1619892287307
REQUEST		request_6	1619892287120	1619892287320	OK	 
ERROR	request_1: Failed to build request: Resource /normaluserslist/0001_request.json not found 	1619892287351
REQUEST		request_2	1619892287413	1619892287462	OK	 
REQUEST		request_3	1619892287307	1619892287502	OK	 
ERROR	request_4: Failed to build request: Resource /normaluserslist/0004_request.json not found 	1619892287503
ERROR	request_7: Failed to build request: Resource /normaluserslist/0007_request.json not found 	1619892287503
ERROR	request_8: Failed to build request: Resource /normaluserslist/0008_request.json not found 	1619892287503
REQUEST		request_3	1619892287351	1619892287531	OK	 
ERROR	request_4: Failed to build request: Resource /normaluserslist/0004_request.json not found 	1619892287531
ERROR	request_7: Failed to build request: Resource /normaluserslist/0007_request.json not found 	1619892287532
ERROR	request_8: Failed to build request: Resource /normaluserslist/0008_request.json not found 	1619892287532
REQUEST		request_5	1619892287503	1619892287559	OK	 
REQUEST		request_5	1619892287533	1619892287586	OK	 
REQUEST		request_3	1619892287474	1619892287671	OK	 
ERROR	request_4: Failed to build request: Resource /normaluserslist/0004_request.json not found 	1619892287672
ERROR	request_7: Failed to build request: Resource /normaluserslist/0007_request.json not found 	1619892287672
ERROR	request_8: Failed to build request: Resource /normaluserslist/0008_request.json not found 	1619892287673
REQUEST		request_6	1619892287503	1619892287702	OK	 
REQUEST		request_5	1619892287673	1619892287722	OK	 
REQUEST		request_6	1619892287533	1619892287735	OK	 
ERROR	request_1: Failed to build request: Resource /normaluserslist/0001_request.json not found 	1619892287831
REQUEST		request_6	1619892287674	1619892287874	OK	 
REQUEST		request_2	1619892287862	1619892287913	OK	 
REQUEST		request_9	1619892288003	1619892288081	OK	 
USER	NormalUsersList	END	1619892288086
REQUEST		request_2	1619892288049	1619892288098	OK	 
REQUEST		request_2	1619892288065	1619892288117	OK	 
REQUEST		request_9	1619892288065	1619892288148	OK	 
USER	NormalUsersList	END	1619892288151
REQUEST		request_9	1619892288159	1619892288241	OK	 
USER	NormalUsersList	END	1619892288243
ERROR	request_1: Failed to build request: Resource /normaluserslist/0001_request.json not found 	1619892288408
REQUEST		request_9	1619892288331	1619892288424	OK	 
USER	NormalUsersList	END	1619892288427
REQUEST		request_2	1619892288408	1619892288458	OK	 
ERROR	request_1: Failed to build request: Resource /normaluserslist/0001_request.json not found 	1619892288593
REQUEST		request_2	1619892288639	1619892288693	OK	 
REQUEST		request_3	1619892288577	1619892288763	OK	 
ERROR	request_4: Failed to build request: Resource /normaluserslist/0004_request.json not found 	1619892288764
ERROR	request_7: Failed to build request: Resource /normaluserslist/0007_request.json not found 	1619892288764
ERROR	request_8: Failed to build request: Resource /normaluserslist/0008_request.json not found 	1619892288764
REQUEST		request_9	1619892288717	1619892288797	OK	 
USER	NormalUsersList	END	1619892288800
REQUEST		request_5	1619892288765	1619892288816	OK	 
REQUEST		request_9	1619892288748	1619892288837	OK	 
USER	NormalUsersList	END	1619892288842
REQUEST		request_6	1619892288767	1619892288963	OK	 
REQUEST		request_9	1619892288888	1619892288970	OK	 
USER	NormalUsersList	END	1619892288971
REQUEST		request_3	1619892288888	1619892289076	OK	 
ERROR	request_4: Failed to build request: Resource /normaluserslist/0004_request.json not found 	1619892289077
ERROR	request_7: Failed to build request: Resource /normaluserslist/0007_request.json not found 	1619892289077
ERROR	request_8: Failed to build request: Resource /normaluserslist/0008_request.json not found 	1619892289077
REQUEST		request_5	1619892289078	1619892289128	OK	 
REQUEST		request_2	1619892289152	1619892289216	OK	 
ERROR	request_1: Failed to build request: Resource /normaluserslist/0001_request.json not found 	1619892289230
REQUEST		request_6	1619892289079	1619892289281	OK	 
REQUEST		request_2	1619892289323	1619892289378	OK	 
REQUEST		request_2	1619892289370	1619892289422	OK	 
ERROR	request_1: Failed to build request: Resource /normaluserslist/0001_request.json not found 	1619892289728
ERROR	request_1: Failed to build request: Resource /normaluserslist/0001_request.json not found 	1619892289867
REQUEST		request_2	1619892289836	1619892289894	OK	 
ERROR	request_1: Failed to build request: Resource /normaluserslist/0001_request.json not found 	1619892289945
REQUEST		request_9	1619892289977	1619892290060	OK	 
USER	NormalUsersList	END	1619892290061
REQUEST		request_9	1619892290288	1619892290369	OK	 
USER	NormalUsersList	END	1619892290372
REQUEST		request_3	1619892290177	1619892290376	OK	 
ERROR	request_4: Failed to build request: Resource /normaluserslist/0004_request.json not found 	1619892290376
ERROR	request_7: Failed to build request: Resource /normaluserslist/0007_request.json not found 	1619892290376
ERROR	request_8: Failed to build request: Resource /normaluserslist/0008_request.json not found 	1619892290377
REQUEST		request_5	1619892290377	1619892290433	OK	 
REQUEST		request_2	1619892290413	1619892290481	OK	 
REQUEST		request_6	1619892290378	1619892290581	OK	 
REQUEST		request_2	1619892290597	1619892290646	OK	 
REQUEST		request_2	1619892291235	1619892291298	OK	 
REQUEST		request_3	1619892291468	1619892291657	OK	 
ERROR	request_4: Failed to build request: Resource /normaluserslist/0004_request.json not found 	1619892291657
ERROR	request_7: Failed to build request: Resource /normaluserslist/0007_request.json not found 	1619892291658
ERROR	request_8: Failed to build request: Resource /normaluserslist/0008_request.json not found 	1619892291658
REQUEST		request_9	1619892291591	1619892291680	OK	 
USER	NormalUsersList	END	1619892291683
REQUEST		request_5	1619892291658	1619892291706	OK	 
REQUEST		request_2	1619892291733	1619892291792	OK	 
REQUEST		request_6	1619892291658	1619892291862	OK	 
REQUEST		request_2	1619892291873	1619892291932	OK	 
REQUEST		request_2	1619892291951	1619892292000	OK	 
REQUEST		request_3	1619892291919	1619892292111	OK	 
ERROR	request_4: Failed to build request: Resource /normaluserslist/0004_request.json not found 	1619892292111
ERROR	request_7: Failed to build request: Resource /normaluserslist/0007_request.json not found 	1619892292111
ERROR	request_8: Failed to build request: Resource /normaluserslist/0008_request.json not found 	1619892292112
REQUEST		request_5	1619892292113	1619892292167	OK	 
REQUEST		request_3	1619892292108	1619892292312	OK	 
ERROR	request_4: Failed to build request: Resource /normaluserslist/0004_request.json not found 	1619892292313
ERROR	request_7: Failed to build request: Resource /normaluserslist/0007_request.json not found 	1619892292313
ERROR	request_8: Failed to build request: Resource /normaluserslist/0008_request.json not found 	1619892292313
REQUEST		request_3	1619892292124	1619892292322	OK	 
REQUEST		request_6	1619892292114	1619892292322	OK	 
ERROR	request_4: Failed to build request: Resource /normaluserslist/0004_request.json not found 	1619892292322
ERROR	request_7: Failed to build request: Resource /normaluserslist/0007_request.json not found 	1619892292322
ERROR	request_8: Failed to build request: Resource /normaluserslist/0008_request.json not found 	1619892292322
REQUEST		request_5	1619892292314	1619892292367	OK	 
REQUEST		request_5	1619892292323	1619892292371	OK	 
REQUEST		request_6	1619892292314	1619892292500	OK	 
REQUEST		request_6	1619892292324	1619892292526	OK	 
REQUEST		request_3	1619892292463	1619892292657	OK	 
ERROR	request_4: Failed to build request: Resource /normaluserslist/0004_request.json not found 	1619892292658
ERROR	request_7: Failed to build request: Resource /normaluserslist/0007_request.json not found 	1619892292658
ERROR	request_8: Failed to build request: Resource /normaluserslist/0008_request.json not found 	1619892292658
REQUEST		request_5	1619892292658	1619892292710	OK	 
REQUEST		request_6	1619892292659	1619892292854	OK	 
REQUEST		request_3	1619892292696	1619892292893	OK	 
ERROR	request_4: Failed to build request: Resource /normaluserslist/0004_request.json not found 	1619892292893
ERROR	request_7: Failed to build request: Resource /normaluserslist/0007_request.json not found 	1619892292894
ERROR	request_8: Failed to build request: Resource /normaluserslist/0008_request.json not found 	1619892292894
REQUEST		request_5	1619892292894	1619892292944	OK	 
REQUEST		request_9	1619892292865	1619892292944	OK	 
USER	NormalUsersList	END	1619892292947
REQUEST		request_6	1619892292894	1619892293091	OK	 
REQUEST		request_9	1619892293329	1619892293406	OK	 
USER	NormalUsersList	END	1619892293409
REQUEST		request_3	1619892293221	1619892293417	OK	 
ERROR	request_4: Failed to build request: Resource /normaluserslist/0004_request.json not found 	1619892293417
ERROR	request_7: Failed to build request: Resource /normaluserslist/0007_request.json not found 	1619892293417
ERROR	request_8: Failed to build request: Resource /normaluserslist/0008_request.json not found 	1619892293417
REQUEST		request_5	1619892293418	1619892293468	OK	 
REQUEST		request_3	1619892293390	1619892293581	OK	 
ERROR	request_4: Failed to build request: Resource /normaluserslist/0004_request.json not found 	1619892293582
ERROR	request_7: Failed to build request: Resource /normaluserslist/0007_request.json not found 	1619892293582
ERROR	request_8: Failed to build request: Resource /normaluserslist/0008_request.json not found 	1619892293582
REQUEST		request_9	1619892293513	1619892293603	OK	 
USER	NormalUsersList	END	1619892293607
REQUEST		request_6	1619892293418	1619892293610	OK	 
REQUEST		request_9	1619892293528	1619892293610	OK	 
USER	NormalUsersList	END	1619892293614
REQUEST		request_3	1619892293436	1619892293626	OK	 
ERROR	request_4: Failed to build request: Resource /normaluserslist/0004_request.json not found 	1619892293627
ERROR	request_7: Failed to build request: Resource /normaluserslist/0007_request.json not found 	1619892293627
ERROR	request_8: Failed to build request: Resource /normaluserslist/0008_request.json not found 	1619892293627
REQUEST		request_5	1619892293583	1619892293637	OK	 
REQUEST		request_5	1619892293628	1619892293685	OK	 
REQUEST		request_6	1619892293584	1619892293782	OK	 
REQUEST		request_6	1619892293629	1619892293825	OK	 
REQUEST		request_9	1619892293868	1619892293957	OK	 
USER	NormalUsersList	END	1619892293958
REQUEST		request_3	1619892293898	1619892294091	OK	 
ERROR	request_4: Failed to build request: Resource /normaluserslist/0004_request.json not found 	1619892294092
ERROR	request_7: Failed to build request: Resource /normaluserslist/0007_request.json not found 	1619892294092
ERROR	request_8: Failed to build request: Resource /normaluserslist/0008_request.json not found 	1619892294093
REQUEST		request_5	1619892294093	1619892294139	OK	 
REQUEST		request_9	1619892294099	1619892294176	OK	 
USER	NormalUsersList	END	1619892294180
REQUEST		request_6	1619892294094	1619892294290	OK	 
REQUEST		request_9	1619892294625	1619892294703	OK	 
REQUEST		request_3	1619892294486	1619892294703	OK	 
ERROR	request_4: Failed to build request: Resource /normaluserslist/0004_request.json not found 	1619892294704
ERROR	request_7: Failed to build request: Resource /normaluserslist/0007_request.json not found 	1619892294704
ERROR	request_8: Failed to build request: Resource /normaluserslist/0008_request.json not found 	1619892294704
USER	NormalUsersList	END	1619892294712
REQUEST		request_5	1619892294705	1619892294757	OK	 
REQUEST		request_3	1619892294655	1619892294857	OK	 
ERROR	request_4: Failed to build request: Resource /normaluserslist/0004_request.json not found 	1619892294858
ERROR	request_7: Failed to build request: Resource /normaluserslist/0007_request.json not found 	1619892294858
ERROR	request_8: Failed to build request: Resource /normaluserslist/0008_request.json not found 	1619892294858
REQUEST		request_9	1619892294791	1619892294871	OK	 
USER	NormalUsersList	END	1619892294875
REQUEST		request_6	1619892294708	1619892294901	OK	 
REQUEST		request_5	1619892294859	1619892294912	OK	 
REQUEST		request_9	1619892294837	1619892294933	OK	 
USER	NormalUsersList	END	1619892294938
REQUEST		request_6	1619892294859	1619892295045	OK	 
REQUEST		request_9	1619892295294	1619892295376	OK	 
USER	NormalUsersList	END	1619892295381
REQUEST		request_3	1619892295309	1619892295519	OK	 
ERROR	request_4: Failed to build request: Resource /normaluserslist/0004_request.json not found 	1619892295520
ERROR	request_7: Failed to build request: Resource /normaluserslist/0007_request.json not found 	1619892295520
ERROR	request_8: Failed to build request: Resource /normaluserslist/0008_request.json not found 	1619892295520
REQUEST		request_5	1619892295521	1619892295573	OK	 
REQUEST		request_6	1619892295522	1619892295722	OK	 
REQUEST		request_9	1619892295913	1619892295989	OK	 
USER	NormalUsersList	END	1619892295991
REQUEST		request_3	1619892295804	1619892296001	OK	 
ERROR	request_4: Failed to build request: Resource /normaluserslist/0004_request.json not found 	1619892296002
ERROR	request_7: Failed to build request: Resource /normaluserslist/0007_request.json not found 	1619892296002
ERROR	request_8: Failed to build request: Resource /normaluserslist/0008_request.json not found 	1619892296002
REQUEST		request_5	1619892296002	1619892296057	OK	 
REQUEST		request_9	1619892296053	1619892296135	OK	 
USER	NormalUsersList	END	1619892296137
REQUEST		request_3	1619892295944	1619892296149	OK	 
ERROR	request_4: Failed to build request: Resource /normaluserslist/0004_request.json not found 	1619892296149
ERROR	request_7: Failed to build request: Resource /normaluserslist/0007_request.json not found 	1619892296149
ERROR	request_8: Failed to build request: Resource /normaluserslist/0008_request.json not found 	1619892296149
REQUEST		request_6	1619892296003	1619892296203	OK	 
REQUEST		request_3	1619892296007	1619892296204	OK	 
REQUEST		request_5	1619892296149	1619892296204	OK	 
ERROR	request_4: Failed to build request: Resource /normaluserslist/0004_request.json not found 	1619892296204
ERROR	request_7: Failed to build request: Resource /normaluserslist/0007_request.json not found 	1619892296205
ERROR	request_8: Failed to build request: Resource /normaluserslist/0008_request.json not found 	1619892296205
REQUEST		request_5	1619892296205	1619892296264	OK	 
REQUEST		request_6	1619892296150	1619892296346	OK	 
REQUEST		request_6	1619892296205	1619892296390	OK	 
REQUEST		request_9	1619892296734	1619892296809	OK	 
USER	NormalUsersList	END	1619892296813
REQUEST		request_9	1619892297208	1619892297297	OK	 
USER	NormalUsersList	END	1619892297300
REQUEST		request_9	1619892297349	1619892297440	OK	 
USER	NormalUsersList	END	1619892297442
REQUEST		request_9	1619892297395	1619892297472	OK	 
USER	NormalUsersList	END	1619892297473
