RUN	MyTagsList	mytagslist	1619891729596	 	3.5.1
ERROR	request_0: Failed to build request: Resource /mytagslist/0000_request.json not found 	1619891731051
USER	MyTagsList	START	1619891731026
REQUEST		request_1	1619891732132	1619891732397	OK	 
ERROR	request_0: Failed to build request: Resource /mytagslist/0000_request.json not found 	1619891733367
USER	MyTagsList	START	1619891733366
REQUEST		request_1	1619891734382	1619891734635	OK	 
ERROR	request_0: Failed to build request: Resource /mytagslist/0000_request.json not found 	1619891734953
USER	MyTagsList	START	1619891734953
ERROR	request_0: Failed to build request: Resource /mytagslist/0000_request.json not found 	1619891735618
USER	MyTagsList	START	1619891735618
REQUEST		request_1	1619891735958	1619891736194	OK	 
ERROR	request_0: Failed to build request: Resource /mytagslist/0000_request.json not found 	1619891736676
USER	MyTagsList	START	1619891736676
REQUEST		request_1	1619891736630	1619891736827	OK	 
REQUEST		request_2	1619891737493	1619891737549	OK	 
USER	MyTagsList	END	1619891737565
ERROR	request_0: Failed to build request: Resource /mytagslist/0000_request.json not found 	1619891737791
USER	MyTagsList	START	1619891737791
ERROR	request_0: Failed to build request: Resource /mytagslist/0000_request.json not found 	1619891737917
USER	MyTagsList	START	1619891737917
REQUEST		request_1	1619891737694	1619891737920	OK	 
ERROR	request_0: Failed to build request: Resource /mytagslist/0000_request.json not found 	1619891737947
USER	MyTagsList	START	1619891737947
REQUEST		request_1	1619891738802	1619891739009	OK	 
REQUEST		request_1	1619891738926	1619891739128	OK	 
REQUEST		request_1	1619891738957	1619891739164	OK	 
ERROR	request_0: Failed to build request: Resource /mytagslist/0000_request.json not found 	1619891739540
USER	MyTagsList	START	1619891739539
REQUEST		request_2	1619891739644	1619891739700	OK	 
USER	MyTagsList	END	1619891739701
ERROR	request_0: Failed to build request: Resource /mytagslist/0000_request.json not found 	1619891739831
USER	MyTagsList	START	1619891739831
ERROR	request_0: Failed to build request: Resource /mytagslist/0000_request.json not found 	1619891739925
USER	MyTagsList	START	1619891739925
ERROR	request_0: Failed to build request: Resource /mytagslist/0000_request.json not found 	1619891739971
USER	MyTagsList	START	1619891739971
REQUEST		request_1	1619891740548	1619891740809	OK	 
REQUEST		request_1	1619891740848	1619891741051	OK	 
REQUEST		request_1	1619891740943	1619891741166	OK	 
REQUEST		request_1	1619891740989	1619891741176	OK	 
REQUEST		request_2	1619891741203	1619891741256	OK	 
USER	MyTagsList	END	1619891741257
REQUEST		request_2	1619891741841	1619891741902	OK	 
USER	MyTagsList	END	1619891741915
ERROR	request_0: Failed to build request: Resource /mytagslist/0000_request.json not found 	1619891742027
USER	MyTagsList	START	1619891742027
ERROR	request_0: Failed to build request: Resource /mytagslist/0000_request.json not found 	1619891742257
USER	MyTagsList	START	1619891742254
ERROR	request_0: Failed to build request: Resource /mytagslist/0000_request.json not found 	1619891742762
USER	MyTagsList	START	1619891742761
REQUEST		request_2	1619891742932	1619891742986	OK	 
USER	MyTagsList	END	1619891742991
REQUEST		request_1	1619891743041	1619891743247	OK	 
REQUEST		request_1	1619891743268	1619891743466	OK	 
ERROR	request_0: Failed to build request: Resource /mytagslist/0000_request.json not found 	1619891743473
USER	MyTagsList	START	1619891743471
ERROR	request_0: Failed to build request: Resource /mytagslist/0000_request.json not found 	1619891743549
USER	MyTagsList	START	1619891743548
REQUEST		request_1	1619891743765	1619891743965	OK	 
REQUEST		request_2	1619891744017	1619891744068	OK	 
USER	MyTagsList	END	1619891744070
ERROR	request_0: Failed to build request: Resource /mytagslist/0000_request.json not found 	1619891744081
USER	MyTagsList	START	1619891744080
REQUEST		request_2	1619891744142	1619891744197	OK	 
USER	MyTagsList	END	1619891744199
REQUEST		request_2	1619891744174	1619891744233	OK	 
USER	MyTagsList	END	1619891744235
ERROR	request_0: Failed to build request: Resource /mytagslist/0000_request.json not found 	1619891744676
USER	MyTagsList	START	1619891744675
REQUEST		request_1	1619891744489	1619891744692	OK	 
REQUEST		request_1	1619891744568	1619891744785	OK	 
REQUEST		request_1	1619891745097	1619891745300	OK	 
ERROR	request_0: Failed to build request: Resource /mytagslist/0000_request.json not found 	1619891745787
USER	MyTagsList	START	1619891745787
REQUEST		request_2	1619891745818	1619891745867	OK	 
USER	MyTagsList	END	1619891745874
REQUEST		request_1	1619891745688	1619891745891	OK	 
ERROR	request_0: Failed to build request: Resource /mytagslist/0000_request.json not found 	1619891746064
USER	MyTagsList	START	1619891746063
REQUEST		request_2	1619891746063	1619891746120	OK	 
USER	MyTagsList	END	1619891746124
REQUEST		request_2	1619891746173	1619891746228	OK	 
USER	MyTagsList	END	1619891746230
REQUEST		request_2	1619891746192	1619891746243	OK	 
USER	MyTagsList	END	1619891746245
REQUEST		request_1	1619891746791	1619891746989	OK	 
ERROR	request_0: Failed to build request: Resource /mytagslist/0000_request.json not found 	1619891747200
USER	MyTagsList	START	1619891747199
REQUEST		request_1	1619891747076	1619891747296	OK	 
REQUEST		request_2	1619891748257	1619891748311	OK	 
USER	MyTagsList	END	1619891748314
REQUEST		request_1	1619891748209	1619891748426	OK	 
REQUEST		request_2	1619891748478	1619891748528	OK	 
USER	MyTagsList	END	1619891748530
REQUEST		request_2	1619891748976	1619891749024	OK	 
USER	MyTagsList	END	1619891749026
ERROR	request_0: Failed to build request: Resource /mytagslist/0000_request.json not found 	1619891749379
USER	MyTagsList	START	1619891749378
REQUEST		request_2	1619891749706	1619891749757	OK	 
USER	MyTagsList	END	1619891749759
REQUEST		request_2	1619891749799	1619891749858	OK	 
USER	MyTagsList	END	1619891749862
REQUEST		request_2	1619891750312	1619891750369	OK	 
USER	MyTagsList	END	1619891750373
REQUEST		request_1	1619891750389	1619891750578	OK	 
REQUEST		request_2	1619891750902	1619891750951	OK	 
USER	MyTagsList	END	1619891750953
ERROR	request_0: Failed to build request: Resource /mytagslist/0000_request.json not found 	1619891751379
USER	MyTagsList	START	1619891751379
ERROR	request_0: Failed to build request: Resource /mytagslist/0000_request.json not found 	1619891751676
USER	MyTagsList	START	1619891751676
ERROR	request_0: Failed to build request: Resource /mytagslist/0000_request.json not found 	1619891751770
USER	MyTagsList	START	1619891751770
REQUEST		request_2	1619891752004	1619891752058	OK	 
USER	MyTagsList	END	1619891752060
ERROR	request_0: Failed to build request: Resource /mytagslist/0000_request.json not found 	1619891752283
USER	MyTagsList	START	1619891752283
REQUEST		request_2	1619891752299	1619891752361	OK	 
USER	MyTagsList	END	1619891752362
ERROR	request_0: Failed to build request: Resource /mytagslist/0000_request.json not found 	1619891752455
USER	MyTagsList	START	1619891752454
REQUEST		request_1	1619891752392	1619891752602	OK	 
REQUEST		request_1	1619891752692	1619891752890	OK	 
REQUEST		request_1	1619891752776	1619891752979	OK	 
ERROR	request_0: Failed to build request: Resource /mytagslist/0000_request.json not found 	1619891753306
USER	MyTagsList	START	1619891753306
REQUEST		request_2	1619891753434	1619891753489	OK	 
USER	MyTagsList	END	1619891753495
REQUEST		request_1	1619891753290	1619891753502	OK	 
ERROR	request_0: Failed to build request: Resource /mytagslist/0000_request.json not found 	1619891753595
USER	MyTagsList	START	1619891753595
ERROR	request_0: Failed to build request: Resource /mytagslist/0000_request.json not found 	1619891753657
USER	MyTagsList	START	1619891753657
REQUEST		request_1	1619891753471	1619891753668	OK	 
ERROR	request_0: Failed to build request: Resource /mytagslist/0000_request.json not found 	1619891753751
USER	MyTagsList	START	1619891753751
ERROR	request_0: Failed to build request: Resource /mytagslist/0000_request.json not found 	1619891754266
USER	MyTagsList	START	1619891754266
REQUEST		request_1	1619891754312	1619891754545	OK	 
ERROR	request_0: Failed to build request: Resource /mytagslist/0000_request.json not found 	1619891754562
USER	MyTagsList	START	1619891754562
REQUEST		request_1	1619891754608	1619891754820	OK	 
REQUEST		request_1	1619891754671	1619891754880	OK	 
ERROR	request_0: Failed to build request: Resource /mytagslist/0000_request.json not found 	1619891754948
REQUEST		request_1	1619891754754	1619891754948	OK	 
USER	MyTagsList	START	1619891754948
ERROR	request_0: Failed to build request: Resource /mytagslist/0000_request.json not found 	1619891755339
ERROR	request_0: Failed to build request: Resource /mytagslist/0000_request.json not found 	1619891755363
USER	MyTagsList	START	1619891755339
USER	MyTagsList	START	1619891755363
REQUEST		request_1	1619891755271	1619891755516	OK	 
REQUEST		request_2	1619891755583	1619891755645	OK	 
USER	MyTagsList	END	1619891755646
REQUEST		request_1	1619891755568	1619891755772	OK	 
ERROR	request_0: Failed to build request: Resource /mytagslist/0000_request.json not found 	1619891756144
USER	MyTagsList	START	1619891756144
REQUEST		request_1	1619891755973	1619891756175	OK	 
REQUEST		request_1	1619891756388	1619891756593	OK	 
REQUEST		request_1	1619891756388	1619891756607	OK	 
ERROR	request_0: Failed to build request: Resource /mytagslist/0000_request.json not found 	1619891756695
USER	MyTagsList	START	1619891756695
REQUEST		request_1	1619891757155	1619891757354	OK	 
REQUEST		request_2	1619891757607	1619891757669	OK	 
USER	MyTagsList	END	1619891757670
ERROR	request_0: Failed to build request: Resource /mytagslist/0000_request.json not found 	1619891757870
USER	MyTagsList	START	1619891757870
REQUEST		request_1	1619891757699	1619891757900	OK	 
REQUEST		request_2	1619891757901	1619891757952	OK	 
USER	MyTagsList	END	1619891757954
ERROR	request_0: Failed to build request: Resource /mytagslist/0000_request.json not found 	1619891757996
USER	MyTagsList	START	1619891757996
REQUEST		request_2	1619891757996	1619891758056	OK	 
USER	MyTagsList	END	1619891758057
ERROR	request_0: Failed to build request: Resource /mytagslist/0000_request.json not found 	1619891758235
USER	MyTagsList	START	1619891758235
REQUEST		request_2	1619891758512	1619891758568	OK	 
USER	MyTagsList	END	1619891758569
REQUEST		request_2	1619891758683	1619891758738	OK	 
USER	MyTagsList	END	1619891758740
REQUEST		request_1	1619891758885	1619891759084	OK	 
REQUEST		request_1	1619891759006	1619891759197	OK	 
REQUEST		request_1	1619891759254	1619891759442	OK	 
REQUEST		request_2	1619891759557	1619891759606	OK	 
USER	MyTagsList	END	1619891759607
ERROR	request_0: Failed to build request: Resource /mytagslist/0000_request.json not found 	1619891759682
USER	MyTagsList	START	1619891759682
REQUEST		request_2	1619891759836	1619891759893	OK	 
USER	MyTagsList	END	1619891759894
REQUEST		request_2	1619891759897	1619891759949	OK	 
USER	MyTagsList	END	1619891759950
ERROR	request_0: Failed to build request: Resource /mytagslist/0000_request.json not found 	1619891759990
USER	MyTagsList	START	1619891759990
REQUEST		request_2	1619891759959	1619891760012	OK	 
USER	MyTagsList	END	1619891760014
REQUEST		request_2	1619891760518	1619891760577	OK	 
USER	MyTagsList	END	1619891760578
REQUEST		request_2	1619891760786	1619891760836	OK	 
USER	MyTagsList	END	1619891760837
REQUEST		request_1	1619891760684	1619891760870	OK	 
REQUEST		request_1	1619891761004	1619891761195	OK	 
REQUEST		request_2	1619891761188	1619891761239	OK	 
USER	MyTagsList	END	1619891761240
REQUEST		request_2	1619891761606	1619891761660	OK	 
USER	MyTagsList	END	1619891761661
REQUEST		request_2	1619891761621	1619891761669	OK	 
USER	MyTagsList	END	1619891761670
REQUEST		request_2	1619891762367	1619891762427	OK	 
USER	MyTagsList	END	1619891762429
ERROR	request_0: Failed to build request: Resource /mytagslist/0000_request.json not found 	1619891762597
USER	MyTagsList	START	1619891762596
REQUEST		request_2	1619891762904	1619891762963	OK	 
USER	MyTagsList	END	1619891762965
ERROR	request_0: Failed to build request: Resource /mytagslist/0000_request.json not found 	1619891763333
USER	MyTagsList	START	1619891763333
ERROR	request_0: Failed to build request: Resource /mytagslist/0000_request.json not found 	1619891763836
REQUEST		request_1	1619891763625	1619891763836	OK	 
USER	MyTagsList	START	1619891763835
REQUEST		request_2	1619891764093	1619891764140	OK	 
USER	MyTagsList	END	1619891764141
REQUEST		request_2	1619891764204	1619891764255	OK	 
USER	MyTagsList	END	1619891764256
REQUEST		request_2	1619891764452	1619891764508	OK	 
USER	MyTagsList	END	1619891764509
REQUEST		request_1	1619891764343	1619891764537	OK	 
ERROR	request_0: Failed to build request: Resource /mytagslist/0000_request.json not found 	1619891764714
USER	MyTagsList	START	1619891764714
ERROR	request_0: Failed to build request: Resource /mytagslist/0000_request.json not found 	1619891764791
ERROR	request_0: Failed to build request: Resource /mytagslist/0000_request.json not found 	1619891764792
USER	MyTagsList	START	1619891764791
USER	MyTagsList	START	1619891764792
ERROR	request_0: Failed to build request: Resource /mytagslist/0000_request.json not found 	1619891764994
USER	MyTagsList	START	1619891764993
REQUEST		request_1	1619891764853	1619891765041	OK	 
ERROR	request_0: Failed to build request: Resource /mytagslist/0000_request.json not found 	1619891765607
USER	MyTagsList	START	1619891765606
ERROR	request_0: Failed to build request: Resource /mytagslist/0000_request.json not found 	1619891765700
USER	MyTagsList	START	1619891765699
REQUEST		request_2	1619891765885	1619891765933	OK	 
USER	MyTagsList	END	1619891765934
REQUEST		request_1	1619891765730	1619891765948	OK	 
REQUEST		request_1	1619891765807	1619891765995	OK	 
REQUEST		request_1	1619891765807	1619891766014	OK	 
ERROR	request_0: Failed to build request: Resource /mytagslist/0000_request.json not found 	1619891766194
USER	MyTagsList	START	1619891766194
REQUEST		request_1	1619891766009	1619891766221	OK	 
REQUEST		request_2	1619891766210	1619891766263	OK	 
USER	MyTagsList	END	1619891766265
ERROR	request_0: Failed to build request: Resource /mytagslist/0000_request.json not found 	1619891766614
USER	MyTagsList	START	1619891766613
REQUEST		request_1	1619891766613	1619891766811	OK	 
REQUEST		request_1	1619891766708	1619891766914	OK	 
ERROR	request_0: Failed to build request: Resource /mytagslist/0000_request.json not found 	1619891767094
USER	MyTagsList	START	1619891767094
REQUEST		request_1	1619891767202	1619891767417	OK	 
ERROR	request_0: Failed to build request: Resource /mytagslist/0000_request.json not found 	1619891767529
USER	MyTagsList	START	1619891767528
REQUEST		request_1	1619891767628	1619891767826	OK	 
ERROR	request_0: Failed to build request: Resource /mytagslist/0000_request.json not found 	1619891767830
USER	MyTagsList	START	1619891767830
REQUEST		request_1	1619891768097	1619891768333	OK	 
REQUEST		request_1	1619891768533	1619891768742	OK	 
REQUEST		request_2	1619891768842	1619891768906	OK	 
USER	MyTagsList	END	1619891768910
REQUEST		request_1	1619891768842	1619891769093	OK	 
ERROR	request_0: Failed to build request: Resource /mytagslist/0000_request.json not found 	1619891769344
USER	MyTagsList	START	1619891769343
ERROR	request_0: Failed to build request: Resource /mytagslist/0000_request.json not found 	1619891769545
USER	MyTagsList	START	1619891769544
REQUEST		request_2	1619891769545	1619891769604	OK	 
USER	MyTagsList	END	1619891769606
ERROR	request_0: Failed to build request: Resource /mytagslist/0000_request.json not found 	1619891769925
USER	MyTagsList	START	1619891769925
ERROR	request_0: Failed to build request: Resource /mytagslist/0000_request.json not found 	1619891769957
USER	MyTagsList	START	1619891769957
REQUEST		request_2	1619891770050	1619891770122	OK	 
USER	MyTagsList	END	1619891770123
REQUEST		request_1	1619891770357	1619891770564	OK	 
ERROR	request_0: Failed to build request: Resource /mytagslist/0000_request.json not found 	1619891770733
USER	MyTagsList	START	1619891770733
REQUEST		request_1	1619891770560	1619891770757	OK	 
REQUEST		request_2	1619891770953	1619891771008	OK	 
USER	MyTagsList	END	1619891771010
REQUEST		request_2	1619891770999	1619891771054	OK	 
USER	MyTagsList	END	1619891771055
REQUEST		request_2	1619891771015	1619891771068	OK	 
USER	MyTagsList	END	1619891771070
ERROR	request_0: Failed to build request: Resource /mytagslist/0000_request.json not found 	1619891771109
USER	MyTagsList	START	1619891771108
REQUEST		request_1	1619891770937	1619891771148	OK	 
REQUEST		request_1	1619891770967	1619891771168	OK	 
ERROR	request_0: Failed to build request: Resource /mytagslist/0000_request.json not found 	1619891771234
USER	MyTagsList	START	1619891771233
ERROR	request_0: Failed to build request: Resource /mytagslist/0000_request.json not found 	1619891771251
USER	MyTagsList	START	1619891771250
ERROR	request_0: Failed to build request: Resource /mytagslist/0000_request.json not found 	1619891771289
USER	MyTagsList	START	1619891771289
REQUEST		request_2	1619891771233	1619891771293	OK	 
USER	MyTagsList	END	1619891771296
ERROR	request_0: Failed to build request: Resource /mytagslist/0000_request.json not found 	1619891771334
USER	MyTagsList	START	1619891771333
ERROR	request_0: Failed to build request: Resource /mytagslist/0000_request.json not found 	1619891771444
USER	MyTagsList	START	1619891771443
ERROR	request_0: Failed to build request: Resource /mytagslist/0000_request.json not found 	1619891771763
USER	MyTagsList	START	1619891771763
REQUEST		request_2	1619891771821	1619891771875	OK	 
USER	MyTagsList	END	1619891771879
REQUEST		request_1	1619891771747	1619891771946	OK	 
REQUEST		request_2	1619891771916	1619891771976	OK	 
USER	MyTagsList	END	1619891771979
ERROR	request_0: Failed to build request: Resource /mytagslist/0000_request.json not found 	1619891772199
USER	MyTagsList	START	1619891772199
REQUEST		request_1	1619891772120	1619891772323	OK	 
REQUEST		request_1	1619891772243	1619891772448	OK	 
REQUEST		request_1	1619891772259	1619891772464	OK	 
REQUEST		request_2	1619891772429	1619891772476	OK	 
USER	MyTagsList	END	1619891772477
REQUEST		request_1	1619891772304	1619891772501	OK	 
REQUEST		request_1	1619891772352	1619891772552	OK	 
REQUEST		request_1	1619891772454	1619891772641	OK	 
REQUEST		request_2	1619891772829	1619891772898	OK	 
USER	MyTagsList	END	1619891772901
REQUEST		request_1	1619891772782	1619891772986	OK	 
REQUEST		request_2	1619891773343	1619891773392	OK	 
USER	MyTagsList	END	1619891773395
REQUEST		request_1	1619891773204	1619891773411	OK	 
ERROR	request_0: Failed to build request: Resource /mytagslist/0000_request.json not found 	1619891773482
USER	MyTagsList	START	1619891773482
REQUEST		request_2	1619891773760	1619891773818	OK	 
USER	MyTagsList	END	1619891773819
ERROR	request_0: Failed to build request: Resource /mytagslist/0000_request.json not found 	1619891773933
USER	MyTagsList	START	1619891773932
REQUEST		request_2	1619891774103	1619891774162	OK	 
USER	MyTagsList	END	1619891774165
ERROR	request_0: Failed to build request: Resource /mytagslist/0000_request.json not found 	1619891774183
USER	MyTagsList	START	1619891774182
ERROR	request_0: Failed to build request: Resource /mytagslist/0000_request.json not found 	1619891774203
USER	MyTagsList	START	1619891774202
ERROR	request_0: Failed to build request: Resource /mytagslist/0000_request.json not found 	1619891774338
USER	MyTagsList	START	1619891774338
ERROR	request_0: Failed to build request: Resource /mytagslist/0000_request.json not found 	1619891774353
USER	MyTagsList	START	1619891774353
REQUEST		request_1	1619891774491	1619891774689	OK	 
REQUEST		request_1	1619891774950	1619891775151	OK	 
REQUEST		request_1	1619891775199	1619891775403	OK	 
REQUEST		request_1	1619891775213	1619891775405	OK	 
REQUEST		request_1	1619891775355	1619891775551	OK	 
REQUEST		request_1	1619891775369	1619891775565	OK	 
REQUEST		request_2	1619891775570	1619891775624	OK	 
USER	MyTagsList	END	1619891775627
ERROR	request_0: Failed to build request: Resource /mytagslist/0000_request.json not found 	1619891775646
USER	MyTagsList	START	1619891775646
REQUEST		request_2	1619891775769	1619891775821	OK	 
USER	MyTagsList	END	1619891775822
REQUEST		request_2	1619891776154	1619891776204	OK	 
USER	MyTagsList	END	1619891776205
REQUEST		request_2	1619891776169	1619891776227	OK	 
USER	MyTagsList	END	1619891776228
REQUEST		request_1	1619891776663	1619891776865	OK	 
REQUEST		request_2	1619891776958	1619891777032	OK	 
USER	MyTagsList	END	1619891777033
REQUEST		request_2	1619891777330	1619891777389	OK	 
USER	MyTagsList	END	1619891777390
REQUEST		request_2	1619891777455	1619891777508	OK	 
USER	MyTagsList	END	1619891777509
REQUEST		request_2	1619891777470	1619891777523	OK	 
USER	MyTagsList	END	1619891777524
ERROR	request_0: Failed to build request: Resource /mytagslist/0000_request.json not found 	1619891777532
USER	MyTagsList	START	1619891777531
REQUEST		request_2	1619891777516	1619891777573	OK	 
USER	MyTagsList	END	1619891777574
REQUEST		request_2	1619891777562	1619891777617	OK	 
USER	MyTagsList	END	1619891777619
REQUEST		request_2	1619891777655	1619891777710	OK	 
USER	MyTagsList	END	1619891777712
ERROR	request_0: Failed to build request: Resource /mytagslist/0000_request.json not found 	1619891777889
USER	MyTagsList	START	1619891777888
REQUEST		request_2	1619891777997	1619891778046	OK	 
USER	MyTagsList	END	1619891778047
REQUEST		request_2	1619891778419	1619891778475	OK	 
USER	MyTagsList	END	1619891778476
ERROR	request_0: Failed to build request: Resource /mytagslist/0000_request.json not found 	1619891778526
USER	MyTagsList	START	1619891778526
ERROR	request_0: Failed to build request: Resource /mytagslist/0000_request.json not found 	1619891778665
USER	MyTagsList	START	1619891778665
REQUEST		request_1	1619891778542	1619891778740	OK	 
REQUEST		request_1	1619891778899	1619891779096	OK	 
ERROR	request_0: Failed to build request: Resource /mytagslist/0000_request.json not found 	1619891779149
USER	MyTagsList	START	1619891779149
REQUEST		request_1	1619891779539	1619891779729	OK	 
REQUEST		request_2	1619891779696	1619891779747	OK	 
USER	MyTagsList	END	1619891779748
REQUEST		request_1	1619891779680	1619891779887	OK	 
ERROR	request_0: Failed to build request: Resource /mytagslist/0000_request.json not found 	1619891780100
USER	MyTagsList	START	1619891780100
REQUEST		request_2	1619891780161	1619891780214	OK	 
USER	MyTagsList	END	1619891780216
REQUEST		request_1	1619891780161	1619891780353	OK	 
REQUEST		request_2	1619891780409	1619891780458	OK	 
USER	MyTagsList	END	1619891780459
REQUEST		request_2	1619891780409	1619891780460	OK	 
USER	MyTagsList	END	1619891780461
ERROR	request_0: Failed to build request: Resource /mytagslist/0000_request.json not found 	1619891780534
USER	MyTagsList	START	1619891780534
REQUEST		request_2	1619891780566	1619891780619	OK	 
USER	MyTagsList	END	1619891780621
REQUEST		request_2	1619891780582	1619891780635	OK	 
USER	MyTagsList	END	1619891780637
ERROR	request_0: Failed to build request: Resource /mytagslist/0000_request.json not found 	1619891780647
USER	MyTagsList	START	1619891780647
ERROR	request_0: Failed to build request: Resource /mytagslist/0000_request.json not found 	1619891781286
USER	MyTagsList	START	1619891781286
REQUEST		request_1	1619891781114	1619891781320	OK	 
ERROR	request_0: Failed to build request: Resource /mytagslist/0000_request.json not found 	1619891781565
USER	MyTagsList	START	1619891781564
ERROR	request_0: Failed to build request: Resource /mytagslist/0000_request.json not found 	1619891781596
USER	MyTagsList	START	1619891781595
REQUEST		request_1	1619891781547	1619891781773	OK	 
REQUEST		request_1	1619891781655	1619891781851	OK	 
REQUEST		request_2	1619891781874	1619891781931	OK	 
USER	MyTagsList	END	1619891781932
ERROR	request_0: Failed to build request: Resource /mytagslist/0000_request.json not found 	1619891782043
USER	MyTagsList	START	1619891782043
ERROR	request_0: Failed to build request: Resource /mytagslist/0000_request.json not found 	1619891782369
USER	MyTagsList	START	1619891782369
REQUEST		request_1	1619891782290	1619891782493	OK	 
REQUEST		request_1	1619891782572	1619891782774	OK	 
REQUEST		request_1	1619891782603	1619891782805	OK	 
REQUEST		request_1	1619891783049	1619891783240	OK	 
ERROR	request_0: Failed to build request: Resource /mytagslist/0000_request.json not found 	1619891783296
USER	MyTagsList	START	1619891783296
REQUEST		request_1	1619891783373	1619891783578	OK	 
ERROR	request_0: Failed to build request: Resource /mytagslist/0000_request.json not found 	1619891783683
USER	MyTagsList	START	1619891783683
REQUEST		request_2	1619891783745	1619891783798	OK	 
USER	MyTagsList	END	1619891783800
ERROR	request_0: Failed to build request: Resource /mytagslist/0000_request.json not found 	1619891784149
USER	MyTagsList	START	1619891784149
REQUEST		request_2	1619891784102	1619891784161	OK	 
USER	MyTagsList	END	1619891784163
REQUEST		request_1	1619891784305	1619891784499	OK	 
REQUEST		request_2	1619891784741	1619891784793	OK	 
USER	MyTagsList	END	1619891784795
REQUEST		request_1	1619891784694	1619891784888	OK	 
REQUEST		request_2	1619891784897	1619891784946	OK	 
USER	MyTagsList	END	1619891784948
ERROR	request_0: Failed to build request: Resource /mytagslist/0000_request.json not found 	1619891785036
USER	MyTagsList	START	1619891785036
ERROR	request_0: Failed to build request: Resource /mytagslist/0000_request.json not found 	1619891785098
USER	MyTagsList	START	1619891785098
REQUEST		request_1	1619891785162	1619891785366	OK	 
REQUEST		request_2	1619891785364	1619891785413	OK	 
USER	MyTagsList	END	1619891785416
ERROR	request_0: Failed to build request: Resource /mytagslist/0000_request.json not found 	1619891785566
USER	MyTagsList	START	1619891785566
REQUEST		request_1	1619891786045	1619891786259	OK	 
REQUEST		request_1	1619891786107	1619891786314	OK	 
REQUEST		request_2	1619891786326	1619891786390	OK	 
USER	MyTagsList	END	1619891786392
REQUEST		request_1	1619891786576	1619891786781	OK	 
REQUEST		request_2	1619891786778	1619891786833	OK	 
USER	MyTagsList	END	1619891786834
REQUEST		request_2	1619891786857	1619891786906	OK	 
USER	MyTagsList	END	1619891786909
REQUEST		request_2	1619891787496	1619891787549	OK	 
USER	MyTagsList	END	1619891787551
REQUEST		request_2	1619891787789	1619891787839	OK	 
USER	MyTagsList	END	1619891787840
REQUEST		request_2	1619891787820	1619891787875	OK	 
USER	MyTagsList	END	1619891787876
ERROR	request_0: Failed to build request: Resource /mytagslist/0000_request.json not found 	1619891788135
USER	MyTagsList	START	1619891788135
REQUEST		request_2	1619891788245	1619891788315	OK	 
USER	MyTagsList	END	1619891788317
REQUEST		request_2	1619891788586	1619891788639	OK	 
USER	MyTagsList	END	1619891788641
ERROR	request_0: Failed to build request: Resource /mytagslist/0000_request.json not found 	1619891788805
USER	MyTagsList	START	1619891788805
ERROR	request_0: Failed to build request: Resource /mytagslist/0000_request.json not found 	1619891788994
USER	MyTagsList	START	1619891788994
REQUEST		request_1	1619891789149	1619891789357	OK	 
ERROR	request_0: Failed to build request: Resource /mytagslist/0000_request.json not found 	1619891789477
USER	MyTagsList	START	1619891789477
ERROR	request_0: Failed to build request: Resource /mytagslist/0000_request.json not found 	1619891789492
USER	MyTagsList	START	1619891789492
REQUEST		request_2	1619891789507	1619891789563	OK	 
USER	MyTagsList	END	1619891789565
ERROR	request_0: Failed to build request: Resource /mytagslist/0000_request.json not found 	1619891789634
USER	MyTagsList	START	1619891789634
ERROR	request_0: Failed to build request: Resource /mytagslist/0000_request.json not found 	1619891789683
USER	MyTagsList	START	1619891789682
ERROR	request_0: Failed to build request: Resource /mytagslist/0000_request.json not found 	1619891789819
USER	MyTagsList	START	1619891789819
REQUEST		request_2	1619891789900	1619891789953	OK	 
USER	MyTagsList	END	1619891789956
ERROR	request_0: Failed to build request: Resource /mytagslist/0000_request.json not found 	1619891789963
USER	MyTagsList	START	1619891789962
REQUEST		request_1	1619891789819	1619891790023	OK	 
REQUEST		request_1	1619891790007	1619891790213	OK	 
ERROR	request_0: Failed to build request: Resource /mytagslist/0000_request.json not found 	1619891790412
USER	MyTagsList	START	1619891790411
REQUEST		request_2	1619891790380	1619891790435	OK	 
USER	MyTagsList	END	1619891790437
REQUEST		request_1	1619891790488	1619891790672	OK	 
REQUEST		request_1	1619891790504	1619891790698	OK	 
REQUEST		request_1	1619891790645	1619891790846	OK	 
REQUEST		request_1	1619891790692	1619891790899	OK	 
REQUEST		request_1	1619891790831	1619891791022	OK	 
REQUEST		request_1	1619891790970	1619891791182	OK	 
REQUEST		request_2	1619891791267	1619891791329	OK	 
USER	MyTagsList	END	1619891791331
REQUEST		request_2	1619891791329	1619891791386	OK	 
USER	MyTagsList	END	1619891791389
REQUEST		request_1	1619891791423	1619891791637	OK	 
REQUEST		request_2	1619891791783	1619891791832	OK	 
USER	MyTagsList	END	1619891791837
REQUEST		request_2	1619891794361	1619891794411	OK	 
USER	MyTagsList	END	1619891794413
REQUEST		request_2	1619891795027	1619891795079	OK	 
USER	MyTagsList	END	1619891795081
REQUEST		request_2	1619891795228	1619891795278	OK	 
USER	MyTagsList	END	1619891795280
REQUEST		request_2	1619891795675	1619891795732	OK	 
USER	MyTagsList	END	1619891795734
REQUEST		request_2	1619891795707	1619891795760	OK	 
USER	MyTagsList	END	1619891795762
REQUEST		request_2	1619891795862	1619891795911	OK	 
USER	MyTagsList	END	1619891795913
REQUEST		request_2	1619891795909	1619891795998	OK	 
USER	MyTagsList	END	1619891796001
REQUEST		request_2	1619891796033	1619891796118	OK	 
USER	MyTagsList	END	1619891796121
REQUEST		request_2	1619891796187	1619891796246	OK	 
USER	MyTagsList	END	1619891796249
REQUEST		request_2	1619891796653	1619891796702	OK	 
USER	MyTagsList	END	1619891796704
