RUN	LoginView	loginview	1619890504329	 	3.5.1
USER	LoginView	START	1619890506146
REQUEST		request_0	1619890506201	1619890506469	OK	 
USER	LoginView	START	1619890507155
REQUEST		request_0	1619890507155	1619890507365	OK	 
USER	LoginView	START	1619890508104
REQUEST		request_0	1619890508105	1619890508328	OK	 
ERROR	request_1: Failed to build request: Resource /loginview/0001_request.json not found 	1619890509003
USER	LoginView	START	1619890509090
REQUEST		request_0	1619890509091	1619890509365	OK	 
ERROR	request_1: Failed to build request: Resource /loginview/0001_request.json not found 	1619890509379
USER	LoginView	START	1619890509580
REQUEST		request_0	1619890509581	1619890509800	OK	 
USER	LoginView	START	1619890510083
REQUEST		request_0	1619890510084	1619890510305	OK	 
ERROR	request_1: Failed to build request: Resource /loginview/0001_request.json not found 	1619890510345
USER	LoginView	START	1619890510588
REQUEST		request_0	1619890510589	1619890510892	OK	 
USER	LoginView	START	1619890511080
REQUEST		request_2	1619890511034	1619890511103	OK	 
USER	LoginView	END	1619890511111
ERROR	request_1: Failed to build request: Resource /loginview/0001_request.json not found 	1619890511374
REQUEST		request_0	1619890511080	1619890511431	OK	 
REQUEST		request_2	1619890511391	1619890511446	OK	 
USER	LoginView	END	1619890511447
USER	LoginView	START	1619890511591
REQUEST		request_0	1619890511592	1619890511792	OK	 
ERROR	request_1: Failed to build request: Resource /loginview/0001_request.json not found 	1619890511806
USER	LoginView	START	1619890512092
REQUEST		request_0	1619890512093	1619890512296	OK	 
ERROR	request_1: Failed to build request: Resource /loginview/0001_request.json not found 	1619890512322
REQUEST		request_2	1619890512354	1619890512409	OK	 
USER	LoginView	END	1619890512421
USER	LoginView	START	1619890512584
REQUEST		request_0	1619890512584	1619890512790	OK	 
ERROR	request_1: Failed to build request: Resource /loginview/0001_request.json not found 	1619890512897
USER	LoginView	START	1619890513085
REQUEST		request_0	1619890513085	1619890513293	OK	 
USER	LoginView	START	1619890513424
REQUEST		request_2	1619890513379	1619890513435	OK	 
USER	LoginView	END	1619890513436
ERROR	request_1: Failed to build request: Resource /loginview/0001_request.json not found 	1619890513439
REQUEST		request_0	1619890513425	1619890513614	OK	 
USER	LoginView	START	1619890513749
ERROR	request_1: Failed to build request: Resource /loginview/0001_request.json not found 	1619890513795
REQUEST		request_2	1619890513811	1619890513863	OK	 
USER	LoginView	END	1619890513865
REQUEST		request_0	1619890513749	1619890513967	OK	 
USER	LoginView	START	1619890514089
ERROR	request_1: Failed to build request: Resource /loginview/0001_request.json not found 	1619890514302
REQUEST		request_0	1619890514089	1619890514314	OK	 
REQUEST		request_2	1619890514332	1619890514423	OK	 
USER	LoginView	START	1619890514424
USER	LoginView	END	1619890514425
REQUEST		request_0	1619890514425	1619890514637	OK	 
USER	LoginView	START	1619890514744
ERROR	request_1: Failed to build request: Resource /loginview/0001_request.json not found 	1619890514792
REQUEST		request_0	1619890514745	1619890514935	OK	 
REQUEST		request_2	1619890514901	1619890514960	OK	 
USER	LoginView	END	1619890514962
USER	LoginView	START	1619890515087
ERROR	request_1: Failed to build request: Resource /loginview/0001_request.json not found 	1619890515304
REQUEST		request_0	1619890515088	1619890515331	OK	 
USER	LoginView	START	1619890515414
REQUEST		request_2	1619890515445	1619890515501	OK	 
USER	LoginView	END	1619890515504
ERROR	request_1: Failed to build request: Resource /loginview/0001_request.json not found 	1619890515627
REQUEST		request_0	1619890515415	1619890515628	OK	 
USER	LoginView	START	1619890515752
REQUEST		request_2	1619890515815	1619890515867	OK	 
USER	LoginView	END	1619890515869
REQUEST		request_0	1619890515753	1619890515953	OK	 
ERROR	request_1: Failed to build request: Resource /loginview/0001_request.json not found 	1619890515983
USER	LoginView	START	1619890516091
REQUEST		request_0	1619890516092	1619890516307	OK	 
ERROR	request_1: Failed to build request: Resource /loginview/0001_request.json not found 	1619890516323
REQUEST		request_2	1619890516308	1619890516360	OK	 
USER	LoginView	END	1619890516361
USER	LoginView	START	1619890516416
REQUEST		request_0	1619890516416	1619890516618	OK	 
ERROR	request_1: Failed to build request: Resource /loginview/0001_request.json not found 	1619890516648
USER	LoginView	START	1619890516758
REQUEST		request_2	1619890516806	1619890516863	OK	 
USER	LoginView	END	1619890516864
ERROR	request_1: Failed to build request: Resource /loginview/0001_request.json not found 	1619890516943
REQUEST		request_0	1619890516758	1619890517038	OK	 
USER	LoginView	START	1619890517083
REQUEST		request_0	1619890517083	1619890517266	OK	 
ERROR	request_1: Failed to build request: Resource /loginview/0001_request.json not found 	1619890517348
REQUEST		request_2	1619890517317	1619890517419	OK	 
USER	LoginView	END	1619890517422
USER	LoginView	START	1619890517427
ERROR	request_1: Failed to build request: Resource /loginview/0001_request.json not found 	1619890517642
REQUEST		request_0	1619890517428	1619890517651	OK	 
REQUEST		request_2	1619890517643	1619890517692	OK	 
USER	LoginView	END	1619890517694
USER	LoginView	START	1619890517751
REQUEST		request_0	1619890517752	1619890517963	OK	 
ERROR	request_1: Failed to build request: Resource /loginview/0001_request.json not found 	1619890517967
REQUEST		request_2	1619890517998	1619890518052	OK	 
USER	LoginView	END	1619890518055
USER	LoginView	START	1619890518091
REQUEST		request_0	1619890518092	1619890518297	OK	 
ERROR	request_1: Failed to build request: Resource /loginview/0001_request.json not found 	1619890518320
REQUEST		request_2	1619890518338	1619890518398	OK	 
USER	LoginView	END	1619890518401
USER	LoginView	START	1619890518415
REQUEST		request_0	1619890518416	1619890518615	OK	 
ERROR	request_1: Failed to build request: Resource /loginview/0001_request.json not found 	1619890518632
REQUEST		request_2	1619890518664	1619890518739	OK	 
USER	LoginView	END	1619890518743
USER	LoginView	START	1619890518756
REQUEST		request_0	1619890518758	1619890518966	OK	 
REQUEST		request_2	1619890518956	1619890519014	OK	 
USER	LoginView	END	1619890519017
ERROR	request_1: Failed to build request: Resource /loginview/0001_request.json not found 	1619890519049
USER	LoginView	START	1619890519080
REQUEST		request_0	1619890519081	1619890519277	OK	 
ERROR	request_1: Failed to build request: Resource /loginview/0001_request.json not found 	1619890519280
USER	LoginView	START	1619890519342
REQUEST		request_2	1619890519358	1619890519408	OK	 
USER	LoginView	END	1619890519410
REQUEST		request_0	1619890519343	1619890519550	OK	 
USER	LoginView	START	1619890519590
ERROR	request_1: Failed to build request: Resource /loginview/0001_request.json not found 	1619890519668
REQUEST		request_2	1619890519654	1619890519713	OK	 
USER	LoginView	END	1619890519718
REQUEST		request_0	1619890519591	1619890519796	OK	 
USER	LoginView	START	1619890519829
ERROR	request_1: Failed to build request: Resource /loginview/0001_request.json not found 	1619890519974
REQUEST		request_0	1619890519830	1619890520043	OK	 
REQUEST		request_2	1619890519975	1619890520075	OK	 
USER	LoginView	END	1619890520078
USER	LoginView	START	1619890520085
REQUEST		request_0	1619890520086	1619890520296	OK	 
ERROR	request_1: Failed to build request: Resource /loginview/0001_request.json not found 	1619890520315
USER	LoginView	START	1619890520331
REQUEST		request_2	1619890520346	1619890520440	OK	 
USER	LoginView	END	1619890520441
REQUEST		request_0	1619890520332	1619890520547	OK	 
USER	LoginView	START	1619890520580
ERROR	request_1: Failed to build request: Resource /loginview/0001_request.json not found 	1619890520626
REQUEST		request_2	1619890520642	1619890520703	OK	 
USER	LoginView	END	1619890520707
REQUEST		request_0	1619890520580	1619890520799	OK	 
USER	LoginView	START	1619890520840
ERROR	request_1: Failed to build request: Resource /loginview/0001_request.json not found 	1619890520980
REQUEST		request_0	1619890520841	1619890521062	OK	 
USER	LoginView	START	1619890521089
REQUEST		request_2	1619890521059	1619890521113	OK	 
USER	LoginView	END	1619890521115
ERROR	request_1: Failed to build request: Resource /loginview/0001_request.json not found 	1619890521288
USER	LoginView	START	1619890521335
REQUEST		request_0	1619890521090	1619890521342	OK	 
REQUEST		request_2	1619890521288	1619890521352	OK	 
USER	LoginView	END	1619890521354
REQUEST		request_0	1619890521335	1619890521542	OK	 
ERROR	request_1: Failed to build request: Resource /loginview/0001_request.json not found 	1619890521564
USER	LoginView	START	1619890521580
REQUEST		request_2	1619890521670	1619890521724	OK	 
USER	LoginView	END	1619890521725
REQUEST		request_0	1619890521580	1619890521777	OK	 
ERROR	request_1: Failed to build request: Resource /loginview/0001_request.json not found 	1619890521809
USER	LoginView	START	1619890521840
REQUEST		request_0	1619890521841	1619890522035	OK	 
REQUEST		request_2	1619890521980	1619890522035	OK	 
USER	LoginView	END	1619890522037
ERROR	request_1: Failed to build request: Resource /loginview/0001_request.json not found 	1619890522057
USER	LoginView	START	1619890522088
ERROR	request_1: Failed to build request: Resource /loginview/0001_request.json not found 	1619890522301
REQUEST		request_0	1619890522088	1619890522314	OK	 
USER	LoginView	START	1619890522333
REQUEST		request_2	1619890522332	1619890522387	OK	 
USER	LoginView	END	1619890522388
REQUEST		request_0	1619890522333	1619890522529	OK	 
ERROR	request_1: Failed to build request: Resource /loginview/0001_request.json not found 	1619890522563
USER	LoginView	START	1619890522579
REQUEST		request_2	1619890522632	1619890522710	OK	 
USER	LoginView	END	1619890522711
REQUEST		request_0	1619890522579	1619890522800	OK	 
ERROR	request_1: Failed to build request: Resource /loginview/0001_request.json not found 	1619890522815
USER	LoginView	START	1619890522830
REQUEST		request_0	1619890522831	1619890523030	OK	 
REQUEST		request_2	1619890522985	1619890523039	OK	 
USER	LoginView	END	1619890523043
ERROR	request_1: Failed to build request: Resource /loginview/0001_request.json not found 	1619890523076
USER	LoginView	START	1619890523092
USER	LoginView	START	1619890523293
REQUEST		request_0	1619890523092	1619890523331	OK	 
ERROR	request_1: Failed to build request: Resource /loginview/0001_request.json not found 	1619890523358
REQUEST		request_2	1619890523357	1619890523413	OK	 
USER	LoginView	END	1619890523416
USER	LoginView	START	1619890523480
REQUEST		request_0	1619890523293	1619890523494	OK	 
ERROR	request_1: Failed to build request: Resource /loginview/0001_request.json not found 	1619890523557
REQUEST		request_2	1619890523574	1619890523625	OK	 
USER	LoginView	END	1619890523627
USER	LoginView	START	1619890523680
REQUEST		request_0	1619890523481	1619890523686	OK	 
ERROR	request_1: Failed to build request: Resource /loginview/0001_request.json not found 	1619890523790
REQUEST		request_0	1619890523681	1619890523873	OK	 
REQUEST		request_2	1619890523821	1619890523880	OK	 
USER	LoginView	END	1619890523881
USER	LoginView	START	1619890523881
ERROR	request_1: Failed to build request: Resource /loginview/0001_request.json not found 	1619890524037
REQUEST		request_0	1619890523882	1619890524077	OK	 
USER	LoginView	START	1619890524083
REQUEST		request_2	1619890524068	1619890524128	OK	 
USER	LoginView	END	1619890524131
USER	LoginView	START	1619890524286
REQUEST		request_0	1619890524084	1619890524291	OK	 
ERROR	request_1: Failed to build request: Resource /loginview/0001_request.json not found 	1619890524318
REQUEST		request_2	1619890524316	1619890524367	OK	 
USER	LoginView	END	1619890524370
USER	LoginView	START	1619890524486
REQUEST		request_0	1619890524287	1619890524493	OK	 
ERROR	request_1: Failed to build request: Resource /loginview/0001_request.json not found 	1619890524531
REQUEST		request_2	1619890524578	1619890524662	OK	 
USER	LoginView	END	1619890524665
USER	LoginView	START	1619890524686
REQUEST		request_0	1619890524487	1619890524697	OK	 
ERROR	request_1: Failed to build request: Resource /loginview/0001_request.json not found 	1619890524810
REQUEST		request_2	1619890524827	1619890524883	OK	 
REQUEST		request_0	1619890524687	1619890524886	OK	 
USER	LoginView	START	1619890524889
USER	LoginView	END	1619890524895
ERROR	request_1: Failed to build request: Resource /loginview/0001_request.json not found 	1619890525044
REQUEST		request_0	1619890524889	1619890525073	OK	 
USER	LoginView	START	1619890525091
REQUEST		request_2	1619890525091	1619890525152	OK	 
USER	LoginView	END	1619890525153
REQUEST		request_0	1619890525091	1619890525290	OK	 
USER	LoginView	START	1619890525290
ERROR	request_1: Failed to build request: Resource /loginview/0001_request.json not found 	1619890525337
REQUEST		request_2	1619890525367	1619890525424	OK	 
USER	LoginView	END	1619890525425
REQUEST		request_0	1619890525291	1619890525483	OK	 
USER	LoginView	START	1619890525490
ERROR	request_1: Failed to build request: Resource /loginview/0001_request.json not found 	1619890525505
REQUEST		request_2	1619890525567	1619890525614	OK	 
USER	LoginView	END	1619890525616
REQUEST		request_0	1619890525490	1619890525678	OK	 
ERROR	request_1: Failed to build request: Resource /loginview/0001_request.json not found 	1619890525693
USER	LoginView	START	1619890525694
REQUEST		request_2	1619890525802	1619890525857	OK	 
USER	LoginView	END	1619890525858
ERROR	request_1: Failed to build request: Resource /loginview/0001_request.json not found 	1619890525877
USER	LoginView	START	1619890525892
REQUEST		request_0	1619890525695	1619890525906	OK	 
ERROR	request_1: Failed to build request: Resource /loginview/0001_request.json not found 	1619890526094
REQUEST		request_0	1619890525893	1619890526094	OK	 
REQUEST		request_2	1619890526048	1619890526101	OK	 
USER	LoginView	END	1619890526104
ERROR	request_1: Failed to build request: Resource /loginview/0001_request.json not found 	1619890526295
REQUEST		request_2	1619890526327	1619890526416	OK	 
USER	LoginView	END	1619890526417
ERROR	request_1: Failed to build request: Resource /loginview/0001_request.json not found 	1619890526498
REQUEST		request_2	1619890526546	1619890526597	OK	 
USER	LoginView	END	1619890526599
ERROR	request_1: Failed to build request: Resource /loginview/0001_request.json not found 	1619890526700
REQUEST		request_2	1619890526824	1619890526890	OK	 
USER	LoginView	END	1619890526892
ERROR	request_1: Failed to build request: Resource /loginview/0001_request.json not found 	1619890526903
ERROR	request_1: Failed to build request: Resource /loginview/0001_request.json not found 	1619890527088
REQUEST		request_2	1619890527057	1619890527151	OK	 
USER	LoginView	END	1619890527154
ERROR	request_1: Failed to build request: Resource /loginview/0001_request.json not found 	1619890527305
REQUEST		request_2	1619890527352	1619890527424	OK	 
USER	LoginView	END	1619890527426
ERROR	request_1: Failed to build request: Resource /loginview/0001_request.json not found 	1619890527489
REQUEST		request_2	1619890527520	1619890527570	OK	 
USER	LoginView	END	1619890527573
ERROR	request_1: Failed to build request: Resource /loginview/0001_request.json not found 	1619890527692
REQUEST		request_2	1619890527709	1619890527762	OK	 
USER	LoginView	END	1619890527765
ERROR	request_1: Failed to build request: Resource /loginview/0001_request.json not found 	1619890527908
REQUEST		request_2	1619890527880	1619890527931	OK	 
USER	LoginView	END	1619890527932
ERROR	request_1: Failed to build request: Resource /loginview/0001_request.json not found 	1619890528110
REQUEST		request_2	1619890528110	1619890528172	OK	 
USER	LoginView	END	1619890528173
REQUEST		request_2	1619890528312	1619890528364	OK	 
USER	LoginView	END	1619890528367
REQUEST		request_2	1619890528516	1619890528569	OK	 
USER	LoginView	END	1619890528573
REQUEST		request_2	1619890528717	1619890528773	OK	 
USER	LoginView	END	1619890528775
REQUEST		request_2	1619890528920	1619890528975	OK	 
USER	LoginView	END	1619890528977
REQUEST		request_2	1619890529092	1619890529148	OK	 
USER	LoginView	END	1619890529149
REQUEST		request_2	1619890529309	1619890529367	OK	 
USER	LoginView	END	1619890529368
REQUEST		request_2	1619890529495	1619890529561	OK	 
USER	LoginView	END	1619890529565
REQUEST		request_2	1619890529698	1619890529773	OK	 
USER	LoginView	END	1619890529775
REQUEST		request_2	1619890529915	1619890529968	OK	 
USER	LoginView	END	1619890529972
REQUEST		request_2	1619890530114	1619890530178	OK	 
USER	LoginView	END	1619890530179
