RUN	TagsMap	tagsmap	1619892322328	 	3.5.1
USER	TagsMap	START	1619892324213
REQUEST		request_0	1619892324283	1619892324557	OK	 
USER	TagsMap	START	1619892326266
REQUEST		request_0	1619892326267	1619892326505	OK	 
USER	TagsMap	START	1619892327088
REQUEST		request_0	1619892327088	1619892327293	OK	 
USER	TagsMap	START	1619892327642
REQUEST		request_0	1619892327643	1619892327856	OK	 
USER	TagsMap	START	1619892328566
REQUEST		request_0	1619892328567	1619892328791	OK	 
ERROR	request_1: Failed to build request: Resource /tagsmap/0001_request.json not found 	1619892329663
USER	TagsMap	START	1619892329691
REQUEST		request_0	1619892329692	1619892329894	OK	 
USER	TagsMap	START	1619892331156
REQUEST		request_0	1619892331156	1619892331373	OK	 
ERROR	request_1: Failed to build request: Resource /tagsmap/0001_request.json not found 	1619892331522
USER	TagsMap	START	1619892331754
REQUEST		request_0	1619892331755	1619892331953	OK	 
ERROR	request_1: Failed to build request: Resource /tagsmap/0001_request.json not found 	1619892332300
USER	TagsMap	START	1619892332472
USER	TagsMap	START	1619892332656
REQUEST		request_0	1619892332472	1619892332694	OK	 
ERROR	request_1: Failed to build request: Resource /tagsmap/0001_request.json not found 	1619892332871
REQUEST		request_0	1619892332657	1619892332873	OK	 
USER	TagsMap	START	1619892332949
REQUEST		request_0	1619892332949	1619892333137	OK	 
REQUEST		request_2	1619892333687	1619892333742	OK	 
ERROR	request_1: Failed to build request: Resource /tagsmap/0001_request.json not found 	1619892333794
USER	TagsMap	START	1619892334105
REQUEST		request_0	1619892334106	1619892334307	OK	 
USER	TagsMap	START	1619892334370
REQUEST		request_0	1619892334370	1619892334593	OK	 
USER	TagsMap	START	1619892334741
ERROR	request_3: Failed to build request: Resource /tagsmap/0003_request.json not found 	1619892334757
USER	TagsMap	END	1619892334766
ERROR	request_1: Failed to build request: Resource /tagsmap/0001_request.json not found 	1619892334912
REQUEST		request_0	1619892334742	1619892334952	OK	 
REQUEST		request_2	1619892335530	1619892335584	OK	 
USER	TagsMap	START	1619892335685
REQUEST		request_0	1619892335685	1619892335881	OK	 
USER	TagsMap	START	1619892335888
REQUEST		request_0	1619892335889	1619892336097	OK	 
REQUEST		request_2	1619892336308	1619892336359	OK	 
ERROR	request_1: Failed to build request: Resource /tagsmap/0001_request.json not found 	1619892336383
ERROR	request_3: Failed to build request: Resource /tagsmap/0003_request.json not found 	1619892336598
USER	TagsMap	END	1619892336604
USER	TagsMap	START	1619892336739
USER	TagsMap	START	1619892336786
REQUEST		request_2	1619892336879	1619892336936	OK	 
REQUEST		request_0	1619892336740	1619892336961	OK	 
ERROR	request_1: Failed to build request: Resource /tagsmap/0001_request.json not found 	1619892336969
REQUEST		request_0	1619892336787	1619892336991	OK	 
USER	TagsMap	START	1619892337079
REQUEST		request_0	1619892337080	1619892337312	OK	 
ERROR	request_3: Failed to build request: Resource /tagsmap/0003_request.json not found 	1619892337373
USER	TagsMap	END	1619892337377
USER	TagsMap	START	1619892337513
ERROR	request_1: Failed to build request: Resource /tagsmap/0001_request.json not found 	1619892337698
USER	TagsMap	START	1619892337713
REQUEST		request_0	1619892337514	1619892337724	OK	 
REQUEST		request_2	1619892337807	1619892337864	OK	 
ERROR	request_1: Failed to build request: Resource /tagsmap/0001_request.json not found 	1619892337881
ERROR	request_3: Failed to build request: Resource /tagsmap/0003_request.json not found 	1619892337944
USER	TagsMap	END	1619892337948
REQUEST		request_0	1619892337714	1619892337954	OK	 
ERROR	request_1: Failed to build request: Resource /tagsmap/0001_request.json not found 	1619892338145
USER	TagsMap	START	1619892338192
USER	TagsMap	START	1619892338365
REQUEST		request_0	1619892338194	1619892338398	OK	 
REQUEST		request_0	1619892338366	1619892338569	OK	 
USER	TagsMap	START	1619892338595
REQUEST		request_0	1619892338595	1619892338794	OK	 
ERROR	request_3: Failed to build request: Resource /tagsmap/0003_request.json not found 	1619892338873
USER	TagsMap	END	1619892338878
REQUEST		request_2	1619892338922	1619892338986	OK	 
ERROR	request_1: Failed to build request: Resource /tagsmap/0001_request.json not found 	1619892339324
ERROR	request_1: Failed to build request: Resource /tagsmap/0001_request.json not found 	1619892339602
USER	TagsMap	START	1619892339852
ERROR	request_1: Failed to build request: Resource /tagsmap/0001_request.json not found 	1619892339958
ERROR	request_3: Failed to build request: Resource /tagsmap/0003_request.json not found 	1619892339989
USER	TagsMap	END	1619892339991
USER	TagsMap	START	1619892340006
REQUEST		request_0	1619892339853	1619892340050	OK	 
USER	TagsMap	START	1619892340162
REQUEST		request_0	1619892340006	1619892340223	OK	 
REQUEST		request_0	1619892340163	1619892340374	OK	 
REQUEST		request_2	1619892340396	1619892340450	OK	 
USER	TagsMap	START	1619892340567
REQUEST		request_0	1619892340568	1619892340778	OK	 
ERROR	request_1: Failed to build request: Resource /tagsmap/0001_request.json not found 	1619892340893
USER	TagsMap	START	1619892340910
REQUEST		request_2	1619892340987	1619892341043	OK	 
ERROR	request_1: Failed to build request: Resource /tagsmap/0001_request.json not found 	1619892341109
REQUEST		request_0	1619892340911	1619892341117	OK	 
USER	TagsMap	START	1619892341235
REQUEST		request_0	1619892341236	1619892341439	OK	 
ERROR	request_3: Failed to build request: Resource /tagsmap/0003_request.json not found 	1619892341467
USER	TagsMap	END	1619892341471
REQUEST		request_2	1619892341702	1619892341755	OK	 
REQUEST		request_2	1619892341889	1619892341941	OK	 
ERROR	request_1: Failed to build request: Resource /tagsmap/0001_request.json not found 	1619892341967
ERROR	request_1: Failed to build request: Resource /tagsmap/0001_request.json not found 	1619892341998
ERROR	request_3: Failed to build request: Resource /tagsmap/0003_request.json not found 	1619892342059
USER	TagsMap	END	1619892342061
REQUEST		request_2	1619892342153	1619892342207	OK	 
ERROR	request_1: Failed to build request: Resource /tagsmap/0001_request.json not found 	1619892342322
ERROR	request_1: Failed to build request: Resource /tagsmap/0001_request.json not found 	1619892342740
ERROR	request_3: Failed to build request: Resource /tagsmap/0003_request.json not found 	1619892342771
USER	TagsMap	END	1619892342775
USER	TagsMap	START	1619892342804
USER	TagsMap	START	1619892342835
ERROR	request_3: Failed to build request: Resource /tagsmap/0003_request.json not found 	1619892342946
USER	TagsMap	END	1619892342957
ERROR	request_1: Failed to build request: Resource /tagsmap/0001_request.json not found 	1619892342961
REQUEST		request_0	1619892342806	1619892343011	OK	 
REQUEST		request_0	1619892342836	1619892343060	OK	 
ERROR	request_3: Failed to build request: Resource /tagsmap/0003_request.json not found 	1619892343224
USER	TagsMap	END	1619892343228
REQUEST		request_2	1619892343334	1619892343388	OK	 
ERROR	request_1: Failed to build request: Resource /tagsmap/0001_request.json not found 	1619892343411
ERROR	request_1: Failed to build request: Resource /tagsmap/0001_request.json not found 	1619892343583
USER	TagsMap	START	1619892343615
REQUEST		request_2	1619892343615	1619892343716	OK	 
ERROR	request_1: Failed to build request: Resource /tagsmap/0001_request.json not found 	1619892343799
REQUEST		request_0	1619892343616	1619892343822	OK	 
REQUEST		request_2	1619892343971	1619892344025	OK	 
ERROR	request_3: Failed to build request: Resource /tagsmap/0003_request.json not found 	1619892344405
USER	TagsMap	END	1619892344409
ERROR	request_3: Failed to build request: Resource /tagsmap/0003_request.json not found 	1619892344730
USER	TagsMap	END	1619892344735
USER	TagsMap	START	1619892344792
USER	TagsMap	START	1619892344837
REQUEST		request_2	1619892344900	1619892344953	OK	 
REQUEST		request_0	1619892344793	1619892344991	OK	 
REQUEST		request_0	1619892344838	1619892345034	OK	 
ERROR	request_3: Failed to build request: Resource /tagsmap/0003_request.json not found 	1619892345040
USER	TagsMap	END	1619892345045
ERROR	request_1: Failed to build request: Resource /tagsmap/0001_request.json not found 	1619892345055
USER	TagsMap	START	1619892345162
REQUEST		request_2	1619892345117	1619892345173	OK	 
ERROR	request_1: Failed to build request: Resource /tagsmap/0001_request.json not found 	1619892345239
ERROR	request_1: Failed to build request: Resource /tagsmap/0001_request.json not found 	1619892345380
REQUEST		request_0	1619892345162	1619892345420	OK	 
USER	TagsMap	START	1619892345520
REQUEST		request_0	1619892345521	1619892345760	OK	 
ERROR	request_1: Failed to build request: Resource /tagsmap/0001_request.json not found 	1619892345794
ERROR	request_3: Failed to build request: Resource /tagsmap/0003_request.json not found 	1619892345965
USER	TagsMap	END	1619892345969
REQUEST		request_2	1619892345981	1619892346038	OK	 
REQUEST		request_2	1619892346011	1619892346068	OK	 
ERROR	request_1: Failed to build request: Resource /tagsmap/0001_request.json not found 	1619892346135
ERROR	request_3: Failed to build request: Resource /tagsmap/0003_request.json not found 	1619892346181
USER	TagsMap	END	1619892346186
USER	TagsMap	START	1619892346321
REQUEST		request_2	1619892346337	1619892346388	OK	 
ERROR	request_1: Failed to build request: Resource /tagsmap/0001_request.json not found 	1619892346444
REQUEST		request_0	1619892346321	1619892346516	OK	 
USER	TagsMap	START	1619892346755
REQUEST		request_2	1619892346755	1619892346809	OK	 
REQUEST		request_0	1619892346757	1619892346963	OK	 
REQUEST		request_2	1619892346974	1619892347030	OK	 
USER	TagsMap	START	1619892347035
ERROR	request_3: Failed to build request: Resource /tagsmap/0003_request.json not found 	1619892347051
USER	TagsMap	END	1619892347055
ERROR	request_3: Failed to build request: Resource /tagsmap/0003_request.json not found 	1619892347082
USER	TagsMap	END	1619892347087
REQUEST		request_0	1619892347037	1619892347255	OK	 
ERROR	request_3: Failed to build request: Resource /tagsmap/0003_request.json not found 	1619892347405
USER	TagsMap	END	1619892347408
REQUEST		request_2	1619892347422	1619892347477	OK	 
REQUEST		request_2	1619892347594	1619892347645	OK	 
ERROR	request_3: Failed to build request: Resource /tagsmap/0003_request.json not found 	1619892347811
USER	TagsMap	END	1619892347816
REQUEST		request_2	1619892347812	1619892347878	OK	 
USER	TagsMap	START	1619892347955
USER	TagsMap	START	1619892348000
ERROR	request_1: Failed to build request: Resource /tagsmap/0001_request.json not found 	1619892348015
ERROR	request_3: Failed to build request: Resource /tagsmap/0003_request.json not found 	1619892348045
USER	TagsMap	END	1619892348048
ERROR	request_1: Failed to build request: Resource /tagsmap/0001_request.json not found 	1619892348077
REQUEST		request_0	1619892347956	1619892348158	OK	 
REQUEST		request_0	1619892348000	1619892348210	OK	 
ERROR	request_3: Failed to build request: Resource /tagsmap/0003_request.json not found 	1619892348481
USER	TagsMap	END	1619892348482
USER	TagsMap	START	1619892348623
ERROR	request_3: Failed to build request: Resource /tagsmap/0003_request.json not found 	1619892348652
USER	TagsMap	END	1619892348656
REQUEST		request_0	1619892348624	1619892348823	OK	 
ERROR	request_1: Failed to build request: Resource /tagsmap/0001_request.json not found 	1619892348839
ERROR	request_3: Failed to build request: Resource /tagsmap/0003_request.json not found 	1619892348886
USER	TagsMap	END	1619892348890
REQUEST		request_2	1619892349071	1619892349122	OK	 
REQUEST		request_2	1619892349257	1619892349315	OK	 
REQUEST		request_2	1619892349396	1619892349455	OK	 
USER	TagsMap	START	1619892349816
REQUEST		request_2	1619892349800	1619892349850	OK	 
USER	TagsMap	START	1619892349939
ERROR	request_1: Failed to build request: Resource /tagsmap/0001_request.json not found 	1619892350001
REQUEST		request_0	1619892349818	1619892350019	OK	 
ERROR	request_1: Failed to build request: Resource /tagsmap/0001_request.json not found 	1619892350048
ERROR	request_3: Failed to build request: Resource /tagsmap/0003_request.json not found 	1619892350125
USER	TagsMap	END	1619892350127
REQUEST		request_0	1619892349940	1619892350151	OK	 
REQUEST		request_2	1619892350140	1619892350195	OK	 
ERROR	request_3: Failed to build request: Resource /tagsmap/0003_request.json not found 	1619892350325
USER	TagsMap	END	1619892350329
ERROR	request_1: Failed to build request: Resource /tagsmap/0001_request.json not found 	1619892350435
ERROR	request_3: Failed to build request: Resource /tagsmap/0003_request.json not found 	1619892350465
USER	TagsMap	END	1619892350470
REQUEST		request_2	1619892350451	1619892350507	OK	 
ERROR	request_1: Failed to build request: Resource /tagsmap/0001_request.json not found 	1619892350764
ERROR	request_3: Failed to build request: Resource /tagsmap/0003_request.json not found 	1619892350855
USER	TagsMap	END	1619892350859
ERROR	request_3: Failed to build request: Resource /tagsmap/0003_request.json not found 	1619892351211
USER	TagsMap	END	1619892351215
USER	TagsMap	START	1619892351258
REQUEST		request_0	1619892351259	1619892351458	OK	 
ERROR	request_3: Failed to build request: Resource /tagsmap/0003_request.json not found 	1619892351521
USER	TagsMap	END	1619892351525
ERROR	request_1: Failed to build request: Resource /tagsmap/0001_request.json not found 	1619892351525
ERROR	request_1: Failed to build request: Resource /tagsmap/0001_request.json not found 	1619892351970
REQUEST		request_2	1619892352033	1619892352085	OK	 
USER	TagsMap	START	1619892352093
USER	TagsMap	START	1619892352139
REQUEST		request_2	1619892352093	1619892352151	OK	 
ERROR	request_1: Failed to build request: Resource /tagsmap/0001_request.json not found 	1619892352259
REQUEST		request_0	1619892352094	1619892352297	OK	 
USER	TagsMap	START	1619892352306
REQUEST		request_0	1619892352140	1619892352331	OK	 
REQUEST		request_0	1619892352306	1619892352509	OK	 
USER	TagsMap	START	1619892352582
REQUEST		request_0	1619892352583	1619892352799	OK	 
USER	TagsMap	START	1619892352892
REQUEST		request_2	1619892352846	1619892352894	OK	 
ERROR	request_3: Failed to build request: Resource /tagsmap/0003_request.json not found 	1619892353092
USER	TagsMap	END	1619892353094
REQUEST		request_0	1619892352892	1619892353095	OK	 
ERROR	request_1: Failed to build request: Resource /tagsmap/0001_request.json not found 	1619892353168
ERROR	request_3: Failed to build request: Resource /tagsmap/0003_request.json not found 	1619892353168
USER	TagsMap	END	1619892353178
ERROR	request_1: Failed to build request: Resource /tagsmap/0001_request.json not found 	1619892353214
USER	TagsMap	START	1619892353232
USER	TagsMap	START	1619892353388
USER	TagsMap	START	1619892353419
REQUEST		request_0	1619892353233	1619892353439	OK	 
USER	TagsMap	START	1619892353498
REQUEST		request_0	1619892353389	1619892353595	OK	 
REQUEST		request_0	1619892353420	1619892353628	OK	 
REQUEST		request_0	1619892353499	1619892353711	OK	 
ERROR	request_1: Failed to build request: Resource /tagsmap/0001_request.json not found 	1619892353837
ERROR	request_3: Failed to build request: Resource /tagsmap/0003_request.json not found 	1619892353899
USER	TagsMap	START	1619892353900
USER	TagsMap	END	1619892353907
USER	TagsMap	START	1619892353930
REQUEST		request_2	1619892354008	1619892354057	OK	 
REQUEST		request_0	1619892353901	1619892354118	OK	 
REQUEST		request_2	1619892354054	1619892354119	OK	 
REQUEST		request_0	1619892353931	1619892354138	OK	 
REQUEST		request_2	1619892354441	1619892354502	OK	 
USER	TagsMap	START	1619892354720
REQUEST		request_2	1619892354767	1619892354820	OK	 
REQUEST		request_0	1619892354721	1619892354929	OK	 
ERROR	request_1: Failed to build request: Resource /tagsmap/0001_request.json not found 	1619892355029
ERROR	request_3: Failed to build request: Resource /tagsmap/0003_request.json not found 	1619892355061
USER	TagsMap	END	1619892355063
ERROR	request_3: Failed to build request: Resource /tagsmap/0003_request.json not found 	1619892355123
USER	TagsMap	END	1619892355124
ERROR	request_1: Failed to build request: Resource /tagsmap/0001_request.json not found 	1619892355154
ERROR	request_3: Failed to build request: Resource /tagsmap/0003_request.json not found 	1619892355513
USER	TagsMap	END	1619892355517
REQUEST		request_2	1619892355545	1619892355598	OK	 
USER	TagsMap	START	1619892355808
ERROR	request_3: Failed to build request: Resource /tagsmap/0003_request.json not found 	1619892355837
USER	TagsMap	END	1619892355841
REQUEST		request_0	1619892355809	1619892356013	OK	 
REQUEST		request_2	1619892355979	1619892356029	OK	 
USER	TagsMap	START	1619892356261
REQUEST		request_2	1619892356276	1619892356332	OK	 
USER	TagsMap	START	1619892356369
REQUEST		request_0	1619892356261	1619892356460	OK	 
ERROR	request_1: Failed to build request: Resource /tagsmap/0001_request.json not found 	1619892356461
REQUEST		request_0	1619892356370	1619892356587	OK	 
ERROR	request_3: Failed to build request: Resource /tagsmap/0003_request.json not found 	1619892356601
USER	TagsMap	END	1619892356604
ERROR	request_3: Failed to build request: Resource /tagsmap/0003_request.json not found 	1619892357036
USER	TagsMap	END	1619892357040
REQUEST		request_2	1619892357176	1619892357236	OK	 
USER	TagsMap	START	1619892357252
REQUEST		request_2	1619892357221	1619892357277	OK	 
ERROR	request_1: Failed to build request: Resource /tagsmap/0001_request.json not found 	1619892357312
ERROR	request_1: Failed to build request: Resource /tagsmap/0001_request.json not found 	1619892357344
ERROR	request_3: Failed to build request: Resource /tagsmap/0003_request.json not found 	1619892357346
USER	TagsMap	END	1619892357349
USER	TagsMap	START	1619892357360
USER	TagsMap	START	1619892357437
REQUEST		request_0	1619892357252	1619892357439	OK	 
ERROR	request_1: Failed to build request: Resource /tagsmap/0001_request.json not found 	1619892357514
REQUEST		request_0	1619892357360	1619892357552	OK	 
REQUEST		request_0	1619892357438	1619892357643	OK	 
ERROR	request_1: Failed to build request: Resource /tagsmap/0001_request.json not found 	1619892357808
REQUEST		request_2	1619892357856	1619892357909	OK	 
ERROR	request_1: Failed to build request: Resource /tagsmap/0001_request.json not found 	1619892358102
ERROR	request_3: Failed to build request: Resource /tagsmap/0003_request.json not found 	1619892358243
USER	TagsMap	END	1619892358248
ERROR	request_3: Failed to build request: Resource /tagsmap/0003_request.json not found 	1619892358290
USER	TagsMap	END	1619892358296
ERROR	request_1: Failed to build request: Resource /tagsmap/0001_request.json not found 	1619892358445
ERROR	request_1: Failed to build request: Resource /tagsmap/0001_request.json not found 	1619892358614
ERROR	request_1: Failed to build request: Resource /tagsmap/0001_request.json not found 	1619892358645
ERROR	request_1: Failed to build request: Resource /tagsmap/0001_request.json not found 	1619892358722
USER	TagsMap	START	1619892358739
ERROR	request_3: Failed to build request: Resource /tagsmap/0003_request.json not found 	1619892358924
USER	TagsMap	END	1619892358929
REQUEST		request_0	1619892358740	1619892358933	OK	 
REQUEST		request_2	1619892359034	1619892359088	OK	 
ERROR	request_1: Failed to build request: Resource /tagsmap/0001_request.json not found 	1619892359126
ERROR	request_1: Failed to build request: Resource /tagsmap/0001_request.json not found 	1619892359141
REQUEST		request_2	1619892359158	1619892359222	OK	 
USER	TagsMap	START	1619892359329
REQUEST		request_0	1619892359329	1619892359534	OK	 
USER	TagsMap	START	1619892359641
USER	TagsMap	START	1619892359671
REQUEST		request_0	1619892359641	1619892359843	OK	 
REQUEST		request_0	1619892359672	1619892359867	OK	 
ERROR	request_1: Failed to build request: Resource /tagsmap/0001_request.json not found 	1619892359935
USER	TagsMap	START	1619892360029
ERROR	request_3: Failed to build request: Resource /tagsmap/0003_request.json not found 	1619892360103
USER	TagsMap	END	1619892360105
REQUEST		request_0	1619892360030	1619892360223	OK	 
ERROR	request_3: Failed to build request: Resource /tagsmap/0003_request.json not found 	1619892360223
USER	TagsMap	END	1619892360225
REQUEST		request_2	1619892360476	1619892360530	OK	 
ERROR	request_1: Failed to build request: Resource /tagsmap/0001_request.json not found 	1619892361032
REQUEST		request_2	1619892361324	1619892361379	OK	 
REQUEST		request_2	1619892361354	1619892361411	OK	 
ERROR	request_1: Failed to build request: Resource /tagsmap/0001_request.json not found 	1619892361461
ERROR	request_3: Failed to build request: Resource /tagsmap/0003_request.json not found 	1619892361539
USER	TagsMap	END	1619892361543
REQUEST		request_2	1619892361525	1619892361578	OK	 
ERROR	request_1: Failed to build request: Resource /tagsmap/0001_request.json not found 	1619892361600
USER	TagsMap	START	1619892361616
REQUEST		request_0	1619892361616	1619892361813	OK	 
REQUEST		request_2	1619892361818	1619892361872	OK	 
REQUEST		request_2	1619892362111	1619892362163	OK	 
USER	TagsMap	START	1619892362205
ERROR	request_3: Failed to build request: Resource /tagsmap/0003_request.json not found 	1619892362392
USER	TagsMap	END	1619892362395
REQUEST		request_0	1619892362206	1619892362421	OK	 
ERROR	request_3: Failed to build request: Resource /tagsmap/0003_request.json not found 	1619892362422
USER	TagsMap	END	1619892362425
ERROR	request_1: Failed to build request: Resource /tagsmap/0001_request.json not found 	1619892362453
REQUEST		request_2	1619892362453	1619892362506	OK	 
ERROR	request_1: Failed to build request: Resource /tagsmap/0001_request.json not found 	1619892362560
ERROR	request_3: Failed to build request: Resource /tagsmap/0003_request.json not found 	1619892362591
USER	TagsMap	END	1619892362592
USER	TagsMap	START	1619892362638
ERROR	request_1: Failed to build request: Resource /tagsmap/0001_request.json not found 	1619892362654
REQUEST		request_2	1619892362622	1619892362680	OK	 
REQUEST		request_2	1619892362654	1619892362710	OK	 
REQUEST		request_2	1619892362730	1619892362779	OK	 
USER	TagsMap	START	1619892362809
REQUEST		request_0	1619892362638	1619892362875	OK	 
ERROR	request_3: Failed to build request: Resource /tagsmap/0003_request.json not found 	1619892362887
USER	TagsMap	END	1619892362890
REQUEST		request_0	1619892362809	1619892363005	OK	 
ERROR	request_3: Failed to build request: Resource /tagsmap/0003_request.json not found 	1619892363165
USER	TagsMap	END	1619892363169
REQUEST		request_2	1619892363134	1619892363184	OK	 
REQUEST		request_2	1619892363150	1619892363202	OK	 
ERROR	request_3: Failed to build request: Resource /tagsmap/0003_request.json not found 	1619892363511
USER	TagsMap	END	1619892363515
ERROR	request_3: Failed to build request: Resource /tagsmap/0003_request.json not found 	1619892363695
USER	TagsMap	END	1619892363699
ERROR	request_3: Failed to build request: Resource /tagsmap/0003_request.json not found 	1619892363726
USER	TagsMap	END	1619892363731
ERROR	request_3: Failed to build request: Resource /tagsmap/0003_request.json not found 	1619892363787
USER	TagsMap	END	1619892363790
ERROR	request_1: Failed to build request: Resource /tagsmap/0001_request.json not found 	1619892363939
REQUEST		request_2	1619892363939	1619892363999	OK	 
ERROR	request_3: Failed to build request: Resource /tagsmap/0003_request.json not found 	1619892364187
USER	TagsMap	END	1619892364190
ERROR	request_3: Failed to build request: Resource /tagsmap/0003_request.json not found 	1619892364218
USER	TagsMap	END	1619892364221
ERROR	request_1: Failed to build request: Resource /tagsmap/0001_request.json not found 	1619892364544
USER	TagsMap	START	1619892364823
ERROR	request_1: Failed to build request: Resource /tagsmap/0001_request.json not found 	1619892364853
ERROR	request_1: Failed to build request: Resource /tagsmap/0001_request.json not found 	1619892364885
ERROR	request_3: Failed to build request: Resource /tagsmap/0003_request.json not found 	1619892365008
USER	TagsMap	END	1619892365009
REQUEST		request_0	1619892364825	1619892365019	OK	 
REQUEST		request_2	1619892365041	1619892365091	OK	 
ERROR	request_1: Failed to build request: Resource /tagsmap/0001_request.json not found 	1619892365226
REQUEST		request_2	1619892365473	1619892365536	OK	 
REQUEST		request_2	1619892365614	1619892365668	OK	 
ERROR	request_3: Failed to build request: Resource /tagsmap/0003_request.json not found 	1619892366093
USER	TagsMap	END	1619892366097
USER	TagsMap	START	1619892366233
REQUEST		request_0	1619892366234	1619892366471	OK	 
REQUEST		request_2	1619892366464	1619892366518	OK	 
ERROR	request_3: Failed to build request: Resource /tagsmap/0003_request.json not found 	1619892366541
USER	TagsMap	END	1619892366545
REQUEST		request_2	1619892366573	1619892366621	OK	 
ERROR	request_3: Failed to build request: Resource /tagsmap/0003_request.json not found 	1619892366681
USER	TagsMap	START	1619892366682
USER	TagsMap	END	1619892366683
REQUEST		request_2	1619892366666	1619892366721	OK	 
USER	TagsMap	START	1619892366776
ERROR	request_1: Failed to build request: Resource /tagsmap/0001_request.json not found 	1619892366820
USER	TagsMap	START	1619892366867
REQUEST		request_0	1619892366682	1619892366889	OK	 
USER	TagsMap	START	1619892366928
REQUEST		request_0	1619892366777	1619892366983	OK	 
REQUEST		request_0	1619892366868	1619892367075	OK	 
REQUEST		request_0	1619892366929	1619892367133	OK	 
ERROR	request_1: Failed to build request: Resource /tagsmap/0001_request.json not found 	1619892367425
ERROR	request_3: Failed to build request: Resource /tagsmap/0003_request.json not found 	1619892367534
USER	TagsMap	END	1619892367538
USER	TagsMap	START	1619892367613
ERROR	request_3: Failed to build request: Resource /tagsmap/0003_request.json not found 	1619892367627
USER	TagsMap	END	1619892367630
ERROR	request_3: Failed to build request: Resource /tagsmap/0003_request.json not found 	1619892367734
USER	TagsMap	END	1619892367738
REQUEST		request_0	1619892367613	1619892367813	OK	 
ERROR	request_1: Failed to build request: Resource /tagsmap/0001_request.json not found 	1619892367890
USER	TagsMap	START	1619892367922
REQUEST		request_2	1619892367952	1619892368000	OK	 
ERROR	request_1: Failed to build request: Resource /tagsmap/0001_request.json not found 	1619892368015
REQUEST		request_0	1619892367922	1619892368123	OK	 
REQUEST		request_2	1619892368558	1619892368610	OK	 
REQUEST		request_2	1619892368868	1619892368919	OK	 
REQUEST		request_2	1619892368899	1619892368958	OK	 
ERROR	request_3: Failed to build request: Resource /tagsmap/0003_request.json not found 	1619892369007
USER	TagsMap	END	1619892369011
USER	TagsMap	START	1619892369288
REQUEST		request_2	1619892369240	1619892369300	OK	 
REQUEST		request_0	1619892369288	1619892369521	OK	 
ERROR	request_3: Failed to build request: Resource /tagsmap/0003_request.json not found 	1619892369614
USER	TagsMap	END	1619892369618
ERROR	request_3: Failed to build request: Resource /tagsmap/0003_request.json not found 	1619892369923
USER	TagsMap	END	1619892369927
ERROR	request_3: Failed to build request: Resource /tagsmap/0003_request.json not found 	1619892369969
USER	TagsMap	END	1619892369973
ERROR	request_1: Failed to build request: Resource /tagsmap/0001_request.json not found 	1619892370031
USER	TagsMap	START	1619892370297
ERROR	request_3: Failed to build request: Resource /tagsmap/0003_request.json not found 	1619892370303
USER	TagsMap	END	1619892370307
REQUEST		request_0	1619892370297	1619892370503	OK	 
REQUEST		request_2	1619892370835	1619892370888	OK	 
ERROR	request_1: Failed to build request: Resource /tagsmap/0001_request.json not found 	1619892371486
REQUEST		request_2	1619892371441	1619892371488	OK	 
ERROR	request_3: Failed to build request: Resource /tagsmap/0003_request.json not found 	1619892371903
ERROR	request_1: Failed to build request: Resource /tagsmap/0001_request.json not found 	1619892371904
USER	TagsMap	END	1619892371907
REQUEST		request_2	1619892371904	1619892371965	OK	 
ERROR	request_1: Failed to build request: Resource /tagsmap/0001_request.json not found 	1619892371997
REQUEST		request_2	1619892372028	1619892372084	OK	 
ERROR	request_1: Failed to build request: Resource /tagsmap/0001_request.json not found 	1619892372091
USER	TagsMap	START	1619892372109
ERROR	request_1: Failed to build request: Resource /tagsmap/0001_request.json not found 	1619892372137
USER	TagsMap	START	1619892372291
REQUEST		request_0	1619892372109	1619892372337	OK	 
USER	TagsMap	START	1619892372383
ERROR	request_3: Failed to build request: Resource /tagsmap/0003_request.json not found 	1619892372491
USER	TagsMap	END	1619892372499
REQUEST		request_0	1619892372292	1619892372505	OK	 
REQUEST		request_0	1619892372384	1619892372601	OK	 
ERROR	request_1: Failed to build request: Resource /tagsmap/0001_request.json not found 	1619892372821
ERROR	request_3: Failed to build request: Resource /tagsmap/0003_request.json not found 	1619892372977
USER	TagsMap	END	1619892372980
ERROR	request_3: Failed to build request: Resource /tagsmap/0003_request.json not found 	1619892373100
USER	TagsMap	END	1619892373103
ERROR	request_1: Failed to build request: Resource /tagsmap/0001_request.json not found 	1619892373132
USER	TagsMap	START	1619892373553
REQUEST		request_0	1619892373553	1619892373742	OK	 
USER	TagsMap	START	1619892373956
REQUEST		request_2	1619892374049	1619892374108	OK	 
REQUEST		request_0	1619892373956	1619892374151	OK	 
USER	TagsMap	START	1619892374220
REQUEST		request_0	1619892374221	1619892374421	OK	 
ERROR	request_1: Failed to build request: Resource /tagsmap/0001_request.json not found 	1619892374531
ERROR	request_3: Failed to build request: Resource /tagsmap/0003_request.json not found 	1619892375124
USER	TagsMap	END	1619892375128
ERROR	request_1: Failed to build request: Resource /tagsmap/0001_request.json not found 	1619892375514
REQUEST		request_2	1619892375499	1619892375586	OK	 
USER	TagsMap	START	1619892375593
REQUEST		request_0	1619892375594	1619892375790	OK	 
REQUEST		request_2	1619892375919	1619892375981	OK	 
REQUEST		request_2	1619892376012	1619892376063	OK	 
USER	TagsMap	START	1619892376122
REQUEST		request_2	1619892376106	1619892376163	OK	 
USER	TagsMap	START	1619892376200
REQUEST		request_2	1619892376152	1619892376211	OK	 
USER	TagsMap	START	1619892376263
REQUEST		request_0	1619892376122	1619892376331	OK	 
REQUEST		request_0	1619892376201	1619892376397	OK	 
REQUEST		request_0	1619892376264	1619892376462	OK	 
ERROR	request_3: Failed to build request: Resource /tagsmap/0003_request.json not found 	1619892376603
USER	TagsMap	END	1619892376605
REQUEST		request_2	1619892376835	1619892376891	OK	 
ERROR	request_3: Failed to build request: Resource /tagsmap/0003_request.json not found 	1619892376990
USER	TagsMap	END	1619892376991
ERROR	request_3: Failed to build request: Resource /tagsmap/0003_request.json not found 	1619892377067
USER	TagsMap	END	1619892377071
ERROR	request_3: Failed to build request: Resource /tagsmap/0003_request.json not found 	1619892377174
USER	TagsMap	END	1619892377178
REQUEST		request_2	1619892377144	1619892377196	OK	 
ERROR	request_3: Failed to build request: Resource /tagsmap/0003_request.json not found 	1619892377220
USER	TagsMap	END	1619892377225
ERROR	request_1: Failed to build request: Resource /tagsmap/0001_request.json not found 	1619892377344
USER	TagsMap	START	1619892377486
ERROR	request_1: Failed to build request: Resource /tagsmap/0001_request.json not found 	1619892377516
ERROR	request_1: Failed to build request: Resource /tagsmap/0001_request.json not found 	1619892377610
USER	TagsMap	START	1619892377672
REQUEST		request_0	1619892377487	1619892377681	OK	 
REQUEST		request_0	1619892377672	1619892377875	OK	 
ERROR	request_3: Failed to build request: Resource /tagsmap/0003_request.json not found 	1619892377905
USER	TagsMap	END	1619892377916
ERROR	request_3: Failed to build request: Resource /tagsmap/0003_request.json not found 	1619892378198
USER	TagsMap	END	1619892378202
REQUEST		request_2	1619892378540	1619892378593	OK	 
ERROR	request_1: Failed to build request: Resource /tagsmap/0001_request.json not found 	1619892378757
USER	TagsMap	START	1619892378804
REQUEST		request_0	1619892378804	1619892379005	OK	 
ERROR	request_1: Failed to build request: Resource /tagsmap/0001_request.json not found 	1619892379160
ERROR	request_1: Failed to build request: Resource /tagsmap/0001_request.json not found 	1619892379424
REQUEST		request_2	1619892379531	1619892379580	OK	 
ERROR	request_3: Failed to build request: Resource /tagsmap/0003_request.json not found 	1619892379609
USER	TagsMap	END	1619892379613
USER	TagsMap	START	1619892379812
REQUEST		request_0	1619892379812	1619892380023	OK	 
USER	TagsMap	START	1619892380061
REQUEST		request_0	1619892380062	1619892380262	OK	 
ERROR	request_3: Failed to build request: Resource /tagsmap/0003_request.json not found 	1619892380587
USER	TagsMap	END	1619892380588
ERROR	request_1: Failed to build request: Resource /tagsmap/0001_request.json not found 	1619892380803
USER	TagsMap	START	1619892380867
USER	TagsMap	START	1619892380896
REQUEST		request_0	1619892380867	1619892381064	OK	 
REQUEST		request_0	1619892380897	1619892381097	OK	 
ERROR	request_1: Failed to build request: Resource /tagsmap/0001_request.json not found 	1619892381343
ERROR	request_1: Failed to build request: Resource /tagsmap/0001_request.json not found 	1619892381407
REQUEST		request_2	1619892381360	1619892381419	OK	 
ERROR	request_1: Failed to build request: Resource /tagsmap/0001_request.json not found 	1619892381468
REQUEST		request_2	1619892381623	1619892381820	OK	 
REQUEST		request_2	1619892381530	1619892381858	OK	 
ERROR	request_3: Failed to build request: Resource /tagsmap/0003_request.json not found 	1619892382433
USER	TagsMap	END	1619892382434
USER	TagsMap	START	1619892382479
USER	TagsMap	START	1619892382510
REQUEST		request_0	1619892382480	1619892382662	OK	 
ERROR	request_1: Failed to build request: Resource /tagsmap/0001_request.json not found 	1619892382698
REQUEST		request_0	1619892382510	1619892382708	OK	 
ERROR	request_3: Failed to build request: Resource /tagsmap/0003_request.json not found 	1619892382822
REQUEST		request_2	1619892382760	1619892382823	OK	 
USER	TagsMap	END	1619892382826
ERROR	request_3: Failed to build request: Resource /tagsmap/0003_request.json not found 	1619892382868
USER	TagsMap	END	1619892382871
ERROR	request_1: Failed to build request: Resource /tagsmap/0001_request.json not found 	1619892382883
REQUEST		request_2	1619892383164	1619892383216	OK	 
REQUEST		request_2	1619892383427	1619892383485	OK	 
ERROR	request_3: Failed to build request: Resource /tagsmap/0003_request.json not found 	1619892383832
USER	TagsMap	END	1619892383836
ERROR	request_1: Failed to build request: Resource /tagsmap/0001_request.json not found 	1619892384019
ERROR	request_3: Failed to build request: Resource /tagsmap/0003_request.json not found 	1619892384222
USER	TagsMap	END	1619892384225
ERROR	request_3: Failed to build request: Resource /tagsmap/0003_request.json not found 	1619892384501
USER	TagsMap	END	1619892384505
REQUEST		request_2	1619892384810	1619892384861	OK	 
ERROR	request_1: Failed to build request: Resource /tagsmap/0001_request.json not found 	1619892385027
ERROR	request_1: Failed to build request: Resource /tagsmap/0001_request.json not found 	1619892385277
REQUEST		request_2	1619892385357	1619892385408	OK	 
REQUEST		request_2	1619892385418	1619892385467	OK	 
REQUEST		request_2	1619892385479	1619892385556	OK	 
ERROR	request_3: Failed to build request: Resource /tagsmap/0003_request.json not found 	1619892385863
USER	TagsMap	END	1619892385867
ERROR	request_1: Failed to build request: Resource /tagsmap/0001_request.json not found 	1619892386081
ERROR	request_1: Failed to build request: Resource /tagsmap/0001_request.json not found 	1619892386112
ERROR	request_3: Failed to build request: Resource /tagsmap/0003_request.json not found 	1619892386423
USER	TagsMap	END	1619892386427
ERROR	request_3: Failed to build request: Resource /tagsmap/0003_request.json not found 	1619892386483
USER	TagsMap	END	1619892386486
ERROR	request_3: Failed to build request: Resource /tagsmap/0003_request.json not found 	1619892386561
USER	TagsMap	END	1619892386564
REQUEST		request_2	1619892386700	1619892386751	OK	 
REQUEST		request_2	1619892386901	1619892386952	OK	 
ERROR	request_1: Failed to build request: Resource /tagsmap/0001_request.json not found 	1619892387675
ERROR	request_1: Failed to build request: Resource /tagsmap/0001_request.json not found 	1619892387721
ERROR	request_3: Failed to build request: Resource /tagsmap/0003_request.json not found 	1619892387753
USER	TagsMap	END	1619892387759
ERROR	request_3: Failed to build request: Resource /tagsmap/0003_request.json not found 	1619892387969
USER	TagsMap	END	1619892387971
REQUEST		request_2	1619892388031	1619892388096	OK	 
REQUEST		request_2	1619892389044	1619892389092	OK	 
ERROR	request_3: Failed to build request: Resource /tagsmap/0003_request.json not found 	1619892389106
USER	TagsMap	END	1619892389109
REQUEST		request_2	1619892389293	1619892389347	OK	 
ERROR	request_3: Failed to build request: Resource /tagsmap/0003_request.json not found 	1619892390101
USER	TagsMap	END	1619892390103
REQUEST		request_2	1619892390087	1619892390134	OK	 
REQUEST		request_2	1619892390118	1619892390174	OK	 
ERROR	request_3: Failed to build request: Resource /tagsmap/0003_request.json not found 	1619892390365
USER	TagsMap	END	1619892390369
ERROR	request_3: Failed to build request: Resource /tagsmap/0003_request.json not found 	1619892391140
USER	TagsMap	END	1619892391142
ERROR	request_3: Failed to build request: Resource /tagsmap/0003_request.json not found 	1619892391187
USER	TagsMap	END	1619892391188
REQUEST		request_2	1619892391683	1619892391734	OK	 
REQUEST		request_2	1619892391730	1619892391788	OK	 
ERROR	request_3: Failed to build request: Resource /tagsmap/0003_request.json not found 	1619892392739
USER	TagsMap	END	1619892392742
ERROR	request_3: Failed to build request: Resource /tagsmap/0003_request.json not found 	1619892392801
USER	TagsMap	END	1619892392806
